[1.886s] DEBUG:colcon:Command line arguments: ['/usr/bin/colcon', 'build', '--symlink-install']
[1.886s] DEBUG:colcon:Parsed command line arguments: Namespace(log_base=None, log_level=None, verb_name='build', build_base='build', install_base='install', merge_install=False, symlink_install=True, test_result_base=None, continue_on_error=False, executor='parallel', parallel_workers=12, event_handlers=None, ignore_user_meta=False, metas=['./colcon.meta'], base_paths=['.'], packages_ignore=None, packages_ignore_regex=None, paths=None, packages_up_to=None, packages_up_to_regex=None, packages_above=None, packages_above_and_dependencies=None, packages_above_depth=None, packages_select_by_dep=None, packages_skip_by_dep=None, packages_skip_up_to=None, packages_select_build_failed=False, packages_skip_build_finished=False, packages_select_test_failures=False, packages_skip_test_passed=False, packages_select=None, packages_skip=None, packages_select_regex=None, packages_skip_regex=None, packages_start=None, packages_end=None, allow_overriding=[], cmake_args=None, cmake_target=None, cmake_target_skip_unavailable=False, cmake_clean_cache=False, cmake_clean_first=False, cmake_force_configure=False, ament_cmake_args=None, catkin_cmake_args=None, catkin_skip_building_tests=False, mixin_files=None, mixin=None, verb_parser=<colcon_mixin.mixin.mixin_argument.MixinArgumentDecorator object at 0x7aafd9e75540>, verb_extension=<colcon_core.verb.build.BuildVerb object at 0x7aafd9e75090>, main=<bound method BuildVerb.main of <colcon_core.verb.build.BuildVerb object at 0x7aafd9e75090>>, mixin_verb=('build',))
[2.139s] Level 1:colcon.colcon_core.package_discovery:discover_packages(colcon_meta) check parameters
[2.139s] Level 1:colcon.colcon_core.package_discovery:discover_packages(recursive) check parameters
[2.139s] Level 1:colcon.colcon_core.package_discovery:discover_packages(ignore) check parameters
[2.139s] Level 1:colcon.colcon_core.package_discovery:discover_packages(path) check parameters
[2.139s] Level 1:colcon.colcon_core.package_discovery:discover_packages(colcon_meta) discover
[2.140s] Level 1:colcon.colcon_core.package_discovery:discover_packages(recursive) discover
[2.140s] INFO:colcon.colcon_core.package_discovery:Crawling recursively for packages in '/home/juan/Robotics/Proyecto/Mapeo3D_LiDAR2D'
[2.140s] Level 1:colcon.colcon_core.package_identification:_identify(.) by extensions ['ignore', 'ignore_ament_install']
[2.140s] Level 1:colcon.colcon_core.package_identification:_identify(.) by extension 'ignore'
[2.140s] Level 1:colcon.colcon_core.package_identification:_identify(.) by extension 'ignore_ament_install'
[2.140s] Level 1:colcon.colcon_core.package_identification:_identify(.) by extensions ['colcon_pkg']
[2.140s] Level 1:colcon.colcon_core.package_identification:_identify(.) by extension 'colcon_pkg'
[2.140s] Level 1:colcon.colcon_core.package_identification:_identify(.) by extensions ['colcon_meta']
[2.140s] Level 1:colcon.colcon_core.package_identification:_identify(.) by extension 'colcon_meta'
[2.140s] Level 1:colcon.colcon_core.package_identification:_identify(.) by extensions ['ros']
[2.140s] Level 1:colcon.colcon_core.package_identification:_identify(.) by extension 'ros'
[2.250s] Level 1:colcon.colcon_core.package_identification:_identify(.) by extensions ['cmake', 'python']
[2.250s] Level 1:colcon.colcon_core.package_identification:_identify(.) by extension 'cmake'
[2.250s] Level 1:colcon.colcon_core.package_identification:_identify(.) by extension 'python'
[2.250s] Level 1:colcon.colcon_core.package_identification:_identify(.) by extensions ['python_setup_py']
[2.250s] Level 1:colcon.colcon_core.package_identification:_identify(.) by extension 'python_setup_py'
[2.250s] Level 1:colcon.colcon_core.package_identification:_identify(build) by extensions ['ignore', 'ignore_ament_install']
[2.250s] Level 1:colcon.colcon_core.package_identification:_identify(build) by extension 'ignore'
[2.250s] Level 1:colcon.colcon_core.package_identification:_identify(build) ignored
[2.250s] Level 1:colcon.colcon_core.package_identification:_identify(install) by extensions ['ignore', 'ignore_ament_install']
[2.251s] Level 1:colcon.colcon_core.package_identification:_identify(install) by extension 'ignore'
[2.251s] Level 1:colcon.colcon_core.package_identification:_identify(install) ignored
[2.251s] Level 1:colcon.colcon_core.package_identification:_identify(log) by extensions ['ignore', 'ignore_ament_install']
[2.251s] Level 1:colcon.colcon_core.package_identification:_identify(log) by extension 'ignore'
[2.251s] Level 1:colcon.colcon_core.package_identification:_identify(log) ignored
[2.251s] Level 1:colcon.colcon_core.package_identification:_identify(src) by extensions ['ignore', 'ignore_ament_install']
[2.251s] Level 1:colcon.colcon_core.package_identification:_identify(src) by extension 'ignore'
[2.251s] Level 1:colcon.colcon_core.package_identification:_identify(src) by extension 'ignore_ament_install'
[2.251s] Level 1:colcon.colcon_core.package_identification:_identify(src) by extensions ['colcon_pkg']
[2.251s] Level 1:colcon.colcon_core.package_identification:_identify(src) by extension 'colcon_pkg'
[2.251s] Level 1:colcon.colcon_core.package_identification:_identify(src) by extensions ['colcon_meta']
[2.251s] Level 1:colcon.colcon_core.package_identification:_identify(src) by extension 'colcon_meta'
[2.251s] Level 1:colcon.colcon_core.package_identification:_identify(src) by extensions ['ros']
[2.251s] Level 1:colcon.colcon_core.package_identification:_identify(src) by extension 'ros'
[2.251s] Level 1:colcon.colcon_core.package_identification:_identify(src) by extensions ['cmake', 'python']
[2.251s] Level 1:colcon.colcon_core.package_identification:_identify(src) by extension 'cmake'
[2.251s] Level 1:colcon.colcon_core.package_identification:_identify(src) by extension 'python'
[2.252s] Level 1:colcon.colcon_core.package_identification:_identify(src) by extensions ['python_setup_py']
[2.252s] Level 1:colcon.colcon_core.package_identification:_identify(src) by extension 'python_setup_py'
[2.252s] Level 1:colcon.colcon_core.package_identification:_identify(src/my_subscriber) by extensions ['ignore', 'ignore_ament_install']
[2.252s] Level 1:colcon.colcon_core.package_identification:_identify(src/my_subscriber) by extension 'ignore'
[2.252s] Level 1:colcon.colcon_core.package_identification:_identify(src/my_subscriber) by extension 'ignore_ament_install'
[2.252s] Level 1:colcon.colcon_core.package_identification:_identify(src/my_subscriber) by extensions ['colcon_pkg']
[2.252s] Level 1:colcon.colcon_core.package_identification:_identify(src/my_subscriber) by extension 'colcon_pkg'
[2.252s] Level 1:colcon.colcon_core.package_identification:_identify(src/my_subscriber) by extensions ['colcon_meta']
[2.252s] Level 1:colcon.colcon_core.package_identification:_identify(src/my_subscriber) by extension 'colcon_meta'
[2.252s] Level 1:colcon.colcon_core.package_identification:_identify(src/my_subscriber) by extensions ['ros']
[2.252s] Level 1:colcon.colcon_core.package_identification:_identify(src/my_subscriber) by extension 'ros'
[2.284s] DEBUG:colcon.colcon_core.package_identification:Package 'src/my_subscriber' with type 'ros.ament_cmake' and name 'my_subscriber'
[2.284s] Level 1:colcon.colcon_core.package_identification:_identify(src/my_subscriber_pkg) by extensions ['ignore', 'ignore_ament_install']
[2.284s] Level 1:colcon.colcon_core.package_identification:_identify(src/my_subscriber_pkg) by extension 'ignore'
[2.284s] Level 1:colcon.colcon_core.package_identification:_identify(src/my_subscriber_pkg) by extension 'ignore_ament_install'
[2.284s] Level 1:colcon.colcon_core.package_identification:_identify(src/my_subscriber_pkg) by extensions ['colcon_pkg']
[2.284s] Level 1:colcon.colcon_core.package_identification:_identify(src/my_subscriber_pkg) by extension 'colcon_pkg'
[2.284s] Level 1:colcon.colcon_core.package_identification:_identify(src/my_subscriber_pkg) by extensions ['colcon_meta']
[2.284s] Level 1:colcon.colcon_core.package_identification:_identify(src/my_subscriber_pkg) by extension 'colcon_meta'
[2.284s] Level 1:colcon.colcon_core.package_identification:_identify(src/my_subscriber_pkg) by extensions ['ros']
[2.284s] Level 1:colcon.colcon_core.package_identification:_identify(src/my_subscriber_pkg) by extension 'ros'
[2.304s] DEBUG:colcon.colcon_core.package_identification:Package 'src/my_subscriber_pkg' with type 'ros.ament_python' and name 'my_subscriber_pkg'
[2.304s] Level 1:colcon.colcon_core.package_discovery:discover_packages(recursive) using defaults
[2.304s] Level 1:colcon.colcon_core.package_discovery:discover_packages(ignore) discover
[2.304s] Level 1:colcon.colcon_core.package_discovery:discover_packages(ignore) using defaults
[2.304s] Level 1:colcon.colcon_core.package_discovery:discover_packages(path) discover
[2.304s] Level 1:colcon.colcon_core.package_discovery:discover_packages(path) using defaults
[2.575s] Level 1:colcon.colcon_core.package_discovery:discover_packages(prefix_path) check parameters
[2.575s] Level 1:colcon.colcon_core.package_discovery:discover_packages(prefix_path) discover
[2.581s] DEBUG:colcon.colcon_installed_package_information.package_discovery:Found 2 installed packages in /home/juan/Robotics/Proyecto/Mapeo3D_LiDAR2D/install
[2.608s] DEBUG:colcon.colcon_installed_package_information.package_discovery:Found 426 installed packages in /opt/ros/humble
[2.612s] Level 1:colcon.colcon_core.package_discovery:discover_packages(prefix_path) using defaults
[7.854s] Level 5:colcon.colcon_core.verb:set package 'my_subscriber' build argument 'cmake_args' from command line to 'None'
[7.854s] Level 5:colcon.colcon_core.verb:set package 'my_subscriber' build argument 'cmake_target' from command line to 'None'
[7.855s] Level 5:colcon.colcon_core.verb:set package 'my_subscriber' build argument 'cmake_target_skip_unavailable' from command line to 'False'
[7.855s] Level 5:colcon.colcon_core.verb:set package 'my_subscriber' build argument 'cmake_clean_cache' from command line to 'False'
[7.855s] Level 5:colcon.colcon_core.verb:set package 'my_subscriber' build argument 'cmake_clean_first' from command line to 'False'
[7.855s] Level 5:colcon.colcon_core.verb:set package 'my_subscriber' build argument 'cmake_force_configure' from command line to 'False'
[7.855s] Level 5:colcon.colcon_core.verb:set package 'my_subscriber' build argument 'ament_cmake_args' from command line to 'None'
[7.855s] Level 5:colcon.colcon_core.verb:set package 'my_subscriber' build argument 'catkin_cmake_args' from command line to 'None'
[7.855s] Level 5:colcon.colcon_core.verb:set package 'my_subscriber' build argument 'catkin_skip_building_tests' from command line to 'False'
[7.855s] DEBUG:colcon.colcon_core.verb:Building package 'my_subscriber' with the following arguments: {'ament_cmake_args': None, 'build_base': '/home/juan/Robotics/Proyecto/Mapeo3D_LiDAR2D/build/my_subscriber', 'catkin_cmake_args': None, 'catkin_skip_building_tests': False, 'cmake_args': None, 'cmake_clean_cache': False, 'cmake_clean_first': False, 'cmake_force_configure': False, 'cmake_target': None, 'cmake_target_skip_unavailable': False, 'install_base': '/home/juan/Robotics/Proyecto/Mapeo3D_LiDAR2D/install/my_subscriber', 'merge_install': False, 'path': '/home/juan/Robotics/Proyecto/Mapeo3D_LiDAR2D/src/my_subscriber', 'symlink_install': True, 'test_result_base': None}
[7.855s] Level 5:colcon.colcon_core.verb:set package 'my_subscriber_pkg' build argument 'cmake_args' from command line to 'None'
[7.856s] Level 5:colcon.colcon_core.verb:set package 'my_subscriber_pkg' build argument 'cmake_target' from command line to 'None'
[7.856s] Level 5:colcon.colcon_core.verb:set package 'my_subscriber_pkg' build argument 'cmake_target_skip_unavailable' from command line to 'False'
[7.856s] Level 5:colcon.colcon_core.verb:set package 'my_subscriber_pkg' build argument 'cmake_clean_cache' from command line to 'False'
[7.856s] Level 5:colcon.colcon_core.verb:set package 'my_subscriber_pkg' build argument 'cmake_clean_first' from command line to 'False'
[7.856s] Level 5:colcon.colcon_core.verb:set package 'my_subscriber_pkg' build argument 'cmake_force_configure' from command line to 'False'
[7.856s] Level 5:colcon.colcon_core.verb:set package 'my_subscriber_pkg' build argument 'ament_cmake_args' from command line to 'None'
[7.856s] Level 5:colcon.colcon_core.verb:set package 'my_subscriber_pkg' build argument 'catkin_cmake_args' from command line to 'None'
[7.856s] Level 5:colcon.colcon_core.verb:set package 'my_subscriber_pkg' build argument 'catkin_skip_building_tests' from command line to 'False'
[7.856s] DEBUG:colcon.colcon_core.verb:Building package 'my_subscriber_pkg' with the following arguments: {'ament_cmake_args': None, 'build_base': '/home/juan/Robotics/Proyecto/Mapeo3D_LiDAR2D/build/my_subscriber_pkg', 'catkin_cmake_args': None, 'catkin_skip_building_tests': False, 'cmake_args': None, 'cmake_clean_cache': False, 'cmake_clean_first': False, 'cmake_force_configure': False, 'cmake_target': None, 'cmake_target_skip_unavailable': False, 'install_base': '/home/juan/Robotics/Proyecto/Mapeo3D_LiDAR2D/install/my_subscriber_pkg', 'merge_install': False, 'path': '/home/juan/Robotics/Proyecto/Mapeo3D_LiDAR2D/src/my_subscriber_pkg', 'symlink_install': True, 'test_result_base': None}
[7.856s] INFO:colcon.colcon_core.executor:Executing jobs using 'parallel' executor
[7.858s] DEBUG:colcon.colcon_parallel_executor.executor.parallel:run_until_complete
[7.858s] INFO:colcon.colcon_ros.task.ament_cmake.build:Building ROS package in '/home/juan/Robotics/Proyecto/Mapeo3D_LiDAR2D/src/my_subscriber' with build type 'ament_cmake'
[7.858s] INFO:colcon.colcon_cmake.task.cmake.build:Building CMake package in '/home/juan/Robotics/Proyecto/Mapeo3D_LiDAR2D/src/my_subscriber'
[7.941s] INFO:colcon.colcon_core.plugin_system:Skipping extension 'colcon_core.shell.bat': Not used on non-Windows systems
[7.942s] INFO:colcon.colcon_core.shell:Skip shell extension 'powershell' for command environment: Not usable outside of PowerShell
[7.942s] DEBUG:colcon.colcon_core.shell:Skip shell extension 'dsv' for command environment
[7.986s] INFO:colcon.colcon_ros.task.ament_python.build:Building ROS package in '/home/juan/Robotics/Proyecto/Mapeo3D_LiDAR2D/src/my_subscriber_pkg' with build type 'ament_python'
[7.986s] Level 1:colcon.colcon_core.shell:create_environment_hook('my_subscriber_pkg', 'ament_prefix_path')
[7.987s] INFO:colcon.colcon_core.shell:Creating environment hook '/home/juan/Robotics/Proyecto/Mapeo3D_LiDAR2D/install/my_subscriber_pkg/share/my_subscriber_pkg/hook/ament_prefix_path.ps1'
[8.014s] INFO:colcon.colcon_core.shell:Creating environment descriptor '/home/juan/Robotics/Proyecto/Mapeo3D_LiDAR2D/install/my_subscriber_pkg/share/my_subscriber_pkg/hook/ament_prefix_path.dsv'
[8.015s] INFO:colcon.colcon_core.shell:Creating environment hook '/home/juan/Robotics/Proyecto/Mapeo3D_LiDAR2D/install/my_subscriber_pkg/share/my_subscriber_pkg/hook/ament_prefix_path.sh'
[8.016s] INFO:colcon.colcon_core.shell:Skip shell extension 'powershell' for command environment: Not usable outside of PowerShell
[8.016s] DEBUG:colcon.colcon_core.shell:Skip shell extension 'dsv' for command environment
[8.073s] DEBUG:colcon.colcon_core.event_handler.log_command:Invoking command in '/home/juan/Robotics/Proyecto/Mapeo3D_LiDAR2D/build/my_subscriber': CMAKE_PREFIX_PATH=${CMAKE_PREFIX_PATH}:/home/juan/Robotics/Proyecto/Mapeo3D_LiDAR2D/install/my_subscriber_pkg:/opt/ros/humble /usr/bin/cmake --build /home/juan/Robotics/Proyecto/Mapeo3D_LiDAR2D/build/my_subscriber -- -j12 -l12
[8.474s] INFO:colcon.colcon_core.task.python.build:Building Python package in '/home/juan/Robotics/Proyecto/Mapeo3D_LiDAR2D/src/my_subscriber_pkg'
[8.475s] INFO:colcon.colcon_core.shell:Skip shell extension 'powershell' for command environment: Not usable outside of PowerShell
[8.475s] DEBUG:colcon.colcon_core.shell:Skip shell extension 'dsv' for command environment
[8.484s] DEBUG:colcon.colcon_core.event_handler.log_command:Invoked command in '/home/juan/Robotics/Proyecto/Mapeo3D_LiDAR2D/build/my_subscriber' returned '0': CMAKE_PREFIX_PATH=${CMAKE_PREFIX_PATH}:/home/juan/Robotics/Proyecto/Mapeo3D_LiDAR2D/install/my_subscriber_pkg:/opt/ros/humble /usr/bin/cmake --build /home/juan/Robotics/Proyecto/Mapeo3D_LiDAR2D/build/my_subscriber -- -j12 -l12
[8.537s] DEBUG:colcon.colcon_core.event_handler.log_command:Invoking command in '/home/juan/Robotics/Proyecto/Mapeo3D_LiDAR2D/build/my_subscriber': CMAKE_PREFIX_PATH=${CMAKE_PREFIX_PATH}:/home/juan/Robotics/Proyecto/Mapeo3D_LiDAR2D/install/my_subscriber_pkg:/opt/ros/humble /usr/bin/cmake --install /home/juan/Robotics/Proyecto/Mapeo3D_LiDAR2D/build/my_subscriber
[8.595s] Level 1:colcon.colcon_core.environment:create_environment_scripts_only(my_subscriber)
[8.597s] DEBUG:colcon.colcon_core.event_handler.log_command:Invoked command in '/home/juan/Robotics/Proyecto/Mapeo3D_LiDAR2D/build/my_subscriber' returned '0': CMAKE_PREFIX_PATH=${CMAKE_PREFIX_PATH}:/home/juan/Robotics/Proyecto/Mapeo3D_LiDAR2D/install/my_subscriber_pkg:/opt/ros/humble /usr/bin/cmake --install /home/juan/Robotics/Proyecto/Mapeo3D_LiDAR2D/build/my_subscriber
[8.640s] Level 1:colcon.colcon_core.environment:checking '/home/juan/Robotics/Proyecto/Mapeo3D_LiDAR2D/install/my_subscriber' for CMake module files
[8.641s] Level 1:colcon.colcon_core.environment:checking '/home/juan/Robotics/Proyecto/Mapeo3D_LiDAR2D/install/my_subscriber' for CMake config files
[8.641s] Level 1:colcon.colcon_core.shell:create_environment_hook('my_subscriber', 'cmake_prefix_path')
[8.642s] INFO:colcon.colcon_core.shell:Creating environment hook '/home/juan/Robotics/Proyecto/Mapeo3D_LiDAR2D/install/my_subscriber/share/my_subscriber/hook/cmake_prefix_path.ps1'
[8.643s] INFO:colcon.colcon_core.shell:Creating environment descriptor '/home/juan/Robotics/Proyecto/Mapeo3D_LiDAR2D/install/my_subscriber/share/my_subscriber/hook/cmake_prefix_path.dsv'
[8.643s] INFO:colcon.colcon_core.shell:Creating environment hook '/home/juan/Robotics/Proyecto/Mapeo3D_LiDAR2D/install/my_subscriber/share/my_subscriber/hook/cmake_prefix_path.sh'
[8.644s] Level 1:colcon.colcon_core.environment:checking '/home/juan/Robotics/Proyecto/Mapeo3D_LiDAR2D/install/my_subscriber/bin'
[8.644s] Level 1:colcon.colcon_core.environment:checking '/home/juan/Robotics/Proyecto/Mapeo3D_LiDAR2D/install/my_subscriber/lib/pkgconfig/my_subscriber.pc'
[8.645s] Level 1:colcon.colcon_core.environment:checking '/home/juan/Robotics/Proyecto/Mapeo3D_LiDAR2D/install/my_subscriber/lib/python3.10/site-packages'
[8.645s] Level 1:colcon.colcon_core.environment:checking '/home/juan/Robotics/Proyecto/Mapeo3D_LiDAR2D/install/my_subscriber/bin'
[8.646s] INFO:colcon.colcon_core.shell:Creating package script '/home/juan/Robotics/Proyecto/Mapeo3D_LiDAR2D/install/my_subscriber/share/my_subscriber/package.ps1'
[8.647s] INFO:colcon.colcon_core.shell:Creating package descriptor '/home/juan/Robotics/Proyecto/Mapeo3D_LiDAR2D/install/my_subscriber/share/my_subscriber/package.dsv'
[8.648s] INFO:colcon.colcon_core.shell:Creating package script '/home/juan/Robotics/Proyecto/Mapeo3D_LiDAR2D/install/my_subscriber/share/my_subscriber/package.sh'
[8.650s] INFO:colcon.colcon_core.shell:Creating package script '/home/juan/Robotics/Proyecto/Mapeo3D_LiDAR2D/install/my_subscriber/share/my_subscriber/package.bash'
[8.680s] INFO:colcon.colcon_core.shell:Creating package script '/home/juan/Robotics/Proyecto/Mapeo3D_LiDAR2D/install/my_subscriber/share/my_subscriber/package.zsh'
[8.711s] Level 1:colcon.colcon_core.environment:create_file_with_runtime_dependencies(/home/juan/Robotics/Proyecto/Mapeo3D_LiDAR2D/install/my_subscriber/share/colcon-core/packages/my_subscriber)
[8.756s] Level 1:colcon.colcon_core.environment:create_environment_scripts_only(my_subscriber)
[8.757s] Level 1:colcon.colcon_core.environment:checking '/home/juan/Robotics/Proyecto/Mapeo3D_LiDAR2D/install/my_subscriber' for CMake module files
[8.758s] Level 1:colcon.colcon_core.environment:checking '/home/juan/Robotics/Proyecto/Mapeo3D_LiDAR2D/install/my_subscriber' for CMake config files
[8.758s] Level 1:colcon.colcon_core.shell:create_environment_hook('my_subscriber', 'cmake_prefix_path')
[8.759s] INFO:colcon.colcon_core.shell:Creating environment hook '/home/juan/Robotics/Proyecto/Mapeo3D_LiDAR2D/install/my_subscriber/share/my_subscriber/hook/cmake_prefix_path.ps1'
[8.759s] INFO:colcon.colcon_core.shell:Creating environment descriptor '/home/juan/Robotics/Proyecto/Mapeo3D_LiDAR2D/install/my_subscriber/share/my_subscriber/hook/cmake_prefix_path.dsv'
[8.760s] INFO:colcon.colcon_core.shell:Creating environment hook '/home/juan/Robotics/Proyecto/Mapeo3D_LiDAR2D/install/my_subscriber/share/my_subscriber/hook/cmake_prefix_path.sh'
[8.761s] Level 1:colcon.colcon_core.environment:checking '/home/juan/Robotics/Proyecto/Mapeo3D_LiDAR2D/install/my_subscriber/bin'
[8.762s] Level 1:colcon.colcon_core.environment:checking '/home/juan/Robotics/Proyecto/Mapeo3D_LiDAR2D/install/my_subscriber/lib/pkgconfig/my_subscriber.pc'
[8.762s] Level 1:colcon.colcon_core.environment:checking '/home/juan/Robotics/Proyecto/Mapeo3D_LiDAR2D/install/my_subscriber/lib/python3.10/site-packages'
[8.762s] Level 1:colcon.colcon_core.environment:checking '/home/juan/Robotics/Proyecto/Mapeo3D_LiDAR2D/install/my_subscriber/bin'
[8.763s] INFO:colcon.colcon_core.shell:Creating package script '/home/juan/Robotics/Proyecto/Mapeo3D_LiDAR2D/install/my_subscriber/share/my_subscriber/package.ps1'
[8.764s] INFO:colcon.colcon_core.shell:Creating package descriptor '/home/juan/Robotics/Proyecto/Mapeo3D_LiDAR2D/install/my_subscriber/share/my_subscriber/package.dsv'
[8.765s] INFO:colcon.colcon_core.shell:Creating package script '/home/juan/Robotics/Proyecto/Mapeo3D_LiDAR2D/install/my_subscriber/share/my_subscriber/package.sh'
[8.766s] INFO:colcon.colcon_core.shell:Creating package script '/home/juan/Robotics/Proyecto/Mapeo3D_LiDAR2D/install/my_subscriber/share/my_subscriber/package.bash'
[8.766s] INFO:colcon.colcon_core.shell:Creating package script '/home/juan/Robotics/Proyecto/Mapeo3D_LiDAR2D/install/my_subscriber/share/my_subscriber/package.zsh'
[8.767s] Level 1:colcon.colcon_core.environment:create_file_with_runtime_dependencies(/home/juan/Robotics/Proyecto/Mapeo3D_LiDAR2D/install/my_subscriber/share/colcon-core/packages/my_subscriber)
[18.268s] DEBUG:colcon.colcon_core.event_handler.log_command:Invoking command in '/home/juan/Robotics/Proyecto/Mapeo3D_LiDAR2D/build/my_subscriber_pkg': PYTHONPATH=/home/juan/Robotics/Proyecto/Mapeo3D_LiDAR2D/build/my_subscriber_pkg/prefix_override:/home/juan/Robotics/Proyecto/Mapeo3D_LiDAR2D/install/my_subscriber_pkg/lib/python3.10/site-packages:${PYTHONPATH} /usr/bin/python3 -W ignore:setup.py install is deprecated setup.py develop --editable --build-directory /home/juan/Robotics/Proyecto/Mapeo3D_LiDAR2D/build/my_subscriber_pkg/build --no-deps symlink_data
[19.085s] Level 1:colcon.colcon_core.shell:create_environment_hook('my_subscriber_pkg', 'pythonpath_develop')
[19.086s] INFO:colcon.colcon_core.shell:Creating environment hook '/home/juan/Robotics/Proyecto/Mapeo3D_LiDAR2D/build/my_subscriber_pkg/share/my_subscriber_pkg/hook/pythonpath_develop.ps1'
[19.087s] DEBUG:colcon.colcon_core.event_handler.log_command:Invoked command in '/home/juan/Robotics/Proyecto/Mapeo3D_LiDAR2D/build/my_subscriber_pkg' returned '0': PYTHONPATH=/home/juan/Robotics/Proyecto/Mapeo3D_LiDAR2D/build/my_subscriber_pkg/prefix_override:/home/juan/Robotics/Proyecto/Mapeo3D_LiDAR2D/install/my_subscriber_pkg/lib/python3.10/site-packages:${PYTHONPATH} /usr/bin/python3 -W ignore:setup.py install is deprecated setup.py develop --editable --build-directory /home/juan/Robotics/Proyecto/Mapeo3D_LiDAR2D/build/my_subscriber_pkg/build --no-deps symlink_data
[19.088s] INFO:colcon.colcon_core.shell:Creating environment descriptor '/home/juan/Robotics/Proyecto/Mapeo3D_LiDAR2D/build/my_subscriber_pkg/share/my_subscriber_pkg/hook/pythonpath_develop.dsv'
[19.088s] INFO:colcon.colcon_core.shell:Creating environment hook '/home/juan/Robotics/Proyecto/Mapeo3D_LiDAR2D/build/my_subscriber_pkg/share/my_subscriber_pkg/hook/pythonpath_develop.sh'
[19.090s] Level 1:colcon.colcon_core.environment:checking '/home/juan/Robotics/Proyecto/Mapeo3D_LiDAR2D/install/my_subscriber_pkg' for CMake module files
[19.090s] Level 1:colcon.colcon_core.environment:checking '/home/juan/Robotics/Proyecto/Mapeo3D_LiDAR2D/install/my_subscriber_pkg' for CMake config files
[19.092s] Level 1:colcon.colcon_core.environment:checking '/home/juan/Robotics/Proyecto/Mapeo3D_LiDAR2D/install/my_subscriber_pkg/lib'
[19.092s] Level 1:colcon.colcon_core.environment:checking '/home/juan/Robotics/Proyecto/Mapeo3D_LiDAR2D/install/my_subscriber_pkg/bin'
[19.092s] Level 1:colcon.colcon_core.environment:checking '/home/juan/Robotics/Proyecto/Mapeo3D_LiDAR2D/install/my_subscriber_pkg/lib/pkgconfig/my_subscriber_pkg.pc'
[19.093s] Level 1:colcon.colcon_core.environment:checking '/home/juan/Robotics/Proyecto/Mapeo3D_LiDAR2D/install/my_subscriber_pkg/lib/python3.10/site-packages'
[19.093s] Level 1:colcon.colcon_core.shell:create_environment_hook('my_subscriber_pkg', 'pythonpath')
[19.093s] INFO:colcon.colcon_core.shell:Creating environment hook '/home/juan/Robotics/Proyecto/Mapeo3D_LiDAR2D/install/my_subscriber_pkg/share/my_subscriber_pkg/hook/pythonpath.ps1'
[19.094s] INFO:colcon.colcon_core.shell:Creating environment descriptor '/home/juan/Robotics/Proyecto/Mapeo3D_LiDAR2D/install/my_subscriber_pkg/share/my_subscriber_pkg/hook/pythonpath.dsv'
[19.095s] INFO:colcon.colcon_core.shell:Creating environment hook '/home/juan/Robotics/Proyecto/Mapeo3D_LiDAR2D/install/my_subscriber_pkg/share/my_subscriber_pkg/hook/pythonpath.sh'
[19.096s] Level 1:colcon.colcon_core.environment:checking '/home/juan/Robotics/Proyecto/Mapeo3D_LiDAR2D/install/my_subscriber_pkg/bin'
[19.096s] Level 1:colcon.colcon_core.environment:create_environment_scripts_only(my_subscriber_pkg)
[19.096s] INFO:colcon.colcon_core.shell:Creating package script '/home/juan/Robotics/Proyecto/Mapeo3D_LiDAR2D/install/my_subscriber_pkg/share/my_subscriber_pkg/package.ps1'
[19.097s] INFO:colcon.colcon_core.shell:Creating package descriptor '/home/juan/Robotics/Proyecto/Mapeo3D_LiDAR2D/install/my_subscriber_pkg/share/my_subscriber_pkg/package.dsv'
[19.098s] INFO:colcon.colcon_core.shell:Creating package script '/home/juan/Robotics/Proyecto/Mapeo3D_LiDAR2D/install/my_subscriber_pkg/share/my_subscriber_pkg/package.sh'
[19.099s] INFO:colcon.colcon_core.shell:Creating package script '/home/juan/Robotics/Proyecto/Mapeo3D_LiDAR2D/install/my_subscriber_pkg/share/my_subscriber_pkg/package.bash'
[19.099s] INFO:colcon.colcon_core.shell:Creating package script '/home/juan/Robotics/Proyecto/Mapeo3D_LiDAR2D/install/my_subscriber_pkg/share/my_subscriber_pkg/package.zsh'
[19.100s] Level 1:colcon.colcon_core.environment:create_file_with_runtime_dependencies(/home/juan/Robotics/Proyecto/Mapeo3D_LiDAR2D/install/my_subscriber_pkg/share/colcon-core/packages/my_subscriber_pkg)
[19.100s] DEBUG:colcon.colcon_parallel_executor.executor.parallel:closing loop
[19.101s] DEBUG:colcon.colcon_parallel_executor.executor.parallel:loop closed
[19.101s] DEBUG:colcon.colcon_parallel_executor.executor.parallel:run_until_complete finished with '0'
[19.101s] DEBUG:colcon.colcon_core.event_reactor:joining thread
[19.266s] INFO:colcon.colcon_core.plugin_system:Skipping extension 'colcon_notification.desktop_notification.terminal_notifier': Not used on non-Darwin systems
[19.266s] INFO:colcon.colcon_core.plugin_system:Skipping extension 'colcon_notification.desktop_notification.win32': Not used on non-Windows systems
[19.266s] INFO:colcon.colcon_notification.desktop_notification:Sending desktop notification using 'notify2'
[19.289s] DEBUG:colcon.colcon_core.event_reactor:joined thread
[19.289s] INFO:colcon.colcon_core.shell:Creating prefix script '/home/juan/Robotics/Proyecto/Mapeo3D_LiDAR2D/install/local_setup.ps1'
[19.319s] INFO:colcon.colcon_core.shell:Creating prefix util module '/home/juan/Robotics/Proyecto/Mapeo3D_LiDAR2D/install/_local_setup_util_ps1.py'
[19.357s] INFO:colcon.colcon_core.shell:Creating prefix chain script '/home/juan/Robotics/Proyecto/Mapeo3D_LiDAR2D/install/setup.ps1'
[19.360s] INFO:colcon.colcon_core.shell:Creating prefix script '/home/juan/Robotics/Proyecto/Mapeo3D_LiDAR2D/install/local_setup.sh'
[19.366s] INFO:colcon.colcon_core.shell:Creating prefix util module '/home/juan/Robotics/Proyecto/Mapeo3D_LiDAR2D/install/_local_setup_util_sh.py'
[19.367s] INFO:colcon.colcon_core.shell:Creating prefix chain script '/home/juan/Robotics/Proyecto/Mapeo3D_LiDAR2D/install/setup.sh'
[19.370s] INFO:colcon.colcon_core.shell:Creating prefix script '/home/juan/Robotics/Proyecto/Mapeo3D_LiDAR2D/install/local_setup.bash'
[19.387s] INFO:colcon.colcon_core.shell:Creating prefix chain script '/home/juan/Robotics/Proyecto/Mapeo3D_LiDAR2D/install/setup.bash'
[19.390s] INFO:colcon.colcon_core.shell:Creating prefix script '/home/juan/Robotics/Proyecto/Mapeo3D_LiDAR2D/install/local_setup.zsh'
[19.429s] INFO:colcon.colcon_core.shell:Creating prefix chain script '/home/juan/Robotics/Proyecto/Mapeo3D_LiDAR2D/install/setup.zsh'
