[0.086s] Invoking command in '/home/nicolas/RAS/build/vonns2_bringup': CMAKE_PREFIX_PATH=/opt/ros/humble /usr/bin/cmake --build /home/nicolas/RAS/build/vonns2_bringup -- -j2 -l2
[0.327s] [100%] Built target tf_broadcaster
[0.344s] [100%] Built target ament_cmake_python_copy_scripts
[0.949s] running egg_info
[0.951s] writing scripts.egg-info/PKG-INFO
[0.952s] writing dependency_links to scripts.egg-info/dependency_links.txt
[0.953s] writing top-level names to scripts.egg-info/top_level.txt
[0.958s] reading manifest file 'scripts.egg-info/SOURCES.txt'
[0.959s] writing manifest file 'scripts.egg-info/SOURCES.txt'
[1.022s] [100%] Built target ament_cmake_python_build_scripts_egg
[1.049s] Invoked command in '/home/nicolas/RAS/build/vonns2_bringup' returned '0': CMAKE_PREFIX_PATH=/opt/ros/humble /usr/bin/cmake --build /home/nicolas/RAS/build/vonns2_bringup -- -j2 -l2
[1.163s] Invoking command in '/home/nicolas/RAS/build/vonns2_bringup': CMAKE_PREFIX_PATH=/opt/ros/humble /usr/bin/cmake --install /home/nicolas/RAS/build/vonns2_bringup
[1.195s] -- Install configuration: ""
[1.196s] -- Up-to-date: /home/nicolas/RAS/install/vonns2_bringup/lib/vonns2_bringup/tf_broadcaster
[1.197s] -- Up-to-date: /home/nicolas/RAS/install/vonns2_bringup/share/vonns2_bringup/environment/pythonpath.sh
[1.198s] -- Up-to-date: /home/nicolas/RAS/install/vonns2_bringup/share/vonns2_bringup/environment/pythonpath.dsv
[1.198s] -- Up-to-date: /home/nicolas/RAS/install/vonns2_bringup/local/lib/python3.10/dist-packages/scripts-0.0.0-py3.10.egg-info
[1.198s] -- Installing: /home/nicolas/RAS/install/vonns2_bringup/local/lib/python3.10/dist-packages/scripts-0.0.0-py3.10.egg-info/SOURCES.txt
[1.199s] -- Installing: /home/nicolas/RAS/install/vonns2_bringup/local/lib/python3.10/dist-packages/scripts-0.0.0-py3.10.egg-info/dependency_links.txt
[1.199s] -- Installing: /home/nicolas/RAS/install/vonns2_bringup/local/lib/python3.10/dist-packages/scripts-0.0.0-py3.10.egg-info/top_level.txt
[1.200s] -- Installing: /home/nicolas/RAS/install/vonns2_bringup/local/lib/python3.10/dist-packages/scripts-0.0.0-py3.10.egg-info/PKG-INFO
[1.200s] -- Up-to-date: /home/nicolas/RAS/install/vonns2_bringup/local/lib/python3.10/dist-packages/scripts
[1.200s] -- Up-to-date: /home/nicolas/RAS/install/vonns2_bringup/local/lib/python3.10/dist-packages/scripts/serial_port_reader.py
[1.200s] -- Up-to-date: /home/nicolas/RAS/install/vonns2_bringup/local/lib/python3.10/dist-packages/scripts/__init__.py
[1.308s] Listing '/home/nicolas/RAS/install/vonns2_bringup/local/lib/python3.10/dist-packages/scripts'...
[1.332s] -- Up-to-date: /home/nicolas/RAS/install/vonns2_bringup/lib/vonns2_bringup/serial_port_reader.py
[1.332s] -- Up-to-date: /home/nicolas/RAS/install/vonns2_bringup/share/vonns2_bringup/launch
[1.332s] -- Up-to-date: /home/nicolas/RAS/install/vonns2_bringup/share/vonns2_bringup/launch/robot_state_publisher.launch.py
[1.332s] -- Up-to-date: /home/nicolas/RAS/install/vonns2_bringup/share/vonns2_bringup/launch/robot.launch.py
[1.332s] -- Up-to-date: /home/nicolas/RAS/install/vonns2_bringup/share/vonns2_bringup/config
[1.332s] -- Up-to-date: /home/nicolas/RAS/install/vonns2_bringup/share/vonns2_bringup/config/laser.rviz
[1.332s] -- Up-to-date: /home/nicolas/RAS/install/vonns2_bringup/share/ament_index/resource_index/package_run_dependencies/vonns2_bringup
[1.333s] -- Up-to-date: /home/nicolas/RAS/install/vonns2_bringup/share/ament_index/resource_index/parent_prefix_path/vonns2_bringup
[1.333s] -- Up-to-date: /home/nicolas/RAS/install/vonns2_bringup/share/vonns2_bringup/environment/ament_prefix_path.sh
[1.333s] -- Up-to-date: /home/nicolas/RAS/install/vonns2_bringup/share/vonns2_bringup/environment/ament_prefix_path.dsv
[1.333s] -- Up-to-date: /home/nicolas/RAS/install/vonns2_bringup/share/vonns2_bringup/environment/path.sh
[1.333s] -- Up-to-date: /home/nicolas/RAS/install/vonns2_bringup/share/vonns2_bringup/environment/path.dsv
[1.333s] -- Up-to-date: /home/nicolas/RAS/install/vonns2_bringup/share/vonns2_bringup/local_setup.bash
[1.333s] -- Up-to-date: /home/nicolas/RAS/install/vonns2_bringup/share/vonns2_bringup/local_setup.sh
[1.334s] -- Up-to-date: /home/nicolas/RAS/install/vonns2_bringup/share/vonns2_bringup/local_setup.zsh
[1.334s] -- Up-to-date: /home/nicolas/RAS/install/vonns2_bringup/share/vonns2_bringup/local_setup.dsv
[1.334s] -- Installing: /home/nicolas/RAS/install/vonns2_bringup/share/vonns2_bringup/package.dsv
[1.334s] -- Up-to-date: /home/nicolas/RAS/install/vonns2_bringup/share/ament_index/resource_index/packages/vonns2_bringup
[1.334s] -- Up-to-date: /home/nicolas/RAS/install/vonns2_bringup/share/vonns2_bringup/cmake/vonns2_bringupConfig.cmake
[1.349s] -- Up-to-date: /home/nicolas/RAS/install/vonns2_bringup/share/vonns2_bringup/cmake/vonns2_bringupConfig-version.cmake
[1.349s] -- Up-to-date: /home/nicolas/RAS/install/vonns2_bringup/share/vonns2_bringup/package.xml
[1.350s] Invoked command in '/home/nicolas/RAS/build/vonns2_bringup' returned '0': CMAKE_PREFIX_PATH=/opt/ros/humble /usr/bin/cmake --install /home/nicolas/RAS/build/vonns2_bringup
