[0.186s] Invoking command in '/home/nicolas/RAS/build/vonns2_bringup': CMAKE_PREFIX_PATH=${CMAKE_PREFIX_PATH}:/opt/ros/humble /usr/bin/cmake --build /home/nicolas/RAS/build/vonns2_bringup -- -j2 -l2
[0.759s] [100%] Built target tf_broadcaster
[0.785s] [100%] Built target ament_cmake_python_copy_scripts
[1.773s] running egg_info
[1.775s] writing scripts.egg-info/PKG-INFO
[1.775s] writing dependency_links to scripts.egg-info/dependency_links.txt
[1.776s] writing top-level names to scripts.egg-info/top_level.txt
[1.782s] reading manifest file 'scripts.egg-info/SOURCES.txt'
[1.784s] writing manifest file 'scripts.egg-info/SOURCES.txt'
[1.849s] [100%] Built target ament_cmake_python_build_scripts_egg
[1.900s] Invoked command in '/home/nicolas/RAS/build/vonns2_bringup' returned '0': CMAKE_PREFIX_PATH=${CMAKE_PREFIX_PATH}:/opt/ros/humble /usr/bin/cmake --build /home/nicolas/RAS/build/vonns2_bringup -- -j2 -l2
[2.047s] Invoking command in '/home/nicolas/RAS/build/vonns2_bringup': CMAKE_PREFIX_PATH=${CMAKE_PREFIX_PATH}:/opt/ros/humble /usr/bin/cmake --install /home/nicolas/RAS/build/vonns2_bringup
[2.080s] -- Install configuration: ""
[2.090s] -- Up-to-date: /home/nicolas/RAS/install/vonns2_bringup/lib/vonns2_bringup/tf_broadcaster
[2.091s] -- Up-to-date: /home/nicolas/RAS/install/vonns2_bringup/share/vonns2_bringup/environment/pythonpath.sh
[2.091s] -- Up-to-date: /home/nicolas/RAS/install/vonns2_bringup/share/vonns2_bringup/environment/pythonpath.dsv
[2.092s] -- Up-to-date: /home/nicolas/RAS/install/vonns2_bringup/local/lib/python3.10/dist-packages/scripts-0.0.0-py3.10.egg-info
[2.092s] -- Installing: /home/nicolas/RAS/install/vonns2_bringup/local/lib/python3.10/dist-packages/scripts-0.0.0-py3.10.egg-info/SOURCES.txt
[2.094s] -- Installing: /home/nicolas/RAS/install/vonns2_bringup/local/lib/python3.10/dist-packages/scripts-0.0.0-py3.10.egg-info/dependency_links.txt
[2.094s] -- Installing: /home/nicolas/RAS/install/vonns2_bringup/local/lib/python3.10/dist-packages/scripts-0.0.0-py3.10.egg-info/top_level.txt
[2.096s] -- Installing: /home/nicolas/RAS/install/vonns2_bringup/local/lib/python3.10/dist-packages/scripts-0.0.0-py3.10.egg-info/PKG-INFO
[2.096s] -- Up-to-date: /home/nicolas/RAS/install/vonns2_bringup/local/lib/python3.10/dist-packages/scripts
[2.098s] -- Up-to-date: /home/nicolas/RAS/install/vonns2_bringup/local/lib/python3.10/dist-packages/scripts/serial_port_reader.py
[2.098s] -- Up-to-date: /home/nicolas/RAS/install/vonns2_bringup/local/lib/python3.10/dist-packages/scripts/__init__.py
[2.276s] Listing '/home/nicolas/RAS/install/vonns2_bringup/local/lib/python3.10/dist-packages/scripts'...
[2.283s] -- Up-to-date: /home/nicolas/RAS/install/vonns2_bringup/lib/vonns2_bringup/serial_port_reader.py
[2.288s] -- Up-to-date: /home/nicolas/RAS/install/vonns2_bringup/share/vonns2_bringup/launch
[2.289s] -- Up-to-date: /home/nicolas/RAS/install/vonns2_bringup/share/vonns2_bringup/launch/robot_state_publisher.launch.py
[2.289s] -- Installing: /home/nicolas/RAS/install/vonns2_bringup/share/vonns2_bringup/launch/robot.launch.py
[2.289s] -- Up-to-date: /home/nicolas/RAS/install/vonns2_bringup/share/ament_index/resource_index/package_run_dependencies/vonns2_bringup
[2.289s] -- Up-to-date: /home/nicolas/RAS/install/vonns2_bringup/share/ament_index/resource_index/parent_prefix_path/vonns2_bringup
[2.290s] -- Up-to-date: /home/nicolas/RAS/install/vonns2_bringup/share/vonns2_bringup/environment/ament_prefix_path.sh
[2.290s] -- Up-to-date: /home/nicolas/RAS/install/vonns2_bringup/share/vonns2_bringup/environment/ament_prefix_path.dsv
[2.290s] -- Up-to-date: /home/nicolas/RAS/install/vonns2_bringup/share/vonns2_bringup/environment/path.sh
[2.290s] -- Up-to-date: /home/nicolas/RAS/install/vonns2_bringup/share/vonns2_bringup/environment/path.dsv
[2.294s] -- Up-to-date: /home/nicolas/RAS/install/vonns2_bringup/share/vonns2_bringup/local_setup.bash
[2.294s] -- Up-to-date: /home/nicolas/RAS/install/vonns2_bringup/share/vonns2_bringup/local_setup.sh
[2.294s] -- Up-to-date: /home/nicolas/RAS/install/vonns2_bringup/share/vonns2_bringup/local_setup.zsh
[2.295s] -- Up-to-date: /home/nicolas/RAS/install/vonns2_bringup/share/vonns2_bringup/local_setup.dsv
[2.295s] -- Installing: /home/nicolas/RAS/install/vonns2_bringup/share/vonns2_bringup/package.dsv
[2.295s] -- Up-to-date: /home/nicolas/RAS/install/vonns2_bringup/share/ament_index/resource_index/packages/vonns2_bringup
[2.295s] -- Up-to-date: /home/nicolas/RAS/install/vonns2_bringup/share/vonns2_bringup/cmake/vonns2_bringupConfig.cmake
[2.295s] -- Up-to-date: /home/nicolas/RAS/install/vonns2_bringup/share/vonns2_bringup/cmake/vonns2_bringupConfig-version.cmake
[2.295s] -- Up-to-date: /home/nicolas/RAS/install/vonns2_bringup/share/vonns2_bringup/package.xml
[2.452s] Invoked command in '/home/nicolas/RAS/build/vonns2_bringup' returned '0': CMAKE_PREFIX_PATH=${CMAKE_PREFIX_PATH}:/opt/ros/humble /usr/bin/cmake --install /home/nicolas/RAS/build/vonns2_bringup
