running develop
/home/juan/.local/lib/python3.10/site-packages/setuptools/command/develop.py:40: EasyInstallDeprecationWarning: easy_install command is deprecated.
!!

        ********************************************************************************
        Please avoid running ``setup.py`` and ``easy_install``.
        Instead, use pypa/build, pypa/installer or other
        standards-based tools.

        See https://github.com/pypa/setuptools/issues/917 for details.
        ********************************************************************************

!!
  easy_install.initialize_options(self)
running egg_info
creating navigation_pkg.egg-info
writing navigation_pkg.egg-info/PKG-INFO
writing dependency_links to navigation_pkg.egg-info/dependency_links.txt
writing entry points to navigation_pkg.egg-info/entry_points.txt
writing requirements to navigation_pkg.egg-info/requires.txt
writing top-level names to navigation_pkg.egg-info/top_level.txt
writing manifest file 'navigation_pkg.egg-info/SOURCES.txt'
reading manifest file 'navigation_pkg.egg-info/SOURCES.txt'
writing manifest file 'navigation_pkg.egg-info/SOURCES.txt'
running build_ext
Creating /home/juan/Robotics/Proyecto/Mapeo3D_LiDAR2D/install/navigation_pkg/lib/python3.10/site-packages/navigation-pkg.egg-link (link to .)
Installing nav1 script to /home/juan/Robotics/Proyecto/Mapeo3D_LiDAR2D/install/navigation_pkg/lib/navigation_pkg
Installing nav2_node script to /home/juan/Robotics/Proyecto/Mapeo3D_LiDAR2D/install/navigation_pkg/lib/navigation_pkg
Installing obstacle_node script to /home/juan/Robotics/Proyecto/Mapeo3D_LiDAR2D/install/navigation_pkg/lib/navigation_pkg

Installed /home/juan/Robotics/Proyecto/Mapeo3D_LiDAR2D/build/navigation_pkg
running symlink_data
creating /home/juan/Robotics/Proyecto/Mapeo3D_LiDAR2D/install/navigation_pkg/share/ament_index
creating /home/juan/Robotics/Proyecto/Mapeo3D_LiDAR2D/install/navigation_pkg/share/ament_index/resource_index
creating /home/juan/Robotics/Proyecto/Mapeo3D_LiDAR2D/install/navigation_pkg/share/ament_index/resource_index/packages
symbolically linking /home/juan/Robotics/Proyecto/Mapeo3D_LiDAR2D/build/navigation_pkg/resource/navigation_pkg -> /home/juan/Robotics/Proyecto/Mapeo3D_LiDAR2D/install/navigation_pkg/share/ament_index/resource_index/packages
symbolically linking /home/juan/Robotics/Proyecto/Mapeo3D_LiDAR2D/build/navigation_pkg/package.xml -> /home/juan/Robotics/Proyecto/Mapeo3D_LiDAR2D/install/navigation_pkg/share/navigation_pkg
