[4.529s] Invoking command in '/home/juan/Robotics/Proyecto/Mapeo3D_LiDAR2D/build/navigation_pkg': PYTHONPATH=/home/juan/Robotics/Proyecto/Mapeo3D_LiDAR2D/build/navigation_pkg/prefix_override:/home/juan/Robotics/Proyecto/Mapeo3D_LiDAR2D/install/navigation_pkg/lib/python3.10/site-packages:${PYTHONPATH} /usr/bin/python3 -W ignore:setup.py install is deprecated setup.py develop --editable --build-directory /home/juan/Robotics/Proyecto/Mapeo3D_LiDAR2D/build/navigation_pkg/build --no-deps symlink_data
[5.112s] running develop
[5.144s] /home/juan/.local/lib/python3.10/site-packages/setuptools/command/develop.py:40: EasyInstallDeprecationWarning: easy_install command is deprecated.
[5.144s] !!
[5.144s] 
[5.144s]         ********************************************************************************
[5.144s]         Please avoid running ``setup.py`` and ``easy_install``.
[5.145s]         Instead, use pypa/build, pypa/installer or other
[5.145s]         standards-based tools.
[5.145s] 
[5.145s]         See https://github.com/pypa/setuptools/issues/917 for details.
[5.145s]         ********************************************************************************
[5.145s] 
[5.145s] !!
[5.145s]   easy_install.initialize_options(self)
[5.563s] running egg_info
[5.564s] creating navigation_pkg.egg-info
[5.593s] writing navigation_pkg.egg-info/PKG-INFO
[5.594s] writing dependency_links to navigation_pkg.egg-info/dependency_links.txt
[5.595s] writing entry points to navigation_pkg.egg-info/entry_points.txt
[5.595s] writing requirements to navigation_pkg.egg-info/requires.txt
[5.595s] writing top-level names to navigation_pkg.egg-info/top_level.txt
[5.595s] writing manifest file 'navigation_pkg.egg-info/SOURCES.txt'
[5.670s] reading manifest file 'navigation_pkg.egg-info/SOURCES.txt'
[5.671s] writing manifest file 'navigation_pkg.egg-info/SOURCES.txt'
[5.702s] running build_ext
[5.702s] Creating /home/juan/Robotics/Proyecto/Mapeo3D_LiDAR2D/install/navigation_pkg/lib/python3.10/site-packages/navigation-pkg.egg-link (link to .)
[5.703s] Installing nav1 script to /home/juan/Robotics/Proyecto/Mapeo3D_LiDAR2D/install/navigation_pkg/lib/navigation_pkg
[5.704s] Installing nav2_node script to /home/juan/Robotics/Proyecto/Mapeo3D_LiDAR2D/install/navigation_pkg/lib/navigation_pkg
[5.704s] Installing obstacle_node script to /home/juan/Robotics/Proyecto/Mapeo3D_LiDAR2D/install/navigation_pkg/lib/navigation_pkg
[5.704s] 
[5.704s] Installed /home/juan/Robotics/Proyecto/Mapeo3D_LiDAR2D/build/navigation_pkg
[5.704s] running symlink_data
[5.704s] creating /home/juan/Robotics/Proyecto/Mapeo3D_LiDAR2D/install/navigation_pkg/share/ament_index
[5.705s] creating /home/juan/Robotics/Proyecto/Mapeo3D_LiDAR2D/install/navigation_pkg/share/ament_index/resource_index
[5.705s] creating /home/juan/Robotics/Proyecto/Mapeo3D_LiDAR2D/install/navigation_pkg/share/ament_index/resource_index/packages
[5.705s] symbolically linking /home/juan/Robotics/Proyecto/Mapeo3D_LiDAR2D/build/navigation_pkg/resource/navigation_pkg -> /home/juan/Robotics/Proyecto/Mapeo3D_LiDAR2D/install/navigation_pkg/share/ament_index/resource_index/packages
[5.705s] symbolically linking /home/juan/Robotics/Proyecto/Mapeo3D_LiDAR2D/build/navigation_pkg/package.xml -> /home/juan/Robotics/Proyecto/Mapeo3D_LiDAR2D/install/navigation_pkg/share/navigation_pkg
[5.772s] Invoked command in '/home/juan/Robotics/Proyecto/Mapeo3D_LiDAR2D/build/navigation_pkg' returned '0': PYTHONPATH=/home/juan/Robotics/Proyecto/Mapeo3D_LiDAR2D/build/navigation_pkg/prefix_override:/home/juan/Robotics/Proyecto/Mapeo3D_LiDAR2D/install/navigation_pkg/lib/python3.10/site-packages:${PYTHONPATH} /usr/bin/python3 -W ignore:setup.py install is deprecated setup.py develop --editable --build-directory /home/juan/Robotics/Proyecto/Mapeo3D_LiDAR2D/build/navigation_pkg/build --no-deps symlink_data
