[0.050s] Invoking command in '/home/nicolas/RAS/build/vonns2_bringup': CMAKE_PREFIX_PATH=${CMAKE_PREFIX_PATH}:/opt/ros/humble /usr/bin/cmake --build /home/nicolas/RAS/build/vonns2_bringup -- -j2 -l2
[0.207s] [100%] Built target tf_broadcaster
[0.223s] [100%] Built target ament_cmake_python_copy_scripts
[0.688s] running egg_info
[0.690s] writing scripts.egg-info/PKG-INFO
[0.691s] writing dependency_links to scripts.egg-info/dependency_links.txt
[0.692s] writing top-level names to scripts.egg-info/top_level.txt
[0.697s] reading manifest file 'scripts.egg-info/SOURCES.txt'
[0.699s] writing manifest file 'scripts.egg-info/SOURCES.txt'
[0.758s] [100%] Built target ament_cmake_python_build_scripts_egg
[0.785s] Invoked command in '/home/nicolas/RAS/build/vonns2_bringup' returned '0': CMAKE_PREFIX_PATH=${CMAKE_PREFIX_PATH}:/opt/ros/humble /usr/bin/cmake --build /home/nicolas/RAS/build/vonns2_bringup -- -j2 -l2
[0.867s] Invoking command in '/home/nicolas/RAS/build/vonns2_bringup': CMAKE_PREFIX_PATH=${CMAKE_PREFIX_PATH}:/opt/ros/humble /usr/bin/cmake --install /home/nicolas/RAS/build/vonns2_bringup
[0.885s] -- Install configuration: ""
[0.886s] -- Up-to-date: /home/nicolas/RAS/install/vonns2_bringup/lib/vonns2_bringup/tf_broadcaster
[0.886s] -- Up-to-date: /home/nicolas/RAS/install/vonns2_bringup/share/vonns2_bringup/environment/pythonpath.sh
[0.886s] -- Up-to-date: /home/nicolas/RAS/install/vonns2_bringup/share/vonns2_bringup/environment/pythonpath.dsv
[0.887s] -- Up-to-date: /home/nicolas/RAS/install/vonns2_bringup/local/lib/python3.10/dist-packages/scripts-0.0.0-py3.10.egg-info
[0.887s] -- Installing: /home/nicolas/RAS/install/vonns2_bringup/local/lib/python3.10/dist-packages/scripts-0.0.0-py3.10.egg-info/SOURCES.txt
[0.888s] -- Installing: /home/nicolas/RAS/install/vonns2_bringup/local/lib/python3.10/dist-packages/scripts-0.0.0-py3.10.egg-info/dependency_links.txt
[0.889s] -- Installing: /home/nicolas/RAS/install/vonns2_bringup/local/lib/python3.10/dist-packages/scripts-0.0.0-py3.10.egg-info/top_level.txt
[0.889s] -- Installing: /home/nicolas/RAS/install/vonns2_bringup/local/lib/python3.10/dist-packages/scripts-0.0.0-py3.10.egg-info/PKG-INFO
[0.889s] -- Up-to-date: /home/nicolas/RAS/install/vonns2_bringup/local/lib/python3.10/dist-packages/scripts
[0.889s] -- Up-to-date: /home/nicolas/RAS/install/vonns2_bringup/local/lib/python3.10/dist-packages/scripts/serial_port_reader.py
[0.890s] -- Up-to-date: /home/nicolas/RAS/install/vonns2_bringup/local/lib/python3.10/dist-packages/scripts/__init__.py
[0.955s] Listing '/home/nicolas/RAS/install/vonns2_bringup/local/lib/python3.10/dist-packages/scripts'...
[0.980s] -- Up-to-date: /home/nicolas/RAS/install/vonns2_bringup/lib/vonns2_bringup/serial_port_reader.py
[0.981s] -- Up-to-date: /home/nicolas/RAS/install/vonns2_bringup/share/vonns2_bringup/launch
[0.981s] -- Up-to-date: /home/nicolas/RAS/install/vonns2_bringup/share/vonns2_bringup/launch/robot_state_publisher.launch.py
[0.981s] -- Up-to-date: /home/nicolas/RAS/install/vonns2_bringup/share/vonns2_bringup/launch/robot.launch.py
[0.981s] -- Up-to-date: /home/nicolas/RAS/install/vonns2_bringup/share/vonns2_bringup/config
[0.981s] -- Installing: /home/nicolas/RAS/install/vonns2_bringup/share/vonns2_bringup/config/laser.rviz
[0.982s] -- Up-to-date: /home/nicolas/RAS/install/vonns2_bringup/share/ament_index/resource_index/package_run_dependencies/vonns2_bringup
[0.982s] -- Up-to-date: /home/nicolas/RAS/install/vonns2_bringup/share/ament_index/resource_index/parent_prefix_path/vonns2_bringup
[0.982s] -- Up-to-date: /home/nicolas/RAS/install/vonns2_bringup/share/vonns2_bringup/environment/ament_prefix_path.sh
[0.982s] -- Up-to-date: /home/nicolas/RAS/install/vonns2_bringup/share/vonns2_bringup/environment/ament_prefix_path.dsv
[0.982s] -- Up-to-date: /home/nicolas/RAS/install/vonns2_bringup/share/vonns2_bringup/environment/path.sh
[0.983s] -- Up-to-date: /home/nicolas/RAS/install/vonns2_bringup/share/vonns2_bringup/environment/path.dsv
[0.983s] -- Up-to-date: /home/nicolas/RAS/install/vonns2_bringup/share/vonns2_bringup/local_setup.bash
[0.984s] -- Up-to-date: /home/nicolas/RAS/install/vonns2_bringup/share/vonns2_bringup/local_setup.sh
[0.984s] -- Up-to-date: /home/nicolas/RAS/install/vonns2_bringup/share/vonns2_bringup/local_setup.zsh
[0.984s] -- Up-to-date: /home/nicolas/RAS/install/vonns2_bringup/share/vonns2_bringup/local_setup.dsv
[0.984s] -- Installing: /home/nicolas/RAS/install/vonns2_bringup/share/vonns2_bringup/package.dsv
[0.985s] -- Up-to-date: /home/nicolas/RAS/install/vonns2_bringup/share/ament_index/resource_index/packages/vonns2_bringup
[0.986s] -- Up-to-date: /home/nicolas/RAS/install/vonns2_bringup/share/vonns2_bringup/cmake/vonns2_bringupConfig.cmake
[0.986s] -- Up-to-date: /home/nicolas/RAS/install/vonns2_bringup/share/vonns2_bringup/cmake/vonns2_bringupConfig-version.cmake
[0.986s] -- Up-to-date: /home/nicolas/RAS/install/vonns2_bringup/share/vonns2_bringup/package.xml
[1.007s] Invoked command in '/home/nicolas/RAS/build/vonns2_bringup' returned '0': CMAKE_PREFIX_PATH=${CMAKE_PREFIX_PATH}:/opt/ros/humble /usr/bin/cmake --install /home/nicolas/RAS/build/vonns2_bringup
