[0.098s] DEBUG:colcon:Command line arguments: ['/usr/bin/colcon', 'build', '--symlink-install']
[0.098s] DEBUG:colcon:Parsed command line arguments: Namespace(log_base=None, log_level=None, verb_name='build', build_base='build', install_base='install', merge_install=False, symlink_install=True, test_result_base=None, continue_on_error=False, executor='parallel', parallel_workers=12, event_handlers=None, ignore_user_meta=False, metas=['./colcon.meta'], base_paths=['.'], packages_ignore=None, packages_ignore_regex=None, paths=None, packages_up_to=None, packages_up_to_regex=None, packages_above=None, packages_above_and_dependencies=None, packages_above_depth=None, packages_select_by_dep=None, packages_skip_by_dep=None, packages_skip_up_to=None, packages_select_build_failed=False, packages_skip_build_finished=False, packages_select_test_failures=False, packages_skip_test_passed=False, packages_select=None, packages_skip=None, packages_select_regex=None, packages_skip_regex=None, packages_start=None, packages_end=None, allow_overriding=[], cmake_args=None, cmake_target=None, cmake_target_skip_unavailable=False, cmake_clean_cache=False, cmake_clean_first=False, cmake_force_configure=False, ament_cmake_args=None, catkin_cmake_args=None, catkin_skip_building_tests=False, mixin_files=None, mixin=None, verb_parser=<colcon_mixin.mixin.mixin_argument.MixinArgumentDecorator object at 0x76aed9269510>, verb_extension=<colcon_core.verb.build.BuildVerb object at 0x76aed9269060>, main=<bound method BuildVerb.main of <colcon_core.verb.build.BuildVerb object at 0x76aed9269060>>, mixin_verb=('build',))
[1.151s] Level 1:colcon.colcon_core.package_discovery:discover_packages(colcon_meta) check parameters
[1.151s] Level 1:colcon.colcon_core.package_discovery:discover_packages(recursive) check parameters
[1.152s] Level 1:colcon.colcon_core.package_discovery:discover_packages(ignore) check parameters
[1.152s] Level 1:colcon.colcon_core.package_discovery:discover_packages(path) check parameters
[1.152s] Level 1:colcon.colcon_core.package_discovery:discover_packages(colcon_meta) discover
[1.152s] Level 1:colcon.colcon_core.package_discovery:discover_packages(recursive) discover
[1.152s] INFO:colcon.colcon_core.package_discovery:Crawling recursively for packages in '/home/juan/Robotics/Proyecto/Mapeo3D_LiDAR2D'
[1.152s] Level 1:colcon.colcon_core.package_identification:_identify(.) by extensions ['ignore', 'ignore_ament_install']
[1.153s] Level 1:colcon.colcon_core.package_identification:_identify(.) by extension 'ignore'
[1.153s] Level 1:colcon.colcon_core.package_identification:_identify(.) by extension 'ignore_ament_install'
[1.153s] Level 1:colcon.colcon_core.package_identification:_identify(.) by extensions ['colcon_pkg']
[1.153s] Level 1:colcon.colcon_core.package_identification:_identify(.) by extension 'colcon_pkg'
[1.153s] Level 1:colcon.colcon_core.package_identification:_identify(.) by extensions ['colcon_meta']
[1.153s] Level 1:colcon.colcon_core.package_identification:_identify(.) by extension 'colcon_meta'
[1.153s] Level 1:colcon.colcon_core.package_identification:_identify(.) by extensions ['ros']
[1.154s] Level 1:colcon.colcon_core.package_identification:_identify(.) by extension 'ros'
[1.208s] Level 1:colcon.colcon_core.package_identification:_identify(.) by extensions ['cmake', 'python']
[1.208s] Level 1:colcon.colcon_core.package_identification:_identify(.) by extension 'cmake'
[1.208s] Level 1:colcon.colcon_core.package_identification:_identify(.) by extension 'python'
[1.208s] Level 1:colcon.colcon_core.package_identification:_identify(.) by extensions ['python_setup_py']
[1.208s] Level 1:colcon.colcon_core.package_identification:_identify(.) by extension 'python_setup_py'
[1.208s] Level 1:colcon.colcon_core.package_identification:_identify(ROS1Master) by extensions ['ignore', 'ignore_ament_install']
[1.208s] Level 1:colcon.colcon_core.package_identification:_identify(ROS1Master) by extension 'ignore'
[1.208s] Level 1:colcon.colcon_core.package_identification:_identify(ROS1Master) by extension 'ignore_ament_install'
[1.208s] Level 1:colcon.colcon_core.package_identification:_identify(ROS1Master) by extensions ['colcon_pkg']
[1.208s] Level 1:colcon.colcon_core.package_identification:_identify(ROS1Master) by extension 'colcon_pkg'
[1.208s] Level 1:colcon.colcon_core.package_identification:_identify(ROS1Master) by extensions ['colcon_meta']
[1.209s] Level 1:colcon.colcon_core.package_identification:_identify(ROS1Master) by extension 'colcon_meta'
[1.209s] Level 1:colcon.colcon_core.package_identification:_identify(ROS1Master) by extensions ['ros']
[1.209s] Level 1:colcon.colcon_core.package_identification:_identify(ROS1Master) by extension 'ros'
[1.209s] Level 1:colcon.colcon_core.package_identification:_identify(ROS1Master) by extensions ['cmake', 'python']
[1.209s] Level 1:colcon.colcon_core.package_identification:_identify(ROS1Master) by extension 'cmake'
[1.209s] Level 1:colcon.colcon_core.package_identification:_identify(ROS1Master) by extension 'python'
[1.209s] Level 1:colcon.colcon_core.package_identification:_identify(ROS1Master) by extensions ['python_setup_py']
[1.209s] Level 1:colcon.colcon_core.package_identification:_identify(ROS1Master) by extension 'python_setup_py'
[1.209s] Level 1:colcon.colcon_core.package_identification:_identify(ROS1Master/medium_ws) by extensions ['ignore', 'ignore_ament_install']
[1.209s] Level 1:colcon.colcon_core.package_identification:_identify(ROS1Master/medium_ws) by extension 'ignore'
[1.209s] Level 1:colcon.colcon_core.package_identification:_identify(ROS1Master/medium_ws) by extension 'ignore_ament_install'
[1.209s] Level 1:colcon.colcon_core.package_identification:_identify(ROS1Master/medium_ws) by extensions ['colcon_pkg']
[1.209s] Level 1:colcon.colcon_core.package_identification:_identify(ROS1Master/medium_ws) by extension 'colcon_pkg'
[1.209s] Level 1:colcon.colcon_core.package_identification:_identify(ROS1Master/medium_ws) by extensions ['colcon_meta']
[1.209s] Level 1:colcon.colcon_core.package_identification:_identify(ROS1Master/medium_ws) by extension 'colcon_meta'
[1.209s] Level 1:colcon.colcon_core.package_identification:_identify(ROS1Master/medium_ws) by extensions ['ros']
[1.209s] Level 1:colcon.colcon_core.package_identification:_identify(ROS1Master/medium_ws) by extension 'ros'
[1.210s] Level 1:colcon.colcon_core.package_identification:_identify(ROS1Master/medium_ws) by extensions ['cmake', 'python']
[1.210s] Level 1:colcon.colcon_core.package_identification:_identify(ROS1Master/medium_ws) by extension 'cmake'
[1.210s] Level 1:colcon.colcon_core.package_identification:_identify(ROS1Master/medium_ws) by extension 'python'
[1.210s] Level 1:colcon.colcon_core.package_identification:_identify(ROS1Master/medium_ws) by extensions ['python_setup_py']
[1.210s] Level 1:colcon.colcon_core.package_identification:_identify(ROS1Master/medium_ws) by extension 'python_setup_py'
[1.210s] Level 1:colcon.colcon_core.package_identification:_identify(ROS1Master/medium_ws/build) by extensions ['ignore', 'ignore_ament_install']
[1.210s] Level 1:colcon.colcon_core.package_identification:_identify(ROS1Master/medium_ws/build) by extension 'ignore'
[1.210s] Level 1:colcon.colcon_core.package_identification:_identify(ROS1Master/medium_ws/build) by extension 'ignore_ament_install'
[1.210s] Level 1:colcon.colcon_core.package_identification:_identify(ROS1Master/medium_ws/build) by extensions ['colcon_pkg']
[1.210s] Level 1:colcon.colcon_core.package_identification:_identify(ROS1Master/medium_ws/build) by extension 'colcon_pkg'
[1.210s] Level 1:colcon.colcon_core.package_identification:_identify(ROS1Master/medium_ws/build) by extensions ['colcon_meta']
[1.210s] Level 1:colcon.colcon_core.package_identification:_identify(ROS1Master/medium_ws/build) by extension 'colcon_meta'
[1.210s] Level 1:colcon.colcon_core.package_identification:_identify(ROS1Master/medium_ws/build) by extensions ['ros']
[1.210s] Level 1:colcon.colcon_core.package_identification:_identify(ROS1Master/medium_ws/build) by extension 'ros'
[1.210s] Level 1:colcon.colcon_core.package_identification:_identify(ROS1Master/medium_ws/build) ignored
[1.210s] Level 1:colcon.colcon_core.package_identification:_identify(ROS1Master/medium_ws/devel) by extensions ['ignore', 'ignore_ament_install']
[1.211s] Level 1:colcon.colcon_core.package_identification:_identify(ROS1Master/medium_ws/devel) by extension 'ignore'
[1.211s] Level 1:colcon.colcon_core.package_identification:_identify(ROS1Master/medium_ws/devel) by extension 'ignore_ament_install'
[1.211s] Level 1:colcon.colcon_core.package_identification:_identify(ROS1Master/medium_ws/devel) ignored
[1.211s] Level 1:colcon.colcon_core.package_identification:_identify(ROS1Master/medium_ws/src) by extensions ['ignore', 'ignore_ament_install']
[1.211s] Level 1:colcon.colcon_core.package_identification:_identify(ROS1Master/medium_ws/src) by extension 'ignore'
[1.211s] Level 1:colcon.colcon_core.package_identification:_identify(ROS1Master/medium_ws/src) by extension 'ignore_ament_install'
[1.211s] Level 1:colcon.colcon_core.package_identification:_identify(ROS1Master/medium_ws/src) by extensions ['colcon_pkg']
[1.211s] Level 1:colcon.colcon_core.package_identification:_identify(ROS1Master/medium_ws/src) by extension 'colcon_pkg'
[1.211s] Level 1:colcon.colcon_core.package_identification:_identify(ROS1Master/medium_ws/src) by extensions ['colcon_meta']
[1.211s] Level 1:colcon.colcon_core.package_identification:_identify(ROS1Master/medium_ws/src) by extension 'colcon_meta'
[1.211s] Level 1:colcon.colcon_core.package_identification:_identify(ROS1Master/medium_ws/src) by extensions ['ros']
[1.211s] Level 1:colcon.colcon_core.package_identification:_identify(ROS1Master/medium_ws/src) by extension 'ros'
[1.211s] Level 1:colcon.colcon_core.package_identification:_identify(ROS1Master/medium_ws/src) by extensions ['cmake', 'python']
[1.211s] Level 1:colcon.colcon_core.package_identification:_identify(ROS1Master/medium_ws/src) by extension 'cmake'
[1.211s] Level 1:colcon.colcon_core.package_identification:_identify(ROS1Master/medium_ws/src) by extension 'python'
[1.212s] Level 1:colcon.colcon_core.package_identification:_identify(ROS1Master/medium_ws/src) by extensions ['python_setup_py']
[1.212s] Level 1:colcon.colcon_core.package_identification:_identify(ROS1Master/medium_ws/src) by extension 'python_setup_py'
[1.212s] Level 1:colcon.colcon_core.package_identification:_identify(ROS1Master/medium_ws/src/my_subscriber_pkg) by extensions ['ignore', 'ignore_ament_install']
[1.212s] Level 1:colcon.colcon_core.package_identification:_identify(ROS1Master/medium_ws/src/my_subscriber_pkg) by extension 'ignore'
[1.212s] Level 1:colcon.colcon_core.package_identification:_identify(ROS1Master/medium_ws/src/my_subscriber_pkg) by extension 'ignore_ament_install'
[1.212s] Level 1:colcon.colcon_core.package_identification:_identify(ROS1Master/medium_ws/src/my_subscriber_pkg) by extensions ['colcon_pkg']
[1.212s] Level 1:colcon.colcon_core.package_identification:_identify(ROS1Master/medium_ws/src/my_subscriber_pkg) by extension 'colcon_pkg'
[1.212s] Level 1:colcon.colcon_core.package_identification:_identify(ROS1Master/medium_ws/src/my_subscriber_pkg) by extensions ['colcon_meta']
[1.212s] Level 1:colcon.colcon_core.package_identification:_identify(ROS1Master/medium_ws/src/my_subscriber_pkg) by extension 'colcon_meta'
[1.212s] Level 1:colcon.colcon_core.package_identification:_identify(ROS1Master/medium_ws/src/my_subscriber_pkg) by extensions ['ros']
[1.212s] Level 1:colcon.colcon_core.package_identification:_identify(ROS1Master/medium_ws/src/my_subscriber_pkg) by extension 'ros'
[1.214s] DEBUG:colcon.colcon_core.package_identification:Package 'ROS1Master/medium_ws/src/my_subscriber_pkg' with type 'ros.catkin' and name 'my_subscriber_pkg'
[1.214s] Level 1:colcon.colcon_core.package_identification:_identify(ROS1Robot) by extensions ['ignore', 'ignore_ament_install']
[1.214s] Level 1:colcon.colcon_core.package_identification:_identify(ROS1Robot) by extension 'ignore'
[1.214s] Level 1:colcon.colcon_core.package_identification:_identify(ROS1Robot) by extension 'ignore_ament_install'
[1.215s] Level 1:colcon.colcon_core.package_identification:_identify(ROS1Robot) by extensions ['colcon_pkg']
[1.215s] Level 1:colcon.colcon_core.package_identification:_identify(ROS1Robot) by extension 'colcon_pkg'
[1.215s] Level 1:colcon.colcon_core.package_identification:_identify(ROS1Robot) by extensions ['colcon_meta']
[1.215s] Level 1:colcon.colcon_core.package_identification:_identify(ROS1Robot) by extension 'colcon_meta'
[1.215s] Level 1:colcon.colcon_core.package_identification:_identify(ROS1Robot) by extensions ['ros']
[1.215s] Level 1:colcon.colcon_core.package_identification:_identify(ROS1Robot) by extension 'ros'
[1.215s] Level 1:colcon.colcon_core.package_identification:_identify(ROS1Robot) by extensions ['cmake', 'python']
[1.215s] Level 1:colcon.colcon_core.package_identification:_identify(ROS1Robot) by extension 'cmake'
[1.215s] Level 1:colcon.colcon_core.package_identification:_identify(ROS1Robot) by extension 'python'
[1.215s] Level 1:colcon.colcon_core.package_identification:_identify(ROS1Robot) by extensions ['python_setup_py']
[1.215s] Level 1:colcon.colcon_core.package_identification:_identify(ROS1Robot) by extension 'python_setup_py'
[1.215s] Level 1:colcon.colcon_core.package_identification:_identify(build) by extensions ['ignore', 'ignore_ament_install']
[1.215s] Level 1:colcon.colcon_core.package_identification:_identify(build) by extension 'ignore'
[1.215s] Level 1:colcon.colcon_core.package_identification:_identify(build) ignored
[1.215s] Level 1:colcon.colcon_core.package_identification:_identify(install) by extensions ['ignore', 'ignore_ament_install']
[1.216s] Level 1:colcon.colcon_core.package_identification:_identify(install) by extension 'ignore'
[1.216s] Level 1:colcon.colcon_core.package_identification:_identify(install) ignored
[1.216s] Level 1:colcon.colcon_core.package_identification:_identify(log) by extensions ['ignore', 'ignore_ament_install']
[1.216s] Level 1:colcon.colcon_core.package_identification:_identify(log) by extension 'ignore'
[1.216s] Level 1:colcon.colcon_core.package_identification:_identify(log) ignored
[1.216s] Level 1:colcon.colcon_core.package_identification:_identify(src) by extensions ['ignore', 'ignore_ament_install']
[1.216s] Level 1:colcon.colcon_core.package_identification:_identify(src) by extension 'ignore'
[1.216s] Level 1:colcon.colcon_core.package_identification:_identify(src) by extension 'ignore_ament_install'
[1.216s] Level 1:colcon.colcon_core.package_identification:_identify(src) by extensions ['colcon_pkg']
[1.216s] Level 1:colcon.colcon_core.package_identification:_identify(src) by extension 'colcon_pkg'
[1.216s] Level 1:colcon.colcon_core.package_identification:_identify(src) by extensions ['colcon_meta']
[1.216s] Level 1:colcon.colcon_core.package_identification:_identify(src) by extension 'colcon_meta'
[1.216s] Level 1:colcon.colcon_core.package_identification:_identify(src) by extensions ['ros']
[1.216s] Level 1:colcon.colcon_core.package_identification:_identify(src) by extension 'ros'
[1.216s] Level 1:colcon.colcon_core.package_identification:_identify(src) by extensions ['cmake', 'python']
[1.217s] Level 1:colcon.colcon_core.package_identification:_identify(src) by extension 'cmake'
[1.217s] Level 1:colcon.colcon_core.package_identification:_identify(src) by extension 'python'
[1.217s] Level 1:colcon.colcon_core.package_identification:_identify(src) by extensions ['python_setup_py']
[1.217s] Level 1:colcon.colcon_core.package_identification:_identify(src) by extension 'python_setup_py'
[1.217s] Level 1:colcon.colcon_core.package_identification:_identify(src/my_subscriber) by extensions ['ignore', 'ignore_ament_install']
[1.217s] Level 1:colcon.colcon_core.package_identification:_identify(src/my_subscriber) by extension 'ignore'
[1.217s] Level 1:colcon.colcon_core.package_identification:_identify(src/my_subscriber) by extension 'ignore_ament_install'
[1.217s] Level 1:colcon.colcon_core.package_identification:_identify(src/my_subscriber) by extensions ['colcon_pkg']
[1.217s] Level 1:colcon.colcon_core.package_identification:_identify(src/my_subscriber) by extension 'colcon_pkg'
[1.217s] Level 1:colcon.colcon_core.package_identification:_identify(src/my_subscriber) by extensions ['colcon_meta']
[1.217s] Level 1:colcon.colcon_core.package_identification:_identify(src/my_subscriber) by extension 'colcon_meta'
[1.217s] Level 1:colcon.colcon_core.package_identification:_identify(src/my_subscriber) by extensions ['ros']
[1.217s] Level 1:colcon.colcon_core.package_identification:_identify(src/my_subscriber) by extension 'ros'
[1.238s] DEBUG:colcon.colcon_core.package_identification:Package 'src/my_subscriber' with type 'ros.ament_cmake' and name 'my_subscriber'
[1.238s] Level 1:colcon.colcon_core.package_identification:_identify(src/my_subscriber_pkg) by extensions ['ignore', 'ignore_ament_install']
[1.238s] Level 1:colcon.colcon_core.package_identification:_identify(src/my_subscriber_pkg) by extension 'ignore'
[1.238s] Level 1:colcon.colcon_core.package_identification:_identify(src/my_subscriber_pkg) by extension 'ignore_ament_install'
[1.238s] Level 1:colcon.colcon_core.package_identification:_identify(src/my_subscriber_pkg) by extensions ['colcon_pkg']
[1.238s] Level 1:colcon.colcon_core.package_identification:_identify(src/my_subscriber_pkg) by extension 'colcon_pkg'
[1.238s] Level 1:colcon.colcon_core.package_identification:_identify(src/my_subscriber_pkg) by extensions ['colcon_meta']
[1.238s] Level 1:colcon.colcon_core.package_identification:_identify(src/my_subscriber_pkg) by extension 'colcon_meta'
[1.239s] Level 1:colcon.colcon_core.package_identification:_identify(src/my_subscriber_pkg) by extensions ['ros']
[1.239s] Level 1:colcon.colcon_core.package_identification:_identify(src/my_subscriber_pkg) by extension 'ros'
[1.252s] DEBUG:colcon.colcon_core.package_identification:Package 'src/my_subscriber_pkg' with type 'ros.ament_python' and name 'my_subscriber_pkg'
[1.253s] Level 1:colcon.colcon_core.package_discovery:discover_packages(recursive) using defaults
[1.253s] Level 1:colcon.colcon_core.package_discovery:discover_packages(ignore) discover
[1.253s] Level 1:colcon.colcon_core.package_discovery:discover_packages(ignore) using defaults
[1.253s] Level 1:colcon.colcon_core.package_discovery:discover_packages(path) discover
[1.253s] Level 1:colcon.colcon_core.package_discovery:discover_packages(path) using defaults
[1.391s] Level 1:colcon.colcon_core.package_discovery:discover_packages(prefix_path) check parameters
[1.391s] Level 1:colcon.colcon_core.package_discovery:discover_packages(prefix_path) discover
[1.433s] DEBUG:colcon.colcon_installed_package_information.package_discovery:Found 2 installed packages in /home/juan/Robotics/Proyecto/Mapeo3D_LiDAR2D/install
[1.438s] DEBUG:colcon.colcon_installed_package_information.package_discovery:Found 426 installed packages in /opt/ros/humble
[1.443s] Level 1:colcon.colcon_core.package_discovery:discover_packages(prefix_path) using defaults
[1.629s] ERROR:colcon:colcon build: Duplicate package names not supported:
- my_subscriber_pkg:
  - ROS1Master/medium_ws/src/my_subscriber_pkg
  - src/my_subscriber_pkg
