[1.309s] Invoking command in '/home/juan/Robotics/Proyecto/Mapeo3D_LiDAR2D/build/robot_description': PYTHONPATH=/home/juan/Robotics/Proyecto/Mapeo3D_LiDAR2D/build/robot_description/prefix_override:/home/juan/Robotics/Proyecto/Mapeo3D_LiDAR2D/install/robot_description/lib/python3.10/site-packages:${PYTHONPATH} /usr/bin/python3 -W ignore:setup.py install is deprecated setup.py develop --editable --build-directory /home/juan/Robotics/Proyecto/Mapeo3D_LiDAR2D/build/robot_description/build --no-deps symlink_data
[1.655s] running develop
[1.655s] /home/juan/.local/lib/python3.10/site-packages/setuptools/command/develop.py:40: EasyInstallDeprecationWarning: easy_install command is deprecated.
[1.655s] !!
[1.655s] 
[1.655s]         ********************************************************************************
[1.655s]         Please avoid running ``setup.py`` and ``easy_install``.
[1.655s]         Instead, use pypa/build, pypa/installer or other
[1.656s]         standards-based tools.
[1.656s] 
[1.656s]         See https://github.com/pypa/setuptools/issues/917 for details.
[1.656s]         ********************************************************************************
[1.656s] 
[1.656s] !!
[1.656s]   easy_install.initialize_options(self)
[1.918s] running egg_info
[1.937s] writing robot_description.egg-info/PKG-INFO
[1.937s] writing dependency_links to robot_description.egg-info/dependency_links.txt
[1.938s] writing entry points to robot_description.egg-info/entry_points.txt
[1.938s] writing requirements to robot_description.egg-info/requires.txt
[1.938s] writing top-level names to robot_description.egg-info/top_level.txt
[1.986s] reading manifest file 'robot_description.egg-info/SOURCES.txt'
[1.987s] writing manifest file 'robot_description.egg-info/SOURCES.txt'
[2.007s] running build_ext
[2.007s] Creating /home/juan/Robotics/Proyecto/Mapeo3D_LiDAR2D/install/robot_description/lib/python3.10/site-packages/robot-description.egg-link (link to .)
[2.007s] Installing move_joint script to /home/juan/Robotics/Proyecto/Mapeo3D_LiDAR2D/install/robot_description/lib/robot_description
[2.008s] 
[2.008s] Installed /home/juan/Robotics/Proyecto/Mapeo3D_LiDAR2D/build/robot_description
[2.008s] running symlink_data
[2.067s] Invoked command in '/home/juan/Robotics/Proyecto/Mapeo3D_LiDAR2D/build/robot_description' returned '0': PYTHONPATH=/home/juan/Robotics/Proyecto/Mapeo3D_LiDAR2D/build/robot_description/prefix_override:/home/juan/Robotics/Proyecto/Mapeo3D_LiDAR2D/install/robot_description/lib/python3.10/site-packages:${PYTHONPATH} /usr/bin/python3 -W ignore:setup.py install is deprecated setup.py develop --editable --build-directory /home/juan/Robotics/Proyecto/Mapeo3D_LiDAR2D/build/robot_description/build --no-deps symlink_data
