[0.026s] Invoking command in '/home/nicolas/RAS/build/vonns2_reconstruction': CMAKE_PREFIX_PATH=${CMAKE_PREFIX_PATH}:/opt/ros/humble /usr/bin/cmake --build /home/nicolas/RAS/build/vonns2_reconstruction -- -j2 -l2
[0.160s] [ 50%] Built target point_cloud2_converter
[0.168s] [100%] Built target point_cloud2_assembler
[0.235s] [100%] Built target ament_cmake_python_copy_scripts
[0.778s] running egg_info
[0.779s] writing scripts.egg-info/PKG-INFO
[0.781s] writing dependency_links to scripts.egg-info/dependency_links.txt
[0.781s] writing top-level names to scripts.egg-info/top_level.txt
[0.785s] reading manifest file 'scripts.egg-info/SOURCES.txt'
[0.786s] writing manifest file 'scripts.egg-info/SOURCES.txt'
[0.844s] [100%] Built target ament_cmake_python_build_scripts_egg
[0.872s] Invoked command in '/home/nicolas/RAS/build/vonns2_reconstruction' returned '0': CMAKE_PREFIX_PATH=${CMAKE_PREFIX_PATH}:/opt/ros/humble /usr/bin/cmake --build /home/nicolas/RAS/build/vonns2_reconstruction -- -j2 -l2
[0.978s] Invoking command in '/home/nicolas/RAS/build/vonns2_reconstruction': CMAKE_PREFIX_PATH=${CMAKE_PREFIX_PATH}:/opt/ros/humble /usr/bin/cmake --install /home/nicolas/RAS/build/vonns2_reconstruction
[1.006s] -- Install configuration: ""
[1.008s] -- Up-to-date: /home/nicolas/RAS/install/vonns2_reconstruction/lib/vonns2_reconstruction/point_cloud2_assembler
[1.011s] -- Up-to-date: /home/nicolas/RAS/install/vonns2_reconstruction/lib/vonns2_reconstruction/point_cloud2_converter
[1.011s] -- Up-to-date: /home/nicolas/RAS/install/vonns2_reconstruction/share/vonns2_reconstruction/environment/pythonpath.sh
[1.012s] -- Up-to-date: /home/nicolas/RAS/install/vonns2_reconstruction/share/vonns2_reconstruction/environment/pythonpath.dsv
[1.012s] -- Up-to-date: /home/nicolas/RAS/install/vonns2_reconstruction/local/lib/python3.10/dist-packages/scripts-0.0.0-py3.10.egg-info
[1.012s] -- Installing: /home/nicolas/RAS/install/vonns2_reconstruction/local/lib/python3.10/dist-packages/scripts-0.0.0-py3.10.egg-info/SOURCES.txt
[1.014s] -- Installing: /home/nicolas/RAS/install/vonns2_reconstruction/local/lib/python3.10/dist-packages/scripts-0.0.0-py3.10.egg-info/dependency_links.txt
[1.014s] -- Installing: /home/nicolas/RAS/install/vonns2_reconstruction/local/lib/python3.10/dist-packages/scripts-0.0.0-py3.10.egg-info/top_level.txt
[1.014s] -- Installing: /home/nicolas/RAS/install/vonns2_reconstruction/local/lib/python3.10/dist-packages/scripts-0.0.0-py3.10.egg-info/PKG-INFO
[1.014s] -- Up-to-date: /home/nicolas/RAS/install/vonns2_reconstruction/local/lib/python3.10/dist-packages/scripts
[1.014s] -- Up-to-date: /home/nicolas/RAS/install/vonns2_reconstruction/local/lib/python3.10/dist-packages/scripts/__init__.py
[1.088s] Listing '/home/nicolas/RAS/install/vonns2_reconstruction/local/lib/python3.10/dist-packages/scripts'...
[1.112s] -- Up-to-date: /home/nicolas/RAS/install/vonns2_reconstruction/share/vonns2_reconstruction/config
[1.112s] -- Up-to-date: /home/nicolas/RAS/install/vonns2_reconstruction/share/vonns2_reconstruction/config/reconstruction_in_gazebo.rviz
[1.112s] -- Up-to-date: /home/nicolas/RAS/install/vonns2_reconstruction/share/vonns2_reconstruction/config/reconstruction.rviz
[1.112s] -- Up-to-date: /home/nicolas/RAS/install/vonns2_reconstruction/share/vonns2_reconstruction/launch
[1.112s] -- Up-to-date: /home/nicolas/RAS/install/vonns2_reconstruction/share/vonns2_reconstruction/launch/reconstruction_in_gazebo.launch.py
[1.113s] -- Up-to-date: /home/nicolas/RAS/install/vonns2_reconstruction/share/vonns2_reconstruction/launch/reconstruction_in_bringup.launch.py
[1.113s] -- Up-to-date: /home/nicolas/RAS/install/vonns2_reconstruction/share/vonns2_reconstruction/pcd
[1.113s] -- Up-to-date: /home/nicolas/RAS/install/vonns2_reconstruction/share/ament_index/resource_index/package_run_dependencies/vonns2_reconstruction
[1.113s] -- Up-to-date: /home/nicolas/RAS/install/vonns2_reconstruction/share/ament_index/resource_index/parent_prefix_path/vonns2_reconstruction
[1.113s] -- Up-to-date: /home/nicolas/RAS/install/vonns2_reconstruction/share/vonns2_reconstruction/environment/ament_prefix_path.sh
[1.113s] -- Up-to-date: /home/nicolas/RAS/install/vonns2_reconstruction/share/vonns2_reconstruction/environment/ament_prefix_path.dsv
[1.113s] -- Up-to-date: /home/nicolas/RAS/install/vonns2_reconstruction/share/vonns2_reconstruction/environment/path.sh
[1.113s] -- Up-to-date: /home/nicolas/RAS/install/vonns2_reconstruction/share/vonns2_reconstruction/environment/path.dsv
[1.113s] -- Up-to-date: /home/nicolas/RAS/install/vonns2_reconstruction/share/vonns2_reconstruction/local_setup.bash
[1.113s] -- Up-to-date: /home/nicolas/RAS/install/vonns2_reconstruction/share/vonns2_reconstruction/local_setup.sh
[1.113s] -- Up-to-date: /home/nicolas/RAS/install/vonns2_reconstruction/share/vonns2_reconstruction/local_setup.zsh
[1.113s] -- Up-to-date: /home/nicolas/RAS/install/vonns2_reconstruction/share/vonns2_reconstruction/local_setup.dsv
[1.114s] -- Installing: /home/nicolas/RAS/install/vonns2_reconstruction/share/vonns2_reconstruction/package.dsv
[1.114s] -- Up-to-date: /home/nicolas/RAS/install/vonns2_reconstruction/share/ament_index/resource_index/packages/vonns2_reconstruction
[1.114s] -- Up-to-date: /home/nicolas/RAS/install/vonns2_reconstruction/share/vonns2_reconstruction/cmake/vonns2_reconstructionConfig.cmake
[1.114s] -- Up-to-date: /home/nicolas/RAS/install/vonns2_reconstruction/share/vonns2_reconstruction/cmake/vonns2_reconstructionConfig-version.cmake
[1.114s] -- Up-to-date: /home/nicolas/RAS/install/vonns2_reconstruction/share/vonns2_reconstruction/package.xml
[1.117s] Invoked command in '/home/nicolas/RAS/build/vonns2_reconstruction' returned '0': CMAKE_PREFIX_PATH=${CMAKE_PREFIX_PATH}:/opt/ros/humble /usr/bin/cmake --install /home/nicolas/RAS/build/vonns2_reconstruction
