[0.121s] Invoking command in '/home/nicolas/RAS/build/vonns2_bringup': CMAKE_PREFIX_PATH=${CMAKE_PREFIX_PATH}:/opt/ros/humble /usr/bin/cmake --build /home/nicolas/RAS/build/vonns2_bringup -- -j2 -l2
[1.004s] [100%] Built target tf_broadcaster
[1.370s] [100%] Built target ament_cmake_python_copy_scripts
[5.526s] running egg_info
[5.529s] writing scripts.egg-info/PKG-INFO
[5.529s] writing dependency_links to scripts.egg-info/dependency_links.txt
[5.548s] writing top-level names to scripts.egg-info/top_level.txt
[5.596s] reading manifest file 'scripts.egg-info/SOURCES.txt'
[5.632s] writing manifest file 'scripts.egg-info/SOURCES.txt'
[6.228s] [100%] Built target ament_cmake_python_build_scripts_egg
[6.421s] Invoked command in '/home/nicolas/RAS/build/vonns2_bringup' returned '0': CMAKE_PREFIX_PATH=${CMAKE_PREFIX_PATH}:/opt/ros/humble /usr/bin/cmake --build /home/nicolas/RAS/build/vonns2_bringup -- -j2 -l2
[7.063s] Invoking command in '/home/nicolas/RAS/build/vonns2_bringup': CMAKE_PREFIX_PATH=${CMAKE_PREFIX_PATH}:/opt/ros/humble /usr/bin/cmake --install /home/nicolas/RAS/build/vonns2_bringup
[7.116s] -- Install configuration: ""
[7.117s] -- Up-to-date: /home/nicolas/RAS/install/vonns2_bringup/lib/vonns2_bringup/tf_broadcaster
[7.117s] -- Up-to-date: /home/nicolas/RAS/install/vonns2_bringup/share/vonns2_bringup/environment/pythonpath.sh
[7.117s] -- Up-to-date: /home/nicolas/RAS/install/vonns2_bringup/share/vonns2_bringup/environment/pythonpath.dsv
[7.117s] -- Up-to-date: /home/nicolas/RAS/install/vonns2_bringup/local/lib/python3.10/dist-packages/scripts-0.0.0-py3.10.egg-info
[7.118s] -- Installing: /home/nicolas/RAS/install/vonns2_bringup/local/lib/python3.10/dist-packages/scripts-0.0.0-py3.10.egg-info/SOURCES.txt
[7.127s] -- Installing: /home/nicolas/RAS/install/vonns2_bringup/local/lib/python3.10/dist-packages/scripts-0.0.0-py3.10.egg-info/dependency_links.txt
[7.127s] -- Installing: /home/nicolas/RAS/install/vonns2_bringup/local/lib/python3.10/dist-packages/scripts-0.0.0-py3.10.egg-info/top_level.txt
[7.128s] -- Installing: /home/nicolas/RAS/install/vonns2_bringup/local/lib/python3.10/dist-packages/scripts-0.0.0-py3.10.egg-info/PKG-INFO
[7.140s] -- Up-to-date: /home/nicolas/RAS/install/vonns2_bringup/local/lib/python3.10/dist-packages/scripts
[7.140s] -- Up-to-date: /home/nicolas/RAS/install/vonns2_bringup/local/lib/python3.10/dist-packages/scripts/serial_port_reader.py
[7.141s] -- Up-to-date: /home/nicolas/RAS/install/vonns2_bringup/local/lib/python3.10/dist-packages/scripts/__init__.py
[7.537s] Listing '/home/nicolas/RAS/install/vonns2_bringup/local/lib/python3.10/dist-packages/scripts'...
[7.585s] -- Up-to-date: /home/nicolas/RAS/install/vonns2_bringup/lib/vonns2_bringup/serial_port_reader.py
[7.585s] -- Up-to-date: /home/nicolas/RAS/install/vonns2_bringup/share/vonns2_bringup/launch
[7.585s] -- Up-to-date: /home/nicolas/RAS/install/vonns2_bringup/share/vonns2_bringup/launch/robot_state_publisher.launch.py
[7.586s] -- Up-to-date: /home/nicolas/RAS/install/vonns2_bringup/share/vonns2_bringup/launch/robot.launch.py
[7.586s] -- Up-to-date: /home/nicolas/RAS/install/vonns2_bringup/share/ament_index/resource_index/package_run_dependencies/vonns2_bringup
[7.587s] -- Up-to-date: /home/nicolas/RAS/install/vonns2_bringup/share/ament_index/resource_index/parent_prefix_path/vonns2_bringup
[7.587s] -- Up-to-date: /home/nicolas/RAS/install/vonns2_bringup/share/vonns2_bringup/environment/ament_prefix_path.sh
[7.588s] -- Up-to-date: /home/nicolas/RAS/install/vonns2_bringup/share/vonns2_bringup/environment/ament_prefix_path.dsv
[7.588s] -- Up-to-date: /home/nicolas/RAS/install/vonns2_bringup/share/vonns2_bringup/environment/path.sh
[7.588s] -- Up-to-date: /home/nicolas/RAS/install/vonns2_bringup/share/vonns2_bringup/environment/path.dsv
[7.588s] -- Up-to-date: /home/nicolas/RAS/install/vonns2_bringup/share/vonns2_bringup/local_setup.bash
[7.589s] -- Up-to-date: /home/nicolas/RAS/install/vonns2_bringup/share/vonns2_bringup/local_setup.sh
[7.589s] -- Up-to-date: /home/nicolas/RAS/install/vonns2_bringup/share/vonns2_bringup/local_setup.zsh
[7.589s] -- Up-to-date: /home/nicolas/RAS/install/vonns2_bringup/share/vonns2_bringup/local_setup.dsv
[7.589s] -- Installing: /home/nicolas/RAS/install/vonns2_bringup/share/vonns2_bringup/package.dsv
[7.589s] -- Up-to-date: /home/nicolas/RAS/install/vonns2_bringup/share/ament_index/resource_index/packages/vonns2_bringup
[7.589s] -- Up-to-date: /home/nicolas/RAS/install/vonns2_bringup/share/vonns2_bringup/cmake/vonns2_bringupConfig.cmake
[7.590s] -- Up-to-date: /home/nicolas/RAS/install/vonns2_bringup/share/vonns2_bringup/cmake/vonns2_bringupConfig-version.cmake
[7.590s] -- Up-to-date: /home/nicolas/RAS/install/vonns2_bringup/share/vonns2_bringup/package.xml
[7.757s] Invoked command in '/home/nicolas/RAS/build/vonns2_bringup' returned '0': CMAKE_PREFIX_PATH=${CMAKE_PREFIX_PATH}:/opt/ros/humble /usr/bin/cmake --install /home/nicolas/RAS/build/vonns2_bringup
