[0.099s] DEBUG:colcon:Command line arguments: ['/usr/bin/colcon', 'build', '--symlink-install']
[0.099s] DEBUG:colcon:Parsed command line arguments: Namespace(log_base=None, log_level=None, verb_name='build', build_base='build', install_base='install', merge_install=False, symlink_install=True, test_result_base=None, continue_on_error=False, executor='parallel', parallel_workers=12, event_handlers=None, ignore_user_meta=False, metas=['./colcon.meta'], base_paths=['.'], packages_ignore=None, packages_ignore_regex=None, paths=None, packages_up_to=None, packages_up_to_regex=None, packages_above=None, packages_above_and_dependencies=None, packages_above_depth=None, packages_select_by_dep=None, packages_skip_by_dep=None, packages_skip_up_to=None, packages_select_build_failed=False, packages_skip_build_finished=False, packages_select_test_failures=False, packages_skip_test_passed=False, packages_select=None, packages_skip=None, packages_select_regex=None, packages_skip_regex=None, packages_start=None, packages_end=None, allow_overriding=[], cmake_args=None, cmake_target=None, cmake_target_skip_unavailable=False, cmake_clean_cache=False, cmake_clean_first=False, cmake_force_configure=False, ament_cmake_args=None, catkin_cmake_args=None, catkin_skip_building_tests=False, mixin_files=None, mixin=None, verb_parser=<colcon_mixin.mixin.mixin_argument.MixinArgumentDecorator object at 0x7252fec65e10>, verb_extension=<colcon_core.verb.build.BuildVerb object at 0x7252fec65960>, main=<bound method BuildVerb.main of <colcon_core.verb.build.BuildVerb object at 0x7252fec65960>>, mixin_verb=('build',))
[0.130s] Level 1:colcon.colcon_core.package_discovery:discover_packages(colcon_meta) check parameters
[0.130s] Level 1:colcon.colcon_core.package_discovery:discover_packages(recursive) check parameters
[0.130s] Level 1:colcon.colcon_core.package_discovery:discover_packages(ignore) check parameters
[0.130s] Level 1:colcon.colcon_core.package_discovery:discover_packages(path) check parameters
[0.130s] Level 1:colcon.colcon_core.package_discovery:discover_packages(colcon_meta) discover
[0.130s] Level 1:colcon.colcon_core.package_discovery:discover_packages(recursive) discover
[0.130s] INFO:colcon.colcon_core.package_discovery:Crawling recursively for packages in '/home/juan/Robotics/Proyecto/Mapeo3D_LiDAR2D'
[0.130s] Level 1:colcon.colcon_core.package_identification:_identify(.) by extensions ['ignore', 'ignore_ament_install']
[0.130s] Level 1:colcon.colcon_core.package_identification:_identify(.) by extension 'ignore'
[0.130s] Level 1:colcon.colcon_core.package_identification:_identify(.) by extension 'ignore_ament_install'
[0.130s] Level 1:colcon.colcon_core.package_identification:_identify(.) by extensions ['colcon_pkg']
[0.130s] Level 1:colcon.colcon_core.package_identification:_identify(.) by extension 'colcon_pkg'
[0.130s] Level 1:colcon.colcon_core.package_identification:_identify(.) by extensions ['colcon_meta']
[0.130s] Level 1:colcon.colcon_core.package_identification:_identify(.) by extension 'colcon_meta'
[0.130s] Level 1:colcon.colcon_core.package_identification:_identify(.) by extensions ['ros']
[0.130s] Level 1:colcon.colcon_core.package_identification:_identify(.) by extension 'ros'
[0.143s] Level 1:colcon.colcon_core.package_identification:_identify(.) by extensions ['cmake', 'python']
[0.143s] Level 1:colcon.colcon_core.package_identification:_identify(.) by extension 'cmake'
[0.143s] Level 1:colcon.colcon_core.package_identification:_identify(.) by extension 'python'
[0.143s] Level 1:colcon.colcon_core.package_identification:_identify(.) by extensions ['python_setup_py']
[0.143s] Level 1:colcon.colcon_core.package_identification:_identify(.) by extension 'python_setup_py'
[0.143s] Level 1:colcon.colcon_core.package_identification:_identify(build) by extensions ['ignore', 'ignore_ament_install']
[0.143s] Level 1:colcon.colcon_core.package_identification:_identify(build) by extension 'ignore'
[0.143s] Level 1:colcon.colcon_core.package_identification:_identify(build) ignored
[0.144s] Level 1:colcon.colcon_core.package_identification:_identify(install) by extensions ['ignore', 'ignore_ament_install']
[0.144s] Level 1:colcon.colcon_core.package_identification:_identify(install) by extension 'ignore'
[0.144s] Level 1:colcon.colcon_core.package_identification:_identify(install) ignored
[0.144s] Level 1:colcon.colcon_core.package_identification:_identify(log) by extensions ['ignore', 'ignore_ament_install']
[0.144s] Level 1:colcon.colcon_core.package_identification:_identify(log) by extension 'ignore'
[0.144s] Level 1:colcon.colcon_core.package_identification:_identify(log) ignored
[0.144s] Level 1:colcon.colcon_core.package_identification:_identify(src) by extensions ['ignore', 'ignore_ament_install']
[0.144s] Level 1:colcon.colcon_core.package_identification:_identify(src) by extension 'ignore'
[0.144s] Level 1:colcon.colcon_core.package_identification:_identify(src) by extension 'ignore_ament_install'
[0.144s] Level 1:colcon.colcon_core.package_identification:_identify(src) by extensions ['colcon_pkg']
[0.144s] Level 1:colcon.colcon_core.package_identification:_identify(src) by extension 'colcon_pkg'
[0.144s] Level 1:colcon.colcon_core.package_identification:_identify(src) by extensions ['colcon_meta']
[0.144s] Level 1:colcon.colcon_core.package_identification:_identify(src) by extension 'colcon_meta'
[0.144s] Level 1:colcon.colcon_core.package_identification:_identify(src) by extensions ['ros']
[0.144s] Level 1:colcon.colcon_core.package_identification:_identify(src) by extension 'ros'
[0.144s] Level 1:colcon.colcon_core.package_identification:_identify(src) by extensions ['cmake', 'python']
[0.144s] Level 1:colcon.colcon_core.package_identification:_identify(src) by extension 'cmake'
[0.144s] Level 1:colcon.colcon_core.package_identification:_identify(src) by extension 'python'
[0.144s] Level 1:colcon.colcon_core.package_identification:_identify(src) by extensions ['python_setup_py']
[0.144s] Level 1:colcon.colcon_core.package_identification:_identify(src) by extension 'python_setup_py'
[0.145s] Level 1:colcon.colcon_core.package_identification:_identify(src/Project_MAP3D-main) by extensions ['ignore', 'ignore_ament_install']
[0.145s] Level 1:colcon.colcon_core.package_identification:_identify(src/Project_MAP3D-main) by extension 'ignore'
[0.145s] Level 1:colcon.colcon_core.package_identification:_identify(src/Project_MAP3D-main) by extension 'ignore_ament_install'
[0.145s] Level 1:colcon.colcon_core.package_identification:_identify(src/Project_MAP3D-main) by extensions ['colcon_pkg']
[0.145s] Level 1:colcon.colcon_core.package_identification:_identify(src/Project_MAP3D-main) by extension 'colcon_pkg'
[0.145s] Level 1:colcon.colcon_core.package_identification:_identify(src/Project_MAP3D-main) by extensions ['colcon_meta']
[0.145s] Level 1:colcon.colcon_core.package_identification:_identify(src/Project_MAP3D-main) by extension 'colcon_meta'
[0.145s] Level 1:colcon.colcon_core.package_identification:_identify(src/Project_MAP3D-main) by extensions ['ros']
[0.145s] Level 1:colcon.colcon_core.package_identification:_identify(src/Project_MAP3D-main) by extension 'ros'
[0.147s] DEBUG:colcon.colcon_core.package_identification:Package 'src/Project_MAP3D-main' with type 'ros.ament_python' and name 'robot_description'
[0.147s] Level 1:colcon.colcon_core.package_identification:_identify(src/my_subscriber) by extensions ['ignore', 'ignore_ament_install']
[0.147s] Level 1:colcon.colcon_core.package_identification:_identify(src/my_subscriber) by extension 'ignore'
[0.147s] Level 1:colcon.colcon_core.package_identification:_identify(src/my_subscriber) by extension 'ignore_ament_install'
[0.147s] Level 1:colcon.colcon_core.package_identification:_identify(src/my_subscriber) by extensions ['colcon_pkg']
[0.147s] Level 1:colcon.colcon_core.package_identification:_identify(src/my_subscriber) by extension 'colcon_pkg'
[0.147s] Level 1:colcon.colcon_core.package_identification:_identify(src/my_subscriber) by extensions ['colcon_meta']
[0.147s] Level 1:colcon.colcon_core.package_identification:_identify(src/my_subscriber) by extension 'colcon_meta'
[0.147s] Level 1:colcon.colcon_core.package_identification:_identify(src/my_subscriber) by extensions ['ros']
[0.147s] Level 1:colcon.colcon_core.package_identification:_identify(src/my_subscriber) by extension 'ros'
[0.148s] DEBUG:colcon.colcon_core.package_identification:Package 'src/my_subscriber' with type 'ros.ament_cmake' and name 'my_subscriber'
[0.148s] Level 1:colcon.colcon_core.package_identification:_identify(src/my_subscriber_pkg) by extensions ['ignore', 'ignore_ament_install']
[0.148s] Level 1:colcon.colcon_core.package_identification:_identify(src/my_subscriber_pkg) by extension 'ignore'
[0.148s] Level 1:colcon.colcon_core.package_identification:_identify(src/my_subscriber_pkg) by extension 'ignore_ament_install'
[0.148s] Level 1:colcon.colcon_core.package_identification:_identify(src/my_subscriber_pkg) by extensions ['colcon_pkg']
[0.148s] Level 1:colcon.colcon_core.package_identification:_identify(src/my_subscriber_pkg) by extension 'colcon_pkg'
[0.148s] Level 1:colcon.colcon_core.package_identification:_identify(src/my_subscriber_pkg) by extensions ['colcon_meta']
[0.148s] Level 1:colcon.colcon_core.package_identification:_identify(src/my_subscriber_pkg) by extension 'colcon_meta'
[0.148s] Level 1:colcon.colcon_core.package_identification:_identify(src/my_subscriber_pkg) by extensions ['ros']
[0.148s] Level 1:colcon.colcon_core.package_identification:_identify(src/my_subscriber_pkg) by extension 'ros'
[0.148s] DEBUG:colcon.colcon_core.package_identification:Package 'src/my_subscriber_pkg' with type 'ros.ament_python' and name 'my_subscriber_pkg'
[0.148s] Level 1:colcon.colcon_core.package_identification:_identify(src/navigation_pkg) by extensions ['ignore', 'ignore_ament_install']
[0.149s] Level 1:colcon.colcon_core.package_identification:_identify(src/navigation_pkg) by extension 'ignore'
[0.149s] Level 1:colcon.colcon_core.package_identification:_identify(src/navigation_pkg) by extension 'ignore_ament_install'
[0.149s] Level 1:colcon.colcon_core.package_identification:_identify(src/navigation_pkg) by extensions ['colcon_pkg']
[0.149s] Level 1:colcon.colcon_core.package_identification:_identify(src/navigation_pkg) by extension 'colcon_pkg'
[0.149s] Level 1:colcon.colcon_core.package_identification:_identify(src/navigation_pkg) by extensions ['colcon_meta']
[0.149s] Level 1:colcon.colcon_core.package_identification:_identify(src/navigation_pkg) by extension 'colcon_meta'
[0.149s] Level 1:colcon.colcon_core.package_identification:_identify(src/navigation_pkg) by extensions ['ros']
[0.149s] Level 1:colcon.colcon_core.package_identification:_identify(src/navigation_pkg) by extension 'ros'
[0.149s] DEBUG:colcon.colcon_core.package_identification:Package 'src/navigation_pkg' with type 'ros.ament_python' and name 'navigation_pkg'
[0.149s] Level 1:colcon.colcon_core.package_discovery:discover_packages(recursive) using defaults
[0.149s] Level 1:colcon.colcon_core.package_discovery:discover_packages(ignore) discover
[0.149s] Level 1:colcon.colcon_core.package_discovery:discover_packages(ignore) using defaults
[0.149s] Level 1:colcon.colcon_core.package_discovery:discover_packages(path) discover
[0.149s] Level 1:colcon.colcon_core.package_discovery:discover_packages(path) using defaults
[0.166s] Level 1:colcon.colcon_core.package_discovery:discover_packages(prefix_path) check parameters
[0.167s] Level 1:colcon.colcon_core.package_discovery:discover_packages(prefix_path) discover
[0.168s] DEBUG:colcon.colcon_installed_package_information.package_discovery:Found 4 installed packages in /home/juan/Robotics/Proyecto/Mapeo3D_LiDAR2D/install
[0.168s] DEBUG:colcon.colcon_installed_package_information.package_discovery:Found 1 installed packages in /home/juan/ros-humble-ros1-bridge/install
[0.170s] DEBUG:colcon.colcon_installed_package_information.package_discovery:Found 426 installed packages in /opt/ros/humble
[0.172s] Level 1:colcon.colcon_core.package_discovery:discover_packages(prefix_path) using defaults
[0.248s] Level 5:colcon.colcon_core.verb:set package 'my_subscriber' build argument 'cmake_args' from command line to 'None'
[0.249s] Level 5:colcon.colcon_core.verb:set package 'my_subscriber' build argument 'cmake_target' from command line to 'None'
[0.249s] Level 5:colcon.colcon_core.verb:set package 'my_subscriber' build argument 'cmake_target_skip_unavailable' from command line to 'False'
[0.249s] Level 5:colcon.colcon_core.verb:set package 'my_subscriber' build argument 'cmake_clean_cache' from command line to 'False'
[0.249s] Level 5:colcon.colcon_core.verb:set package 'my_subscriber' build argument 'cmake_clean_first' from command line to 'False'
[0.249s] Level 5:colcon.colcon_core.verb:set package 'my_subscriber' build argument 'cmake_force_configure' from command line to 'False'
[0.249s] Level 5:colcon.colcon_core.verb:set package 'my_subscriber' build argument 'ament_cmake_args' from command line to 'None'
[0.249s] Level 5:colcon.colcon_core.verb:set package 'my_subscriber' build argument 'catkin_cmake_args' from command line to 'None'
[0.249s] Level 5:colcon.colcon_core.verb:set package 'my_subscriber' build argument 'catkin_skip_building_tests' from command line to 'False'
[0.249s] DEBUG:colcon.colcon_core.verb:Building package 'my_subscriber' with the following arguments: {'ament_cmake_args': None, 'build_base': '/home/juan/Robotics/Proyecto/Mapeo3D_LiDAR2D/build/my_subscriber', 'catkin_cmake_args': None, 'catkin_skip_building_tests': False, 'cmake_args': None, 'cmake_clean_cache': False, 'cmake_clean_first': False, 'cmake_force_configure': False, 'cmake_target': None, 'cmake_target_skip_unavailable': False, 'install_base': '/home/juan/Robotics/Proyecto/Mapeo3D_LiDAR2D/install/my_subscriber', 'merge_install': False, 'path': '/home/juan/Robotics/Proyecto/Mapeo3D_LiDAR2D/src/my_subscriber', 'symlink_install': True, 'test_result_base': None}
[0.249s] Level 5:colcon.colcon_core.verb:set package 'my_subscriber_pkg' build argument 'cmake_args' from command line to 'None'
[0.249s] Level 5:colcon.colcon_core.verb:set package 'my_subscriber_pkg' build argument 'cmake_target' from command line to 'None'
[0.249s] Level 5:colcon.colcon_core.verb:set package 'my_subscriber_pkg' build argument 'cmake_target_skip_unavailable' from command line to 'False'
[0.249s] Level 5:colcon.colcon_core.verb:set package 'my_subscriber_pkg' build argument 'cmake_clean_cache' from command line to 'False'
[0.249s] Level 5:colcon.colcon_core.verb:set package 'my_subscriber_pkg' build argument 'cmake_clean_first' from command line to 'False'
[0.249s] Level 5:colcon.colcon_core.verb:set package 'my_subscriber_pkg' build argument 'cmake_force_configure' from command line to 'False'
[0.249s] Level 5:colcon.colcon_core.verb:set package 'my_subscriber_pkg' build argument 'ament_cmake_args' from command line to 'None'
[0.249s] Level 5:colcon.colcon_core.verb:set package 'my_subscriber_pkg' build argument 'catkin_cmake_args' from command line to 'None'
[0.249s] Level 5:colcon.colcon_core.verb:set package 'my_subscriber_pkg' build argument 'catkin_skip_building_tests' from command line to 'False'
[0.249s] DEBUG:colcon.colcon_core.verb:Building package 'my_subscriber_pkg' with the following arguments: {'ament_cmake_args': None, 'build_base': '/home/juan/Robotics/Proyecto/Mapeo3D_LiDAR2D/build/my_subscriber_pkg', 'catkin_cmake_args': None, 'catkin_skip_building_tests': False, 'cmake_args': None, 'cmake_clean_cache': False, 'cmake_clean_first': False, 'cmake_force_configure': False, 'cmake_target': None, 'cmake_target_skip_unavailable': False, 'install_base': '/home/juan/Robotics/Proyecto/Mapeo3D_LiDAR2D/install/my_subscriber_pkg', 'merge_install': False, 'path': '/home/juan/Robotics/Proyecto/Mapeo3D_LiDAR2D/src/my_subscriber_pkg', 'symlink_install': True, 'test_result_base': None}
[0.250s] Level 5:colcon.colcon_core.verb:set package 'navigation_pkg' build argument 'cmake_args' from command line to 'None'
[0.250s] Level 5:colcon.colcon_core.verb:set package 'navigation_pkg' build argument 'cmake_target' from command line to 'None'
[0.250s] Level 5:colcon.colcon_core.verb:set package 'navigation_pkg' build argument 'cmake_target_skip_unavailable' from command line to 'False'
[0.250s] Level 5:colcon.colcon_core.verb:set package 'navigation_pkg' build argument 'cmake_clean_cache' from command line to 'False'
[0.250s] Level 5:colcon.colcon_core.verb:set package 'navigation_pkg' build argument 'cmake_clean_first' from command line to 'False'
[0.250s] Level 5:colcon.colcon_core.verb:set package 'navigation_pkg' build argument 'cmake_force_configure' from command line to 'False'
[0.250s] Level 5:colcon.colcon_core.verb:set package 'navigation_pkg' build argument 'ament_cmake_args' from command line to 'None'
[0.250s] Level 5:colcon.colcon_core.verb:set package 'navigation_pkg' build argument 'catkin_cmake_args' from command line to 'None'
[0.250s] Level 5:colcon.colcon_core.verb:set package 'navigation_pkg' build argument 'catkin_skip_building_tests' from command line to 'False'
[0.250s] DEBUG:colcon.colcon_core.verb:Building package 'navigation_pkg' with the following arguments: {'ament_cmake_args': None, 'build_base': '/home/juan/Robotics/Proyecto/Mapeo3D_LiDAR2D/build/navigation_pkg', 'catkin_cmake_args': None, 'catkin_skip_building_tests': False, 'cmake_args': None, 'cmake_clean_cache': False, 'cmake_clean_first': False, 'cmake_force_configure': False, 'cmake_target': None, 'cmake_target_skip_unavailable': False, 'install_base': '/home/juan/Robotics/Proyecto/Mapeo3D_LiDAR2D/install/navigation_pkg', 'merge_install': False, 'path': '/home/juan/Robotics/Proyecto/Mapeo3D_LiDAR2D/src/navigation_pkg', 'symlink_install': True, 'test_result_base': None}
[0.250s] Level 5:colcon.colcon_core.verb:set package 'robot_description' build argument 'cmake_args' from command line to 'None'
[0.250s] Level 5:colcon.colcon_core.verb:set package 'robot_description' build argument 'cmake_target' from command line to 'None'
[0.250s] Level 5:colcon.colcon_core.verb:set package 'robot_description' build argument 'cmake_target_skip_unavailable' from command line to 'False'
[0.250s] Level 5:colcon.colcon_core.verb:set package 'robot_description' build argument 'cmake_clean_cache' from command line to 'False'
[0.250s] Level 5:colcon.colcon_core.verb:set package 'robot_description' build argument 'cmake_clean_first' from command line to 'False'
[0.250s] Level 5:colcon.colcon_core.verb:set package 'robot_description' build argument 'cmake_force_configure' from command line to 'False'
[0.250s] Level 5:colcon.colcon_core.verb:set package 'robot_description' build argument 'ament_cmake_args' from command line to 'None'
[0.250s] Level 5:colcon.colcon_core.verb:set package 'robot_description' build argument 'catkin_cmake_args' from command line to 'None'
[0.250s] Level 5:colcon.colcon_core.verb:set package 'robot_description' build argument 'catkin_skip_building_tests' from command line to 'False'
[0.250s] DEBUG:colcon.colcon_core.verb:Building package 'robot_description' with the following arguments: {'ament_cmake_args': None, 'build_base': '/home/juan/Robotics/Proyecto/Mapeo3D_LiDAR2D/build/robot_description', 'catkin_cmake_args': None, 'catkin_skip_building_tests': False, 'cmake_args': None, 'cmake_clean_cache': False, 'cmake_clean_first': False, 'cmake_force_configure': False, 'cmake_target': None, 'cmake_target_skip_unavailable': False, 'install_base': '/home/juan/Robotics/Proyecto/Mapeo3D_LiDAR2D/install/robot_description', 'merge_install': False, 'path': '/home/juan/Robotics/Proyecto/Mapeo3D_LiDAR2D/src/Project_MAP3D-main', 'symlink_install': True, 'test_result_base': None}
[0.250s] INFO:colcon.colcon_core.executor:Executing jobs using 'parallel' executor
[0.251s] DEBUG:colcon.colcon_parallel_executor.executor.parallel:run_until_complete
[0.252s] INFO:colcon.colcon_ros.task.ament_cmake.build:Building ROS package in '/home/juan/Robotics/Proyecto/Mapeo3D_LiDAR2D/src/my_subscriber' with build type 'ament_cmake'
[0.252s] INFO:colcon.colcon_cmake.task.cmake.build:Building CMake package in '/home/juan/Robotics/Proyecto/Mapeo3D_LiDAR2D/src/my_subscriber'
[0.254s] INFO:colcon.colcon_core.plugin_system:Skipping extension 'colcon_core.shell.bat': Not used on non-Windows systems
[0.254s] INFO:colcon.colcon_core.shell:Skip shell extension 'powershell' for command environment: Not usable outside of PowerShell
[0.254s] DEBUG:colcon.colcon_core.shell:Skip shell extension 'dsv' for command environment
[0.258s] INFO:colcon.colcon_ros.task.ament_python.build:Building ROS package in '/home/juan/Robotics/Proyecto/Mapeo3D_LiDAR2D/src/my_subscriber_pkg' with build type 'ament_python'
[0.259s] Level 1:colcon.colcon_core.shell:create_environment_hook('my_subscriber_pkg', 'ament_prefix_path')
[0.259s] INFO:colcon.colcon_core.shell:Creating environment hook '/home/juan/Robotics/Proyecto/Mapeo3D_LiDAR2D/install/my_subscriber_pkg/share/my_subscriber_pkg/hook/ament_prefix_path.ps1'
[0.260s] INFO:colcon.colcon_core.shell:Creating environment descriptor '/home/juan/Robotics/Proyecto/Mapeo3D_LiDAR2D/install/my_subscriber_pkg/share/my_subscriber_pkg/hook/ament_prefix_path.dsv'
[0.260s] INFO:colcon.colcon_core.shell:Creating environment hook '/home/juan/Robotics/Proyecto/Mapeo3D_LiDAR2D/install/my_subscriber_pkg/share/my_subscriber_pkg/hook/ament_prefix_path.sh'
[0.261s] INFO:colcon.colcon_core.shell:Skip shell extension 'powershell' for command environment: Not usable outside of PowerShell
[0.261s] DEBUG:colcon.colcon_core.shell:Skip shell extension 'dsv' for command environment
[0.265s] INFO:colcon.colcon_ros.task.ament_python.build:Building ROS package in '/home/juan/Robotics/Proyecto/Mapeo3D_LiDAR2D/src/navigation_pkg' with build type 'ament_python'
[0.265s] Level 1:colcon.colcon_core.shell:create_environment_hook('navigation_pkg', 'ament_prefix_path')
[0.265s] INFO:colcon.colcon_core.shell:Creating environment hook '/home/juan/Robotics/Proyecto/Mapeo3D_LiDAR2D/install/navigation_pkg/share/navigation_pkg/hook/ament_prefix_path.ps1'
[0.266s] INFO:colcon.colcon_core.shell:Creating environment descriptor '/home/juan/Robotics/Proyecto/Mapeo3D_LiDAR2D/install/navigation_pkg/share/navigation_pkg/hook/ament_prefix_path.dsv'
[0.266s] INFO:colcon.colcon_core.shell:Creating environment hook '/home/juan/Robotics/Proyecto/Mapeo3D_LiDAR2D/install/navigation_pkg/share/navigation_pkg/hook/ament_prefix_path.sh'
[0.266s] INFO:colcon.colcon_core.shell:Skip shell extension 'powershell' for command environment: Not usable outside of PowerShell
[0.267s] DEBUG:colcon.colcon_core.shell:Skip shell extension 'dsv' for command environment
[0.270s] INFO:colcon.colcon_ros.task.ament_python.build:Building ROS package in '/home/juan/Robotics/Proyecto/Mapeo3D_LiDAR2D/src/Project_MAP3D-main' with build type 'ament_python'
[0.271s] Level 1:colcon.colcon_core.shell:create_environment_hook('robot_description', 'ament_prefix_path')
[0.271s] INFO:colcon.colcon_core.shell:Creating environment hook '/home/juan/Robotics/Proyecto/Mapeo3D_LiDAR2D/install/robot_description/share/robot_description/hook/ament_prefix_path.ps1'
[0.272s] INFO:colcon.colcon_core.shell:Creating environment descriptor '/home/juan/Robotics/Proyecto/Mapeo3D_LiDAR2D/install/robot_description/share/robot_description/hook/ament_prefix_path.dsv'
[0.272s] INFO:colcon.colcon_core.shell:Creating environment hook '/home/juan/Robotics/Proyecto/Mapeo3D_LiDAR2D/install/robot_description/share/robot_description/hook/ament_prefix_path.sh'
[0.272s] INFO:colcon.colcon_core.shell:Skip shell extension 'powershell' for command environment: Not usable outside of PowerShell
[0.272s] DEBUG:colcon.colcon_core.shell:Skip shell extension 'dsv' for command environment
[0.282s] DEBUG:colcon.colcon_core.event_handler.log_command:Invoking command in '/home/juan/Robotics/Proyecto/Mapeo3D_LiDAR2D/build/my_subscriber': CMAKE_PREFIX_PATH=${CMAKE_PREFIX_PATH}:/home/juan/Robotics/Proyecto/Mapeo3D_LiDAR2D/install/robot_description:/home/juan/Robotics/Proyecto/Mapeo3D_LiDAR2D/install/navigation_pkg:/home/juan/Robotics/Proyecto/Mapeo3D_LiDAR2D/install/my_subscriber_pkg:/opt/ros/humble /usr/bin/cmake --build /home/juan/Robotics/Proyecto/Mapeo3D_LiDAR2D/build/my_subscriber -- -j12 -l12
[0.488s] INFO:colcon.colcon_core.task.python.build:Building Python package in '/home/juan/Robotics/Proyecto/Mapeo3D_LiDAR2D/src/my_subscriber_pkg'
[0.488s] INFO:colcon.colcon_core.shell:Skip shell extension 'powershell' for command environment: Not usable outside of PowerShell
[0.489s] DEBUG:colcon.colcon_core.shell:Skip shell extension 'dsv' for command environment
[0.727s] INFO:colcon.colcon_core.task.python.build:Building Python package in '/home/juan/Robotics/Proyecto/Mapeo3D_LiDAR2D/src/navigation_pkg'
[0.728s] INFO:colcon.colcon_core.shell:Skip shell extension 'powershell' for command environment: Not usable outside of PowerShell
[0.728s] DEBUG:colcon.colcon_core.shell:Skip shell extension 'dsv' for command environment
[0.941s] INFO:colcon.colcon_core.task.python.build:Building Python package in '/home/juan/Robotics/Proyecto/Mapeo3D_LiDAR2D/src/Project_MAP3D-main'
[0.941s] INFO:colcon.colcon_core.shell:Skip shell extension 'powershell' for command environment: Not usable outside of PowerShell
[0.941s] DEBUG:colcon.colcon_core.shell:Skip shell extension 'dsv' for command environment
[0.956s] DEBUG:colcon.colcon_core.event_handler.log_command:Invoked command in '/home/juan/Robotics/Proyecto/Mapeo3D_LiDAR2D/build/my_subscriber' returned '0': CMAKE_PREFIX_PATH=${CMAKE_PREFIX_PATH}:/home/juan/Robotics/Proyecto/Mapeo3D_LiDAR2D/install/robot_description:/home/juan/Robotics/Proyecto/Mapeo3D_LiDAR2D/install/navigation_pkg:/home/juan/Robotics/Proyecto/Mapeo3D_LiDAR2D/install/my_subscriber_pkg:/opt/ros/humble /usr/bin/cmake --build /home/juan/Robotics/Proyecto/Mapeo3D_LiDAR2D/build/my_subscriber -- -j12 -l12
[1.020s] DEBUG:colcon.colcon_core.event_handler.log_command:Invoking command in '/home/juan/Robotics/Proyecto/Mapeo3D_LiDAR2D/build/my_subscriber': CMAKE_PREFIX_PATH=${CMAKE_PREFIX_PATH}:/home/juan/Robotics/Proyecto/Mapeo3D_LiDAR2D/install/robot_description:/home/juan/Robotics/Proyecto/Mapeo3D_LiDAR2D/install/navigation_pkg:/home/juan/Robotics/Proyecto/Mapeo3D_LiDAR2D/install/my_subscriber_pkg:/opt/ros/humble /usr/bin/cmake --install /home/juan/Robotics/Proyecto/Mapeo3D_LiDAR2D/build/my_subscriber
[1.056s] Level 1:colcon.colcon_core.environment:create_environment_scripts_only(my_subscriber)
[1.057s] DEBUG:colcon.colcon_core.event_handler.log_command:Invoked command in '/home/juan/Robotics/Proyecto/Mapeo3D_LiDAR2D/build/my_subscriber' returned '0': CMAKE_PREFIX_PATH=${CMAKE_PREFIX_PATH}:/home/juan/Robotics/Proyecto/Mapeo3D_LiDAR2D/install/robot_description:/home/juan/Robotics/Proyecto/Mapeo3D_LiDAR2D/install/navigation_pkg:/home/juan/Robotics/Proyecto/Mapeo3D_LiDAR2D/install/my_subscriber_pkg:/opt/ros/humble /usr/bin/cmake --install /home/juan/Robotics/Proyecto/Mapeo3D_LiDAR2D/build/my_subscriber
[1.058s] Level 1:colcon.colcon_core.environment:checking '/home/juan/Robotics/Proyecto/Mapeo3D_LiDAR2D/install/my_subscriber' for CMake module files
[1.059s] Level 1:colcon.colcon_core.environment:checking '/home/juan/Robotics/Proyecto/Mapeo3D_LiDAR2D/install/my_subscriber' for CMake config files
[1.059s] Level 1:colcon.colcon_core.shell:create_environment_hook('my_subscriber', 'cmake_prefix_path')
[1.059s] INFO:colcon.colcon_core.shell:Creating environment hook '/home/juan/Robotics/Proyecto/Mapeo3D_LiDAR2D/install/my_subscriber/share/my_subscriber/hook/cmake_prefix_path.ps1'
[1.060s] INFO:colcon.colcon_core.shell:Creating environment descriptor '/home/juan/Robotics/Proyecto/Mapeo3D_LiDAR2D/install/my_subscriber/share/my_subscriber/hook/cmake_prefix_path.dsv'
[1.060s] INFO:colcon.colcon_core.shell:Creating environment hook '/home/juan/Robotics/Proyecto/Mapeo3D_LiDAR2D/install/my_subscriber/share/my_subscriber/hook/cmake_prefix_path.sh'
[1.060s] Level 1:colcon.colcon_core.environment:checking '/home/juan/Robotics/Proyecto/Mapeo3D_LiDAR2D/install/my_subscriber/bin'
[1.061s] Level 1:colcon.colcon_core.environment:checking '/home/juan/Robotics/Proyecto/Mapeo3D_LiDAR2D/install/my_subscriber/lib/pkgconfig/my_subscriber.pc'
[1.061s] Level 1:colcon.colcon_core.environment:checking '/home/juan/Robotics/Proyecto/Mapeo3D_LiDAR2D/install/my_subscriber/lib/python3.10/site-packages'
[1.061s] Level 1:colcon.colcon_core.environment:checking '/home/juan/Robotics/Proyecto/Mapeo3D_LiDAR2D/install/my_subscriber/bin'
[1.061s] INFO:colcon.colcon_core.shell:Creating package script '/home/juan/Robotics/Proyecto/Mapeo3D_LiDAR2D/install/my_subscriber/share/my_subscriber/package.ps1'
[1.062s] INFO:colcon.colcon_core.shell:Creating package descriptor '/home/juan/Robotics/Proyecto/Mapeo3D_LiDAR2D/install/my_subscriber/share/my_subscriber/package.dsv'
[1.063s] INFO:colcon.colcon_core.shell:Creating package script '/home/juan/Robotics/Proyecto/Mapeo3D_LiDAR2D/install/my_subscriber/share/my_subscriber/package.sh'
[1.063s] INFO:colcon.colcon_core.shell:Creating package script '/home/juan/Robotics/Proyecto/Mapeo3D_LiDAR2D/install/my_subscriber/share/my_subscriber/package.bash'
[1.064s] INFO:colcon.colcon_core.shell:Creating package script '/home/juan/Robotics/Proyecto/Mapeo3D_LiDAR2D/install/my_subscriber/share/my_subscriber/package.zsh'
[1.065s] Level 1:colcon.colcon_core.environment:create_file_with_runtime_dependencies(/home/juan/Robotics/Proyecto/Mapeo3D_LiDAR2D/install/my_subscriber/share/colcon-core/packages/my_subscriber)
[1.112s] Level 1:colcon.colcon_core.environment:create_environment_scripts_only(my_subscriber)
[1.112s] Level 1:colcon.colcon_core.environment:checking '/home/juan/Robotics/Proyecto/Mapeo3D_LiDAR2D/install/my_subscriber' for CMake module files
[1.113s] Level 1:colcon.colcon_core.environment:checking '/home/juan/Robotics/Proyecto/Mapeo3D_LiDAR2D/install/my_subscriber' for CMake config files
[1.113s] Level 1:colcon.colcon_core.shell:create_environment_hook('my_subscriber', 'cmake_prefix_path')
[1.113s] INFO:colcon.colcon_core.shell:Creating environment hook '/home/juan/Robotics/Proyecto/Mapeo3D_LiDAR2D/install/my_subscriber/share/my_subscriber/hook/cmake_prefix_path.ps1'
[1.113s] INFO:colcon.colcon_core.shell:Creating environment descriptor '/home/juan/Robotics/Proyecto/Mapeo3D_LiDAR2D/install/my_subscriber/share/my_subscriber/hook/cmake_prefix_path.dsv'
[1.114s] INFO:colcon.colcon_core.shell:Creating environment hook '/home/juan/Robotics/Proyecto/Mapeo3D_LiDAR2D/install/my_subscriber/share/my_subscriber/hook/cmake_prefix_path.sh'
[1.114s] Level 1:colcon.colcon_core.environment:checking '/home/juan/Robotics/Proyecto/Mapeo3D_LiDAR2D/install/my_subscriber/bin'
[1.114s] Level 1:colcon.colcon_core.environment:checking '/home/juan/Robotics/Proyecto/Mapeo3D_LiDAR2D/install/my_subscriber/lib/pkgconfig/my_subscriber.pc'
[1.114s] Level 1:colcon.colcon_core.environment:checking '/home/juan/Robotics/Proyecto/Mapeo3D_LiDAR2D/install/my_subscriber/lib/python3.10/site-packages'
[1.114s] Level 1:colcon.colcon_core.environment:checking '/home/juan/Robotics/Proyecto/Mapeo3D_LiDAR2D/install/my_subscriber/bin'
[1.115s] INFO:colcon.colcon_core.shell:Creating package script '/home/juan/Robotics/Proyecto/Mapeo3D_LiDAR2D/install/my_subscriber/share/my_subscriber/package.ps1'
[1.115s] INFO:colcon.colcon_core.shell:Creating package descriptor '/home/juan/Robotics/Proyecto/Mapeo3D_LiDAR2D/install/my_subscriber/share/my_subscriber/package.dsv'
[1.115s] INFO:colcon.colcon_core.shell:Creating package script '/home/juan/Robotics/Proyecto/Mapeo3D_LiDAR2D/install/my_subscriber/share/my_subscriber/package.sh'
[1.116s] INFO:colcon.colcon_core.shell:Creating package script '/home/juan/Robotics/Proyecto/Mapeo3D_LiDAR2D/install/my_subscriber/share/my_subscriber/package.bash'
[1.116s] INFO:colcon.colcon_core.shell:Creating package script '/home/juan/Robotics/Proyecto/Mapeo3D_LiDAR2D/install/my_subscriber/share/my_subscriber/package.zsh'
[1.116s] Level 1:colcon.colcon_core.environment:create_file_with_runtime_dependencies(/home/juan/Robotics/Proyecto/Mapeo3D_LiDAR2D/install/my_subscriber/share/colcon-core/packages/my_subscriber)
[1.574s] DEBUG:colcon.colcon_core.event_handler.log_command:Invoking command in '/home/juan/Robotics/Proyecto/Mapeo3D_LiDAR2D/build/my_subscriber_pkg': PYTHONPATH=/home/juan/Robotics/Proyecto/Mapeo3D_LiDAR2D/build/my_subscriber_pkg/prefix_override:/home/juan/Robotics/Proyecto/Mapeo3D_LiDAR2D/install/my_subscriber_pkg/lib/python3.10/site-packages:${PYTHONPATH} /usr/bin/python3 -W ignore:setup.py install is deprecated setup.py develop --editable --build-directory /home/juan/Robotics/Proyecto/Mapeo3D_LiDAR2D/build/my_subscriber_pkg/build --no-deps symlink_data
[1.586s] DEBUG:colcon.colcon_core.event_handler.log_command:Invoking command in '/home/juan/Robotics/Proyecto/Mapeo3D_LiDAR2D/build/robot_description': PYTHONPATH=/home/juan/Robotics/Proyecto/Mapeo3D_LiDAR2D/build/robot_description/prefix_override:/home/juan/Robotics/Proyecto/Mapeo3D_LiDAR2D/install/robot_description/lib/python3.10/site-packages:${PYTHONPATH} /usr/bin/python3 -W ignore:setup.py install is deprecated setup.py develop --editable --build-directory /home/juan/Robotics/Proyecto/Mapeo3D_LiDAR2D/build/robot_description/build --no-deps symlink_data
[1.597s] DEBUG:colcon.colcon_core.event_handler.log_command:Invoking command in '/home/juan/Robotics/Proyecto/Mapeo3D_LiDAR2D/build/navigation_pkg': PYTHONPATH=/home/juan/Robotics/Proyecto/Mapeo3D_LiDAR2D/build/navigation_pkg/prefix_override:/home/juan/Robotics/Proyecto/Mapeo3D_LiDAR2D/install/navigation_pkg/lib/python3.10/site-packages:${PYTHONPATH} /usr/bin/python3 -W ignore:setup.py install is deprecated setup.py develop --editable --build-directory /home/juan/Robotics/Proyecto/Mapeo3D_LiDAR2D/build/navigation_pkg/build --no-deps symlink_data
[2.332s] Level 1:colcon.colcon_core.shell:create_environment_hook('robot_description', 'pythonpath_develop')
[2.333s] INFO:colcon.colcon_core.shell:Creating environment hook '/home/juan/Robotics/Proyecto/Mapeo3D_LiDAR2D/build/robot_description/share/robot_description/hook/pythonpath_develop.ps1'
[2.333s] DEBUG:colcon.colcon_core.event_handler.log_command:Invoked command in '/home/juan/Robotics/Proyecto/Mapeo3D_LiDAR2D/build/robot_description' returned '0': PYTHONPATH=/home/juan/Robotics/Proyecto/Mapeo3D_LiDAR2D/build/robot_description/prefix_override:/home/juan/Robotics/Proyecto/Mapeo3D_LiDAR2D/install/robot_description/lib/python3.10/site-packages:${PYTHONPATH} /usr/bin/python3 -W ignore:setup.py install is deprecated setup.py develop --editable --build-directory /home/juan/Robotics/Proyecto/Mapeo3D_LiDAR2D/build/robot_description/build --no-deps symlink_data
[2.334s] INFO:colcon.colcon_core.shell:Creating environment descriptor '/home/juan/Robotics/Proyecto/Mapeo3D_LiDAR2D/build/robot_description/share/robot_description/hook/pythonpath_develop.dsv'
[2.334s] INFO:colcon.colcon_core.shell:Creating environment hook '/home/juan/Robotics/Proyecto/Mapeo3D_LiDAR2D/build/robot_description/share/robot_description/hook/pythonpath_develop.sh'
[2.335s] Level 1:colcon.colcon_core.environment:checking '/home/juan/Robotics/Proyecto/Mapeo3D_LiDAR2D/install/robot_description' for CMake module files
[2.335s] Level 1:colcon.colcon_core.environment:checking '/home/juan/Robotics/Proyecto/Mapeo3D_LiDAR2D/install/robot_description' for CMake config files
[2.336s] Level 1:colcon.colcon_core.environment:checking '/home/juan/Robotics/Proyecto/Mapeo3D_LiDAR2D/install/robot_description/lib'
[2.336s] Level 1:colcon.colcon_core.environment:checking '/home/juan/Robotics/Proyecto/Mapeo3D_LiDAR2D/install/robot_description/bin'
[2.336s] Level 1:colcon.colcon_core.environment:checking '/home/juan/Robotics/Proyecto/Mapeo3D_LiDAR2D/install/robot_description/lib/pkgconfig/robot_description.pc'
[2.337s] Level 1:colcon.colcon_core.environment:checking '/home/juan/Robotics/Proyecto/Mapeo3D_LiDAR2D/install/robot_description/lib/python3.10/site-packages'
[2.337s] Level 1:colcon.colcon_core.shell:create_environment_hook('robot_description', 'pythonpath')
[2.337s] INFO:colcon.colcon_core.shell:Creating environment hook '/home/juan/Robotics/Proyecto/Mapeo3D_LiDAR2D/install/robot_description/share/robot_description/hook/pythonpath.ps1'
[2.337s] INFO:colcon.colcon_core.shell:Creating environment descriptor '/home/juan/Robotics/Proyecto/Mapeo3D_LiDAR2D/install/robot_description/share/robot_description/hook/pythonpath.dsv'
[2.338s] INFO:colcon.colcon_core.shell:Creating environment hook '/home/juan/Robotics/Proyecto/Mapeo3D_LiDAR2D/install/robot_description/share/robot_description/hook/pythonpath.sh'
[2.338s] Level 1:colcon.colcon_core.environment:checking '/home/juan/Robotics/Proyecto/Mapeo3D_LiDAR2D/install/robot_description/bin'
[2.338s] Level 1:colcon.colcon_core.environment:create_environment_scripts_only(robot_description)
[2.339s] INFO:colcon.colcon_core.shell:Creating package script '/home/juan/Robotics/Proyecto/Mapeo3D_LiDAR2D/install/robot_description/share/robot_description/package.ps1'
[2.339s] INFO:colcon.colcon_core.shell:Creating package descriptor '/home/juan/Robotics/Proyecto/Mapeo3D_LiDAR2D/install/robot_description/share/robot_description/package.dsv'
[2.340s] INFO:colcon.colcon_core.shell:Creating package script '/home/juan/Robotics/Proyecto/Mapeo3D_LiDAR2D/install/robot_description/share/robot_description/package.sh'
[2.340s] INFO:colcon.colcon_core.shell:Creating package script '/home/juan/Robotics/Proyecto/Mapeo3D_LiDAR2D/install/robot_description/share/robot_description/package.bash'
[2.340s] INFO:colcon.colcon_core.shell:Creating package script '/home/juan/Robotics/Proyecto/Mapeo3D_LiDAR2D/install/robot_description/share/robot_description/package.zsh'
[2.354s] Level 1:colcon.colcon_core.environment:create_file_with_runtime_dependencies(/home/juan/Robotics/Proyecto/Mapeo3D_LiDAR2D/install/robot_description/share/colcon-core/packages/robot_description)
[2.356s] Level 1:colcon.colcon_core.shell:create_environment_hook('navigation_pkg', 'pythonpath_develop')
[2.356s] INFO:colcon.colcon_core.shell:Creating environment hook '/home/juan/Robotics/Proyecto/Mapeo3D_LiDAR2D/build/navigation_pkg/share/navigation_pkg/hook/pythonpath_develop.ps1'
[2.357s] DEBUG:colcon.colcon_core.event_handler.log_command:Invoked command in '/home/juan/Robotics/Proyecto/Mapeo3D_LiDAR2D/build/navigation_pkg' returned '0': PYTHONPATH=/home/juan/Robotics/Proyecto/Mapeo3D_LiDAR2D/build/navigation_pkg/prefix_override:/home/juan/Robotics/Proyecto/Mapeo3D_LiDAR2D/install/navigation_pkg/lib/python3.10/site-packages:${PYTHONPATH} /usr/bin/python3 -W ignore:setup.py install is deprecated setup.py develop --editable --build-directory /home/juan/Robotics/Proyecto/Mapeo3D_LiDAR2D/build/navigation_pkg/build --no-deps symlink_data
[2.358s] INFO:colcon.colcon_core.shell:Creating environment descriptor '/home/juan/Robotics/Proyecto/Mapeo3D_LiDAR2D/build/navigation_pkg/share/navigation_pkg/hook/pythonpath_develop.dsv'
[2.358s] INFO:colcon.colcon_core.shell:Creating environment hook '/home/juan/Robotics/Proyecto/Mapeo3D_LiDAR2D/build/navigation_pkg/share/navigation_pkg/hook/pythonpath_develop.sh'
[2.359s] Level 1:colcon.colcon_core.environment:checking '/home/juan/Robotics/Proyecto/Mapeo3D_LiDAR2D/install/navigation_pkg' for CMake module files
[2.359s] Level 1:colcon.colcon_core.environment:checking '/home/juan/Robotics/Proyecto/Mapeo3D_LiDAR2D/install/navigation_pkg' for CMake config files
[2.360s] Level 1:colcon.colcon_core.environment:checking '/home/juan/Robotics/Proyecto/Mapeo3D_LiDAR2D/install/navigation_pkg/lib'
[2.360s] Level 1:colcon.colcon_core.environment:checking '/home/juan/Robotics/Proyecto/Mapeo3D_LiDAR2D/install/navigation_pkg/bin'
[2.360s] Level 1:colcon.colcon_core.environment:checking '/home/juan/Robotics/Proyecto/Mapeo3D_LiDAR2D/install/navigation_pkg/lib/pkgconfig/navigation_pkg.pc'
[2.360s] Level 1:colcon.colcon_core.environment:checking '/home/juan/Robotics/Proyecto/Mapeo3D_LiDAR2D/install/navigation_pkg/lib/python3.10/site-packages'
[2.360s] Level 1:colcon.colcon_core.shell:create_environment_hook('navigation_pkg', 'pythonpath')
[2.360s] INFO:colcon.colcon_core.shell:Creating environment hook '/home/juan/Robotics/Proyecto/Mapeo3D_LiDAR2D/install/navigation_pkg/share/navigation_pkg/hook/pythonpath.ps1'
[2.361s] INFO:colcon.colcon_core.shell:Creating environment descriptor '/home/juan/Robotics/Proyecto/Mapeo3D_LiDAR2D/install/navigation_pkg/share/navigation_pkg/hook/pythonpath.dsv'
[2.361s] INFO:colcon.colcon_core.shell:Creating environment hook '/home/juan/Robotics/Proyecto/Mapeo3D_LiDAR2D/install/navigation_pkg/share/navigation_pkg/hook/pythonpath.sh'
[2.362s] Level 1:colcon.colcon_core.environment:checking '/home/juan/Robotics/Proyecto/Mapeo3D_LiDAR2D/install/navigation_pkg/bin'
[2.362s] Level 1:colcon.colcon_core.environment:create_environment_scripts_only(navigation_pkg)
[2.362s] INFO:colcon.colcon_core.shell:Creating package script '/home/juan/Robotics/Proyecto/Mapeo3D_LiDAR2D/install/navigation_pkg/share/navigation_pkg/package.ps1'
[2.363s] INFO:colcon.colcon_core.shell:Creating package descriptor '/home/juan/Robotics/Proyecto/Mapeo3D_LiDAR2D/install/navigation_pkg/share/navigation_pkg/package.dsv'
[2.363s] INFO:colcon.colcon_core.shell:Creating package script '/home/juan/Robotics/Proyecto/Mapeo3D_LiDAR2D/install/navigation_pkg/share/navigation_pkg/package.sh'
[2.363s] INFO:colcon.colcon_core.shell:Creating package script '/home/juan/Robotics/Proyecto/Mapeo3D_LiDAR2D/install/navigation_pkg/share/navigation_pkg/package.bash'
[2.364s] INFO:colcon.colcon_core.shell:Creating package script '/home/juan/Robotics/Proyecto/Mapeo3D_LiDAR2D/install/navigation_pkg/share/navigation_pkg/package.zsh'
[2.364s] Level 1:colcon.colcon_core.environment:create_file_with_runtime_dependencies(/home/juan/Robotics/Proyecto/Mapeo3D_LiDAR2D/install/navigation_pkg/share/colcon-core/packages/navigation_pkg)
[2.366s] Level 1:colcon.colcon_core.shell:create_environment_hook('my_subscriber_pkg', 'pythonpath_develop')
[2.366s] INFO:colcon.colcon_core.shell:Creating environment hook '/home/juan/Robotics/Proyecto/Mapeo3D_LiDAR2D/build/my_subscriber_pkg/share/my_subscriber_pkg/hook/pythonpath_develop.ps1'
[2.367s] DEBUG:colcon.colcon_core.event_handler.log_command:Invoked command in '/home/juan/Robotics/Proyecto/Mapeo3D_LiDAR2D/build/my_subscriber_pkg' returned '0': PYTHONPATH=/home/juan/Robotics/Proyecto/Mapeo3D_LiDAR2D/build/my_subscriber_pkg/prefix_override:/home/juan/Robotics/Proyecto/Mapeo3D_LiDAR2D/install/my_subscriber_pkg/lib/python3.10/site-packages:${PYTHONPATH} /usr/bin/python3 -W ignore:setup.py install is deprecated setup.py develop --editable --build-directory /home/juan/Robotics/Proyecto/Mapeo3D_LiDAR2D/build/my_subscriber_pkg/build --no-deps symlink_data
[2.367s] INFO:colcon.colcon_core.shell:Creating environment descriptor '/home/juan/Robotics/Proyecto/Mapeo3D_LiDAR2D/build/my_subscriber_pkg/share/my_subscriber_pkg/hook/pythonpath_develop.dsv'
[2.368s] INFO:colcon.colcon_core.shell:Creating environment hook '/home/juan/Robotics/Proyecto/Mapeo3D_LiDAR2D/build/my_subscriber_pkg/share/my_subscriber_pkg/hook/pythonpath_develop.sh'
[2.368s] Level 1:colcon.colcon_core.environment:checking '/home/juan/Robotics/Proyecto/Mapeo3D_LiDAR2D/install/my_subscriber_pkg' for CMake module files
[2.369s] Level 1:colcon.colcon_core.environment:checking '/home/juan/Robotics/Proyecto/Mapeo3D_LiDAR2D/install/my_subscriber_pkg' for CMake config files
[2.369s] Level 1:colcon.colcon_core.environment:checking '/home/juan/Robotics/Proyecto/Mapeo3D_LiDAR2D/install/my_subscriber_pkg/lib'
[2.369s] Level 1:colcon.colcon_core.environment:checking '/home/juan/Robotics/Proyecto/Mapeo3D_LiDAR2D/install/my_subscriber_pkg/bin'
[2.369s] Level 1:colcon.colcon_core.environment:checking '/home/juan/Robotics/Proyecto/Mapeo3D_LiDAR2D/install/my_subscriber_pkg/lib/pkgconfig/my_subscriber_pkg.pc'
[2.369s] Level 1:colcon.colcon_core.environment:checking '/home/juan/Robotics/Proyecto/Mapeo3D_LiDAR2D/install/my_subscriber_pkg/lib/python3.10/site-packages'
[2.369s] Level 1:colcon.colcon_core.shell:create_environment_hook('my_subscriber_pkg', 'pythonpath')
[2.369s] INFO:colcon.colcon_core.shell:Creating environment hook '/home/juan/Robotics/Proyecto/Mapeo3D_LiDAR2D/install/my_subscriber_pkg/share/my_subscriber_pkg/hook/pythonpath.ps1'
[2.370s] INFO:colcon.colcon_core.shell:Creating environment descriptor '/home/juan/Robotics/Proyecto/Mapeo3D_LiDAR2D/install/my_subscriber_pkg/share/my_subscriber_pkg/hook/pythonpath.dsv'
[2.370s] INFO:colcon.colcon_core.shell:Creating environment hook '/home/juan/Robotics/Proyecto/Mapeo3D_LiDAR2D/install/my_subscriber_pkg/share/my_subscriber_pkg/hook/pythonpath.sh'
[2.370s] Level 1:colcon.colcon_core.environment:checking '/home/juan/Robotics/Proyecto/Mapeo3D_LiDAR2D/install/my_subscriber_pkg/bin'
[2.371s] Level 1:colcon.colcon_core.environment:create_environment_scripts_only(my_subscriber_pkg)
[2.371s] INFO:colcon.colcon_core.shell:Creating package script '/home/juan/Robotics/Proyecto/Mapeo3D_LiDAR2D/install/my_subscriber_pkg/share/my_subscriber_pkg/package.ps1'
[2.371s] INFO:colcon.colcon_core.shell:Creating package descriptor '/home/juan/Robotics/Proyecto/Mapeo3D_LiDAR2D/install/my_subscriber_pkg/share/my_subscriber_pkg/package.dsv'
[2.372s] INFO:colcon.colcon_core.shell:Creating package script '/home/juan/Robotics/Proyecto/Mapeo3D_LiDAR2D/install/my_subscriber_pkg/share/my_subscriber_pkg/package.sh'
[2.372s] INFO:colcon.colcon_core.shell:Creating package script '/home/juan/Robotics/Proyecto/Mapeo3D_LiDAR2D/install/my_subscriber_pkg/share/my_subscriber_pkg/package.bash'
[2.372s] INFO:colcon.colcon_core.shell:Creating package script '/home/juan/Robotics/Proyecto/Mapeo3D_LiDAR2D/install/my_subscriber_pkg/share/my_subscriber_pkg/package.zsh'
[2.373s] Level 1:colcon.colcon_core.environment:create_file_with_runtime_dependencies(/home/juan/Robotics/Proyecto/Mapeo3D_LiDAR2D/install/my_subscriber_pkg/share/colcon-core/packages/my_subscriber_pkg)
[2.373s] DEBUG:colcon.colcon_parallel_executor.executor.parallel:closing loop
[2.373s] DEBUG:colcon.colcon_parallel_executor.executor.parallel:loop closed
[2.373s] DEBUG:colcon.colcon_parallel_executor.executor.parallel:run_until_complete finished with '0'
[2.373s] DEBUG:colcon.colcon_core.event_reactor:joining thread
[2.384s] INFO:colcon.colcon_core.plugin_system:Skipping extension 'colcon_notification.desktop_notification.terminal_notifier': Not used on non-Darwin systems
[2.384s] INFO:colcon.colcon_core.plugin_system:Skipping extension 'colcon_notification.desktop_notification.win32': Not used on non-Windows systems
[2.384s] INFO:colcon.colcon_notification.desktop_notification:Sending desktop notification using 'notify2'
[2.413s] DEBUG:colcon.colcon_core.event_reactor:joined thread
[2.414s] INFO:colcon.colcon_core.shell:Creating prefix script '/home/juan/Robotics/Proyecto/Mapeo3D_LiDAR2D/install/local_setup.ps1'
[2.415s] INFO:colcon.colcon_core.shell:Creating prefix util module '/home/juan/Robotics/Proyecto/Mapeo3D_LiDAR2D/install/_local_setup_util_ps1.py'
[2.416s] INFO:colcon.colcon_core.shell:Creating prefix chain script '/home/juan/Robotics/Proyecto/Mapeo3D_LiDAR2D/install/setup.ps1'
[2.417s] INFO:colcon.colcon_core.shell:Creating prefix script '/home/juan/Robotics/Proyecto/Mapeo3D_LiDAR2D/install/local_setup.sh'
[2.417s] INFO:colcon.colcon_core.shell:Creating prefix util module '/home/juan/Robotics/Proyecto/Mapeo3D_LiDAR2D/install/_local_setup_util_sh.py'
[2.418s] INFO:colcon.colcon_core.shell:Creating prefix chain script '/home/juan/Robotics/Proyecto/Mapeo3D_LiDAR2D/install/setup.sh'
[2.419s] INFO:colcon.colcon_core.shell:Creating prefix script '/home/juan/Robotics/Proyecto/Mapeo3D_LiDAR2D/install/local_setup.bash'
[2.419s] INFO:colcon.colcon_core.shell:Creating prefix chain script '/home/juan/Robotics/Proyecto/Mapeo3D_LiDAR2D/install/setup.bash'
[2.420s] INFO:colcon.colcon_core.shell:Creating prefix script '/home/juan/Robotics/Proyecto/Mapeo3D_LiDAR2D/install/local_setup.zsh'
[2.420s] INFO:colcon.colcon_core.shell:Creating prefix chain script '/home/juan/Robotics/Proyecto/Mapeo3D_LiDAR2D/install/setup.zsh'
