[4.524s] Invoking command in '/home/juan/Robotics/Proyecto/Mapeo3D_LiDAR2D/build/robot_description': PYTHONPATH=/home/juan/Robotics/Proyecto/Mapeo3D_LiDAR2D/build/robot_description/prefix_override:/home/juan/Robotics/Proyecto/Mapeo3D_LiDAR2D/install/robot_description/lib/python3.10/site-packages:${PYTHONPATH} /usr/bin/python3 -W ignore:setup.py install is deprecated setup.py develop --editable --build-directory /home/juan/Robotics/Proyecto/Mapeo3D_LiDAR2D/build/robot_description/build --no-deps symlink_data
[5.108s] running develop
[5.137s] /home/juan/.local/lib/python3.10/site-packages/setuptools/command/develop.py:40: EasyInstallDeprecationWarning: easy_install command is deprecated.
[5.137s] !!
[5.137s] 
[5.137s]         ********************************************************************************
[5.137s]         Please avoid running ``setup.py`` and ``easy_install``.
[5.138s]         Instead, use pypa/build, pypa/installer or other
[5.138s]         standards-based tools.
[5.138s] 
[5.138s]         See https://github.com/pypa/setuptools/issues/917 for details.
[5.138s]         ********************************************************************************
[5.138s] 
[5.138s] !!
[5.138s]   easy_install.initialize_options(self)
[5.574s] running egg_info
[5.574s] creating robot_description.egg-info
[5.606s] writing robot_description.egg-info/PKG-INFO
[5.607s] writing dependency_links to robot_description.egg-info/dependency_links.txt
[5.607s] writing entry points to robot_description.egg-info/entry_points.txt
[5.607s] writing requirements to robot_description.egg-info/requires.txt
[5.608s] writing top-level names to robot_description.egg-info/top_level.txt
[5.608s] writing manifest file 'robot_description.egg-info/SOURCES.txt'
[5.686s] reading manifest file 'robot_description.egg-info/SOURCES.txt'
[5.687s] writing manifest file 'robot_description.egg-info/SOURCES.txt'
[5.725s] running build_ext
[5.725s] Creating /home/juan/Robotics/Proyecto/Mapeo3D_LiDAR2D/install/robot_description/lib/python3.10/site-packages/robot-description.egg-link (link to .)
[5.726s] Installing move_joint script to /home/juan/Robotics/Proyecto/Mapeo3D_LiDAR2D/install/robot_description/lib/robot_description
[5.727s] 
[5.727s] Installed /home/juan/Robotics/Proyecto/Mapeo3D_LiDAR2D/build/robot_description
[5.727s] running symlink_data
[5.727s] creating /home/juan/Robotics/Proyecto/Mapeo3D_LiDAR2D/install/robot_description/share/ament_index
[5.727s] creating /home/juan/Robotics/Proyecto/Mapeo3D_LiDAR2D/install/robot_description/share/ament_index/resource_index
[5.728s] creating /home/juan/Robotics/Proyecto/Mapeo3D_LiDAR2D/install/robot_description/share/ament_index/resource_index/packages
[5.728s] symbolically linking /home/juan/Robotics/Proyecto/Mapeo3D_LiDAR2D/build/robot_description/resource/robot_description -> /home/juan/Robotics/Proyecto/Mapeo3D_LiDAR2D/install/robot_description/share/ament_index/resource_index/packages
[5.728s] symbolically linking /home/juan/Robotics/Proyecto/Mapeo3D_LiDAR2D/build/robot_description/package.xml -> /home/juan/Robotics/Proyecto/Mapeo3D_LiDAR2D/install/robot_description/share/robot_description
[5.728s] creating /home/juan/Robotics/Proyecto/Mapeo3D_LiDAR2D/install/robot_description/share/robot_description/urdf
[5.728s] symbolically linking /home/juan/Robotics/Proyecto/Mapeo3D_LiDAR2D/build/robot_description/urdf/Ensamblaje12.csv -> /home/juan/Robotics/Proyecto/Mapeo3D_LiDAR2D/install/robot_description/share/robot_description/urdf
[5.728s] symbolically linking /home/juan/Robotics/Proyecto/Mapeo3D_LiDAR2D/build/robot_description/urdf/myAGV.urdf -> /home/juan/Robotics/Proyecto/Mapeo3D_LiDAR2D/install/robot_description/share/robot_description/urdf
[5.729s] creating /home/juan/Robotics/Proyecto/Mapeo3D_LiDAR2D/install/robot_description/share/robot_description/launch
[5.729s] symbolically linking /home/juan/Robotics/Proyecto/Mapeo3D_LiDAR2D/build/robot_description/launch/display.launch.py -> /home/juan/Robotics/Proyecto/Mapeo3D_LiDAR2D/install/robot_description/share/robot_description/launch
[5.729s] symbolically linking /home/juan/Robotics/Proyecto/Mapeo3D_LiDAR2D/build/robot_description/launch/robot_state_publisher.launch.py -> /home/juan/Robotics/Proyecto/Mapeo3D_LiDAR2D/install/robot_description/share/robot_description/launch
[5.729s] symbolically linking /home/juan/Robotics/Proyecto/Mapeo3D_LiDAR2D/build/robot_description/launch/gazebo.launch.py -> /home/juan/Robotics/Proyecto/Mapeo3D_LiDAR2D/install/robot_description/share/robot_description/launch
[5.729s] symbolically linking /home/juan/Robotics/Proyecto/Mapeo3D_LiDAR2D/build/robot_description/launch/joint_group_position_controller.launch.py -> /home/juan/Robotics/Proyecto/Mapeo3D_LiDAR2D/install/robot_description/share/robot_description/launch
[5.730s] creating /home/juan/Robotics/Proyecto/Mapeo3D_LiDAR2D/install/robot_description/share/robot_description/meshes
[5.730s] symbolically linking /home/juan/Robotics/Proyecto/Mapeo3D_LiDAR2D/build/robot_description/meshes/base_link.STL -> /home/juan/Robotics/Proyecto/Mapeo3D_LiDAR2D/install/robot_description/share/robot_description/meshes
[5.730s] symbolically linking /home/juan/Robotics/Proyecto/Mapeo3D_LiDAR2D/build/robot_description/meshes/base_lidar_Link.STL -> /home/juan/Robotics/Proyecto/Mapeo3D_LiDAR2D/install/robot_description/share/robot_description/meshes
[5.730s] creating /home/juan/Robotics/Proyecto/Mapeo3D_LiDAR2D/install/robot_description/share/robot_description/config
[5.730s] symbolically linking /home/juan/Robotics/Proyecto/Mapeo3D_LiDAR2D/build/robot_description/config/position_controller.yaml -> /home/juan/Robotics/Proyecto/Mapeo3D_LiDAR2D/install/robot_description/share/robot_description/config
[5.730s] creating /home/juan/Robotics/Proyecto/Mapeo3D_LiDAR2D/install/robot_description/share/robot_description/scripts
[5.731s] symbolically linking /home/juan/Robotics/Proyecto/Mapeo3D_LiDAR2D/build/robot_description/scripts/__init__.py -> /home/juan/Robotics/Proyecto/Mapeo3D_LiDAR2D/install/robot_description/share/robot_description/scripts
[5.731s] symbolically linking /home/juan/Robotics/Proyecto/Mapeo3D_LiDAR2D/build/robot_description/scripts/move_joint.py -> /home/juan/Robotics/Proyecto/Mapeo3D_LiDAR2D/install/robot_description/share/robot_description/scripts
[6.145s] Invoked command in '/home/juan/Robotics/Proyecto/Mapeo3D_LiDAR2D/build/robot_description' returned '0': PYTHONPATH=/home/juan/Robotics/Proyecto/Mapeo3D_LiDAR2D/build/robot_description/prefix_override:/home/juan/Robotics/Proyecto/Mapeo3D_LiDAR2D/install/robot_description/lib/python3.10/site-packages:${PYTHONPATH} /usr/bin/python3 -W ignore:setup.py install is deprecated setup.py develop --editable --build-directory /home/juan/Robotics/Proyecto/Mapeo3D_LiDAR2D/build/robot_description/build --no-deps symlink_data
