[0.168s] Invoking command in '/home/nicolas/RAS/build/vonns2_gazebo': CMAKE_PREFIX_PATH=${CMAKE_PREFIX_PATH}:/opt/ros/humble /usr/bin/cmake --build /home/nicolas/RAS/build/vonns2_gazebo -- -j2 -l2
[0.423s] Built target ament_cmake_python_copy_scripts
[1.358s] running egg_info
[1.361s] writing scripts.egg-info/PKG-INFO
[1.362s] writing dependency_links to scripts.egg-info/dependency_links.txt
[1.363s] writing top-level names to scripts.egg-info/top_level.txt
[1.371s] reading manifest file 'scripts.egg-info/SOURCES.txt'
[1.373s] writing manifest file 'scripts.egg-info/SOURCES.txt'
[1.448s] Built target ament_cmake_python_build_scripts_egg
[1.493s] Invoked command in '/home/nicolas/RAS/build/vonns2_gazebo' returned '0': CMAKE_PREFIX_PATH=${CMAKE_PREFIX_PATH}:/opt/ros/humble /usr/bin/cmake --build /home/nicolas/RAS/build/vonns2_gazebo -- -j2 -l2
[1.724s] Invoking command in '/home/nicolas/RAS/build/vonns2_gazebo': CMAKE_PREFIX_PATH=${CMAKE_PREFIX_PATH}:/opt/ros/humble /usr/bin/cmake --install /home/nicolas/RAS/build/vonns2_gazebo
[1.740s] -- Install configuration: ""
[1.741s] -- Up-to-date: /home/nicolas/RAS/install/vonns2_gazebo/share/vonns2_gazebo/environment/pythonpath.sh
[1.741s] -- Up-to-date: /home/nicolas/RAS/install/vonns2_gazebo/share/vonns2_gazebo/environment/pythonpath.dsv
[1.741s] -- Up-to-date: /home/nicolas/RAS/install/vonns2_gazebo/local/lib/python3.10/dist-packages/scripts-0.0.0-py3.10.egg-info
[1.742s] -- Installing: /home/nicolas/RAS/install/vonns2_gazebo/local/lib/python3.10/dist-packages/scripts-0.0.0-py3.10.egg-info/SOURCES.txt
[1.742s] -- Installing: /home/nicolas/RAS/install/vonns2_gazebo/local/lib/python3.10/dist-packages/scripts-0.0.0-py3.10.egg-info/dependency_links.txt
[1.742s] -- Installing: /home/nicolas/RAS/install/vonns2_gazebo/local/lib/python3.10/dist-packages/scripts-0.0.0-py3.10.egg-info/top_level.txt
[1.742s] -- Installing: /home/nicolas/RAS/install/vonns2_gazebo/local/lib/python3.10/dist-packages/scripts-0.0.0-py3.10.egg-info/PKG-INFO
[1.743s] -- Up-to-date: /home/nicolas/RAS/install/vonns2_gazebo/local/lib/python3.10/dist-packages/scripts
[1.743s] -- Up-to-date: /home/nicolas/RAS/install/vonns2_gazebo/local/lib/python3.10/dist-packages/scripts/joint_group_position_publisher.py
[1.743s] -- Up-to-date: /home/nicolas/RAS/install/vonns2_gazebo/local/lib/python3.10/dist-packages/scripts/__init__.py
[1.870s] Listing '/home/nicolas/RAS/install/vonns2_gazebo/local/lib/python3.10/dist-packages/scripts'...
[1.888s] -- Up-to-date: /home/nicolas/RAS/install/vonns2_gazebo/lib/vonns2_gazebo/joint_group_position_publisher.py
[1.889s] -- Up-to-date: /home/nicolas/RAS/install/vonns2_gazebo/share/vonns2_gazebo/config
[1.889s] -- Up-to-date: /home/nicolas/RAS/install/vonns2_gazebo/share/vonns2_gazebo/config/visualization.rviz
[1.889s] -- Up-to-date: /home/nicolas/RAS/install/vonns2_gazebo/share/vonns2_gazebo/config/joint_group_position_controller.yaml
[1.890s] -- Up-to-date: /home/nicolas/RAS/install/vonns2_gazebo/share/vonns2_gazebo/description
[1.890s] -- Up-to-date: /home/nicolas/RAS/install/vonns2_gazebo/share/vonns2_gazebo/description/vonns2.urdf.xacro
[1.890s] -- Up-to-date: /home/nicolas/RAS/install/vonns2_gazebo/share/vonns2_gazebo/description/vonns2_core.xacro
[1.890s] -- Up-to-date: /home/nicolas/RAS/install/vonns2_gazebo/share/vonns2_gazebo/description/lidar.xacro
[1.891s] -- Up-to-date: /home/nicolas/RAS/install/vonns2_gazebo/share/vonns2_gazebo/description/ros2_control.xacro
[1.892s] -- Up-to-date: /home/nicolas/RAS/install/vonns2_gazebo/share/vonns2_gazebo/launch
[1.892s] -- Up-to-date: /home/nicolas/RAS/install/vonns2_gazebo/share/vonns2_gazebo/launch/robot_state_publisher.launch.py
[1.892s] -- Installing: /home/nicolas/RAS/install/vonns2_gazebo/share/vonns2_gazebo/launch/joint_group_position_controller.launch.py
[1.892s] -- Up-to-date: /home/nicolas/RAS/install/vonns2_gazebo/share/vonns2_gazebo/launch/gazebo.launch.py
[1.892s] -- Up-to-date: /home/nicolas/RAS/install/vonns2_gazebo/share/vonns2_gazebo/launch/visualization.launch.py
[1.918s] -- Up-to-date: /home/nicolas/RAS/install/vonns2_gazebo/share/vonns2_gazebo/meshes
[1.919s] -- Up-to-date: /home/nicolas/RAS/install/vonns2_gazebo/share/vonns2_gazebo/meshes/servo.STL
[1.919s] -- Up-to-date: /home/nicolas/RAS/install/vonns2_gazebo/share/vonns2_gazebo/meshes/laser.STL
[1.919s] -- Up-to-date: /home/nicolas/RAS/install/vonns2_gazebo/share/vonns2_gazebo/meshes/base_footprint.STL
[1.919s] -- Up-to-date: /home/nicolas/RAS/install/vonns2_gazebo/share/vonns2_gazebo/worlds
[1.919s] -- Up-to-date: /home/nicolas/RAS/install/vonns2_gazebo/share/vonns2_gazebo/worlds/cylinder.sdf
[1.920s] -- Up-to-date: /home/nicolas/RAS/install/vonns2_gazebo/share/ament_index/resource_index/package_run_dependencies/vonns2_gazebo
[1.920s] -- Up-to-date: /home/nicolas/RAS/install/vonns2_gazebo/share/ament_index/resource_index/parent_prefix_path/vonns2_gazebo
[1.920s] -- Up-to-date: /home/nicolas/RAS/install/vonns2_gazebo/share/vonns2_gazebo/environment/ament_prefix_path.sh
[1.920s] -- Up-to-date: /home/nicolas/RAS/install/vonns2_gazebo/share/vonns2_gazebo/environment/ament_prefix_path.dsv
[1.921s] -- Up-to-date: /home/nicolas/RAS/install/vonns2_gazebo/share/vonns2_gazebo/environment/path.sh
[1.921s] -- Up-to-date: /home/nicolas/RAS/install/vonns2_gazebo/share/vonns2_gazebo/environment/path.dsv
[1.921s] -- Up-to-date: /home/nicolas/RAS/install/vonns2_gazebo/share/vonns2_gazebo/local_setup.bash
[1.921s] -- Up-to-date: /home/nicolas/RAS/install/vonns2_gazebo/share/vonns2_gazebo/local_setup.sh
[1.921s] -- Up-to-date: /home/nicolas/RAS/install/vonns2_gazebo/share/vonns2_gazebo/local_setup.zsh
[1.922s] -- Up-to-date: /home/nicolas/RAS/install/vonns2_gazebo/share/vonns2_gazebo/local_setup.dsv
[1.922s] -- Installing: /home/nicolas/RAS/install/vonns2_gazebo/share/vonns2_gazebo/package.dsv
[1.922s] -- Up-to-date: /home/nicolas/RAS/install/vonns2_gazebo/share/ament_index/resource_index/packages/vonns2_gazebo
[1.922s] -- Up-to-date: /home/nicolas/RAS/install/vonns2_gazebo/share/vonns2_gazebo/cmake/vonns2_gazeboConfig.cmake
[1.922s] -- Up-to-date: /home/nicolas/RAS/install/vonns2_gazebo/share/vonns2_gazebo/cmake/vonns2_gazeboConfig-version.cmake
[1.923s] -- Up-to-date: /home/nicolas/RAS/install/vonns2_gazebo/share/vonns2_gazebo/package.xml
[1.923s] Invoked command in '/home/nicolas/RAS/build/vonns2_gazebo' returned '0': CMAKE_PREFIX_PATH=${CMAKE_PREFIX_PATH}:/opt/ros/humble /usr/bin/cmake --install /home/nicolas/RAS/build/vonns2_gazebo
