[0.933s] DEBUG:colcon:Command line arguments: ['/usr/bin/colcon', 'build']
[0.934s] DEBUG:colcon:Parsed command line arguments: Namespace(log_base=None, log_level=None, verb_name='build', build_base='build', install_base='install', merge_install=False, symlink_install=False, test_result_base=None, continue_on_error=False, executor='parallel', parallel_workers=2, event_handlers=None, ignore_user_meta=False, metas=['./colcon.meta'], base_paths=['.'], packages_ignore=None, packages_ignore_regex=None, paths=None, packages_up_to=None, packages_up_to_regex=None, packages_above=None, packages_above_and_dependencies=None, packages_above_depth=None, packages_select_by_dep=None, packages_skip_by_dep=None, packages_skip_up_to=None, packages_select_build_failed=False, packages_skip_build_finished=False, packages_select_test_failures=False, packages_skip_test_passed=False, packages_select=None, packages_skip=None, packages_select_regex=None, packages_skip_regex=None, packages_start=None, packages_end=None, allow_overriding=[], cmake_args=None, cmake_target=None, cmake_target_skip_unavailable=False, cmake_clean_cache=False, cmake_clean_first=False, cmake_force_configure=False, ament_cmake_args=None, catkin_cmake_args=None, catkin_skip_building_tests=False, verb_parser=<colcon_defaults.argument_parser.defaults.DefaultArgumentsDecorator object at 0x709ec2828550>, verb_extension=<colcon_core.verb.build.BuildVerb object at 0x709ec2828040>, main=<bound method BuildVerb.main of <colcon_core.verb.build.BuildVerb object at 0x709ec2828040>>)
[2.099s] Level 1:colcon.colcon_core.package_discovery:discover_packages(colcon_meta) check parameters
[2.099s] Level 1:colcon.colcon_core.package_discovery:discover_packages(recursive) check parameters
[2.100s] Level 1:colcon.colcon_core.package_discovery:discover_packages(ignore) check parameters
[2.101s] Level 1:colcon.colcon_core.package_discovery:discover_packages(path) check parameters
[2.101s] Level 1:colcon.colcon_core.package_discovery:discover_packages(colcon_meta) discover
[2.102s] Level 1:colcon.colcon_core.package_discovery:discover_packages(recursive) discover
[2.102s] INFO:colcon.colcon_core.package_discovery:Crawling recursively for packages in '/home/nicolas/RAS'
[2.103s] Level 1:colcon.colcon_core.package_identification:_identify(.) by extensions ['ignore', 'ignore_ament_install']
[2.103s] Level 1:colcon.colcon_core.package_identification:_identify(.) by extension 'ignore'
[2.104s] Level 1:colcon.colcon_core.package_identification:_identify(.) by extension 'ignore_ament_install'
[2.104s] Level 1:colcon.colcon_core.package_identification:_identify(.) by extensions ['colcon_pkg']
[2.105s] Level 1:colcon.colcon_core.package_identification:_identify(.) by extension 'colcon_pkg'
[2.105s] Level 1:colcon.colcon_core.package_identification:_identify(.) by extensions ['colcon_meta']
[2.106s] Level 1:colcon.colcon_core.package_identification:_identify(.) by extension 'colcon_meta'
[2.106s] Level 1:colcon.colcon_core.package_identification:_identify(.) by extensions ['ros']
[2.106s] Level 1:colcon.colcon_core.package_identification:_identify(.) by extension 'ros'
[2.219s] Level 1:colcon.colcon_core.package_identification:_identify(.) by extensions ['cmake', 'python']
[2.220s] Level 1:colcon.colcon_core.package_identification:_identify(.) by extension 'cmake'
[2.220s] Level 1:colcon.colcon_core.package_identification:_identify(.) by extension 'python'
[2.220s] Level 1:colcon.colcon_core.package_identification:_identify(.) by extensions ['python_setup_py']
[2.220s] Level 1:colcon.colcon_core.package_identification:_identify(.) by extension 'python_setup_py'
[2.221s] Level 1:colcon.colcon_core.package_identification:_identify(build) by extensions ['ignore', 'ignore_ament_install']
[2.222s] Level 1:colcon.colcon_core.package_identification:_identify(build) by extension 'ignore'
[2.222s] Level 1:colcon.colcon_core.package_identification:_identify(build) ignored
[2.223s] Level 1:colcon.colcon_core.package_identification:_identify(install) by extensions ['ignore', 'ignore_ament_install']
[2.223s] Level 1:colcon.colcon_core.package_identification:_identify(install) by extension 'ignore'
[2.224s] Level 1:colcon.colcon_core.package_identification:_identify(install) ignored
[2.225s] Level 1:colcon.colcon_core.package_identification:_identify(log) by extensions ['ignore', 'ignore_ament_install']
[2.226s] Level 1:colcon.colcon_core.package_identification:_identify(log) by extension 'ignore'
[2.226s] Level 1:colcon.colcon_core.package_identification:_identify(log) ignored
[2.227s] Level 1:colcon.colcon_core.package_identification:_identify(rosbag2_2024_04_26-01_58_00) by extensions ['ignore', 'ignore_ament_install']
[2.227s] Level 1:colcon.colcon_core.package_identification:_identify(rosbag2_2024_04_26-01_58_00) by extension 'ignore'
[2.228s] Level 1:colcon.colcon_core.package_identification:_identify(rosbag2_2024_04_26-01_58_00) by extension 'ignore_ament_install'
[2.228s] Level 1:colcon.colcon_core.package_identification:_identify(rosbag2_2024_04_26-01_58_00) by extensions ['colcon_pkg']
[2.229s] Level 1:colcon.colcon_core.package_identification:_identify(rosbag2_2024_04_26-01_58_00) by extension 'colcon_pkg'
[2.229s] Level 1:colcon.colcon_core.package_identification:_identify(rosbag2_2024_04_26-01_58_00) by extensions ['colcon_meta']
[2.229s] Level 1:colcon.colcon_core.package_identification:_identify(rosbag2_2024_04_26-01_58_00) by extension 'colcon_meta'
[2.230s] Level 1:colcon.colcon_core.package_identification:_identify(rosbag2_2024_04_26-01_58_00) by extensions ['ros']
[2.230s] Level 1:colcon.colcon_core.package_identification:_identify(rosbag2_2024_04_26-01_58_00) by extension 'ros'
[2.231s] Level 1:colcon.colcon_core.package_identification:_identify(rosbag2_2024_04_26-01_58_00) by extensions ['cmake', 'python']
[2.231s] Level 1:colcon.colcon_core.package_identification:_identify(rosbag2_2024_04_26-01_58_00) by extension 'cmake'
[2.232s] Level 1:colcon.colcon_core.package_identification:_identify(rosbag2_2024_04_26-01_58_00) by extension 'python'
[2.232s] Level 1:colcon.colcon_core.package_identification:_identify(rosbag2_2024_04_26-01_58_00) by extensions ['python_setup_py']
[2.233s] Level 1:colcon.colcon_core.package_identification:_identify(rosbag2_2024_04_26-01_58_00) by extension 'python_setup_py'
[2.233s] Level 1:colcon.colcon_core.package_identification:_identify(src) by extensions ['ignore', 'ignore_ament_install']
[2.234s] Level 1:colcon.colcon_core.package_identification:_identify(src) by extension 'ignore'
[2.234s] Level 1:colcon.colcon_core.package_identification:_identify(src) by extension 'ignore_ament_install'
[2.235s] Level 1:colcon.colcon_core.package_identification:_identify(src) by extensions ['colcon_pkg']
[2.235s] Level 1:colcon.colcon_core.package_identification:_identify(src) by extension 'colcon_pkg'
[2.235s] Level 1:colcon.colcon_core.package_identification:_identify(src) by extensions ['colcon_meta']
[2.236s] Level 1:colcon.colcon_core.package_identification:_identify(src) by extension 'colcon_meta'
[2.236s] Level 1:colcon.colcon_core.package_identification:_identify(src) by extensions ['ros']
[2.237s] Level 1:colcon.colcon_core.package_identification:_identify(src) by extension 'ros'
[2.237s] Level 1:colcon.colcon_core.package_identification:_identify(src) by extensions ['cmake', 'python']
[2.237s] Level 1:colcon.colcon_core.package_identification:_identify(src) by extension 'cmake'
[2.238s] Level 1:colcon.colcon_core.package_identification:_identify(src) by extension 'python'
[2.238s] Level 1:colcon.colcon_core.package_identification:_identify(src) by extensions ['python_setup_py']
[2.238s] Level 1:colcon.colcon_core.package_identification:_identify(src) by extension 'python_setup_py'
[2.239s] Level 1:colcon.colcon_core.package_identification:_identify(src/vonns2-main) by extensions ['ignore', 'ignore_ament_install']
[2.240s] Level 1:colcon.colcon_core.package_identification:_identify(src/vonns2-main) by extension 'ignore'
[2.241s] Level 1:colcon.colcon_core.package_identification:_identify(src/vonns2-main) by extension 'ignore_ament_install'
[2.242s] Level 1:colcon.colcon_core.package_identification:_identify(src/vonns2-main) by extensions ['colcon_pkg']
[2.242s] Level 1:colcon.colcon_core.package_identification:_identify(src/vonns2-main) by extension 'colcon_pkg'
[2.242s] Level 1:colcon.colcon_core.package_identification:_identify(src/vonns2-main) by extensions ['colcon_meta']
[2.242s] Level 1:colcon.colcon_core.package_identification:_identify(src/vonns2-main) by extension 'colcon_meta'
[2.243s] Level 1:colcon.colcon_core.package_identification:_identify(src/vonns2-main) by extensions ['ros']
[2.243s] Level 1:colcon.colcon_core.package_identification:_identify(src/vonns2-main) by extension 'ros'
[2.244s] Level 1:colcon.colcon_core.package_identification:_identify(src/vonns2-main) by extensions ['cmake', 'python']
[2.244s] Level 1:colcon.colcon_core.package_identification:_identify(src/vonns2-main) by extension 'cmake'
[2.244s] Level 1:colcon.colcon_core.package_identification:_identify(src/vonns2-main) by extension 'python'
[2.245s] Level 1:colcon.colcon_core.package_identification:_identify(src/vonns2-main) by extensions ['python_setup_py']
[2.245s] Level 1:colcon.colcon_core.package_identification:_identify(src/vonns2-main) by extension 'python_setup_py'
[2.246s] Level 1:colcon.colcon_core.package_identification:_identify(src/vonns2-main/vonns2_bringup) by extensions ['ignore', 'ignore_ament_install']
[2.247s] Level 1:colcon.colcon_core.package_identification:_identify(src/vonns2-main/vonns2_bringup) by extension 'ignore'
[2.247s] Level 1:colcon.colcon_core.package_identification:_identify(src/vonns2-main/vonns2_bringup) by extension 'ignore_ament_install'
[2.248s] Level 1:colcon.colcon_core.package_identification:_identify(src/vonns2-main/vonns2_bringup) by extensions ['colcon_pkg']
[2.248s] Level 1:colcon.colcon_core.package_identification:_identify(src/vonns2-main/vonns2_bringup) by extension 'colcon_pkg'
[2.248s] Level 1:colcon.colcon_core.package_identification:_identify(src/vonns2-main/vonns2_bringup) by extensions ['colcon_meta']
[2.248s] Level 1:colcon.colcon_core.package_identification:_identify(src/vonns2-main/vonns2_bringup) by extension 'colcon_meta'
[2.249s] Level 1:colcon.colcon_core.package_identification:_identify(src/vonns2-main/vonns2_bringup) by extensions ['ros']
[2.249s] Level 1:colcon.colcon_core.package_identification:_identify(src/vonns2-main/vonns2_bringup) by extension 'ros'
[2.266s] DEBUG:colcon.colcon_core.package_identification:Package 'src/vonns2-main/vonns2_bringup' with type 'ros.ament_cmake' and name 'vonns2_bringup'
[2.267s] Level 1:colcon.colcon_core.package_identification:_identify(src/vonns2-main/vonns2_gazebo) by extensions ['ignore', 'ignore_ament_install']
[2.267s] Level 1:colcon.colcon_core.package_identification:_identify(src/vonns2-main/vonns2_gazebo) by extension 'ignore'
[2.268s] Level 1:colcon.colcon_core.package_identification:_identify(src/vonns2-main/vonns2_gazebo) by extension 'ignore_ament_install'
[2.268s] Level 1:colcon.colcon_core.package_identification:_identify(src/vonns2-main/vonns2_gazebo) by extensions ['colcon_pkg']
[2.268s] Level 1:colcon.colcon_core.package_identification:_identify(src/vonns2-main/vonns2_gazebo) by extension 'colcon_pkg'
[2.268s] Level 1:colcon.colcon_core.package_identification:_identify(src/vonns2-main/vonns2_gazebo) by extensions ['colcon_meta']
[2.268s] Level 1:colcon.colcon_core.package_identification:_identify(src/vonns2-main/vonns2_gazebo) by extension 'colcon_meta'
[2.269s] Level 1:colcon.colcon_core.package_identification:_identify(src/vonns2-main/vonns2_gazebo) by extensions ['ros']
[2.269s] Level 1:colcon.colcon_core.package_identification:_identify(src/vonns2-main/vonns2_gazebo) by extension 'ros'
[2.271s] DEBUG:colcon.colcon_core.package_identification:Package 'src/vonns2-main/vonns2_gazebo' with type 'ros.ament_cmake' and name 'vonns2_gazebo'
[2.272s] Level 1:colcon.colcon_core.package_identification:_identify(src/vonns2-main/vonns2_reconstruction) by extensions ['ignore', 'ignore_ament_install']
[2.273s] Level 1:colcon.colcon_core.package_identification:_identify(src/vonns2-main/vonns2_reconstruction) by extension 'ignore'
[2.274s] Level 1:colcon.colcon_core.package_identification:_identify(src/vonns2-main/vonns2_reconstruction) by extension 'ignore_ament_install'
[2.274s] Level 1:colcon.colcon_core.package_identification:_identify(src/vonns2-main/vonns2_reconstruction) by extensions ['colcon_pkg']
[2.274s] Level 1:colcon.colcon_core.package_identification:_identify(src/vonns2-main/vonns2_reconstruction) by extension 'colcon_pkg'
[2.275s] Level 1:colcon.colcon_core.package_identification:_identify(src/vonns2-main/vonns2_reconstruction) by extensions ['colcon_meta']
[2.275s] Level 1:colcon.colcon_core.package_identification:_identify(src/vonns2-main/vonns2_reconstruction) by extension 'colcon_meta'
[2.276s] Level 1:colcon.colcon_core.package_identification:_identify(src/vonns2-main/vonns2_reconstruction) by extensions ['ros']
[2.276s] Level 1:colcon.colcon_core.package_identification:_identify(src/vonns2-main/vonns2_reconstruction) by extension 'ros'
[2.279s] DEBUG:colcon.colcon_core.package_identification:Package 'src/vonns2-main/vonns2_reconstruction' with type 'ros.ament_cmake' and name 'vonns2_reconstruction'
[2.280s] Level 1:colcon.colcon_core.package_discovery:discover_packages(recursive) using defaults
[2.280s] Level 1:colcon.colcon_core.package_discovery:discover_packages(ignore) discover
[2.280s] Level 1:colcon.colcon_core.package_discovery:discover_packages(ignore) using defaults
[2.281s] Level 1:colcon.colcon_core.package_discovery:discover_packages(path) discover
[2.281s] Level 1:colcon.colcon_core.package_discovery:discover_packages(path) using defaults
[2.378s] Level 1:colcon.colcon_core.package_discovery:discover_packages(prefix_path) check parameters
[2.378s] Level 1:colcon.colcon_core.package_discovery:discover_packages(prefix_path) discover
[2.395s] DEBUG:colcon.colcon_installed_package_information.package_discovery:Found 3 installed packages in /home/nicolas/RAS/install
[2.414s] DEBUG:colcon.colcon_installed_package_information.package_discovery:Found 382 installed packages in /opt/ros/humble
[2.495s] Level 1:colcon.colcon_core.package_discovery:discover_packages(prefix_path) using defaults
[2.913s] Level 5:colcon.colcon_core.verb:set package 'vonns2_bringup' build argument 'cmake_args' from command line to 'None'
[2.913s] Level 5:colcon.colcon_core.verb:set package 'vonns2_bringup' build argument 'cmake_target' from command line to 'None'
[2.913s] Level 5:colcon.colcon_core.verb:set package 'vonns2_bringup' build argument 'cmake_target_skip_unavailable' from command line to 'False'
[2.913s] Level 5:colcon.colcon_core.verb:set package 'vonns2_bringup' build argument 'cmake_clean_cache' from command line to 'False'
[2.913s] Level 5:colcon.colcon_core.verb:set package 'vonns2_bringup' build argument 'cmake_clean_first' from command line to 'False'
[2.913s] Level 5:colcon.colcon_core.verb:set package 'vonns2_bringup' build argument 'cmake_force_configure' from command line to 'False'
[2.913s] Level 5:colcon.colcon_core.verb:set package 'vonns2_bringup' build argument 'ament_cmake_args' from command line to 'None'
[2.914s] Level 5:colcon.colcon_core.verb:set package 'vonns2_bringup' build argument 'catkin_cmake_args' from command line to 'None'
[2.914s] Level 5:colcon.colcon_core.verb:set package 'vonns2_bringup' build argument 'catkin_skip_building_tests' from command line to 'False'
[2.914s] DEBUG:colcon.colcon_core.verb:Building package 'vonns2_bringup' with the following arguments: {'ament_cmake_args': None, 'build_base': '/home/nicolas/RAS/build/vonns2_bringup', 'catkin_cmake_args': None, 'catkin_skip_building_tests': False, 'cmake_args': None, 'cmake_clean_cache': False, 'cmake_clean_first': False, 'cmake_force_configure': False, 'cmake_target': None, 'cmake_target_skip_unavailable': False, 'install_base': '/home/nicolas/RAS/install/vonns2_bringup', 'merge_install': False, 'path': '/home/nicolas/RAS/src/vonns2-main/vonns2_bringup', 'symlink_install': False, 'test_result_base': None}
[2.915s] Level 5:colcon.colcon_core.verb:set package 'vonns2_gazebo' build argument 'cmake_args' from command line to 'None'
[2.916s] Level 5:colcon.colcon_core.verb:set package 'vonns2_gazebo' build argument 'cmake_target' from command line to 'None'
[2.916s] Level 5:colcon.colcon_core.verb:set package 'vonns2_gazebo' build argument 'cmake_target_skip_unavailable' from command line to 'False'
[2.916s] Level 5:colcon.colcon_core.verb:set package 'vonns2_gazebo' build argument 'cmake_clean_cache' from command line to 'False'
[2.916s] Level 5:colcon.colcon_core.verb:set package 'vonns2_gazebo' build argument 'cmake_clean_first' from command line to 'False'
[2.916s] Level 5:colcon.colcon_core.verb:set package 'vonns2_gazebo' build argument 'cmake_force_configure' from command line to 'False'
[2.916s] Level 5:colcon.colcon_core.verb:set package 'vonns2_gazebo' build argument 'ament_cmake_args' from command line to 'None'
[2.916s] Level 5:colcon.colcon_core.verb:set package 'vonns2_gazebo' build argument 'catkin_cmake_args' from command line to 'None'
[2.916s] Level 5:colcon.colcon_core.verb:set package 'vonns2_gazebo' build argument 'catkin_skip_building_tests' from command line to 'False'
[2.916s] DEBUG:colcon.colcon_core.verb:Building package 'vonns2_gazebo' with the following arguments: {'ament_cmake_args': None, 'build_base': '/home/nicolas/RAS/build/vonns2_gazebo', 'catkin_cmake_args': None, 'catkin_skip_building_tests': False, 'cmake_args': None, 'cmake_clean_cache': False, 'cmake_clean_first': False, 'cmake_force_configure': False, 'cmake_target': None, 'cmake_target_skip_unavailable': False, 'install_base': '/home/nicolas/RAS/install/vonns2_gazebo', 'merge_install': False, 'path': '/home/nicolas/RAS/src/vonns2-main/vonns2_gazebo', 'symlink_install': False, 'test_result_base': None}
[2.918s] Level 5:colcon.colcon_core.verb:set package 'vonns2_reconstruction' build argument 'cmake_args' from command line to 'None'
[2.918s] Level 5:colcon.colcon_core.verb:set package 'vonns2_reconstruction' build argument 'cmake_target' from command line to 'None'
[2.918s] Level 5:colcon.colcon_core.verb:set package 'vonns2_reconstruction' build argument 'cmake_target_skip_unavailable' from command line to 'False'
[2.918s] Level 5:colcon.colcon_core.verb:set package 'vonns2_reconstruction' build argument 'cmake_clean_cache' from command line to 'False'
[2.918s] Level 5:colcon.colcon_core.verb:set package 'vonns2_reconstruction' build argument 'cmake_clean_first' from command line to 'False'
[2.918s] Level 5:colcon.colcon_core.verb:set package 'vonns2_reconstruction' build argument 'cmake_force_configure' from command line to 'False'
[2.919s] Level 5:colcon.colcon_core.verb:set package 'vonns2_reconstruction' build argument 'ament_cmake_args' from command line to 'None'
[2.919s] Level 5:colcon.colcon_core.verb:set package 'vonns2_reconstruction' build argument 'catkin_cmake_args' from command line to 'None'
[2.919s] Level 5:colcon.colcon_core.verb:set package 'vonns2_reconstruction' build argument 'catkin_skip_building_tests' from command line to 'False'
[2.919s] DEBUG:colcon.colcon_core.verb:Building package 'vonns2_reconstruction' with the following arguments: {'ament_cmake_args': None, 'build_base': '/home/nicolas/RAS/build/vonns2_reconstruction', 'catkin_cmake_args': None, 'catkin_skip_building_tests': False, 'cmake_args': None, 'cmake_clean_cache': False, 'cmake_clean_first': False, 'cmake_force_configure': False, 'cmake_target': None, 'cmake_target_skip_unavailable': False, 'install_base': '/home/nicolas/RAS/install/vonns2_reconstruction', 'merge_install': False, 'path': '/home/nicolas/RAS/src/vonns2-main/vonns2_reconstruction', 'symlink_install': False, 'test_result_base': None}
[2.919s] INFO:colcon.colcon_core.executor:Executing jobs using 'parallel' executor
[2.923s] DEBUG:colcon.colcon_parallel_executor.executor.parallel:run_until_complete
[2.924s] INFO:colcon.colcon_ros.task.ament_cmake.build:Building ROS package in '/home/nicolas/RAS/src/vonns2-main/vonns2_bringup' with build type 'ament_cmake'
[2.924s] INFO:colcon.colcon_cmake.task.cmake.build:Building CMake package in '/home/nicolas/RAS/src/vonns2-main/vonns2_bringup'
[2.930s] INFO:colcon.colcon_core.plugin_system:Skipping extension 'colcon_core.shell.bat': Not used on non-Windows systems
[2.931s] INFO:colcon.colcon_core.shell:Skip shell extension 'powershell' for command environment: Not usable outside of PowerShell
[2.931s] DEBUG:colcon.colcon_core.shell:Skip shell extension 'dsv' for command environment
[2.960s] INFO:colcon.colcon_ros.task.ament_cmake.build:Building ROS package in '/home/nicolas/RAS/src/vonns2-main/vonns2_gazebo' with build type 'ament_cmake'
[2.961s] INFO:colcon.colcon_cmake.task.cmake.build:Building CMake package in '/home/nicolas/RAS/src/vonns2-main/vonns2_gazebo'
[2.963s] INFO:colcon.colcon_core.shell:Skip shell extension 'powershell' for command environment: Not usable outside of PowerShell
[2.963s] DEBUG:colcon.colcon_core.shell:Skip shell extension 'dsv' for command environment
[3.055s] DEBUG:colcon.colcon_core.event_handler.log_command:Invoking command in '/home/nicolas/RAS/build/vonns2_bringup': CMAKE_PREFIX_PATH=${CMAKE_PREFIX_PATH}:/opt/ros/humble /usr/bin/cmake --build /home/nicolas/RAS/build/vonns2_bringup -- -j2 -l2
[3.112s] DEBUG:colcon.colcon_core.event_handler.log_command:Invoking command in '/home/nicolas/RAS/build/vonns2_gazebo': CMAKE_PREFIX_PATH=${CMAKE_PREFIX_PATH}:/opt/ros/humble /usr/bin/cmake --build /home/nicolas/RAS/build/vonns2_gazebo -- -j2 -l2
[4.614s] DEBUG:colcon.colcon_core.event_handler.log_command:Invoked command in '/home/nicolas/RAS/build/vonns2_gazebo' returned '0': CMAKE_PREFIX_PATH=${CMAKE_PREFIX_PATH}:/opt/ros/humble /usr/bin/cmake --build /home/nicolas/RAS/build/vonns2_gazebo -- -j2 -l2
[4.663s] DEBUG:colcon.colcon_core.event_handler.log_command:Invoked command in '/home/nicolas/RAS/build/vonns2_bringup' returned '0': CMAKE_PREFIX_PATH=${CMAKE_PREFIX_PATH}:/opt/ros/humble /usr/bin/cmake --build /home/nicolas/RAS/build/vonns2_bringup -- -j2 -l2
[4.750s] DEBUG:colcon.colcon_core.event_handler.log_command:Invoking command in '/home/nicolas/RAS/build/vonns2_gazebo': CMAKE_PREFIX_PATH=${CMAKE_PREFIX_PATH}:/opt/ros/humble /usr/bin/cmake --install /home/nicolas/RAS/build/vonns2_gazebo
[4.771s] DEBUG:colcon.colcon_core.event_handler.log_command:Invoking command in '/home/nicolas/RAS/build/vonns2_bringup': CMAKE_PREFIX_PATH=${CMAKE_PREFIX_PATH}:/opt/ros/humble /usr/bin/cmake --install /home/nicolas/RAS/build/vonns2_bringup
[4.962s] Level 1:colcon.colcon_core.environment:create_environment_scripts_only(vonns2_gazebo)
[4.984s] Level 1:colcon.colcon_core.environment:checking '/home/nicolas/RAS/install/vonns2_gazebo' for CMake module files
[4.988s] DEBUG:colcon.colcon_core.event_handler.log_command:Invoked command in '/home/nicolas/RAS/build/vonns2_gazebo' returned '0': CMAKE_PREFIX_PATH=${CMAKE_PREFIX_PATH}:/opt/ros/humble /usr/bin/cmake --install /home/nicolas/RAS/build/vonns2_gazebo
[5.001s] Level 1:colcon.colcon_core.environment:checking '/home/nicolas/RAS/install/vonns2_gazebo' for CMake config files
[5.002s] Level 1:colcon.colcon_core.shell:create_environment_hook('vonns2_gazebo', 'cmake_prefix_path')
[5.004s] INFO:colcon.colcon_core.shell:Creating environment hook '/home/nicolas/RAS/install/vonns2_gazebo/share/vonns2_gazebo/hook/cmake_prefix_path.ps1'
[5.008s] INFO:colcon.colcon_core.shell:Creating environment descriptor '/home/nicolas/RAS/install/vonns2_gazebo/share/vonns2_gazebo/hook/cmake_prefix_path.dsv'
[5.013s] INFO:colcon.colcon_core.shell:Creating environment hook '/home/nicolas/RAS/install/vonns2_gazebo/share/vonns2_gazebo/hook/cmake_prefix_path.sh'
[5.024s] Level 1:colcon.colcon_core.environment:checking '/home/nicolas/RAS/install/vonns2_gazebo/lib'
[5.025s] Level 1:colcon.colcon_core.environment:checking '/home/nicolas/RAS/install/vonns2_gazebo/bin'
[5.026s] Level 1:colcon.colcon_core.environment:checking '/home/nicolas/RAS/install/vonns2_gazebo/lib/pkgconfig/vonns2_gazebo.pc'
[5.027s] Level 1:colcon.colcon_core.environment:checking '/home/nicolas/RAS/install/vonns2_gazebo/lib/python3.10/site-packages'
[5.028s] Level 1:colcon.colcon_core.environment:checking '/home/nicolas/RAS/install/vonns2_gazebo/bin'
[5.030s] INFO:colcon.colcon_core.shell:Creating package script '/home/nicolas/RAS/install/vonns2_gazebo/share/vonns2_gazebo/package.ps1'
[5.039s] INFO:colcon.colcon_core.shell:Creating package descriptor '/home/nicolas/RAS/install/vonns2_gazebo/share/vonns2_gazebo/package.dsv'
[5.047s] INFO:colcon.colcon_core.shell:Creating package script '/home/nicolas/RAS/install/vonns2_gazebo/share/vonns2_gazebo/package.sh'
[5.060s] INFO:colcon.colcon_core.shell:Creating package script '/home/nicolas/RAS/install/vonns2_gazebo/share/vonns2_gazebo/package.bash'
[5.066s] INFO:colcon.colcon_core.shell:Creating package script '/home/nicolas/RAS/install/vonns2_gazebo/share/vonns2_gazebo/package.zsh'
[5.071s] Level 1:colcon.colcon_core.environment:create_file_with_runtime_dependencies(/home/nicolas/RAS/install/vonns2_gazebo/share/colcon-core/packages/vonns2_gazebo)
[5.090s] Level 1:colcon.colcon_core.environment:create_environment_scripts_only(vonns2_bringup)
[5.093s] Level 1:colcon.colcon_core.environment:checking '/home/nicolas/RAS/install/vonns2_bringup' for CMake module files
[5.125s] Level 1:colcon.colcon_core.environment:checking '/home/nicolas/RAS/install/vonns2_bringup' for CMake config files
[5.132s] DEBUG:colcon.colcon_core.event_handler.log_command:Invoked command in '/home/nicolas/RAS/build/vonns2_bringup' returned '0': CMAKE_PREFIX_PATH=${CMAKE_PREFIX_PATH}:/opt/ros/humble /usr/bin/cmake --install /home/nicolas/RAS/build/vonns2_bringup
[5.135s] Level 1:colcon.colcon_core.shell:create_environment_hook('vonns2_bringup', 'cmake_prefix_path')
[5.137s] INFO:colcon.colcon_core.shell:Creating environment hook '/home/nicolas/RAS/install/vonns2_bringup/share/vonns2_bringup/hook/cmake_prefix_path.ps1'
[5.141s] INFO:colcon.colcon_core.shell:Creating environment descriptor '/home/nicolas/RAS/install/vonns2_bringup/share/vonns2_bringup/hook/cmake_prefix_path.dsv'
[5.144s] INFO:colcon.colcon_core.shell:Creating environment hook '/home/nicolas/RAS/install/vonns2_bringup/share/vonns2_bringup/hook/cmake_prefix_path.sh'
[5.147s] Level 1:colcon.colcon_core.environment:checking '/home/nicolas/RAS/install/vonns2_bringup/lib'
[5.147s] Level 1:colcon.colcon_core.environment:checking '/home/nicolas/RAS/install/vonns2_bringup/bin'
[5.148s] Level 1:colcon.colcon_core.environment:checking '/home/nicolas/RAS/install/vonns2_bringup/lib/pkgconfig/vonns2_bringup.pc'
[5.148s] Level 1:colcon.colcon_core.environment:checking '/home/nicolas/RAS/install/vonns2_bringup/lib/python3.10/site-packages'
[5.149s] Level 1:colcon.colcon_core.environment:checking '/home/nicolas/RAS/install/vonns2_bringup/bin'
[5.150s] INFO:colcon.colcon_core.shell:Creating package script '/home/nicolas/RAS/install/vonns2_bringup/share/vonns2_bringup/package.ps1'
[5.152s] INFO:colcon.colcon_core.shell:Creating package descriptor '/home/nicolas/RAS/install/vonns2_bringup/share/vonns2_bringup/package.dsv'
[5.154s] INFO:colcon.colcon_core.shell:Creating package script '/home/nicolas/RAS/install/vonns2_bringup/share/vonns2_bringup/package.sh'
[5.156s] INFO:colcon.colcon_core.shell:Creating package script '/home/nicolas/RAS/install/vonns2_bringup/share/vonns2_bringup/package.bash'
[5.158s] INFO:colcon.colcon_core.shell:Creating package script '/home/nicolas/RAS/install/vonns2_bringup/share/vonns2_bringup/package.zsh'
[5.159s] Level 1:colcon.colcon_core.environment:create_file_with_runtime_dependencies(/home/nicolas/RAS/install/vonns2_bringup/share/colcon-core/packages/vonns2_bringup)
[5.272s] Level 1:colcon.colcon_core.environment:create_environment_scripts_only(vonns2_gazebo)
[5.275s] Level 1:colcon.colcon_core.environment:checking '/home/nicolas/RAS/install/vonns2_gazebo' for CMake module files
[5.278s] Level 1:colcon.colcon_core.environment:checking '/home/nicolas/RAS/install/vonns2_gazebo' for CMake config files
[5.280s] Level 1:colcon.colcon_core.shell:create_environment_hook('vonns2_gazebo', 'cmake_prefix_path')
[5.281s] INFO:colcon.colcon_core.shell:Creating environment hook '/home/nicolas/RAS/install/vonns2_gazebo/share/vonns2_gazebo/hook/cmake_prefix_path.ps1'
[5.283s] INFO:colcon.colcon_core.shell:Creating environment descriptor '/home/nicolas/RAS/install/vonns2_gazebo/share/vonns2_gazebo/hook/cmake_prefix_path.dsv'
[5.301s] INFO:colcon.colcon_core.shell:Creating environment hook '/home/nicolas/RAS/install/vonns2_gazebo/share/vonns2_gazebo/hook/cmake_prefix_path.sh'
[5.307s] Level 1:colcon.colcon_core.environment:checking '/home/nicolas/RAS/install/vonns2_gazebo/lib'
[5.308s] Level 1:colcon.colcon_core.environment:checking '/home/nicolas/RAS/install/vonns2_gazebo/bin'
[5.309s] Level 1:colcon.colcon_core.environment:checking '/home/nicolas/RAS/install/vonns2_gazebo/lib/pkgconfig/vonns2_gazebo.pc'
[5.310s] Level 1:colcon.colcon_core.environment:checking '/home/nicolas/RAS/install/vonns2_gazebo/lib/python3.10/site-packages'
[5.313s] Level 1:colcon.colcon_core.environment:checking '/home/nicolas/RAS/install/vonns2_gazebo/bin'
[5.315s] INFO:colcon.colcon_core.shell:Creating package script '/home/nicolas/RAS/install/vonns2_gazebo/share/vonns2_gazebo/package.ps1'
[5.321s] INFO:colcon.colcon_core.shell:Creating package descriptor '/home/nicolas/RAS/install/vonns2_gazebo/share/vonns2_gazebo/package.dsv'
[5.329s] INFO:colcon.colcon_core.shell:Creating package script '/home/nicolas/RAS/install/vonns2_gazebo/share/vonns2_gazebo/package.sh'
[5.334s] INFO:colcon.colcon_core.shell:Creating package script '/home/nicolas/RAS/install/vonns2_gazebo/share/vonns2_gazebo/package.bash'
[5.339s] INFO:colcon.colcon_core.shell:Creating package script '/home/nicolas/RAS/install/vonns2_gazebo/share/vonns2_gazebo/package.zsh'
[5.344s] Level 1:colcon.colcon_core.environment:create_file_with_runtime_dependencies(/home/nicolas/RAS/install/vonns2_gazebo/share/colcon-core/packages/vonns2_gazebo)
[5.350s] INFO:colcon.colcon_ros.task.ament_cmake.build:Building ROS package in '/home/nicolas/RAS/src/vonns2-main/vonns2_reconstruction' with build type 'ament_cmake'
[5.352s] INFO:colcon.colcon_cmake.task.cmake.build:Building CMake package in '/home/nicolas/RAS/src/vonns2-main/vonns2_reconstruction'
[5.356s] INFO:colcon.colcon_core.shell:Skip shell extension 'powershell' for command environment: Not usable outside of PowerShell
[5.359s] DEBUG:colcon.colcon_core.shell:Skip shell extension 'dsv' for command environment
[5.444s] Level 1:colcon.colcon_core.environment:create_environment_scripts_only(vonns2_bringup)
[5.445s] Level 1:colcon.colcon_core.environment:checking '/home/nicolas/RAS/install/vonns2_bringup' for CMake module files
[5.447s] Level 1:colcon.colcon_core.environment:checking '/home/nicolas/RAS/install/vonns2_bringup' for CMake config files
[5.448s] Level 1:colcon.colcon_core.shell:create_environment_hook('vonns2_bringup', 'cmake_prefix_path')
[5.450s] INFO:colcon.colcon_core.shell:Creating environment hook '/home/nicolas/RAS/install/vonns2_bringup/share/vonns2_bringup/hook/cmake_prefix_path.ps1'
[5.452s] INFO:colcon.colcon_core.shell:Creating environment descriptor '/home/nicolas/RAS/install/vonns2_bringup/share/vonns2_bringup/hook/cmake_prefix_path.dsv'
[5.455s] INFO:colcon.colcon_core.shell:Creating environment hook '/home/nicolas/RAS/install/vonns2_bringup/share/vonns2_bringup/hook/cmake_prefix_path.sh'
[5.471s] Level 1:colcon.colcon_core.environment:checking '/home/nicolas/RAS/install/vonns2_bringup/lib'
[5.473s] Level 1:colcon.colcon_core.environment:checking '/home/nicolas/RAS/install/vonns2_bringup/bin'
[5.473s] Level 1:colcon.colcon_core.environment:checking '/home/nicolas/RAS/install/vonns2_bringup/lib/pkgconfig/vonns2_bringup.pc'
[5.475s] Level 1:colcon.colcon_core.environment:checking '/home/nicolas/RAS/install/vonns2_bringup/lib/python3.10/site-packages'
[5.477s] Level 1:colcon.colcon_core.environment:checking '/home/nicolas/RAS/install/vonns2_bringup/bin'
[5.481s] INFO:colcon.colcon_core.shell:Creating package script '/home/nicolas/RAS/install/vonns2_bringup/share/vonns2_bringup/package.ps1'
[5.486s] INFO:colcon.colcon_core.shell:Creating package descriptor '/home/nicolas/RAS/install/vonns2_bringup/share/vonns2_bringup/package.dsv'
[5.492s] INFO:colcon.colcon_core.shell:Creating package script '/home/nicolas/RAS/install/vonns2_bringup/share/vonns2_bringup/package.sh'
[5.497s] INFO:colcon.colcon_core.shell:Creating package script '/home/nicolas/RAS/install/vonns2_bringup/share/vonns2_bringup/package.bash'
[5.501s] INFO:colcon.colcon_core.shell:Creating package script '/home/nicolas/RAS/install/vonns2_bringup/share/vonns2_bringup/package.zsh'
[5.503s] Level 1:colcon.colcon_core.environment:create_file_with_runtime_dependencies(/home/nicolas/RAS/install/vonns2_bringup/share/colcon-core/packages/vonns2_bringup)
[5.539s] DEBUG:colcon.colcon_core.event_handler.log_command:Invoking command in '/home/nicolas/RAS/build/vonns2_reconstruction': CMAKE_PREFIX_PATH=${CMAKE_PREFIX_PATH}:/opt/ros/humble /usr/bin/cmake --build /home/nicolas/RAS/build/vonns2_reconstruction -- -j2 -l2
[9.107s] DEBUG:colcon.colcon_core.event_handler.log_command:Invoked command in '/home/nicolas/RAS/build/vonns2_reconstruction' returned '0': CMAKE_PREFIX_PATH=${CMAKE_PREFIX_PATH}:/opt/ros/humble /usr/bin/cmake --build /home/nicolas/RAS/build/vonns2_reconstruction -- -j2 -l2
[9.403s] DEBUG:colcon.colcon_core.event_handler.log_command:Invoking command in '/home/nicolas/RAS/build/vonns2_reconstruction': CMAKE_PREFIX_PATH=${CMAKE_PREFIX_PATH}:/opt/ros/humble /usr/bin/cmake --install /home/nicolas/RAS/build/vonns2_reconstruction
[9.931s] Level 1:colcon.colcon_core.environment:create_environment_scripts_only(vonns2_reconstruction)
[9.934s] Level 1:colcon.colcon_core.environment:checking '/home/nicolas/RAS/install/vonns2_reconstruction' for CMake module files
[9.938s] DEBUG:colcon.colcon_core.event_handler.log_command:Invoked command in '/home/nicolas/RAS/build/vonns2_reconstruction' returned '0': CMAKE_PREFIX_PATH=${CMAKE_PREFIX_PATH}:/opt/ros/humble /usr/bin/cmake --install /home/nicolas/RAS/build/vonns2_reconstruction
[9.940s] Level 1:colcon.colcon_core.environment:checking '/home/nicolas/RAS/install/vonns2_reconstruction' for CMake config files
[9.940s] Level 1:colcon.colcon_core.shell:create_environment_hook('vonns2_reconstruction', 'cmake_prefix_path')
[9.942s] INFO:colcon.colcon_core.shell:Creating environment hook '/home/nicolas/RAS/install/vonns2_reconstruction/share/vonns2_reconstruction/hook/cmake_prefix_path.ps1'
[9.945s] INFO:colcon.colcon_core.shell:Creating environment descriptor '/home/nicolas/RAS/install/vonns2_reconstruction/share/vonns2_reconstruction/hook/cmake_prefix_path.dsv'
[9.961s] INFO:colcon.colcon_core.shell:Creating environment hook '/home/nicolas/RAS/install/vonns2_reconstruction/share/vonns2_reconstruction/hook/cmake_prefix_path.sh'
[9.981s] Level 1:colcon.colcon_core.environment:checking '/home/nicolas/RAS/install/vonns2_reconstruction/lib'
[9.981s] Level 1:colcon.colcon_core.environment:checking '/home/nicolas/RAS/install/vonns2_reconstruction/bin'
[9.981s] Level 1:colcon.colcon_core.environment:checking '/home/nicolas/RAS/install/vonns2_reconstruction/lib/pkgconfig/vonns2_reconstruction.pc'
[9.983s] Level 1:colcon.colcon_core.environment:checking '/home/nicolas/RAS/install/vonns2_reconstruction/lib/python3.10/site-packages'
[9.985s] Level 1:colcon.colcon_core.environment:checking '/home/nicolas/RAS/install/vonns2_reconstruction/bin'
[9.987s] INFO:colcon.colcon_core.shell:Creating package script '/home/nicolas/RAS/install/vonns2_reconstruction/share/vonns2_reconstruction/package.ps1'
[9.992s] INFO:colcon.colcon_core.shell:Creating package descriptor '/home/nicolas/RAS/install/vonns2_reconstruction/share/vonns2_reconstruction/package.dsv'
[9.996s] INFO:colcon.colcon_core.shell:Creating package script '/home/nicolas/RAS/install/vonns2_reconstruction/share/vonns2_reconstruction/package.sh'
[10.008s] INFO:colcon.colcon_core.shell:Creating package script '/home/nicolas/RAS/install/vonns2_reconstruction/share/vonns2_reconstruction/package.bash'
[10.014s] INFO:colcon.colcon_core.shell:Creating package script '/home/nicolas/RAS/install/vonns2_reconstruction/share/vonns2_reconstruction/package.zsh'
[10.022s] Level 1:colcon.colcon_core.environment:create_file_with_runtime_dependencies(/home/nicolas/RAS/install/vonns2_reconstruction/share/colcon-core/packages/vonns2_reconstruction)
[10.404s] Level 1:colcon.colcon_core.environment:create_environment_scripts_only(vonns2_reconstruction)
[10.405s] Level 1:colcon.colcon_core.environment:checking '/home/nicolas/RAS/install/vonns2_reconstruction' for CMake module files
[10.407s] Level 1:colcon.colcon_core.environment:checking '/home/nicolas/RAS/install/vonns2_reconstruction' for CMake config files
[10.408s] Level 1:colcon.colcon_core.shell:create_environment_hook('vonns2_reconstruction', 'cmake_prefix_path')
[10.410s] INFO:colcon.colcon_core.shell:Creating environment hook '/home/nicolas/RAS/install/vonns2_reconstruction/share/vonns2_reconstruction/hook/cmake_prefix_path.ps1'
[10.413s] INFO:colcon.colcon_core.shell:Creating environment descriptor '/home/nicolas/RAS/install/vonns2_reconstruction/share/vonns2_reconstruction/hook/cmake_prefix_path.dsv'
[10.417s] INFO:colcon.colcon_core.shell:Creating environment hook '/home/nicolas/RAS/install/vonns2_reconstruction/share/vonns2_reconstruction/hook/cmake_prefix_path.sh'
[10.422s] Level 1:colcon.colcon_core.environment:checking '/home/nicolas/RAS/install/vonns2_reconstruction/lib'
[10.423s] Level 1:colcon.colcon_core.environment:checking '/home/nicolas/RAS/install/vonns2_reconstruction/bin'
[10.424s] Level 1:colcon.colcon_core.environment:checking '/home/nicolas/RAS/install/vonns2_reconstruction/lib/pkgconfig/vonns2_reconstruction.pc'
[10.425s] Level 1:colcon.colcon_core.environment:checking '/home/nicolas/RAS/install/vonns2_reconstruction/lib/python3.10/site-packages'
[10.427s] Level 1:colcon.colcon_core.environment:checking '/home/nicolas/RAS/install/vonns2_reconstruction/bin'
[10.429s] INFO:colcon.colcon_core.shell:Creating package script '/home/nicolas/RAS/install/vonns2_reconstruction/share/vonns2_reconstruction/package.ps1'
[10.434s] INFO:colcon.colcon_core.shell:Creating package descriptor '/home/nicolas/RAS/install/vonns2_reconstruction/share/vonns2_reconstruction/package.dsv'
[10.438s] INFO:colcon.colcon_core.shell:Creating package script '/home/nicolas/RAS/install/vonns2_reconstruction/share/vonns2_reconstruction/package.sh'
[10.449s] INFO:colcon.colcon_core.shell:Creating package script '/home/nicolas/RAS/install/vonns2_reconstruction/share/vonns2_reconstruction/package.bash'
[10.458s] INFO:colcon.colcon_core.shell:Creating package script '/home/nicolas/RAS/install/vonns2_reconstruction/share/vonns2_reconstruction/package.zsh'
[10.462s] Level 1:colcon.colcon_core.environment:create_file_with_runtime_dependencies(/home/nicolas/RAS/install/vonns2_reconstruction/share/colcon-core/packages/vonns2_reconstruction)
[10.464s] DEBUG:colcon.colcon_parallel_executor.executor.parallel:closing loop
[10.464s] DEBUG:colcon.colcon_parallel_executor.executor.parallel:loop closed
[10.464s] DEBUG:colcon.colcon_parallel_executor.executor.parallel:run_until_complete finished with '0'
[10.465s] DEBUG:colcon.colcon_core.event_reactor:joining thread
[10.508s] INFO:colcon.colcon_core.plugin_system:Skipping extension 'colcon_notification.desktop_notification.terminal_notifier': Not used on non-Darwin systems
[10.508s] INFO:colcon.colcon_core.plugin_system:Skipping extension 'colcon_notification.desktop_notification.win32': Not used on non-Windows systems
[10.509s] INFO:colcon.colcon_notification.desktop_notification:Sending desktop notification using 'notify2'
[10.648s] DEBUG:colcon.colcon_core.event_reactor:joined thread
[10.651s] INFO:colcon.colcon_core.shell:Creating prefix script '/home/nicolas/RAS/install/local_setup.ps1'
[10.661s] INFO:colcon.colcon_core.shell:Creating prefix util module '/home/nicolas/RAS/install/_local_setup_util_ps1.py'
[10.673s] INFO:colcon.colcon_core.shell:Creating prefix chain script '/home/nicolas/RAS/install/setup.ps1'
[10.681s] INFO:colcon.colcon_core.shell:Creating prefix script '/home/nicolas/RAS/install/local_setup.sh'
[10.689s] INFO:colcon.colcon_core.shell:Creating prefix util module '/home/nicolas/RAS/install/_local_setup_util_sh.py'
[10.696s] INFO:colcon.colcon_core.shell:Creating prefix chain script '/home/nicolas/RAS/install/setup.sh'
[10.713s] INFO:colcon.colcon_core.shell:Creating prefix script '/home/nicolas/RAS/install/local_setup.bash'
[10.716s] INFO:colcon.colcon_core.shell:Creating prefix chain script '/home/nicolas/RAS/install/setup.bash'
[10.721s] INFO:colcon.colcon_core.shell:Creating prefix script '/home/nicolas/RAS/install/local_setup.zsh'
[10.724s] INFO:colcon.colcon_core.shell:Creating prefix chain script '/home/nicolas/RAS/install/setup.zsh'
