[1.362s] Invoking command in '/home/juan/Robotics/Proyecto/Mapeo3D_LiDAR2D/build/navigation_pkg': PYTHONPATH=/home/juan/Robotics/Proyecto/Mapeo3D_LiDAR2D/build/navigation_pkg/prefix_override:/home/juan/Robotics/Proyecto/Mapeo3D_LiDAR2D/install/navigation_pkg/lib/python3.10/site-packages:${PYTHONPATH} /usr/bin/python3 -W ignore:setup.py install is deprecated setup.py develop --editable --build-directory /home/juan/Robotics/Proyecto/Mapeo3D_LiDAR2D/build/navigation_pkg/build --no-deps symlink_data
[1.715s] running develop
[1.716s] /home/juan/.local/lib/python3.10/site-packages/setuptools/command/develop.py:40: EasyInstallDeprecationWarning: easy_install command is deprecated.
[1.716s] !!
[1.716s] 
[1.716s]         ********************************************************************************
[1.716s]         Please avoid running ``setup.py`` and ``easy_install``.
[1.716s]         Instead, use pypa/build, pypa/installer or other
[1.716s]         standards-based tools.
[1.716s] 
[1.716s]         See https://github.com/pypa/setuptools/issues/917 for details.
[1.716s]         ********************************************************************************
[1.716s] 
[1.716s] !!
[1.716s]   easy_install.initialize_options(self)
[1.992s] running egg_info
[1.992s] creating navigation_pkg.egg-info
[2.012s] writing navigation_pkg.egg-info/PKG-INFO
[2.012s] writing dependency_links to navigation_pkg.egg-info/dependency_links.txt
[2.013s] writing entry points to navigation_pkg.egg-info/entry_points.txt
[2.013s] writing requirements to navigation_pkg.egg-info/requires.txt
[2.013s] writing top-level names to navigation_pkg.egg-info/top_level.txt
[2.013s] writing manifest file 'navigation_pkg.egg-info/SOURCES.txt'
[2.067s] reading manifest file 'navigation_pkg.egg-info/SOURCES.txt'
[2.067s] writing manifest file 'navigation_pkg.egg-info/SOURCES.txt'
[2.090s] running build_ext
[2.090s] Creating /home/juan/Robotics/Proyecto/Mapeo3D_LiDAR2D/install/navigation_pkg/lib/python3.10/site-packages/navigation-pkg.egg-link (link to .)
[2.091s] Installing nav1 script to /home/juan/Robotics/Proyecto/Mapeo3D_LiDAR2D/install/navigation_pkg/lib/navigation_pkg
[2.092s] Installing nav2_node script to /home/juan/Robotics/Proyecto/Mapeo3D_LiDAR2D/install/navigation_pkg/lib/navigation_pkg
[2.092s] Installing obstacle_node script to /home/juan/Robotics/Proyecto/Mapeo3D_LiDAR2D/install/navigation_pkg/lib/navigation_pkg
[2.092s] 
[2.093s] Installed /home/juan/Robotics/Proyecto/Mapeo3D_LiDAR2D/build/navigation_pkg
[2.093s] running symlink_data
[2.093s] creating /home/juan/Robotics/Proyecto/Mapeo3D_LiDAR2D/install/navigation_pkg/share/ament_index
[2.093s] creating /home/juan/Robotics/Proyecto/Mapeo3D_LiDAR2D/install/navigation_pkg/share/ament_index/resource_index
[2.093s] creating /home/juan/Robotics/Proyecto/Mapeo3D_LiDAR2D/install/navigation_pkg/share/ament_index/resource_index/packages
[2.093s] symbolically linking /home/juan/Robotics/Proyecto/Mapeo3D_LiDAR2D/build/navigation_pkg/resource/navigation_pkg -> /home/juan/Robotics/Proyecto/Mapeo3D_LiDAR2D/install/navigation_pkg/share/ament_index/resource_index/packages
[2.093s] symbolically linking /home/juan/Robotics/Proyecto/Mapeo3D_LiDAR2D/build/navigation_pkg/package.xml -> /home/juan/Robotics/Proyecto/Mapeo3D_LiDAR2D/install/navigation_pkg/share/navigation_pkg
[2.162s] Invoked command in '/home/juan/Robotics/Proyecto/Mapeo3D_LiDAR2D/build/navigation_pkg' returned '0': PYTHONPATH=/home/juan/Robotics/Proyecto/Mapeo3D_LiDAR2D/build/navigation_pkg/prefix_override:/home/juan/Robotics/Proyecto/Mapeo3D_LiDAR2D/install/navigation_pkg/lib/python3.10/site-packages:${PYTHONPATH} /usr/bin/python3 -W ignore:setup.py install is deprecated setup.py develop --editable --build-directory /home/juan/Robotics/Proyecto/Mapeo3D_LiDAR2D/build/navigation_pkg/build --no-deps symlink_data
