[6.962s] DEBUG:colcon:Command line arguments: ['/usr/bin/colcon', 'build', '--symlink-install']
[6.962s] DEBUG:colcon:Parsed command line arguments: Namespace(log_base=None, log_level=None, verb_name='build', build_base='build', install_base='install', merge_install=False, symlink_install=True, test_result_base=None, continue_on_error=False, executor='parallel', parallel_workers=12, event_handlers=None, ignore_user_meta=False, metas=['./colcon.meta'], base_paths=['.'], packages_ignore=None, packages_ignore_regex=None, paths=None, packages_up_to=None, packages_up_to_regex=None, packages_above=None, packages_above_and_dependencies=None, packages_above_depth=None, packages_select_by_dep=None, packages_skip_by_dep=None, packages_skip_up_to=None, packages_select_build_failed=False, packages_skip_build_finished=False, packages_select_test_failures=False, packages_skip_test_passed=False, packages_select=None, packages_skip=None, packages_select_regex=None, packages_skip_regex=None, packages_start=None, packages_end=None, allow_overriding=[], cmake_args=None, cmake_target=None, cmake_target_skip_unavailable=False, cmake_clean_cache=False, cmake_clean_first=False, cmake_force_configure=False, ament_cmake_args=None, catkin_cmake_args=None, catkin_skip_building_tests=False, mixin_files=None, mixin=None, verb_parser=<colcon_mixin.mixin.mixin_argument.MixinArgumentDecorator object at 0x7284ab679390>, verb_extension=<colcon_core.verb.build.BuildVerb object at 0x7284ab678ee0>, main=<bound method BuildVerb.main of <colcon_core.verb.build.BuildVerb object at 0x7284ab678ee0>>, mixin_verb=('build',))
[7.283s] Level 1:colcon.colcon_core.package_discovery:discover_packages(colcon_meta) check parameters
[7.283s] Level 1:colcon.colcon_core.package_discovery:discover_packages(recursive) check parameters
[7.283s] Level 1:colcon.colcon_core.package_discovery:discover_packages(ignore) check parameters
[7.283s] Level 1:colcon.colcon_core.package_discovery:discover_packages(path) check parameters
[7.283s] Level 1:colcon.colcon_core.package_discovery:discover_packages(colcon_meta) discover
[7.283s] Level 1:colcon.colcon_core.package_discovery:discover_packages(recursive) discover
[7.284s] INFO:colcon.colcon_core.package_discovery:Crawling recursively for packages in '/home/juan/Robotics/Proyecto/Mapeo3D_LiDAR2D'
[7.284s] Level 1:colcon.colcon_core.package_identification:_identify(.) by extensions ['ignore', 'ignore_ament_install']
[7.284s] Level 1:colcon.colcon_core.package_identification:_identify(.) by extension 'ignore'
[7.284s] Level 1:colcon.colcon_core.package_identification:_identify(.) by extension 'ignore_ament_install'
[7.284s] Level 1:colcon.colcon_core.package_identification:_identify(.) by extensions ['colcon_pkg']
[7.284s] Level 1:colcon.colcon_core.package_identification:_identify(.) by extension 'colcon_pkg'
[7.284s] Level 1:colcon.colcon_core.package_identification:_identify(.) by extensions ['colcon_meta']
[7.284s] Level 1:colcon.colcon_core.package_identification:_identify(.) by extension 'colcon_meta'
[7.284s] Level 1:colcon.colcon_core.package_identification:_identify(.) by extensions ['ros']
[7.285s] Level 1:colcon.colcon_core.package_identification:_identify(.) by extension 'ros'
[7.361s] Level 1:colcon.colcon_core.package_identification:_identify(.) by extensions ['cmake', 'python']
[7.362s] Level 1:colcon.colcon_core.package_identification:_identify(.) by extension 'cmake'
[7.362s] Level 1:colcon.colcon_core.package_identification:_identify(.) by extension 'python'
[7.362s] Level 1:colcon.colcon_core.package_identification:_identify(.) by extensions ['python_setup_py']
[7.362s] Level 1:colcon.colcon_core.package_identification:_identify(.) by extension 'python_setup_py'
[7.362s] Level 1:colcon.colcon_core.package_identification:_identify(build) by extensions ['ignore', 'ignore_ament_install']
[7.362s] Level 1:colcon.colcon_core.package_identification:_identify(build) by extension 'ignore'
[7.363s] Level 1:colcon.colcon_core.package_identification:_identify(build) ignored
[7.363s] Level 1:colcon.colcon_core.package_identification:_identify(install) by extensions ['ignore', 'ignore_ament_install']
[7.363s] Level 1:colcon.colcon_core.package_identification:_identify(install) by extension 'ignore'
[7.363s] Level 1:colcon.colcon_core.package_identification:_identify(install) ignored
[7.363s] Level 1:colcon.colcon_core.package_identification:_identify(log) by extensions ['ignore', 'ignore_ament_install']
[7.364s] Level 1:colcon.colcon_core.package_identification:_identify(log) by extension 'ignore'
[7.364s] Level 1:colcon.colcon_core.package_identification:_identify(log) ignored
[7.364s] Level 1:colcon.colcon_core.package_identification:_identify(src) by extensions ['ignore', 'ignore_ament_install']
[7.364s] Level 1:colcon.colcon_core.package_identification:_identify(src) by extension 'ignore'
[7.364s] Level 1:colcon.colcon_core.package_identification:_identify(src) by extension 'ignore_ament_install'
[7.364s] Level 1:colcon.colcon_core.package_identification:_identify(src) by extensions ['colcon_pkg']
[7.364s] Level 1:colcon.colcon_core.package_identification:_identify(src) by extension 'colcon_pkg'
[7.364s] Level 1:colcon.colcon_core.package_identification:_identify(src) by extensions ['colcon_meta']
[7.365s] Level 1:colcon.colcon_core.package_identification:_identify(src) by extension 'colcon_meta'
[7.365s] Level 1:colcon.colcon_core.package_identification:_identify(src) by extensions ['ros']
[7.365s] Level 1:colcon.colcon_core.package_identification:_identify(src) by extension 'ros'
[7.365s] Level 1:colcon.colcon_core.package_identification:_identify(src) by extensions ['cmake', 'python']
[7.365s] Level 1:colcon.colcon_core.package_identification:_identify(src) by extension 'cmake'
[7.365s] Level 1:colcon.colcon_core.package_identification:_identify(src) by extension 'python'
[7.365s] Level 1:colcon.colcon_core.package_identification:_identify(src) by extensions ['python_setup_py']
[7.365s] Level 1:colcon.colcon_core.package_identification:_identify(src) by extension 'python_setup_py'
[7.366s] Level 1:colcon.colcon_core.package_identification:_identify(src/Project_MAP3D-main) by extensions ['ignore', 'ignore_ament_install']
[7.366s] Level 1:colcon.colcon_core.package_identification:_identify(src/Project_MAP3D-main) by extension 'ignore'
[7.366s] Level 1:colcon.colcon_core.package_identification:_identify(src/Project_MAP3D-main) by extension 'ignore_ament_install'
[7.366s] Level 1:colcon.colcon_core.package_identification:_identify(src/Project_MAP3D-main) by extensions ['colcon_pkg']
[7.366s] Level 1:colcon.colcon_core.package_identification:_identify(src/Project_MAP3D-main) by extension 'colcon_pkg'
[7.366s] Level 1:colcon.colcon_core.package_identification:_identify(src/Project_MAP3D-main) by extensions ['colcon_meta']
[7.366s] Level 1:colcon.colcon_core.package_identification:_identify(src/Project_MAP3D-main) by extension 'colcon_meta'
[7.366s] Level 1:colcon.colcon_core.package_identification:_identify(src/Project_MAP3D-main) by extensions ['ros']
[7.366s] Level 1:colcon.colcon_core.package_identification:_identify(src/Project_MAP3D-main) by extension 'ros'
[7.397s] DEBUG:colcon.colcon_core.package_identification:Package 'src/Project_MAP3D-main' with type 'ros.ament_python' and name 'robot_description'
[7.398s] Level 1:colcon.colcon_core.package_identification:_identify(src/my_subscriber) by extensions ['ignore', 'ignore_ament_install']
[7.398s] Level 1:colcon.colcon_core.package_identification:_identify(src/my_subscriber) by extension 'ignore'
[7.398s] Level 1:colcon.colcon_core.package_identification:_identify(src/my_subscriber) by extension 'ignore_ament_install'
[7.398s] Level 1:colcon.colcon_core.package_identification:_identify(src/my_subscriber) by extensions ['colcon_pkg']
[7.398s] Level 1:colcon.colcon_core.package_identification:_identify(src/my_subscriber) by extension 'colcon_pkg'
[7.398s] Level 1:colcon.colcon_core.package_identification:_identify(src/my_subscriber) by extensions ['colcon_meta']
[7.398s] Level 1:colcon.colcon_core.package_identification:_identify(src/my_subscriber) by extension 'colcon_meta'
[7.399s] Level 1:colcon.colcon_core.package_identification:_identify(src/my_subscriber) by extensions ['ros']
[7.399s] Level 1:colcon.colcon_core.package_identification:_identify(src/my_subscriber) by extension 'ros'
[7.421s] DEBUG:colcon.colcon_core.package_identification:Package 'src/my_subscriber' with type 'ros.ament_cmake' and name 'my_subscriber'
[7.422s] Level 1:colcon.colcon_core.package_identification:_identify(src/my_subscriber_pkg) by extensions ['ignore', 'ignore_ament_install']
[7.422s] Level 1:colcon.colcon_core.package_identification:_identify(src/my_subscriber_pkg) by extension 'ignore'
[7.422s] Level 1:colcon.colcon_core.package_identification:_identify(src/my_subscriber_pkg) by extension 'ignore_ament_install'
[7.422s] Level 1:colcon.colcon_core.package_identification:_identify(src/my_subscriber_pkg) by extensions ['colcon_pkg']
[7.422s] Level 1:colcon.colcon_core.package_identification:_identify(src/my_subscriber_pkg) by extension 'colcon_pkg'
[7.422s] Level 1:colcon.colcon_core.package_identification:_identify(src/my_subscriber_pkg) by extensions ['colcon_meta']
[7.423s] Level 1:colcon.colcon_core.package_identification:_identify(src/my_subscriber_pkg) by extension 'colcon_meta'
[7.423s] Level 1:colcon.colcon_core.package_identification:_identify(src/my_subscriber_pkg) by extensions ['ros']
[7.423s] Level 1:colcon.colcon_core.package_identification:_identify(src/my_subscriber_pkg) by extension 'ros'
[7.435s] DEBUG:colcon.colcon_core.package_identification:Package 'src/my_subscriber_pkg' with type 'ros.ament_python' and name 'my_subscriber_pkg'
[7.436s] Level 1:colcon.colcon_core.package_identification:_identify(src/navigation_pkg) by extensions ['ignore', 'ignore_ament_install']
[7.436s] Level 1:colcon.colcon_core.package_identification:_identify(src/navigation_pkg) by extension 'ignore'
[7.436s] Level 1:colcon.colcon_core.package_identification:_identify(src/navigation_pkg) by extension 'ignore_ament_install'
[7.436s] Level 1:colcon.colcon_core.package_identification:_identify(src/navigation_pkg) by extensions ['colcon_pkg']
[7.436s] Level 1:colcon.colcon_core.package_identification:_identify(src/navigation_pkg) by extension 'colcon_pkg'
[7.436s] Level 1:colcon.colcon_core.package_identification:_identify(src/navigation_pkg) by extensions ['colcon_meta']
[7.436s] Level 1:colcon.colcon_core.package_identification:_identify(src/navigation_pkg) by extension 'colcon_meta'
[7.436s] Level 1:colcon.colcon_core.package_identification:_identify(src/navigation_pkg) by extensions ['ros']
[7.436s] Level 1:colcon.colcon_core.package_identification:_identify(src/navigation_pkg) by extension 'ros'
[7.455s] DEBUG:colcon.colcon_core.package_identification:Package 'src/navigation_pkg' with type 'ros.ament_python' and name 'navigation_pkg'
[7.455s] Level 1:colcon.colcon_core.package_discovery:discover_packages(recursive) using defaults
[7.455s] Level 1:colcon.colcon_core.package_discovery:discover_packages(ignore) discover
[7.455s] Level 1:colcon.colcon_core.package_discovery:discover_packages(ignore) using defaults
[7.455s] Level 1:colcon.colcon_core.package_discovery:discover_packages(path) discover
[7.455s] Level 1:colcon.colcon_core.package_discovery:discover_packages(path) using defaults
[7.839s] Level 1:colcon.colcon_core.package_discovery:discover_packages(prefix_path) check parameters
[7.840s] Level 1:colcon.colcon_core.package_discovery:discover_packages(prefix_path) discover
[7.926s] DEBUG:colcon.colcon_installed_package_information.package_discovery:Found 1 installed packages in /home/juan/ros-humble-ros1-bridge/install
[7.931s] DEBUG:colcon.colcon_installed_package_information.package_discovery:Found 426 installed packages in /opt/ros/humble
[7.936s] Level 1:colcon.colcon_core.package_discovery:discover_packages(prefix_path) using defaults
[8.106s] Level 5:colcon.colcon_core.verb:set package 'my_subscriber' build argument 'cmake_args' from command line to 'None'
[8.106s] Level 5:colcon.colcon_core.verb:set package 'my_subscriber' build argument 'cmake_target' from command line to 'None'
[8.106s] Level 5:colcon.colcon_core.verb:set package 'my_subscriber' build argument 'cmake_target_skip_unavailable' from command line to 'False'
[8.106s] Level 5:colcon.colcon_core.verb:set package 'my_subscriber' build argument 'cmake_clean_cache' from command line to 'False'
[8.106s] Level 5:colcon.colcon_core.verb:set package 'my_subscriber' build argument 'cmake_clean_first' from command line to 'False'
[8.107s] Level 5:colcon.colcon_core.verb:set package 'my_subscriber' build argument 'cmake_force_configure' from command line to 'False'
[8.107s] Level 5:colcon.colcon_core.verb:set package 'my_subscriber' build argument 'ament_cmake_args' from command line to 'None'
[8.107s] Level 5:colcon.colcon_core.verb:set package 'my_subscriber' build argument 'catkin_cmake_args' from command line to 'None'
[8.107s] Level 5:colcon.colcon_core.verb:set package 'my_subscriber' build argument 'catkin_skip_building_tests' from command line to 'False'
[8.107s] DEBUG:colcon.colcon_core.verb:Building package 'my_subscriber' with the following arguments: {'ament_cmake_args': None, 'build_base': '/home/juan/Robotics/Proyecto/Mapeo3D_LiDAR2D/build/my_subscriber', 'catkin_cmake_args': None, 'catkin_skip_building_tests': False, 'cmake_args': None, 'cmake_clean_cache': False, 'cmake_clean_first': False, 'cmake_force_configure': False, 'cmake_target': None, 'cmake_target_skip_unavailable': False, 'install_base': '/home/juan/Robotics/Proyecto/Mapeo3D_LiDAR2D/install/my_subscriber', 'merge_install': False, 'path': '/home/juan/Robotics/Proyecto/Mapeo3D_LiDAR2D/src/my_subscriber', 'symlink_install': True, 'test_result_base': None}
[8.107s] Level 5:colcon.colcon_core.verb:set package 'my_subscriber_pkg' build argument 'cmake_args' from command line to 'None'
[8.107s] Level 5:colcon.colcon_core.verb:set package 'my_subscriber_pkg' build argument 'cmake_target' from command line to 'None'
[8.107s] Level 5:colcon.colcon_core.verb:set package 'my_subscriber_pkg' build argument 'cmake_target_skip_unavailable' from command line to 'False'
[8.107s] Level 5:colcon.colcon_core.verb:set package 'my_subscriber_pkg' build argument 'cmake_clean_cache' from command line to 'False'
[8.107s] Level 5:colcon.colcon_core.verb:set package 'my_subscriber_pkg' build argument 'cmake_clean_first' from command line to 'False'
[8.107s] Level 5:colcon.colcon_core.verb:set package 'my_subscriber_pkg' build argument 'cmake_force_configure' from command line to 'False'
[8.107s] Level 5:colcon.colcon_core.verb:set package 'my_subscriber_pkg' build argument 'ament_cmake_args' from command line to 'None'
[8.107s] Level 5:colcon.colcon_core.verb:set package 'my_subscriber_pkg' build argument 'catkin_cmake_args' from command line to 'None'
[8.107s] Level 5:colcon.colcon_core.verb:set package 'my_subscriber_pkg' build argument 'catkin_skip_building_tests' from command line to 'False'
[8.107s] DEBUG:colcon.colcon_core.verb:Building package 'my_subscriber_pkg' with the following arguments: {'ament_cmake_args': None, 'build_base': '/home/juan/Robotics/Proyecto/Mapeo3D_LiDAR2D/build/my_subscriber_pkg', 'catkin_cmake_args': None, 'catkin_skip_building_tests': False, 'cmake_args': None, 'cmake_clean_cache': False, 'cmake_clean_first': False, 'cmake_force_configure': False, 'cmake_target': None, 'cmake_target_skip_unavailable': False, 'install_base': '/home/juan/Robotics/Proyecto/Mapeo3D_LiDAR2D/install/my_subscriber_pkg', 'merge_install': False, 'path': '/home/juan/Robotics/Proyecto/Mapeo3D_LiDAR2D/src/my_subscriber_pkg', 'symlink_install': True, 'test_result_base': None}
[8.108s] Level 5:colcon.colcon_core.verb:set package 'navigation_pkg' build argument 'cmake_args' from command line to 'None'
[8.108s] Level 5:colcon.colcon_core.verb:set package 'navigation_pkg' build argument 'cmake_target' from command line to 'None'
[8.108s] Level 5:colcon.colcon_core.verb:set package 'navigation_pkg' build argument 'cmake_target_skip_unavailable' from command line to 'False'
[8.108s] Level 5:colcon.colcon_core.verb:set package 'navigation_pkg' build argument 'cmake_clean_cache' from command line to 'False'
[8.108s] Level 5:colcon.colcon_core.verb:set package 'navigation_pkg' build argument 'cmake_clean_first' from command line to 'False'
[8.108s] Level 5:colcon.colcon_core.verb:set package 'navigation_pkg' build argument 'cmake_force_configure' from command line to 'False'
[8.108s] Level 5:colcon.colcon_core.verb:set package 'navigation_pkg' build argument 'ament_cmake_args' from command line to 'None'
[8.108s] Level 5:colcon.colcon_core.verb:set package 'navigation_pkg' build argument 'catkin_cmake_args' from command line to 'None'
[8.108s] Level 5:colcon.colcon_core.verb:set package 'navigation_pkg' build argument 'catkin_skip_building_tests' from command line to 'False'
[8.108s] DEBUG:colcon.colcon_core.verb:Building package 'navigation_pkg' with the following arguments: {'ament_cmake_args': None, 'build_base': '/home/juan/Robotics/Proyecto/Mapeo3D_LiDAR2D/build/navigation_pkg', 'catkin_cmake_args': None, 'catkin_skip_building_tests': False, 'cmake_args': None, 'cmake_clean_cache': False, 'cmake_clean_first': False, 'cmake_force_configure': False, 'cmake_target': None, 'cmake_target_skip_unavailable': False, 'install_base': '/home/juan/Robotics/Proyecto/Mapeo3D_LiDAR2D/install/navigation_pkg', 'merge_install': False, 'path': '/home/juan/Robotics/Proyecto/Mapeo3D_LiDAR2D/src/navigation_pkg', 'symlink_install': True, 'test_result_base': None}
[8.109s] Level 5:colcon.colcon_core.verb:set package 'robot_description' build argument 'cmake_args' from command line to 'None'
[8.109s] Level 5:colcon.colcon_core.verb:set package 'robot_description' build argument 'cmake_target' from command line to 'None'
[8.109s] Level 5:colcon.colcon_core.verb:set package 'robot_description' build argument 'cmake_target_skip_unavailable' from command line to 'False'
[8.109s] Level 5:colcon.colcon_core.verb:set package 'robot_description' build argument 'cmake_clean_cache' from command line to 'False'
[8.109s] Level 5:colcon.colcon_core.verb:set package 'robot_description' build argument 'cmake_clean_first' from command line to 'False'
[8.109s] Level 5:colcon.colcon_core.verb:set package 'robot_description' build argument 'cmake_force_configure' from command line to 'False'
[8.109s] Level 5:colcon.colcon_core.verb:set package 'robot_description' build argument 'ament_cmake_args' from command line to 'None'
[8.109s] Level 5:colcon.colcon_core.verb:set package 'robot_description' build argument 'catkin_cmake_args' from command line to 'None'
[8.109s] Level 5:colcon.colcon_core.verb:set package 'robot_description' build argument 'catkin_skip_building_tests' from command line to 'False'
[8.109s] DEBUG:colcon.colcon_core.verb:Building package 'robot_description' with the following arguments: {'ament_cmake_args': None, 'build_base': '/home/juan/Robotics/Proyecto/Mapeo3D_LiDAR2D/build/robot_description', 'catkin_cmake_args': None, 'catkin_skip_building_tests': False, 'cmake_args': None, 'cmake_clean_cache': False, 'cmake_clean_first': False, 'cmake_force_configure': False, 'cmake_target': None, 'cmake_target_skip_unavailable': False, 'install_base': '/home/juan/Robotics/Proyecto/Mapeo3D_LiDAR2D/install/robot_description', 'merge_install': False, 'path': '/home/juan/Robotics/Proyecto/Mapeo3D_LiDAR2D/src/Project_MAP3D-main', 'symlink_install': True, 'test_result_base': None}
[8.109s] INFO:colcon.colcon_core.executor:Executing jobs using 'parallel' executor
[8.111s] DEBUG:colcon.colcon_parallel_executor.executor.parallel:run_until_complete
[8.111s] INFO:colcon.colcon_ros.task.ament_cmake.build:Building ROS package in '/home/juan/Robotics/Proyecto/Mapeo3D_LiDAR2D/src/my_subscriber' with build type 'ament_cmake'
[8.111s] INFO:colcon.colcon_cmake.task.cmake.build:Building CMake package in '/home/juan/Robotics/Proyecto/Mapeo3D_LiDAR2D/src/my_subscriber'
[8.167s] INFO:colcon.colcon_core.plugin_system:Skipping extension 'colcon_core.shell.bat': Not used on non-Windows systems
[8.168s] INFO:colcon.colcon_core.shell:Skip shell extension 'powershell' for command environment: Not usable outside of PowerShell
[8.168s] DEBUG:colcon.colcon_core.shell:Skip shell extension 'dsv' for command environment
[8.225s] INFO:colcon.colcon_ros.task.ament_python.build:Building ROS package in '/home/juan/Robotics/Proyecto/Mapeo3D_LiDAR2D/src/my_subscriber_pkg' with build type 'ament_python'
[8.226s] Level 1:colcon.colcon_core.shell:create_environment_hook('my_subscriber_pkg', 'ament_prefix_path')
[8.226s] INFO:colcon.colcon_core.shell:Creating environment hook '/home/juan/Robotics/Proyecto/Mapeo3D_LiDAR2D/install/my_subscriber_pkg/share/my_subscriber_pkg/hook/ament_prefix_path.ps1'
[8.259s] INFO:colcon.colcon_core.shell:Creating environment descriptor '/home/juan/Robotics/Proyecto/Mapeo3D_LiDAR2D/install/my_subscriber_pkg/share/my_subscriber_pkg/hook/ament_prefix_path.dsv'
[8.260s] INFO:colcon.colcon_core.shell:Creating environment hook '/home/juan/Robotics/Proyecto/Mapeo3D_LiDAR2D/install/my_subscriber_pkg/share/my_subscriber_pkg/hook/ament_prefix_path.sh'
[8.263s] INFO:colcon.colcon_core.shell:Skip shell extension 'powershell' for command environment: Not usable outside of PowerShell
[8.263s] DEBUG:colcon.colcon_core.shell:Skip shell extension 'dsv' for command environment
[8.273s] INFO:colcon.colcon_ros.task.ament_python.build:Building ROS package in '/home/juan/Robotics/Proyecto/Mapeo3D_LiDAR2D/src/navigation_pkg' with build type 'ament_python'
[8.273s] Level 1:colcon.colcon_core.shell:create_environment_hook('navigation_pkg', 'ament_prefix_path')
[8.274s] INFO:colcon.colcon_core.shell:Creating environment hook '/home/juan/Robotics/Proyecto/Mapeo3D_LiDAR2D/install/navigation_pkg/share/navigation_pkg/hook/ament_prefix_path.ps1'
[8.312s] INFO:colcon.colcon_core.shell:Creating environment descriptor '/home/juan/Robotics/Proyecto/Mapeo3D_LiDAR2D/install/navigation_pkg/share/navigation_pkg/hook/ament_prefix_path.dsv'
[8.312s] INFO:colcon.colcon_core.shell:Creating environment hook '/home/juan/Robotics/Proyecto/Mapeo3D_LiDAR2D/install/navigation_pkg/share/navigation_pkg/hook/ament_prefix_path.sh'
[8.314s] INFO:colcon.colcon_core.shell:Skip shell extension 'powershell' for command environment: Not usable outside of PowerShell
[8.314s] DEBUG:colcon.colcon_core.shell:Skip shell extension 'dsv' for command environment
[8.324s] INFO:colcon.colcon_ros.task.ament_python.build:Building ROS package in '/home/juan/Robotics/Proyecto/Mapeo3D_LiDAR2D/src/Project_MAP3D-main' with build type 'ament_python'
[8.324s] Level 1:colcon.colcon_core.shell:create_environment_hook('robot_description', 'ament_prefix_path')
[8.325s] INFO:colcon.colcon_core.shell:Creating environment hook '/home/juan/Robotics/Proyecto/Mapeo3D_LiDAR2D/install/robot_description/share/robot_description/hook/ament_prefix_path.ps1'
[8.326s] INFO:colcon.colcon_core.shell:Creating environment descriptor '/home/juan/Robotics/Proyecto/Mapeo3D_LiDAR2D/install/robot_description/share/robot_description/hook/ament_prefix_path.dsv'
[8.327s] INFO:colcon.colcon_core.shell:Creating environment hook '/home/juan/Robotics/Proyecto/Mapeo3D_LiDAR2D/install/robot_description/share/robot_description/hook/ament_prefix_path.sh'
[8.328s] INFO:colcon.colcon_core.shell:Skip shell extension 'powershell' for command environment: Not usable outside of PowerShell
[8.328s] DEBUG:colcon.colcon_core.shell:Skip shell extension 'dsv' for command environment
[8.370s] DEBUG:colcon.colcon_core.event_handler.log_command:Invoking command in '/home/juan/Robotics/Proyecto/Mapeo3D_LiDAR2D/build/my_subscriber': CMAKE_PREFIX_PATH=${CMAKE_PREFIX_PATH}:/opt/ros/humble /usr/bin/cmake --build /home/juan/Robotics/Proyecto/Mapeo3D_LiDAR2D/build/my_subscriber -- -j12 -l12
[8.990s] INFO:colcon.colcon_core.task.python.build:Building Python package in '/home/juan/Robotics/Proyecto/Mapeo3D_LiDAR2D/src/my_subscriber_pkg'
[8.990s] INFO:colcon.colcon_core.shell:Skip shell extension 'powershell' for command environment: Not usable outside of PowerShell
[8.990s] DEBUG:colcon.colcon_core.shell:Skip shell extension 'dsv' for command environment
[9.338s] INFO:colcon.colcon_core.task.python.build:Building Python package in '/home/juan/Robotics/Proyecto/Mapeo3D_LiDAR2D/src/navigation_pkg'
[9.339s] INFO:colcon.colcon_core.shell:Skip shell extension 'powershell' for command environment: Not usable outside of PowerShell
[9.339s] DEBUG:colcon.colcon_core.shell:Skip shell extension 'dsv' for command environment
[9.672s] INFO:colcon.colcon_core.task.python.build:Building Python package in '/home/juan/Robotics/Proyecto/Mapeo3D_LiDAR2D/src/Project_MAP3D-main'
[9.673s] INFO:colcon.colcon_core.shell:Skip shell extension 'powershell' for command environment: Not usable outside of PowerShell
[9.673s] DEBUG:colcon.colcon_core.shell:Skip shell extension 'dsv' for command environment
[9.719s] DEBUG:colcon.colcon_core.event_handler.log_command:Invoked command in '/home/juan/Robotics/Proyecto/Mapeo3D_LiDAR2D/build/my_subscriber' returned '0': CMAKE_PREFIX_PATH=${CMAKE_PREFIX_PATH}:/opt/ros/humble /usr/bin/cmake --build /home/juan/Robotics/Proyecto/Mapeo3D_LiDAR2D/build/my_subscriber -- -j12 -l12
[9.810s] DEBUG:colcon.colcon_core.event_handler.log_command:Invoking command in '/home/juan/Robotics/Proyecto/Mapeo3D_LiDAR2D/build/my_subscriber': CMAKE_PREFIX_PATH=${CMAKE_PREFIX_PATH}:/opt/ros/humble /usr/bin/cmake --install /home/juan/Robotics/Proyecto/Mapeo3D_LiDAR2D/build/my_subscriber
[9.947s] Level 1:colcon.colcon_core.environment:create_environment_scripts_only(my_subscriber)
[9.949s] DEBUG:colcon.colcon_core.event_handler.log_command:Invoked command in '/home/juan/Robotics/Proyecto/Mapeo3D_LiDAR2D/build/my_subscriber' returned '0': CMAKE_PREFIX_PATH=${CMAKE_PREFIX_PATH}:/opt/ros/humble /usr/bin/cmake --install /home/juan/Robotics/Proyecto/Mapeo3D_LiDAR2D/build/my_subscriber
[10.001s] Level 1:colcon.colcon_core.environment:checking '/home/juan/Robotics/Proyecto/Mapeo3D_LiDAR2D/install/my_subscriber' for CMake module files
[10.002s] Level 1:colcon.colcon_core.environment:checking '/home/juan/Robotics/Proyecto/Mapeo3D_LiDAR2D/install/my_subscriber' for CMake config files
[10.003s] Level 1:colcon.colcon_core.shell:create_environment_hook('my_subscriber', 'cmake_prefix_path')
[10.004s] INFO:colcon.colcon_core.shell:Creating environment hook '/home/juan/Robotics/Proyecto/Mapeo3D_LiDAR2D/install/my_subscriber/share/my_subscriber/hook/cmake_prefix_path.ps1'
[10.005s] INFO:colcon.colcon_core.shell:Creating environment descriptor '/home/juan/Robotics/Proyecto/Mapeo3D_LiDAR2D/install/my_subscriber/share/my_subscriber/hook/cmake_prefix_path.dsv'
[10.005s] INFO:colcon.colcon_core.shell:Creating environment hook '/home/juan/Robotics/Proyecto/Mapeo3D_LiDAR2D/install/my_subscriber/share/my_subscriber/hook/cmake_prefix_path.sh'
[10.007s] Level 1:colcon.colcon_core.environment:checking '/home/juan/Robotics/Proyecto/Mapeo3D_LiDAR2D/install/my_subscriber/bin'
[10.007s] Level 1:colcon.colcon_core.environment:checking '/home/juan/Robotics/Proyecto/Mapeo3D_LiDAR2D/install/my_subscriber/lib/pkgconfig/my_subscriber.pc'
[10.008s] Level 1:colcon.colcon_core.environment:checking '/home/juan/Robotics/Proyecto/Mapeo3D_LiDAR2D/install/my_subscriber/lib/python3.10/site-packages'
[10.008s] Level 1:colcon.colcon_core.environment:checking '/home/juan/Robotics/Proyecto/Mapeo3D_LiDAR2D/install/my_subscriber/bin'
[10.009s] INFO:colcon.colcon_core.shell:Creating package script '/home/juan/Robotics/Proyecto/Mapeo3D_LiDAR2D/install/my_subscriber/share/my_subscriber/package.ps1'
[10.011s] INFO:colcon.colcon_core.shell:Creating package descriptor '/home/juan/Robotics/Proyecto/Mapeo3D_LiDAR2D/install/my_subscriber/share/my_subscriber/package.dsv'
[10.013s] INFO:colcon.colcon_core.shell:Creating package script '/home/juan/Robotics/Proyecto/Mapeo3D_LiDAR2D/install/my_subscriber/share/my_subscriber/package.sh'
[10.015s] INFO:colcon.colcon_core.shell:Creating package script '/home/juan/Robotics/Proyecto/Mapeo3D_LiDAR2D/install/my_subscriber/share/my_subscriber/package.bash'
[10.052s] INFO:colcon.colcon_core.shell:Creating package script '/home/juan/Robotics/Proyecto/Mapeo3D_LiDAR2D/install/my_subscriber/share/my_subscriber/package.zsh'
[10.116s] Level 1:colcon.colcon_core.environment:create_file_with_runtime_dependencies(/home/juan/Robotics/Proyecto/Mapeo3D_LiDAR2D/install/my_subscriber/share/colcon-core/packages/my_subscriber)
[10.169s] Level 1:colcon.colcon_core.environment:create_environment_scripts_only(my_subscriber)
[10.170s] Level 1:colcon.colcon_core.environment:checking '/home/juan/Robotics/Proyecto/Mapeo3D_LiDAR2D/install/my_subscriber' for CMake module files
[10.170s] Level 1:colcon.colcon_core.environment:checking '/home/juan/Robotics/Proyecto/Mapeo3D_LiDAR2D/install/my_subscriber' for CMake config files
[10.171s] Level 1:colcon.colcon_core.shell:create_environment_hook('my_subscriber', 'cmake_prefix_path')
[10.171s] INFO:colcon.colcon_core.shell:Creating environment hook '/home/juan/Robotics/Proyecto/Mapeo3D_LiDAR2D/install/my_subscriber/share/my_subscriber/hook/cmake_prefix_path.ps1'
[10.172s] INFO:colcon.colcon_core.shell:Creating environment descriptor '/home/juan/Robotics/Proyecto/Mapeo3D_LiDAR2D/install/my_subscriber/share/my_subscriber/hook/cmake_prefix_path.dsv'
[10.172s] INFO:colcon.colcon_core.shell:Creating environment hook '/home/juan/Robotics/Proyecto/Mapeo3D_LiDAR2D/install/my_subscriber/share/my_subscriber/hook/cmake_prefix_path.sh'
[10.173s] Level 1:colcon.colcon_core.environment:checking '/home/juan/Robotics/Proyecto/Mapeo3D_LiDAR2D/install/my_subscriber/bin'
[10.173s] Level 1:colcon.colcon_core.environment:checking '/home/juan/Robotics/Proyecto/Mapeo3D_LiDAR2D/install/my_subscriber/lib/pkgconfig/my_subscriber.pc'
[10.174s] Level 1:colcon.colcon_core.environment:checking '/home/juan/Robotics/Proyecto/Mapeo3D_LiDAR2D/install/my_subscriber/lib/python3.10/site-packages'
[10.174s] Level 1:colcon.colcon_core.environment:checking '/home/juan/Robotics/Proyecto/Mapeo3D_LiDAR2D/install/my_subscriber/bin'
[10.175s] INFO:colcon.colcon_core.shell:Creating package script '/home/juan/Robotics/Proyecto/Mapeo3D_LiDAR2D/install/my_subscriber/share/my_subscriber/package.ps1'
[10.175s] INFO:colcon.colcon_core.shell:Creating package descriptor '/home/juan/Robotics/Proyecto/Mapeo3D_LiDAR2D/install/my_subscriber/share/my_subscriber/package.dsv'
[10.176s] INFO:colcon.colcon_core.shell:Creating package script '/home/juan/Robotics/Proyecto/Mapeo3D_LiDAR2D/install/my_subscriber/share/my_subscriber/package.sh'
[10.176s] INFO:colcon.colcon_core.shell:Creating package script '/home/juan/Robotics/Proyecto/Mapeo3D_LiDAR2D/install/my_subscriber/share/my_subscriber/package.bash'
[10.177s] INFO:colcon.colcon_core.shell:Creating package script '/home/juan/Robotics/Proyecto/Mapeo3D_LiDAR2D/install/my_subscriber/share/my_subscriber/package.zsh'
[10.177s] Level 1:colcon.colcon_core.environment:create_file_with_runtime_dependencies(/home/juan/Robotics/Proyecto/Mapeo3D_LiDAR2D/install/my_subscriber/share/colcon-core/packages/my_subscriber)
[19.814s] DEBUG:colcon.colcon_core.event_handler.log_command:Invoking command in '/home/juan/Robotics/Proyecto/Mapeo3D_LiDAR2D/build/my_subscriber_pkg': PYTHONPATH=/home/juan/Robotics/Proyecto/Mapeo3D_LiDAR2D/build/my_subscriber_pkg/prefix_override:/home/juan/Robotics/Proyecto/Mapeo3D_LiDAR2D/install/my_subscriber_pkg/lib/python3.10/site-packages:${PYTHONPATH} /usr/bin/python3 -W ignore:setup.py install is deprecated setup.py develop --editable --build-directory /home/juan/Robotics/Proyecto/Mapeo3D_LiDAR2D/build/my_subscriber_pkg/build --no-deps symlink_data
[19.820s] DEBUG:colcon.colcon_core.event_handler.log_command:Invoking command in '/home/juan/Robotics/Proyecto/Mapeo3D_LiDAR2D/build/navigation_pkg': PYTHONPATH=/home/juan/Robotics/Proyecto/Mapeo3D_LiDAR2D/build/navigation_pkg/prefix_override:/home/juan/Robotics/Proyecto/Mapeo3D_LiDAR2D/install/navigation_pkg/lib/python3.10/site-packages:${PYTHONPATH} /usr/bin/python3 -W ignore:setup.py install is deprecated setup.py develop --editable --build-directory /home/juan/Robotics/Proyecto/Mapeo3D_LiDAR2D/build/navigation_pkg/build --no-deps symlink_data
[19.827s] DEBUG:colcon.colcon_core.event_handler.log_command:Invoking command in '/home/juan/Robotics/Proyecto/Mapeo3D_LiDAR2D/build/robot_description': PYTHONPATH=/home/juan/Robotics/Proyecto/Mapeo3D_LiDAR2D/build/robot_description/prefix_override:/home/juan/Robotics/Proyecto/Mapeo3D_LiDAR2D/install/robot_description/lib/python3.10/site-packages:${PYTHONPATH} /usr/bin/python3 -W ignore:setup.py install is deprecated setup.py develop --editable --build-directory /home/juan/Robotics/Proyecto/Mapeo3D_LiDAR2D/build/robot_description/build --no-deps symlink_data
[21.112s] Level 1:colcon.colcon_core.shell:create_environment_hook('robot_description', 'pythonpath_develop')
[21.113s] INFO:colcon.colcon_core.shell:Creating environment hook '/home/juan/Robotics/Proyecto/Mapeo3D_LiDAR2D/build/robot_description/share/robot_description/hook/pythonpath_develop.ps1'
[21.114s] DEBUG:colcon.colcon_core.event_handler.log_command:Invoked command in '/home/juan/Robotics/Proyecto/Mapeo3D_LiDAR2D/build/robot_description' returned '0': PYTHONPATH=/home/juan/Robotics/Proyecto/Mapeo3D_LiDAR2D/build/robot_description/prefix_override:/home/juan/Robotics/Proyecto/Mapeo3D_LiDAR2D/install/robot_description/lib/python3.10/site-packages:${PYTHONPATH} /usr/bin/python3 -W ignore:setup.py install is deprecated setup.py develop --editable --build-directory /home/juan/Robotics/Proyecto/Mapeo3D_LiDAR2D/build/robot_description/build --no-deps symlink_data
[21.115s] INFO:colcon.colcon_core.shell:Creating environment descriptor '/home/juan/Robotics/Proyecto/Mapeo3D_LiDAR2D/build/robot_description/share/robot_description/hook/pythonpath_develop.dsv'
[21.116s] INFO:colcon.colcon_core.shell:Creating environment hook '/home/juan/Robotics/Proyecto/Mapeo3D_LiDAR2D/build/robot_description/share/robot_description/hook/pythonpath_develop.sh'
[21.117s] Level 1:colcon.colcon_core.environment:checking '/home/juan/Robotics/Proyecto/Mapeo3D_LiDAR2D/install/robot_description' for CMake module files
[21.118s] Level 1:colcon.colcon_core.environment:checking '/home/juan/Robotics/Proyecto/Mapeo3D_LiDAR2D/install/robot_description' for CMake config files
[21.119s] Level 1:colcon.colcon_core.environment:checking '/home/juan/Robotics/Proyecto/Mapeo3D_LiDAR2D/install/robot_description/lib'
[21.120s] Level 1:colcon.colcon_core.environment:checking '/home/juan/Robotics/Proyecto/Mapeo3D_LiDAR2D/install/robot_description/bin'
[21.120s] Level 1:colcon.colcon_core.environment:checking '/home/juan/Robotics/Proyecto/Mapeo3D_LiDAR2D/install/robot_description/lib/pkgconfig/robot_description.pc'
[21.120s] Level 1:colcon.colcon_core.environment:checking '/home/juan/Robotics/Proyecto/Mapeo3D_LiDAR2D/install/robot_description/lib/python3.10/site-packages'
[21.120s] Level 1:colcon.colcon_core.shell:create_environment_hook('robot_description', 'pythonpath')
[21.121s] INFO:colcon.colcon_core.shell:Creating environment hook '/home/juan/Robotics/Proyecto/Mapeo3D_LiDAR2D/install/robot_description/share/robot_description/hook/pythonpath.ps1'
[21.122s] INFO:colcon.colcon_core.shell:Creating environment descriptor '/home/juan/Robotics/Proyecto/Mapeo3D_LiDAR2D/install/robot_description/share/robot_description/hook/pythonpath.dsv'
[21.122s] INFO:colcon.colcon_core.shell:Creating environment hook '/home/juan/Robotics/Proyecto/Mapeo3D_LiDAR2D/install/robot_description/share/robot_description/hook/pythonpath.sh'
[21.123s] Level 1:colcon.colcon_core.environment:checking '/home/juan/Robotics/Proyecto/Mapeo3D_LiDAR2D/install/robot_description/bin'
[21.123s] Level 1:colcon.colcon_core.environment:create_environment_scripts_only(robot_description)
[21.124s] INFO:colcon.colcon_core.shell:Creating package script '/home/juan/Robotics/Proyecto/Mapeo3D_LiDAR2D/install/robot_description/share/robot_description/package.ps1'
[21.126s] INFO:colcon.colcon_core.shell:Creating package descriptor '/home/juan/Robotics/Proyecto/Mapeo3D_LiDAR2D/install/robot_description/share/robot_description/package.dsv'
[21.127s] INFO:colcon.colcon_core.shell:Creating package script '/home/juan/Robotics/Proyecto/Mapeo3D_LiDAR2D/install/robot_description/share/robot_description/package.sh'
[21.128s] INFO:colcon.colcon_core.shell:Creating package script '/home/juan/Robotics/Proyecto/Mapeo3D_LiDAR2D/install/robot_description/share/robot_description/package.bash'
[21.129s] INFO:colcon.colcon_core.shell:Creating package script '/home/juan/Robotics/Proyecto/Mapeo3D_LiDAR2D/install/robot_description/share/robot_description/package.zsh'
[21.129s] Level 1:colcon.colcon_core.environment:create_file_with_runtime_dependencies(/home/juan/Robotics/Proyecto/Mapeo3D_LiDAR2D/install/robot_description/share/colcon-core/packages/robot_description)
[21.243s] Level 1:colcon.colcon_core.shell:create_environment_hook('my_subscriber_pkg', 'pythonpath_develop')
[21.244s] INFO:colcon.colcon_core.shell:Creating environment hook '/home/juan/Robotics/Proyecto/Mapeo3D_LiDAR2D/build/my_subscriber_pkg/share/my_subscriber_pkg/hook/pythonpath_develop.ps1'
[21.245s] DEBUG:colcon.colcon_core.event_handler.log_command:Invoked command in '/home/juan/Robotics/Proyecto/Mapeo3D_LiDAR2D/build/my_subscriber_pkg' returned '0': PYTHONPATH=/home/juan/Robotics/Proyecto/Mapeo3D_LiDAR2D/build/my_subscriber_pkg/prefix_override:/home/juan/Robotics/Proyecto/Mapeo3D_LiDAR2D/install/my_subscriber_pkg/lib/python3.10/site-packages:${PYTHONPATH} /usr/bin/python3 -W ignore:setup.py install is deprecated setup.py develop --editable --build-directory /home/juan/Robotics/Proyecto/Mapeo3D_LiDAR2D/build/my_subscriber_pkg/build --no-deps symlink_data
[21.248s] INFO:colcon.colcon_core.shell:Creating environment descriptor '/home/juan/Robotics/Proyecto/Mapeo3D_LiDAR2D/build/my_subscriber_pkg/share/my_subscriber_pkg/hook/pythonpath_develop.dsv'
[21.249s] INFO:colcon.colcon_core.shell:Creating environment hook '/home/juan/Robotics/Proyecto/Mapeo3D_LiDAR2D/build/my_subscriber_pkg/share/my_subscriber_pkg/hook/pythonpath_develop.sh'
[21.251s] Level 1:colcon.colcon_core.environment:checking '/home/juan/Robotics/Proyecto/Mapeo3D_LiDAR2D/install/my_subscriber_pkg' for CMake module files
[21.252s] Level 1:colcon.colcon_core.environment:checking '/home/juan/Robotics/Proyecto/Mapeo3D_LiDAR2D/install/my_subscriber_pkg' for CMake config files
[21.254s] Level 1:colcon.colcon_core.environment:checking '/home/juan/Robotics/Proyecto/Mapeo3D_LiDAR2D/install/my_subscriber_pkg/lib'
[21.254s] Level 1:colcon.colcon_core.environment:checking '/home/juan/Robotics/Proyecto/Mapeo3D_LiDAR2D/install/my_subscriber_pkg/bin'
[21.254s] Level 1:colcon.colcon_core.environment:checking '/home/juan/Robotics/Proyecto/Mapeo3D_LiDAR2D/install/my_subscriber_pkg/lib/pkgconfig/my_subscriber_pkg.pc'
[21.255s] Level 1:colcon.colcon_core.environment:checking '/home/juan/Robotics/Proyecto/Mapeo3D_LiDAR2D/install/my_subscriber_pkg/lib/python3.10/site-packages'
[21.255s] Level 1:colcon.colcon_core.shell:create_environment_hook('my_subscriber_pkg', 'pythonpath')
[21.256s] INFO:colcon.colcon_core.shell:Creating environment hook '/home/juan/Robotics/Proyecto/Mapeo3D_LiDAR2D/install/my_subscriber_pkg/share/my_subscriber_pkg/hook/pythonpath.ps1'
[21.257s] INFO:colcon.colcon_core.shell:Creating environment descriptor '/home/juan/Robotics/Proyecto/Mapeo3D_LiDAR2D/install/my_subscriber_pkg/share/my_subscriber_pkg/hook/pythonpath.dsv'
[21.258s] INFO:colcon.colcon_core.shell:Creating environment hook '/home/juan/Robotics/Proyecto/Mapeo3D_LiDAR2D/install/my_subscriber_pkg/share/my_subscriber_pkg/hook/pythonpath.sh'
[21.259s] Level 1:colcon.colcon_core.environment:checking '/home/juan/Robotics/Proyecto/Mapeo3D_LiDAR2D/install/my_subscriber_pkg/bin'
[21.260s] Level 1:colcon.colcon_core.environment:create_environment_scripts_only(my_subscriber_pkg)
[21.261s] INFO:colcon.colcon_core.shell:Creating package script '/home/juan/Robotics/Proyecto/Mapeo3D_LiDAR2D/install/my_subscriber_pkg/share/my_subscriber_pkg/package.ps1'
[21.262s] INFO:colcon.colcon_core.shell:Creating package descriptor '/home/juan/Robotics/Proyecto/Mapeo3D_LiDAR2D/install/my_subscriber_pkg/share/my_subscriber_pkg/package.dsv'
[21.263s] INFO:colcon.colcon_core.shell:Creating package script '/home/juan/Robotics/Proyecto/Mapeo3D_LiDAR2D/install/my_subscriber_pkg/share/my_subscriber_pkg/package.sh'
[21.264s] INFO:colcon.colcon_core.shell:Creating package script '/home/juan/Robotics/Proyecto/Mapeo3D_LiDAR2D/install/my_subscriber_pkg/share/my_subscriber_pkg/package.bash'
[21.265s] INFO:colcon.colcon_core.shell:Creating package script '/home/juan/Robotics/Proyecto/Mapeo3D_LiDAR2D/install/my_subscriber_pkg/share/my_subscriber_pkg/package.zsh'
[21.265s] Level 1:colcon.colcon_core.environment:create_file_with_runtime_dependencies(/home/juan/Robotics/Proyecto/Mapeo3D_LiDAR2D/install/my_subscriber_pkg/share/colcon-core/packages/my_subscriber_pkg)
[21.267s] Level 1:colcon.colcon_core.shell:create_environment_hook('navigation_pkg', 'pythonpath_develop')
[21.268s] INFO:colcon.colcon_core.shell:Creating environment hook '/home/juan/Robotics/Proyecto/Mapeo3D_LiDAR2D/build/navigation_pkg/share/navigation_pkg/hook/pythonpath_develop.ps1'
[21.270s] DEBUG:colcon.colcon_core.event_handler.log_command:Invoked command in '/home/juan/Robotics/Proyecto/Mapeo3D_LiDAR2D/build/navigation_pkg' returned '0': PYTHONPATH=/home/juan/Robotics/Proyecto/Mapeo3D_LiDAR2D/build/navigation_pkg/prefix_override:/home/juan/Robotics/Proyecto/Mapeo3D_LiDAR2D/install/navigation_pkg/lib/python3.10/site-packages:${PYTHONPATH} /usr/bin/python3 -W ignore:setup.py install is deprecated setup.py develop --editable --build-directory /home/juan/Robotics/Proyecto/Mapeo3D_LiDAR2D/build/navigation_pkg/build --no-deps symlink_data
[21.270s] INFO:colcon.colcon_core.shell:Creating environment descriptor '/home/juan/Robotics/Proyecto/Mapeo3D_LiDAR2D/build/navigation_pkg/share/navigation_pkg/hook/pythonpath_develop.dsv'
[21.271s] INFO:colcon.colcon_core.shell:Creating environment hook '/home/juan/Robotics/Proyecto/Mapeo3D_LiDAR2D/build/navigation_pkg/share/navigation_pkg/hook/pythonpath_develop.sh'
[21.272s] Level 1:colcon.colcon_core.environment:checking '/home/juan/Robotics/Proyecto/Mapeo3D_LiDAR2D/install/navigation_pkg' for CMake module files
[21.274s] Level 1:colcon.colcon_core.environment:checking '/home/juan/Robotics/Proyecto/Mapeo3D_LiDAR2D/install/navigation_pkg' for CMake config files
[21.275s] Level 1:colcon.colcon_core.environment:checking '/home/juan/Robotics/Proyecto/Mapeo3D_LiDAR2D/install/navigation_pkg/lib'
[21.276s] Level 1:colcon.colcon_core.environment:checking '/home/juan/Robotics/Proyecto/Mapeo3D_LiDAR2D/install/navigation_pkg/bin'
[21.276s] Level 1:colcon.colcon_core.environment:checking '/home/juan/Robotics/Proyecto/Mapeo3D_LiDAR2D/install/navigation_pkg/lib/pkgconfig/navigation_pkg.pc'
[21.276s] Level 1:colcon.colcon_core.environment:checking '/home/juan/Robotics/Proyecto/Mapeo3D_LiDAR2D/install/navigation_pkg/lib/python3.10/site-packages'
[21.276s] Level 1:colcon.colcon_core.shell:create_environment_hook('navigation_pkg', 'pythonpath')
[21.277s] INFO:colcon.colcon_core.shell:Creating environment hook '/home/juan/Robotics/Proyecto/Mapeo3D_LiDAR2D/install/navigation_pkg/share/navigation_pkg/hook/pythonpath.ps1'
[21.278s] INFO:colcon.colcon_core.shell:Creating environment descriptor '/home/juan/Robotics/Proyecto/Mapeo3D_LiDAR2D/install/navigation_pkg/share/navigation_pkg/hook/pythonpath.dsv'
[21.278s] INFO:colcon.colcon_core.shell:Creating environment hook '/home/juan/Robotics/Proyecto/Mapeo3D_LiDAR2D/install/navigation_pkg/share/navigation_pkg/hook/pythonpath.sh'
[21.280s] Level 1:colcon.colcon_core.environment:checking '/home/juan/Robotics/Proyecto/Mapeo3D_LiDAR2D/install/navigation_pkg/bin'
[21.280s] Level 1:colcon.colcon_core.environment:create_environment_scripts_only(navigation_pkg)
[21.281s] INFO:colcon.colcon_core.shell:Creating package script '/home/juan/Robotics/Proyecto/Mapeo3D_LiDAR2D/install/navigation_pkg/share/navigation_pkg/package.ps1'
[21.282s] INFO:colcon.colcon_core.shell:Creating package descriptor '/home/juan/Robotics/Proyecto/Mapeo3D_LiDAR2D/install/navigation_pkg/share/navigation_pkg/package.dsv'
[21.283s] INFO:colcon.colcon_core.shell:Creating package script '/home/juan/Robotics/Proyecto/Mapeo3D_LiDAR2D/install/navigation_pkg/share/navigation_pkg/package.sh'
[21.283s] INFO:colcon.colcon_core.shell:Creating package script '/home/juan/Robotics/Proyecto/Mapeo3D_LiDAR2D/install/navigation_pkg/share/navigation_pkg/package.bash'
[21.284s] INFO:colcon.colcon_core.shell:Creating package script '/home/juan/Robotics/Proyecto/Mapeo3D_LiDAR2D/install/navigation_pkg/share/navigation_pkg/package.zsh'
[21.285s] Level 1:colcon.colcon_core.environment:create_file_with_runtime_dependencies(/home/juan/Robotics/Proyecto/Mapeo3D_LiDAR2D/install/navigation_pkg/share/colcon-core/packages/navigation_pkg)
[21.285s] DEBUG:colcon.colcon_parallel_executor.executor.parallel:closing loop
[21.286s] DEBUG:colcon.colcon_parallel_executor.executor.parallel:loop closed
[21.286s] DEBUG:colcon.colcon_parallel_executor.executor.parallel:run_until_complete finished with '0'
[21.287s] DEBUG:colcon.colcon_core.event_reactor:joining thread
[21.327s] INFO:colcon.colcon_core.plugin_system:Skipping extension 'colcon_notification.desktop_notification.terminal_notifier': Not used on non-Darwin systems
[21.327s] INFO:colcon.colcon_core.plugin_system:Skipping extension 'colcon_notification.desktop_notification.win32': Not used on non-Windows systems
[21.327s] INFO:colcon.colcon_notification.desktop_notification:Sending desktop notification using 'notify2'
[21.358s] DEBUG:colcon.colcon_core.event_reactor:joined thread
[21.359s] INFO:colcon.colcon_core.shell:Creating prefix script '/home/juan/Robotics/Proyecto/Mapeo3D_LiDAR2D/install/local_setup.ps1'
[21.387s] INFO:colcon.colcon_core.shell:Creating prefix util module '/home/juan/Robotics/Proyecto/Mapeo3D_LiDAR2D/install/_local_setup_util_ps1.py'
[21.437s] INFO:colcon.colcon_core.shell:Creating prefix chain script '/home/juan/Robotics/Proyecto/Mapeo3D_LiDAR2D/install/setup.ps1'
[21.441s] INFO:colcon.colcon_core.shell:Creating prefix script '/home/juan/Robotics/Proyecto/Mapeo3D_LiDAR2D/install/local_setup.sh'
[21.443s] INFO:colcon.colcon_core.shell:Creating prefix util module '/home/juan/Robotics/Proyecto/Mapeo3D_LiDAR2D/install/_local_setup_util_sh.py'
[21.444s] INFO:colcon.colcon_core.shell:Creating prefix chain script '/home/juan/Robotics/Proyecto/Mapeo3D_LiDAR2D/install/setup.sh'
[21.447s] INFO:colcon.colcon_core.shell:Creating prefix script '/home/juan/Robotics/Proyecto/Mapeo3D_LiDAR2D/install/local_setup.bash'
[21.466s] INFO:colcon.colcon_core.shell:Creating prefix chain script '/home/juan/Robotics/Proyecto/Mapeo3D_LiDAR2D/install/setup.bash'
[21.469s] INFO:colcon.colcon_core.shell:Creating prefix script '/home/juan/Robotics/Proyecto/Mapeo3D_LiDAR2D/install/local_setup.zsh'
[21.509s] INFO:colcon.colcon_core.shell:Creating prefix chain script '/home/juan/Robotics/Proyecto/Mapeo3D_LiDAR2D/install/setup.zsh'
