[0.068s] Invoking command in '/home/nicolas/RAS/build/vonns2_gazebo': CMAKE_PREFIX_PATH=${CMAKE_PREFIX_PATH}:/opt/ros/humble /usr/bin/cmake --build /home/nicolas/RAS/build/vonns2_gazebo -- -j2 -l2
[0.237s] Built target ament_cmake_python_copy_scripts
[0.698s] running egg_info
[0.699s] writing scripts.egg-info/PKG-INFO
[0.701s] writing dependency_links to scripts.egg-info/dependency_links.txt
[0.703s] writing top-level names to scripts.egg-info/top_level.txt
[0.707s] reading manifest file 'scripts.egg-info/SOURCES.txt'
[0.709s] writing manifest file 'scripts.egg-info/SOURCES.txt'
[0.771s] Built target ament_cmake_python_build_scripts_egg
[0.794s] Invoked command in '/home/nicolas/RAS/build/vonns2_gazebo' returned '0': CMAKE_PREFIX_PATH=${CMAKE_PREFIX_PATH}:/opt/ros/humble /usr/bin/cmake --build /home/nicolas/RAS/build/vonns2_gazebo -- -j2 -l2
[0.877s] Invoking command in '/home/nicolas/RAS/build/vonns2_gazebo': CMAKE_PREFIX_PATH=${CMAKE_PREFIX_PATH}:/opt/ros/humble /usr/bin/cmake --install /home/nicolas/RAS/build/vonns2_gazebo
[0.898s] -- Install configuration: ""
[0.899s] -- Up-to-date: /home/nicolas/RAS/install/vonns2_gazebo/share/vonns2_gazebo/environment/pythonpath.sh
[0.899s] -- Up-to-date: /home/nicolas/RAS/install/vonns2_gazebo/share/vonns2_gazebo/environment/pythonpath.dsv
[0.899s] -- Up-to-date: /home/nicolas/RAS/install/vonns2_gazebo/local/lib/python3.10/dist-packages/scripts-0.0.0-py3.10.egg-info
[0.900s] -- Installing: /home/nicolas/RAS/install/vonns2_gazebo/local/lib/python3.10/dist-packages/scripts-0.0.0-py3.10.egg-info/SOURCES.txt
[0.900s] -- Installing: /home/nicolas/RAS/install/vonns2_gazebo/local/lib/python3.10/dist-packages/scripts-0.0.0-py3.10.egg-info/dependency_links.txt
[0.905s] -- Installing: /home/nicolas/RAS/install/vonns2_gazebo/local/lib/python3.10/dist-packages/scripts-0.0.0-py3.10.egg-info/top_level.txt
[0.906s] -- Installing: /home/nicolas/RAS/install/vonns2_gazebo/local/lib/python3.10/dist-packages/scripts-0.0.0-py3.10.egg-info/PKG-INFO
[0.907s] -- Up-to-date: /home/nicolas/RAS/install/vonns2_gazebo/local/lib/python3.10/dist-packages/scripts
[0.907s] -- Up-to-date: /home/nicolas/RAS/install/vonns2_gazebo/local/lib/python3.10/dist-packages/scripts/joint_group_position_publisher.py
[0.908s] -- Up-to-date: /home/nicolas/RAS/install/vonns2_gazebo/local/lib/python3.10/dist-packages/scripts/__init__.py
[0.977s] Listing '/home/nicolas/RAS/install/vonns2_gazebo/local/lib/python3.10/dist-packages/scripts'...
[0.986s] -- Up-to-date: /home/nicolas/RAS/install/vonns2_gazebo/lib/vonns2_gazebo/joint_group_position_publisher.py
[0.987s] -- Up-to-date: /home/nicolas/RAS/install/vonns2_gazebo/share/vonns2_gazebo/config
[0.987s] -- Up-to-date: /home/nicolas/RAS/install/vonns2_gazebo/share/vonns2_gazebo/config/visualization.rviz
[0.988s] -- Up-to-date: /home/nicolas/RAS/install/vonns2_gazebo/share/vonns2_gazebo/config/joint_group_position_controller.yaml
[0.988s] -- Up-to-date: /home/nicolas/RAS/install/vonns2_gazebo/share/vonns2_gazebo/description
[0.989s] -- Up-to-date: /home/nicolas/RAS/install/vonns2_gazebo/share/vonns2_gazebo/description/vonns2.urdf.xacro
[0.990s] -- Up-to-date: /home/nicolas/RAS/install/vonns2_gazebo/share/vonns2_gazebo/description/vonns2_core.xacro
[0.990s] -- Up-to-date: /home/nicolas/RAS/install/vonns2_gazebo/share/vonns2_gazebo/description/lidar.xacro
[0.990s] -- Up-to-date: /home/nicolas/RAS/install/vonns2_gazebo/share/vonns2_gazebo/description/ros2_control.xacro
[0.990s] -- Up-to-date: /home/nicolas/RAS/install/vonns2_gazebo/share/vonns2_gazebo/launch
[0.991s] -- Up-to-date: /home/nicolas/RAS/install/vonns2_gazebo/share/vonns2_gazebo/launch/robot_state_publisher.launch.py
[0.991s] -- Installing: /home/nicolas/RAS/install/vonns2_gazebo/share/vonns2_gazebo/launch/joint_group_position_controller.launch.py
[0.991s] -- Up-to-date: /home/nicolas/RAS/install/vonns2_gazebo/share/vonns2_gazebo/launch/gazebo.launch.py
[0.991s] -- Up-to-date: /home/nicolas/RAS/install/vonns2_gazebo/share/vonns2_gazebo/launch/visualization.launch.py
[0.991s] -- Up-to-date: /home/nicolas/RAS/install/vonns2_gazebo/share/vonns2_gazebo/meshes
[0.993s] -- Up-to-date: /home/nicolas/RAS/install/vonns2_gazebo/share/vonns2_gazebo/meshes/servo.STL
[0.993s] -- Up-to-date: /home/nicolas/RAS/install/vonns2_gazebo/share/vonns2_gazebo/meshes/laser.STL
[0.993s] -- Up-to-date: /home/nicolas/RAS/install/vonns2_gazebo/share/vonns2_gazebo/meshes/base_footprint.STL
[0.993s] -- Up-to-date: /home/nicolas/RAS/install/vonns2_gazebo/share/vonns2_gazebo/worlds
[0.993s] -- Up-to-date: /home/nicolas/RAS/install/vonns2_gazebo/share/vonns2_gazebo/worlds/cylinder.sdf
[0.993s] -- Up-to-date: /home/nicolas/RAS/install/vonns2_gazebo/share/ament_index/resource_index/package_run_dependencies/vonns2_gazebo
[0.993s] -- Up-to-date: /home/nicolas/RAS/install/vonns2_gazebo/share/ament_index/resource_index/parent_prefix_path/vonns2_gazebo
[0.993s] -- Up-to-date: /home/nicolas/RAS/install/vonns2_gazebo/share/vonns2_gazebo/environment/ament_prefix_path.sh
[0.993s] -- Up-to-date: /home/nicolas/RAS/install/vonns2_gazebo/share/vonns2_gazebo/environment/ament_prefix_path.dsv
[0.994s] -- Up-to-date: /home/nicolas/RAS/install/vonns2_gazebo/share/vonns2_gazebo/environment/path.sh
[0.994s] -- Up-to-date: /home/nicolas/RAS/install/vonns2_gazebo/share/vonns2_gazebo/environment/path.dsv
[0.994s] -- Up-to-date: /home/nicolas/RAS/install/vonns2_gazebo/share/vonns2_gazebo/local_setup.bash
[0.994s] -- Up-to-date: /home/nicolas/RAS/install/vonns2_gazebo/share/vonns2_gazebo/local_setup.sh
[0.994s] -- Up-to-date: /home/nicolas/RAS/install/vonns2_gazebo/share/vonns2_gazebo/local_setup.zsh
[0.997s] -- Up-to-date: /home/nicolas/RAS/install/vonns2_gazebo/share/vonns2_gazebo/local_setup.dsv
[0.998s] -- Installing: /home/nicolas/RAS/install/vonns2_gazebo/share/vonns2_gazebo/package.dsv
[0.998s] -- Up-to-date: /home/nicolas/RAS/install/vonns2_gazebo/share/ament_index/resource_index/packages/vonns2_gazebo
[0.998s] -- Up-to-date: /home/nicolas/RAS/install/vonns2_gazebo/share/vonns2_gazebo/cmake/vonns2_gazeboConfig.cmake
[0.998s] -- Up-to-date: /home/nicolas/RAS/install/vonns2_gazebo/share/vonns2_gazebo/cmake/vonns2_gazeboConfig-version.cmake
[0.999s] -- Up-to-date: /home/nicolas/RAS/install/vonns2_gazebo/share/vonns2_gazebo/package.xml
[1.001s] Invoked command in '/home/nicolas/RAS/build/vonns2_gazebo' returned '0': CMAKE_PREFIX_PATH=${CMAKE_PREFIX_PATH}:/opt/ros/humble /usr/bin/cmake --install /home/nicolas/RAS/build/vonns2_gazebo
