[0.040s] Invoking command in '/home/nicolas/RAS/build/vonns2_gazebo': CMAKE_PREFIX_PATH=${CMAKE_PREFIX_PATH}:/opt/ros/humble /usr/bin/cmake --build /home/nicolas/RAS/build/vonns2_gazebo -- -j2 -l2
[0.206s] Built target ament_cmake_python_copy_scripts
[0.686s] running egg_info
[0.689s] writing scripts.egg-info/PKG-INFO
[0.690s] writing dependency_links to scripts.egg-info/dependency_links.txt
[0.691s] writing top-level names to scripts.egg-info/top_level.txt
[0.700s] reading manifest file 'scripts.egg-info/SOURCES.txt'
[0.704s] writing manifest file 'scripts.egg-info/SOURCES.txt'
[0.791s] Built target ament_cmake_python_build_scripts_egg
[0.812s] Invoked command in '/home/nicolas/RAS/build/vonns2_gazebo' returned '0': CMAKE_PREFIX_PATH=${CMAKE_PREFIX_PATH}:/opt/ros/humble /usr/bin/cmake --build /home/nicolas/RAS/build/vonns2_gazebo -- -j2 -l2
[0.910s] Invoking command in '/home/nicolas/RAS/build/vonns2_gazebo': CMAKE_PREFIX_PATH=${CMAKE_PREFIX_PATH}:/opt/ros/humble /usr/bin/cmake --install /home/nicolas/RAS/build/vonns2_gazebo
[0.942s] -- Install configuration: ""
[0.942s] -- Up-to-date: /home/nicolas/RAS/install/vonns2_gazebo/share/vonns2_gazebo/environment/pythonpath.sh
[0.942s] -- Up-to-date: /home/nicolas/RAS/install/vonns2_gazebo/share/vonns2_gazebo/environment/pythonpath.dsv
[0.943s] -- Up-to-date: /home/nicolas/RAS/install/vonns2_gazebo/local/lib/python3.10/dist-packages/scripts-0.0.0-py3.10.egg-info
[0.943s] -- Installing: /home/nicolas/RAS/install/vonns2_gazebo/local/lib/python3.10/dist-packages/scripts-0.0.0-py3.10.egg-info/SOURCES.txt
[0.943s] -- Installing: /home/nicolas/RAS/install/vonns2_gazebo/local/lib/python3.10/dist-packages/scripts-0.0.0-py3.10.egg-info/dependency_links.txt
[0.943s] -- Installing: /home/nicolas/RAS/install/vonns2_gazebo/local/lib/python3.10/dist-packages/scripts-0.0.0-py3.10.egg-info/top_level.txt
[0.943s] -- Installing: /home/nicolas/RAS/install/vonns2_gazebo/local/lib/python3.10/dist-packages/scripts-0.0.0-py3.10.egg-info/PKG-INFO
[0.943s] -- Up-to-date: /home/nicolas/RAS/install/vonns2_gazebo/local/lib/python3.10/dist-packages/scripts
[0.943s] -- Up-to-date: /home/nicolas/RAS/install/vonns2_gazebo/local/lib/python3.10/dist-packages/scripts/joint_group_position_publisher.py
[0.943s] -- Up-to-date: /home/nicolas/RAS/install/vonns2_gazebo/local/lib/python3.10/dist-packages/scripts/__init__.py
[1.005s] Listing '/home/nicolas/RAS/install/vonns2_gazebo/local/lib/python3.10/dist-packages/scripts'...
[1.014s] -- Up-to-date: /home/nicolas/RAS/install/vonns2_gazebo/lib/vonns2_gazebo/joint_group_position_publisher.py
[1.015s] -- Up-to-date: /home/nicolas/RAS/install/vonns2_gazebo/share/vonns2_gazebo/config
[1.015s] -- Up-to-date: /home/nicolas/RAS/install/vonns2_gazebo/share/vonns2_gazebo/config/visualization.rviz
[1.017s] -- Up-to-date: /home/nicolas/RAS/install/vonns2_gazebo/share/vonns2_gazebo/config/joint_group_position_controller.yaml
[1.017s] -- Up-to-date: /home/nicolas/RAS/install/vonns2_gazebo/share/vonns2_gazebo/description
[1.017s] -- Up-to-date: /home/nicolas/RAS/install/vonns2_gazebo/share/vonns2_gazebo/description/vonns2.urdf.xacro
[1.017s] -- Up-to-date: /home/nicolas/RAS/install/vonns2_gazebo/share/vonns2_gazebo/description/vonns2_core.xacro
[1.017s] -- Up-to-date: /home/nicolas/RAS/install/vonns2_gazebo/share/vonns2_gazebo/description/lidar.xacro
[1.017s] -- Up-to-date: /home/nicolas/RAS/install/vonns2_gazebo/share/vonns2_gazebo/description/ros2_control.xacro
[1.017s] -- Up-to-date: /home/nicolas/RAS/install/vonns2_gazebo/share/vonns2_gazebo/launch
[1.018s] -- Up-to-date: /home/nicolas/RAS/install/vonns2_gazebo/share/vonns2_gazebo/launch/robot_state_publisher.launch.py
[1.018s] -- Up-to-date: /home/nicolas/RAS/install/vonns2_gazebo/share/vonns2_gazebo/launch/joint_group_position_controller.launch.py
[1.018s] -- Up-to-date: /home/nicolas/RAS/install/vonns2_gazebo/share/vonns2_gazebo/launch/gazebo.launch.py
[1.018s] -- Up-to-date: /home/nicolas/RAS/install/vonns2_gazebo/share/vonns2_gazebo/launch/visualization.launch.py
[1.018s] -- Up-to-date: /home/nicolas/RAS/install/vonns2_gazebo/share/vonns2_gazebo/meshes
[1.018s] -- Up-to-date: /home/nicolas/RAS/install/vonns2_gazebo/share/vonns2_gazebo/meshes/servo.STL
[1.018s] -- Up-to-date: /home/nicolas/RAS/install/vonns2_gazebo/share/vonns2_gazebo/meshes/laser.STL
[1.019s] -- Up-to-date: /home/nicolas/RAS/install/vonns2_gazebo/share/vonns2_gazebo/meshes/base_footprint.STL
[1.019s] -- Up-to-date: /home/nicolas/RAS/install/vonns2_gazebo/share/vonns2_gazebo/worlds
[1.023s] -- Up-to-date: /home/nicolas/RAS/install/vonns2_gazebo/share/vonns2_gazebo/worlds/scan
[1.024s] -- Up-to-date: /home/nicolas/RAS/install/vonns2_gazebo/share/vonns2_gazebo/worlds/cylinder.sdf
[1.028s] -- Up-to-date: /home/nicolas/RAS/install/vonns2_gazebo/share/vonns2_gazebo/worlds/scan_cylinder.sdf
[1.029s] -- Up-to-date: /home/nicolas/RAS/install/vonns2_gazebo/share/ament_index/resource_index/package_run_dependencies/vonns2_gazebo
[1.030s] -- Up-to-date: /home/nicolas/RAS/install/vonns2_gazebo/share/ament_index/resource_index/parent_prefix_path/vonns2_gazebo
[1.030s] -- Up-to-date: /home/nicolas/RAS/install/vonns2_gazebo/share/vonns2_gazebo/environment/ament_prefix_path.sh
[1.030s] -- Up-to-date: /home/nicolas/RAS/install/vonns2_gazebo/share/vonns2_gazebo/environment/ament_prefix_path.dsv
[1.030s] -- Up-to-date: /home/nicolas/RAS/install/vonns2_gazebo/share/vonns2_gazebo/environment/path.sh
[1.031s] -- Up-to-date: /home/nicolas/RAS/install/vonns2_gazebo/share/vonns2_gazebo/environment/path.dsv
[1.031s] -- Up-to-date: /home/nicolas/RAS/install/vonns2_gazebo/share/vonns2_gazebo/local_setup.bash
[1.031s] -- Up-to-date: /home/nicolas/RAS/install/vonns2_gazebo/share/vonns2_gazebo/local_setup.sh
[1.031s] -- Up-to-date: /home/nicolas/RAS/install/vonns2_gazebo/share/vonns2_gazebo/local_setup.zsh
[1.032s] -- Up-to-date: /home/nicolas/RAS/install/vonns2_gazebo/share/vonns2_gazebo/local_setup.dsv
[1.032s] -- Installing: /home/nicolas/RAS/install/vonns2_gazebo/share/vonns2_gazebo/package.dsv
[1.032s] -- Up-to-date: /home/nicolas/RAS/install/vonns2_gazebo/share/ament_index/resource_index/packages/vonns2_gazebo
[1.032s] -- Up-to-date: /home/nicolas/RAS/install/vonns2_gazebo/share/vonns2_gazebo/cmake/vonns2_gazeboConfig.cmake
[1.032s] -- Up-to-date: /home/nicolas/RAS/install/vonns2_gazebo/share/vonns2_gazebo/cmake/vonns2_gazeboConfig-version.cmake
[1.033s] -- Up-to-date: /home/nicolas/RAS/install/vonns2_gazebo/share/vonns2_gazebo/package.xml
[1.033s] Invoked command in '/home/nicolas/RAS/build/vonns2_gazebo' returned '0': CMAKE_PREFIX_PATH=${CMAKE_PREFIX_PATH}:/opt/ros/humble /usr/bin/cmake --install /home/nicolas/RAS/build/vonns2_gazebo
