[0.024s] Invoking command in '/home/nicolas/RAS/build/vonns2_reconstruction': CMAKE_PREFIX_PATH=${CMAKE_PREFIX_PATH}:/opt/ros/humble /usr/bin/cmake --build /home/nicolas/RAS/build/vonns2_reconstruction -- -j2 -l2
[0.263s] [ 50%] Built target point_cloud2_assembler
[0.443s] [100%] Built target point_cloud2_converter
[0.661s] [100%] Built target ament_cmake_python_copy_scripts
[2.270s] running egg_info
[2.271s] writing scripts.egg-info/PKG-INFO
[2.273s] writing dependency_links to scripts.egg-info/dependency_links.txt
[2.274s] writing top-level names to scripts.egg-info/top_level.txt
[2.286s] reading manifest file 'scripts.egg-info/SOURCES.txt'
[2.286s] writing manifest file 'scripts.egg-info/SOURCES.txt'
[2.395s] [100%] Built target ament_cmake_python_build_scripts_egg
[2.449s] Invoked command in '/home/nicolas/RAS/build/vonns2_reconstruction' returned '0': CMAKE_PREFIX_PATH=${CMAKE_PREFIX_PATH}:/opt/ros/humble /usr/bin/cmake --build /home/nicolas/RAS/build/vonns2_reconstruction -- -j2 -l2
[2.666s] Invoking command in '/home/nicolas/RAS/build/vonns2_reconstruction': CMAKE_PREFIX_PATH=${CMAKE_PREFIX_PATH}:/opt/ros/humble /usr/bin/cmake --install /home/nicolas/RAS/build/vonns2_reconstruction
[2.668s] -- Install configuration: ""
[2.670s] -- Up-to-date: /home/nicolas/RAS/install/vonns2_reconstruction/lib/vonns2_reconstruction/point_cloud2_assembler
[2.672s] -- Up-to-date: /home/nicolas/RAS/install/vonns2_reconstruction/lib/vonns2_reconstruction/point_cloud2_converter
[2.673s] -- Up-to-date: /home/nicolas/RAS/install/vonns2_reconstruction/share/vonns2_reconstruction/environment/pythonpath.sh
[2.674s] -- Up-to-date: /home/nicolas/RAS/install/vonns2_reconstruction/share/vonns2_reconstruction/environment/pythonpath.dsv
[2.674s] -- Up-to-date: /home/nicolas/RAS/install/vonns2_reconstruction/local/lib/python3.10/dist-packages/scripts-0.0.0-py3.10.egg-info
[2.675s] -- Installing: /home/nicolas/RAS/install/vonns2_reconstruction/local/lib/python3.10/dist-packages/scripts-0.0.0-py3.10.egg-info/SOURCES.txt
[2.676s] -- Installing: /home/nicolas/RAS/install/vonns2_reconstruction/local/lib/python3.10/dist-packages/scripts-0.0.0-py3.10.egg-info/dependency_links.txt
[2.677s] -- Installing: /home/nicolas/RAS/install/vonns2_reconstruction/local/lib/python3.10/dist-packages/scripts-0.0.0-py3.10.egg-info/top_level.txt
[2.678s] -- Installing: /home/nicolas/RAS/install/vonns2_reconstruction/local/lib/python3.10/dist-packages/scripts-0.0.0-py3.10.egg-info/PKG-INFO
[2.683s] -- Up-to-date: /home/nicolas/RAS/install/vonns2_reconstruction/local/lib/python3.10/dist-packages/scripts
[2.686s] -- Up-to-date: /home/nicolas/RAS/install/vonns2_reconstruction/local/lib/python3.10/dist-packages/scripts/__init__.py
[2.861s] Listing '/home/nicolas/RAS/install/vonns2_reconstruction/local/lib/python3.10/dist-packages/scripts'...
[2.876s] -- Up-to-date: /home/nicolas/RAS/install/vonns2_reconstruction/share/vonns2_reconstruction/config
[2.877s] -- Up-to-date: /home/nicolas/RAS/install/vonns2_reconstruction/share/vonns2_reconstruction/config/reconstruction_in_gazebo.rviz
[2.877s] -- Up-to-date: /home/nicolas/RAS/install/vonns2_reconstruction/share/vonns2_reconstruction/config/reconstruction.rviz
[2.877s] -- Up-to-date: /home/nicolas/RAS/install/vonns2_reconstruction/share/vonns2_reconstruction/launch
[2.877s] -- Up-to-date: /home/nicolas/RAS/install/vonns2_reconstruction/share/vonns2_reconstruction/launch/reconstruction_in_gazebo.launch.py
[2.877s] -- Up-to-date: /home/nicolas/RAS/install/vonns2_reconstruction/share/vonns2_reconstruction/launch/reconstruction_in_bringup.launch.py
[2.878s] -- Up-to-date: /home/nicolas/RAS/install/vonns2_reconstruction/share/vonns2_reconstruction/pcd
[2.878s] -- Up-to-date: /home/nicolas/RAS/install/vonns2_reconstruction/share/ament_index/resource_index/package_run_dependencies/vonns2_reconstruction
[2.880s] -- Up-to-date: /home/nicolas/RAS/install/vonns2_reconstruction/share/ament_index/resource_index/parent_prefix_path/vonns2_reconstruction
[2.881s] -- Up-to-date: /home/nicolas/RAS/install/vonns2_reconstruction/share/vonns2_reconstruction/environment/ament_prefix_path.sh
[2.886s] -- Up-to-date: /home/nicolas/RAS/install/vonns2_reconstruction/share/vonns2_reconstruction/environment/ament_prefix_path.dsv
[2.886s] -- Up-to-date: /home/nicolas/RAS/install/vonns2_reconstruction/share/vonns2_reconstruction/environment/path.sh
[2.886s] -- Up-to-date: /home/nicolas/RAS/install/vonns2_reconstruction/share/vonns2_reconstruction/environment/path.dsv
[2.887s] -- Up-to-date: /home/nicolas/RAS/install/vonns2_reconstruction/share/vonns2_reconstruction/local_setup.bash
[2.887s] -- Up-to-date: /home/nicolas/RAS/install/vonns2_reconstruction/share/vonns2_reconstruction/local_setup.sh
[2.887s] -- Up-to-date: /home/nicolas/RAS/install/vonns2_reconstruction/share/vonns2_reconstruction/local_setup.zsh
[2.887s] -- Up-to-date: /home/nicolas/RAS/install/vonns2_reconstruction/share/vonns2_reconstruction/local_setup.dsv
[2.887s] -- Installing: /home/nicolas/RAS/install/vonns2_reconstruction/share/vonns2_reconstruction/package.dsv
[2.888s] -- Up-to-date: /home/nicolas/RAS/install/vonns2_reconstruction/share/ament_index/resource_index/packages/vonns2_reconstruction
[2.888s] -- Up-to-date: /home/nicolas/RAS/install/vonns2_reconstruction/share/vonns2_reconstruction/cmake/vonns2_reconstructionConfig.cmake
[2.890s] -- Up-to-date: /home/nicolas/RAS/install/vonns2_reconstruction/share/vonns2_reconstruction/cmake/vonns2_reconstructionConfig-version.cmake
[2.891s] -- Up-to-date: /home/nicolas/RAS/install/vonns2_reconstruction/share/vonns2_reconstruction/package.xml
[2.902s] Invoked command in '/home/nicolas/RAS/build/vonns2_reconstruction' returned '0': CMAKE_PREFIX_PATH=${CMAKE_PREFIX_PATH}:/opt/ros/humble /usr/bin/cmake --install /home/nicolas/RAS/build/vonns2_reconstruction
