[0.118s] Invoking command in '/home/nicolas/RAS/build/vonns2_reconstruction': CMAKE_PREFIX_PATH=${CMAKE_PREFIX_PATH}:/opt/ros/humble /usr/bin/cmake --build /home/nicolas/RAS/build/vonns2_reconstruction -- -j2 -l2
[0.960s] [ 50%] Built target point_cloud2_assembler
[1.144s] [100%] Built target point_cloud2_converter
[1.391s] [100%] Built target ament_cmake_python_copy_scripts
[3.182s] running egg_info
[3.185s] writing scripts.egg-info/PKG-INFO
[3.189s] writing dependency_links to scripts.egg-info/dependency_links.txt
[3.192s] writing top-level names to scripts.egg-info/top_level.txt
[3.212s] reading manifest file 'scripts.egg-info/SOURCES.txt'
[3.215s] writing manifest file 'scripts.egg-info/SOURCES.txt'
[3.409s] [100%] Built target ament_cmake_python_build_scripts_egg
[3.516s] Invoked command in '/home/nicolas/RAS/build/vonns2_reconstruction' returned '0': CMAKE_PREFIX_PATH=${CMAKE_PREFIX_PATH}:/opt/ros/humble /usr/bin/cmake --build /home/nicolas/RAS/build/vonns2_reconstruction -- -j2 -l2
[3.769s] Invoking command in '/home/nicolas/RAS/build/vonns2_reconstruction': CMAKE_PREFIX_PATH=${CMAKE_PREFIX_PATH}:/opt/ros/humble /usr/bin/cmake --install /home/nicolas/RAS/build/vonns2_reconstruction
[3.835s] -- Install configuration: ""
[3.837s] -- Up-to-date: /home/nicolas/RAS/install/vonns2_reconstruction/lib/vonns2_reconstruction/point_cloud2_assembler
[3.848s] -- Up-to-date: /home/nicolas/RAS/install/vonns2_reconstruction/lib/vonns2_reconstruction/point_cloud2_converter
[3.852s] -- Up-to-date: /home/nicolas/RAS/install/vonns2_reconstruction/share/vonns2_reconstruction/environment/pythonpath.sh
[3.855s] -- Up-to-date: /home/nicolas/RAS/install/vonns2_reconstruction/share/vonns2_reconstruction/environment/pythonpath.dsv
[3.858s] -- Up-to-date: /home/nicolas/RAS/install/vonns2_reconstruction/local/lib/python3.10/dist-packages/scripts-0.0.0-py3.10.egg-info
[3.860s] -- Installing: /home/nicolas/RAS/install/vonns2_reconstruction/local/lib/python3.10/dist-packages/scripts-0.0.0-py3.10.egg-info/SOURCES.txt
[3.863s] -- Installing: /home/nicolas/RAS/install/vonns2_reconstruction/local/lib/python3.10/dist-packages/scripts-0.0.0-py3.10.egg-info/dependency_links.txt
[3.864s] -- Installing: /home/nicolas/RAS/install/vonns2_reconstruction/local/lib/python3.10/dist-packages/scripts-0.0.0-py3.10.egg-info/top_level.txt
[3.865s] -- Installing: /home/nicolas/RAS/install/vonns2_reconstruction/local/lib/python3.10/dist-packages/scripts-0.0.0-py3.10.egg-info/PKG-INFO
[3.868s] -- Up-to-date: /home/nicolas/RAS/install/vonns2_reconstruction/local/lib/python3.10/dist-packages/scripts
[3.868s] -- Up-to-date: /home/nicolas/RAS/install/vonns2_reconstruction/local/lib/python3.10/dist-packages/scripts/__init__.py
[4.163s] Listing '/home/nicolas/RAS/install/vonns2_reconstruction/local/lib/python3.10/dist-packages/scripts'...
[4.192s] -- Up-to-date: /home/nicolas/RAS/install/vonns2_reconstruction/share/vonns2_reconstruction/config
[4.193s] -- Up-to-date: /home/nicolas/RAS/install/vonns2_reconstruction/share/vonns2_reconstruction/config/reconstruction_in_gazebo.rviz
[4.194s] -- Up-to-date: /home/nicolas/RAS/install/vonns2_reconstruction/share/vonns2_reconstruction/config/reconstruction.rviz
[4.196s] -- Up-to-date: /home/nicolas/RAS/install/vonns2_reconstruction/share/vonns2_reconstruction/launch
[4.206s] -- Up-to-date: /home/nicolas/RAS/install/vonns2_reconstruction/share/vonns2_reconstruction/launch/reconstruction_in_gazebo.launch.py
[4.222s] -- Up-to-date: /home/nicolas/RAS/install/vonns2_reconstruction/share/vonns2_reconstruction/launch/reconstruction_in_bringup.launch.py
[4.223s] -- Up-to-date: /home/nicolas/RAS/install/vonns2_reconstruction/share/vonns2_reconstruction/pcd
[4.223s] -- Up-to-date: /home/nicolas/RAS/install/vonns2_reconstruction/share/ament_index/resource_index/package_run_dependencies/vonns2_reconstruction
[4.224s] -- Up-to-date: /home/nicolas/RAS/install/vonns2_reconstruction/share/ament_index/resource_index/parent_prefix_path/vonns2_reconstruction
[4.224s] -- Up-to-date: /home/nicolas/RAS/install/vonns2_reconstruction/share/vonns2_reconstruction/environment/ament_prefix_path.sh
[4.224s] -- Up-to-date: /home/nicolas/RAS/install/vonns2_reconstruction/share/vonns2_reconstruction/environment/ament_prefix_path.dsv
[4.224s] -- Up-to-date: /home/nicolas/RAS/install/vonns2_reconstruction/share/vonns2_reconstruction/environment/path.sh
[4.224s] -- Up-to-date: /home/nicolas/RAS/install/vonns2_reconstruction/share/vonns2_reconstruction/environment/path.dsv
[4.225s] -- Up-to-date: /home/nicolas/RAS/install/vonns2_reconstruction/share/vonns2_reconstruction/local_setup.bash
[4.225s] -- Up-to-date: /home/nicolas/RAS/install/vonns2_reconstruction/share/vonns2_reconstruction/local_setup.sh
[4.225s] -- Up-to-date: /home/nicolas/RAS/install/vonns2_reconstruction/share/vonns2_reconstruction/local_setup.zsh
[4.225s] -- Up-to-date: /home/nicolas/RAS/install/vonns2_reconstruction/share/vonns2_reconstruction/local_setup.dsv
[4.225s] -- Installing: /home/nicolas/RAS/install/vonns2_reconstruction/share/vonns2_reconstruction/package.dsv
[4.226s] -- Up-to-date: /home/nicolas/RAS/install/vonns2_reconstruction/share/ament_index/resource_index/packages/vonns2_reconstruction
[4.229s] -- Up-to-date: /home/nicolas/RAS/install/vonns2_reconstruction/share/vonns2_reconstruction/cmake/vonns2_reconstructionConfig.cmake
[4.240s] -- Up-to-date: /home/nicolas/RAS/install/vonns2_reconstruction/share/vonns2_reconstruction/cmake/vonns2_reconstructionConfig-version.cmake
[4.240s] -- Up-to-date: /home/nicolas/RAS/install/vonns2_reconstruction/share/vonns2_reconstruction/package.xml
[4.241s] Invoked command in '/home/nicolas/RAS/build/vonns2_reconstruction' returned '0': CMAKE_PREFIX_PATH=${CMAKE_PREFIX_PATH}:/opt/ros/humble /usr/bin/cmake --install /home/nicolas/RAS/build/vonns2_reconstruction
