[1.439s] Invoking command in '/home/juan/Robotics/Proyecto/Mapeo3D_LiDAR2D/build/vonns2_reconstruction': CMAKE_PREFIX_PATH=${CMAKE_PREFIX_PATH}:/home/juan/Robotics/Proyecto/Mapeo3D_LiDAR2D/install/robot_description:/home/juan/Robotics/Proyecto/Mapeo3D_LiDAR2D/install/navigation_pkg:/home/juan/Robotics/Proyecto/Mapeo3D_LiDAR2D/install/my_subscriber_pkg:/opt/ros/humble /usr/bin/cmake /home/juan/Robotics/Proyecto/Mapeo3D_LiDAR2D/src/RAS/src/vonns2-main/vonns2_reconstruction -DAMENT_CMAKE_SYMLINK_INSTALL=1 -DCMAKE_INSTALL_PREFIX=/home/juan/Robotics/Proyecto/Mapeo3D_LiDAR2D/install/vonns2_reconstruction
[4.376s] -- The C compiler identification is GNU 11.4.0
[5.508s] -- The CXX compiler identification is GNU 11.4.0
[5.602s] -- Detecting C compiler ABI info
[5.876s] -- Detecting C compiler ABI info - done
[5.887s] -- Check for working C compiler: /usr/bin/cc - skipped
[5.888s] -- Detecting C compile features
[5.921s] -- Detecting C compile features - done
[5.937s] -- Detecting CXX compiler ABI info
[6.273s] -- Detecting CXX compiler ABI info - done
[6.291s] -- Check for working CXX compiler: /usr/bin/c++ - skipped
[6.292s] -- Detecting CXX compile features
[6.293s] -- Detecting CXX compile features - done
[6.461s] -- Found ament_cmake: 1.3.8 (/opt/ros/humble/share/ament_cmake/cmake)
[8.288s] -- Found Python3: /usr/bin/python3 (found version "3.10.12") found components: Interpreter 
[8.432s] -- Override CMake install command with custom implementation using symlinks instead of copying resources
[8.911s] -- Found rclpy: 3.3.12 (/opt/ros/humble/share/rclpy/cmake)
[8.942s] -- Found rclcpp: 16.0.8 (/opt/ros/humble/share/rclcpp/cmake)
[9.559s] -- Found rosidl_generator_c: 3.1.5 (/opt/ros/humble/share/rosidl_generator_c/cmake)
[9.610s] -- Found rosidl_adapter: 3.1.5 (/opt/ros/humble/share/rosidl_adapter/cmake)
[9.648s] -- Found rosidl_generator_cpp: 3.1.5 (/opt/ros/humble/share/rosidl_generator_cpp/cmake)
[9.796s] -- Using all available rosidl_typesupport_c: rosidl_typesupport_fastrtps_c;rosidl_typesupport_introspection_c
[9.925s] -- Using all available rosidl_typesupport_cpp: rosidl_typesupport_fastrtps_cpp;rosidl_typesupport_introspection_cpp
[10.319s] -- Found rmw_implementation_cmake: 6.1.1 (/opt/ros/humble/share/rmw_implementation_cmake/cmake)
[10.374s] -- Found rmw_fastrtps_cpp: 6.2.6 (/opt/ros/humble/share/rmw_fastrtps_cpp/cmake)
[10.982s] -- Found OpenSSL: /usr/lib/x86_64-linux-gnu/libcrypto.so (found version "3.0.2")  
[11.074s] -- Found FastRTPS: /opt/ros/humble/include  
[11.168s] -- Using RMW implementation 'rmw_fastrtps_cpp' as default
[11.308s] -- Looking for pthread.h
[11.448s] -- Looking for pthread.h - found
[11.448s] -- Performing Test CMAKE_HAVE_LIBC_PTHREAD
[11.579s] -- Performing Test CMAKE_HAVE_LIBC_PTHREAD - Success
[11.581s] -- Found Threads: TRUE  
[12.098s] -- Found sensor_msgs: 4.2.3 (/opt/ros/humble/share/sensor_msgs/cmake)
[12.818s] -- Found tf2_ros: 0.25.6 (/opt/ros/humble/share/tf2_ros/cmake)
[14.367s] -- Found laser_geometry: 2.4.0 (/opt/ros/humble/share/laser_geometry/cmake)
[14.584s] -- Found pluginlib: 5.1.0 (/opt/ros/humble/share/pluginlib/cmake)
[15.279s] -- Found pcl_conversions: 2.4.0 (/opt/ros/humble/share/pcl_conversions/cmake)
[16.015s] -- Checking for module 'eigen3'
[16.054s] --   Found eigen3, version 3.4.0
[16.244s] -- Found Eigen: /usr/include/eigen3 (Required is at least version "3.1") 
[16.244s] -- Eigen found (include: /usr/include/eigen3, version: 3.4.0)
[16.804s] -- Found Boost: /usr/lib/x86_64-linux-gnu/cmake/Boost-1.74.0/BoostConfig.cmake (found suitable version "1.74.0", minimum required is "1.65.0") found components: system filesystem date_time iostreams serialization 
[16.908s] -- Checking for module 'flann'
[16.990s] --   Found flann, version 1.9.1
[17.113s] -- Found FLANN: /usr/lib/x86_64-linux-gnu/libflann_cpp.so  
[17.113s] -- FLANN found (include: /usr/include, lib: /usr/lib/x86_64-linux-gnu/libflann_cpp.so)
[17.613s] -- Found GLEW: /usr/lib/x86_64-linux-gnu/libGLEW.so  
[17.758s] -- Found OpenGL: /usr/lib/x86_64-linux-gnu/libOpenGL.so  found components: OpenGL GLX 
[18.531s] -- Found MPI_C: /usr/lib/x86_64-linux-gnu/libmpi.so (found version "3.1") 
[18.532s] -- Found MPI: TRUE (found version "3.1") found components: C 
[18.585s] -- Found JsonCpp: /usr/lib/x86_64-linux-gnu/libjsoncpp.so (found suitable version "1.9.5", minimum required is "0.7.0") 
[18.660s] -- Found ZLIB: /usr/lib/x86_64-linux-gnu/libz.so (found version "1.2.11") 
[18.720s] -- Found PNG: /usr/lib/x86_64-linux-gnu/libpng.so (found version "1.6.37") 
[19.013s] -- Found Eigen3: /usr/include/eigen3 (found version "3.4.0") 
[19.518s] -- Found X11: /usr/include   
[19.565s] -- Looking for XOpenDisplay in /usr/lib/x86_64-linux-gnu/libX11.so;/usr/lib/x86_64-linux-gnu/libXext.so
[19.764s] -- Looking for XOpenDisplay in /usr/lib/x86_64-linux-gnu/libX11.so;/usr/lib/x86_64-linux-gnu/libXext.so - found
[19.764s] -- Looking for gethostbyname
[19.890s] -- Looking for gethostbyname - found
[19.890s] -- Looking for connect
[20.030s] -- Looking for connect - found
[20.030s] -- Looking for remove
[20.200s] -- Looking for remove - found
[20.201s] -- Looking for shmat
[20.330s] -- Looking for shmat - found
[20.330s] -- Looking for IceConnectionNumber in ICE
[20.512s] -- Looking for IceConnectionNumber in ICE - found
[20.791s] -- Found EXPAT: /usr/lib/x86_64-linux-gnu/libexpat.so (found version "2.4.7") 
[20.796s] -- Found double-conversion: /usr/lib/x86_64-linux-gnu/libdouble-conversion.so  
[20.803s] -- Found LZ4: /usr/lib/x86_64-linux-gnu/liblz4.so (found version "1.9.3") 
[20.842s] -- Found LZMA: /usr/lib/x86_64-linux-gnu/liblzma.so (found version "5.2.5") 
[21.658s] -- Found JPEG: /usr/lib/x86_64-linux-gnu/libjpeg.so (found version "80") 
[21.751s] -- Found TIFF: /usr/lib/x86_64-linux-gnu/libtiff.so (found version "4.3.0")  
[21.761s] -- Found Freetype: /usr/lib/x86_64-linux-gnu/libfreetype.so (found version "2.11.1") 
[21.803s] -- Found utf8cpp: /usr/include/utf8cpp  
[22.124s] -- Checking for module 'libusb-1.0'
[22.197s] --   Found libusb-1.0, version 1.0.25
[22.307s] -- Found libusb: /usr/lib/x86_64-linux-gnu/libusb-1.0.so  
[22.341s] -- Found OpenNI: /usr/lib/libOpenNI.so;libusb::libusb (found version "1.5.4.0") 
[22.342s] -- OpenNI found (version: 1.5.4.0, include: /usr/include/ni, lib: /usr/lib/libOpenNI.so;libusb::libusb)
[22.519s] -- Found OpenNI2: /usr/lib/x86_64-linux-gnu/libOpenNI2.so;libusb::libusb (found version "2.2.0.33") 
[22.519s] -- OpenNI2 found (version: 2.2.0.33, include: /usr/include/openni2, lib: /usr/lib/x86_64-linux-gnu/libOpenNI2.so;libusb::libusb)
[22.519s] [0m** WARNING ** io features related to pcap will be disabled[0m
[22.740s] -- Eigen found (include: /usr/include/eigen3, version: 3.4.0)
[22.751s] -- OpenNI found (version: 1.5.4.0, include: /usr/include/ni, lib: /usr/lib/libOpenNI.so;libusb::libusb)
[22.758s] -- OpenNI2 found (version: 2.2.0.33, include: /usr/include/openni2, lib: /usr/lib/x86_64-linux-gnu/libOpenNI2.so;libusb::libusb)
[22.957s] -- Found Qhull version 8.0.2
[23.142s] -- OpenNI found (version: 1.5.4.0, include: /usr/include/ni, lib: /usr/lib/libOpenNI.so;libusb::libusb)
[23.300s] -- looking for PCL_COMMON
[23.301s] -- Found PCL_COMMON: /usr/lib/x86_64-linux-gnu/libpcl_common.so  
[23.301s] -- looking for PCL_KDTREE
[23.302s] -- Found PCL_KDTREE: /usr/lib/x86_64-linux-gnu/libpcl_kdtree.so  
[23.302s] -- looking for PCL_OCTREE
[23.303s] -- Found PCL_OCTREE: /usr/lib/x86_64-linux-gnu/libpcl_octree.so  
[23.303s] -- looking for PCL_SEARCH
[23.304s] -- Found PCL_SEARCH: /usr/lib/x86_64-linux-gnu/libpcl_search.so  
[23.304s] -- looking for PCL_SAMPLE_CONSENSUS
[23.305s] -- Found PCL_SAMPLE_CONSENSUS: /usr/lib/x86_64-linux-gnu/libpcl_sample_consensus.so  
[23.305s] -- looking for PCL_FILTERS
[23.306s] -- Found PCL_FILTERS: /usr/lib/x86_64-linux-gnu/libpcl_filters.so  
[23.306s] -- looking for PCL_2D
[23.306s] -- Found PCL_2D: /usr/include/pcl-1.12  
[23.306s] -- looking for PCL_GEOMETRY
[23.306s] -- Found PCL_GEOMETRY: /usr/include/pcl-1.12  
[23.307s] -- looking for PCL_IO
[23.308s] -- Found PCL_IO: /usr/lib/x86_64-linux-gnu/libpcl_io.so  
[23.308s] -- looking for PCL_FEATURES
[23.309s] -- Found PCL_FEATURES: /usr/lib/x86_64-linux-gnu/libpcl_features.so  
[23.309s] -- looking for PCL_ML
[23.310s] -- Found PCL_ML: /usr/lib/x86_64-linux-gnu/libpcl_ml.so  
[23.310s] -- looking for PCL_SEGMENTATION
[23.311s] -- Found PCL_SEGMENTATION: /usr/lib/x86_64-linux-gnu/libpcl_segmentation.so  
[23.311s] -- looking for PCL_VISUALIZATION
[23.312s] -- Found PCL_VISUALIZATION: /usr/lib/x86_64-linux-gnu/libpcl_visualization.so  
[23.312s] -- looking for PCL_SURFACE
[23.313s] -- Found PCL_SURFACE: /usr/lib/x86_64-linux-gnu/libpcl_surface.so  
[23.313s] -- looking for PCL_REGISTRATION
[23.314s] -- Found PCL_REGISTRATION: /usr/lib/x86_64-linux-gnu/libpcl_registration.so  
[23.315s] -- looking for PCL_KEYPOINTS
[23.316s] -- Found PCL_KEYPOINTS: /usr/lib/x86_64-linux-gnu/libpcl_keypoints.so  
[23.316s] -- looking for PCL_TRACKING
[23.317s] -- Found PCL_TRACKING: /usr/lib/x86_64-linux-gnu/libpcl_tracking.so  
[23.317s] -- looking for PCL_RECOGNITION
[23.318s] -- Found PCL_RECOGNITION: /usr/lib/x86_64-linux-gnu/libpcl_recognition.so  
[23.318s] -- looking for PCL_STEREO
[23.319s] -- Found PCL_STEREO: /usr/lib/x86_64-linux-gnu/libpcl_stereo.so  
[23.319s] -- looking for PCL_APPS
[23.320s] -- Found PCL_APPS: /usr/lib/x86_64-linux-gnu/libpcl_apps.so  
[23.321s] -- looking for PCL_IN_HAND_SCANNER
[23.321s] -- Found PCL_IN_HAND_SCANNER: /usr/include/pcl-1.12  
[23.321s] -- looking for PCL_MODELER
[23.321s] -- Found PCL_MODELER: /usr/include/pcl-1.12  
[23.321s] -- looking for PCL_POINT_CLOUD_EDITOR
[23.322s] -- Found PCL_POINT_CLOUD_EDITOR: /usr/include/pcl-1.12  
[23.322s] -- looking for PCL_OUTOFCORE
[23.323s] -- Found PCL_OUTOFCORE: /usr/lib/x86_64-linux-gnu/libpcl_outofcore.so  
[23.323s] -- looking for PCL_PEOPLE
[23.324s] -- Found PCL_PEOPLE: /usr/lib/x86_64-linux-gnu/libpcl_people.so  
[23.325s] -- Found PCL: pcl_common;pcl_kdtree;pcl_octree;pcl_search;pcl_sample_consensus;pcl_filters;pcl_io;pcl_features;pcl_ml;pcl_segmentation;pcl_visualization;pcl_surface;pcl_registration;pcl_keypoints;pcl_tracking;pcl_recognition;pcl_stereo;pcl_apps;pcl_outofcore;pcl_people;Boost::system;Boost::filesystem;Boost::date_time;Boost::iostreams;Boost::serialization;/usr/lib/libOpenNI.so;libusb::libusb;/usr/lib/x86_64-linux-gnu/libOpenNI2.so;libusb::libusb;VTK::ChartsCore;VTK::CommonColor;VTK::CommonComputationalGeometry;VTK::CommonCore;VTK::CommonDataModel;VTK::CommonExecutionModel;VTK::CommonMath;VTK::CommonMisc;VTK::CommonTransforms;VTK::FiltersCore;VTK::FiltersExtraction;VTK::FiltersGeneral;VTK::FiltersGeometry;VTK::FiltersModeling;VTK::FiltersSources;VTK::ImagingCore;VTK::ImagingSources;VTK::InteractionImage;VTK::InteractionStyle;VTK::InteractionWidgets;VTK::IOCore;VTK::IOGeometry;VTK::IOImage;VTK::IOLegacy;VTK::IOPLY;VTK::RenderingAnnotation;VTK::RenderingCore;VTK::RenderingContext2D;VTK::RenderingLOD;VTK::RenderingFreeType;VTK::ViewsCore;VTK::ViewsContext2D;VTK::RenderingOpenGL2;VTK::GUISupportQt;FLANN::FLANN;QHULL::QHULL (Required is at least version "1.2") 
[23.535s] -- Found ament_lint_auto: 0.12.10 (/opt/ros/humble/share/ament_lint_auto/cmake)
[23.689s] -- Added test 'cppcheck' to perform static code analysis on C / C++ code
[23.689s] -- Configured cppcheck include dirs: 
[23.689s] -- Configured cppcheck exclude dirs and/or files: 
[23.690s] -- Added test 'flake8' to check Python code syntax and style conventions
[23.691s] -- Added test 'lint_cmake' to check CMake code style
[23.692s] -- Added test 'pep257' to check Python code against some of the docstring style conventions in PEP 257
[23.694s] -- Added test 'uncrustify' to check C / C++ code style
[23.694s] -- Configured uncrustify additional arguments: 
[23.694s] -- Added test 'xmllint' to check XML markup files
[23.697s] -- Configuring done
[24.741s] -- Generating done
[24.749s] -- Build files have been written to: /home/juan/Robotics/Proyecto/Mapeo3D_LiDAR2D/build/vonns2_reconstruction
[24.786s] Invoked command in '/home/juan/Robotics/Proyecto/Mapeo3D_LiDAR2D/build/vonns2_reconstruction' returned '0': CMAKE_PREFIX_PATH=${CMAKE_PREFIX_PATH}:/home/juan/Robotics/Proyecto/Mapeo3D_LiDAR2D/install/robot_description:/home/juan/Robotics/Proyecto/Mapeo3D_LiDAR2D/install/navigation_pkg:/home/juan/Robotics/Proyecto/Mapeo3D_LiDAR2D/install/my_subscriber_pkg:/opt/ros/humble /usr/bin/cmake /home/juan/Robotics/Proyecto/Mapeo3D_LiDAR2D/src/RAS/src/vonns2-main/vonns2_reconstruction -DAMENT_CMAKE_SYMLINK_INSTALL=1 -DCMAKE_INSTALL_PREFIX=/home/juan/Robotics/Proyecto/Mapeo3D_LiDAR2D/install/vonns2_reconstruction
[24.789s] Invoking command in '/home/juan/Robotics/Proyecto/Mapeo3D_LiDAR2D/build/vonns2_reconstruction': CMAKE_PREFIX_PATH=${CMAKE_PREFIX_PATH}:/home/juan/Robotics/Proyecto/Mapeo3D_LiDAR2D/install/robot_description:/home/juan/Robotics/Proyecto/Mapeo3D_LiDAR2D/install/navigation_pkg:/home/juan/Robotics/Proyecto/Mapeo3D_LiDAR2D/install/my_subscriber_pkg:/opt/ros/humble /usr/bin/cmake --build /home/juan/Robotics/Proyecto/Mapeo3D_LiDAR2D/build/vonns2_reconstruction -- -j12 -l12
[24.904s] [ 25%] [32mBuilding CXX object CMakeFiles/point_cloud2_converter.dir/src/point_cloud2_converter.cpp.o[0m
[24.905s] [ 50%] [32mBuilding CXX object CMakeFiles/point_cloud2_assembler.dir/src/point_cloud2_assembler.cpp.o[0m
[24.919s] [ 50%] Built target ament_cmake_python_symlink_scripts
[25.136s] running egg_info
[25.137s] creating scripts.egg-info
[25.157s] writing scripts.egg-info/PKG-INFO
[25.157s] writing dependency_links to scripts.egg-info/dependency_links.txt
[25.157s] writing top-level names to scripts.egg-info/top_level.txt
[25.158s] writing manifest file 'scripts.egg-info/SOURCES.txt'
[25.216s] reading manifest file 'scripts.egg-info/SOURCES.txt'
[25.217s] writing manifest file 'scripts.egg-info/SOURCES.txt'
[25.247s] [ 50%] Built target ament_cmake_python_build_scripts_egg
[43.248s] [ 75%] [32m[1mLinking CXX executable point_cloud2_converter[0m
[44.489s] [ 75%] Built target point_cloud2_converter
[46.320s] [100%] [32m[1mLinking CXX executable point_cloud2_assembler[0m
[52.354s] [100%] Built target point_cloud2_assembler
[52.383s] Invoked command in '/home/juan/Robotics/Proyecto/Mapeo3D_LiDAR2D/build/vonns2_reconstruction' returned '0': CMAKE_PREFIX_PATH=${CMAKE_PREFIX_PATH}:/home/juan/Robotics/Proyecto/Mapeo3D_LiDAR2D/install/robot_description:/home/juan/Robotics/Proyecto/Mapeo3D_LiDAR2D/install/navigation_pkg:/home/juan/Robotics/Proyecto/Mapeo3D_LiDAR2D/install/my_subscriber_pkg:/opt/ros/humble /usr/bin/cmake --build /home/juan/Robotics/Proyecto/Mapeo3D_LiDAR2D/build/vonns2_reconstruction -- -j12 -l12
[52.458s] Invoking command in '/home/juan/Robotics/Proyecto/Mapeo3D_LiDAR2D/build/vonns2_reconstruction': CMAKE_PREFIX_PATH=${CMAKE_PREFIX_PATH}:/home/juan/Robotics/Proyecto/Mapeo3D_LiDAR2D/install/robot_description:/home/juan/Robotics/Proyecto/Mapeo3D_LiDAR2D/install/navigation_pkg:/home/juan/Robotics/Proyecto/Mapeo3D_LiDAR2D/install/my_subscriber_pkg:/opt/ros/humble /usr/bin/cmake --install /home/juan/Robotics/Proyecto/Mapeo3D_LiDAR2D/build/vonns2_reconstruction
[52.477s] -- Install configuration: ""
[52.478s] -- Execute custom install script
[52.480s] -- Symlinking: /home/juan/Robotics/Proyecto/Mapeo3D_LiDAR2D/install/vonns2_reconstruction/lib/vonns2_reconstruction/point_cloud2_assembler
[52.504s] -- Symlinking: /home/juan/Robotics/Proyecto/Mapeo3D_LiDAR2D/install/vonns2_reconstruction/lib/vonns2_reconstruction/point_cloud2_converter
[52.527s] -- Symlinking: /home/juan/Robotics/Proyecto/Mapeo3D_LiDAR2D/install/vonns2_reconstruction/share/vonns2_reconstruction/environment/pythonpath.sh
[52.550s] -- Symlinking: /home/juan/Robotics/Proyecto/Mapeo3D_LiDAR2D/install/vonns2_reconstruction/share/vonns2_reconstruction/environment/pythonpath.dsv
[52.565s] -- Symlinking: /home/juan/Robotics/Proyecto/Mapeo3D_LiDAR2D/install/vonns2_reconstruction/local/lib/python3.10/dist-packages/scripts-0.0.0-py3.10.egg-info/PKG-INFO
[52.580s] -- Symlinking: /home/juan/Robotics/Proyecto/Mapeo3D_LiDAR2D/install/vonns2_reconstruction/local/lib/python3.10/dist-packages/scripts-0.0.0-py3.10.egg-info/SOURCES.txt
[52.595s] -- Symlinking: /home/juan/Robotics/Proyecto/Mapeo3D_LiDAR2D/install/vonns2_reconstruction/local/lib/python3.10/dist-packages/scripts-0.0.0-py3.10.egg-info/dependency_links.txt
[52.610s] -- Symlinking: /home/juan/Robotics/Proyecto/Mapeo3D_LiDAR2D/install/vonns2_reconstruction/local/lib/python3.10/dist-packages/scripts-0.0.0-py3.10.egg-info/top_level.txt
[52.624s] -- Symlinking: /home/juan/Robotics/Proyecto/Mapeo3D_LiDAR2D/install/vonns2_reconstruction/local/lib/python3.10/dist-packages/scripts/__init__.py
[52.640s] -- Symlinking: /home/juan/Robotics/Proyecto/Mapeo3D_LiDAR2D/install/vonns2_reconstruction/share/vonns2_reconstruction/config/reconstruction.rviz
[52.654s] -- Symlinking: /home/juan/Robotics/Proyecto/Mapeo3D_LiDAR2D/install/vonns2_reconstruction/share/vonns2_reconstruction/config/reconstruction_in_gazebo.rviz
[52.678s] -- Symlinking: /home/juan/Robotics/Proyecto/Mapeo3D_LiDAR2D/install/vonns2_reconstruction/share/vonns2_reconstruction/launch/reconstruction_in_bringup.launch.py
[52.702s] -- Symlinking: /home/juan/Robotics/Proyecto/Mapeo3D_LiDAR2D/install/vonns2_reconstruction/share/vonns2_reconstruction/launch/reconstruction_in_gazebo.launch.py
[52.727s] -- Symlinking: /home/juan/Robotics/Proyecto/Mapeo3D_LiDAR2D/install/vonns2_reconstruction/share/ament_index/resource_index/package_run_dependencies/vonns2_reconstruction
[52.751s] -- Symlinking: /home/juan/Robotics/Proyecto/Mapeo3D_LiDAR2D/install/vonns2_reconstruction/share/ament_index/resource_index/parent_prefix_path/vonns2_reconstruction
[52.779s] -- Symlinking: /home/juan/Robotics/Proyecto/Mapeo3D_LiDAR2D/install/vonns2_reconstruction/share/vonns2_reconstruction/environment/ament_prefix_path.sh
[52.803s] -- Symlinking: /home/juan/Robotics/Proyecto/Mapeo3D_LiDAR2D/install/vonns2_reconstruction/share/vonns2_reconstruction/environment/ament_prefix_path.dsv
[52.826s] -- Symlinking: /home/juan/Robotics/Proyecto/Mapeo3D_LiDAR2D/install/vonns2_reconstruction/share/vonns2_reconstruction/environment/path.sh
[52.850s] -- Symlinking: /home/juan/Robotics/Proyecto/Mapeo3D_LiDAR2D/install/vonns2_reconstruction/share/vonns2_reconstruction/environment/path.dsv
[52.874s] -- Symlinking: /home/juan/Robotics/Proyecto/Mapeo3D_LiDAR2D/install/vonns2_reconstruction/share/vonns2_reconstruction/local_setup.bash
[52.897s] -- Symlinking: /home/juan/Robotics/Proyecto/Mapeo3D_LiDAR2D/install/vonns2_reconstruction/share/vonns2_reconstruction/local_setup.sh
[52.920s] -- Symlinking: /home/juan/Robotics/Proyecto/Mapeo3D_LiDAR2D/install/vonns2_reconstruction/share/vonns2_reconstruction/local_setup.zsh
[52.943s] -- Symlinking: /home/juan/Robotics/Proyecto/Mapeo3D_LiDAR2D/install/vonns2_reconstruction/share/vonns2_reconstruction/local_setup.dsv
[52.967s] -- Symlinking: /home/juan/Robotics/Proyecto/Mapeo3D_LiDAR2D/install/vonns2_reconstruction/share/vonns2_reconstruction/package.dsv
[52.990s] -- Symlinking: /home/juan/Robotics/Proyecto/Mapeo3D_LiDAR2D/install/vonns2_reconstruction/share/ament_index/resource_index/packages/vonns2_reconstruction
[53.014s] -- Symlinking: /home/juan/Robotics/Proyecto/Mapeo3D_LiDAR2D/install/vonns2_reconstruction/share/vonns2_reconstruction/cmake/vonns2_reconstructionConfig.cmake
[53.038s] -- Symlinking: /home/juan/Robotics/Proyecto/Mapeo3D_LiDAR2D/install/vonns2_reconstruction/share/vonns2_reconstruction/cmake/vonns2_reconstructionConfig-version.cmake
[53.062s] -- Symlinking: /home/juan/Robotics/Proyecto/Mapeo3D_LiDAR2D/install/vonns2_reconstruction/share/vonns2_reconstruction/package.xml
[53.156s] Listing '/home/juan/Robotics/Proyecto/Mapeo3D_LiDAR2D/install/vonns2_reconstruction/local/lib/python3.10/dist-packages/scripts'...
[53.156s] Compiling '/home/juan/Robotics/Proyecto/Mapeo3D_LiDAR2D/install/vonns2_reconstruction/local/lib/python3.10/dist-packages/scripts/__init__.py'...
[53.168s] Invoked command in '/home/juan/Robotics/Proyecto/Mapeo3D_LiDAR2D/build/vonns2_reconstruction' returned '0': CMAKE_PREFIX_PATH=${CMAKE_PREFIX_PATH}:/home/juan/Robotics/Proyecto/Mapeo3D_LiDAR2D/install/robot_description:/home/juan/Robotics/Proyecto/Mapeo3D_LiDAR2D/install/navigation_pkg:/home/juan/Robotics/Proyecto/Mapeo3D_LiDAR2D/install/my_subscriber_pkg:/opt/ros/humble /usr/bin/cmake --install /home/juan/Robotics/Proyecto/Mapeo3D_LiDAR2D/build/vonns2_reconstruction
