[2.043s] Invoking command in '/home/juan/Robotics/Proyecto/Mapeo3D_LiDAR2D/build/navigation_pkg': PYTHONPATH=/home/juan/Robotics/Proyecto/Mapeo3D_LiDAR2D/build/navigation_pkg/prefix_override:/home/juan/Robotics/Proyecto/Mapeo3D_LiDAR2D/install/navigation_pkg/lib/python3.10/site-packages:${PYTHONPATH} /usr/bin/python3 -W ignore:setup.py install is deprecated setup.py develop --editable --build-directory /home/juan/Robotics/Proyecto/Mapeo3D_LiDAR2D/build/navigation_pkg/build --no-deps symlink_data
[2.384s] running develop
[2.408s] /home/juan/.local/lib/python3.10/site-packages/setuptools/command/develop.py:40: EasyInstallDeprecationWarning: easy_install command is deprecated.
[2.408s] !!
[2.408s] 
[2.408s]         ********************************************************************************
[2.408s]         Please avoid running ``setup.py`` and ``easy_install``.
[2.408s]         Instead, use pypa/build, pypa/installer or other
[2.408s]         standards-based tools.
[2.408s] 
[2.409s]         See https://github.com/pypa/setuptools/issues/917 for details.
[2.409s]         ********************************************************************************
[2.409s] 
[2.409s] !!
[2.409s]   easy_install.initialize_options(self)
[2.663s] running egg_info
[2.682s] writing navigation_pkg.egg-info/PKG-INFO
[2.682s] writing dependency_links to navigation_pkg.egg-info/dependency_links.txt
[2.682s] writing requirements to navigation_pkg.egg-info/requires.txt
[2.682s] writing top-level names to navigation_pkg.egg-info/top_level.txt
[2.731s] reading manifest file 'navigation_pkg.egg-info/SOURCES.txt'
[2.761s] writing manifest file 'navigation_pkg.egg-info/SOURCES.txt'
[2.780s] running build_ext
[2.780s] Creating /home/juan/Robotics/Proyecto/Mapeo3D_LiDAR2D/install/navigation_pkg/lib/python3.10/site-packages/navigation-pkg.egg-link (link to .)
[2.781s] 
[2.781s] Installed /home/juan/Robotics/Proyecto/Mapeo3D_LiDAR2D/build/navigation_pkg
[2.781s] running symlink_data
[2.823s] Invoked command in '/home/juan/Robotics/Proyecto/Mapeo3D_LiDAR2D/build/navigation_pkg' returned '0': PYTHONPATH=/home/juan/Robotics/Proyecto/Mapeo3D_LiDAR2D/build/navigation_pkg/prefix_override:/home/juan/Robotics/Proyecto/Mapeo3D_LiDAR2D/install/navigation_pkg/lib/python3.10/site-packages:${PYTHONPATH} /usr/bin/python3 -W ignore:setup.py install is deprecated setup.py develop --editable --build-directory /home/juan/Robotics/Proyecto/Mapeo3D_LiDAR2D/build/navigation_pkg/build --no-deps symlink_data
