[1.813s] DEBUG:colcon:Command line arguments: ['/usr/bin/colcon', 'build']
[1.814s] DEBUG:colcon:Parsed command line arguments: Namespace(log_base=None, log_level=None, verb_name='build', build_base='build', install_base='install', merge_install=False, symlink_install=False, test_result_base=None, continue_on_error=False, executor='parallel', parallel_workers=2, event_handlers=None, ignore_user_meta=False, metas=['./colcon.meta'], base_paths=['.'], packages_ignore=None, packages_ignore_regex=None, paths=None, packages_up_to=None, packages_up_to_regex=None, packages_above=None, packages_above_and_dependencies=None, packages_above_depth=None, packages_select_by_dep=None, packages_skip_by_dep=None, packages_skip_up_to=None, packages_select_build_failed=False, packages_skip_build_finished=False, packages_select_test_failures=False, packages_skip_test_passed=False, packages_select=None, packages_skip=None, packages_select_regex=None, packages_skip_regex=None, packages_start=None, packages_end=None, allow_overriding=[], cmake_args=None, cmake_target=None, cmake_target_skip_unavailable=False, cmake_clean_cache=False, cmake_clean_first=False, cmake_force_configure=False, ament_cmake_args=None, catkin_cmake_args=None, catkin_skip_building_tests=False, verb_parser=<colcon_defaults.argument_parser.defaults.DefaultArgumentsDecorator object at 0x740d23814b20>, verb_extension=<colcon_core.verb.build.BuildVerb object at 0x740d238145e0>, main=<bound method BuildVerb.main of <colcon_core.verb.build.BuildVerb object at 0x740d238145e0>>)
[3.171s] Level 1:colcon.colcon_core.package_discovery:discover_packages(colcon_meta) check parameters
[3.171s] Level 1:colcon.colcon_core.package_discovery:discover_packages(recursive) check parameters
[3.171s] Level 1:colcon.colcon_core.package_discovery:discover_packages(ignore) check parameters
[3.171s] Level 1:colcon.colcon_core.package_discovery:discover_packages(path) check parameters
[3.171s] Level 1:colcon.colcon_core.package_discovery:discover_packages(colcon_meta) discover
[3.171s] Level 1:colcon.colcon_core.package_discovery:discover_packages(recursive) discover
[3.172s] INFO:colcon.colcon_core.package_discovery:Crawling recursively for packages in '/home/nicolas/RAS'
[3.172s] Level 1:colcon.colcon_core.package_identification:_identify(.) by extensions ['ignore', 'ignore_ament_install']
[3.172s] Level 1:colcon.colcon_core.package_identification:_identify(.) by extension 'ignore'
[3.173s] Level 1:colcon.colcon_core.package_identification:_identify(.) by extension 'ignore_ament_install'
[3.173s] Level 1:colcon.colcon_core.package_identification:_identify(.) by extensions ['colcon_pkg']
[3.173s] Level 1:colcon.colcon_core.package_identification:_identify(.) by extension 'colcon_pkg'
[3.173s] Level 1:colcon.colcon_core.package_identification:_identify(.) by extensions ['colcon_meta']
[3.173s] Level 1:colcon.colcon_core.package_identification:_identify(.) by extension 'colcon_meta'
[3.173s] Level 1:colcon.colcon_core.package_identification:_identify(.) by extensions ['ros']
[3.173s] Level 1:colcon.colcon_core.package_identification:_identify(.) by extension 'ros'
[3.234s] Level 1:colcon.colcon_core.package_identification:_identify(.) by extensions ['cmake', 'python']
[3.234s] Level 1:colcon.colcon_core.package_identification:_identify(.) by extension 'cmake'
[3.235s] Level 1:colcon.colcon_core.package_identification:_identify(.) by extension 'python'
[3.235s] Level 1:colcon.colcon_core.package_identification:_identify(.) by extensions ['python_setup_py']
[3.235s] Level 1:colcon.colcon_core.package_identification:_identify(.) by extension 'python_setup_py'
[3.235s] Level 1:colcon.colcon_core.package_identification:_identify(build) by extensions ['ignore', 'ignore_ament_install']
[3.236s] Level 1:colcon.colcon_core.package_identification:_identify(build) by extension 'ignore'
[3.236s] Level 1:colcon.colcon_core.package_identification:_identify(build) ignored
[3.236s] Level 1:colcon.colcon_core.package_identification:_identify(install) by extensions ['ignore', 'ignore_ament_install']
[3.237s] Level 1:colcon.colcon_core.package_identification:_identify(install) by extension 'ignore'
[3.237s] Level 1:colcon.colcon_core.package_identification:_identify(install) ignored
[3.238s] Level 1:colcon.colcon_core.package_identification:_identify(log) by extensions ['ignore', 'ignore_ament_install']
[3.238s] Level 1:colcon.colcon_core.package_identification:_identify(log) by extension 'ignore'
[3.238s] Level 1:colcon.colcon_core.package_identification:_identify(log) ignored
[3.239s] Level 1:colcon.colcon_core.package_identification:_identify(rosbag2_2024_04_26-01_58_00) by extensions ['ignore', 'ignore_ament_install']
[3.240s] Level 1:colcon.colcon_core.package_identification:_identify(rosbag2_2024_04_26-01_58_00) by extension 'ignore'
[3.240s] Level 1:colcon.colcon_core.package_identification:_identify(rosbag2_2024_04_26-01_58_00) by extension 'ignore_ament_install'
[3.241s] Level 1:colcon.colcon_core.package_identification:_identify(rosbag2_2024_04_26-01_58_00) by extensions ['colcon_pkg']
[3.241s] Level 1:colcon.colcon_core.package_identification:_identify(rosbag2_2024_04_26-01_58_00) by extension 'colcon_pkg'
[3.241s] Level 1:colcon.colcon_core.package_identification:_identify(rosbag2_2024_04_26-01_58_00) by extensions ['colcon_meta']
[3.241s] Level 1:colcon.colcon_core.package_identification:_identify(rosbag2_2024_04_26-01_58_00) by extension 'colcon_meta'
[3.242s] Level 1:colcon.colcon_core.package_identification:_identify(rosbag2_2024_04_26-01_58_00) by extensions ['ros']
[3.242s] Level 1:colcon.colcon_core.package_identification:_identify(rosbag2_2024_04_26-01_58_00) by extension 'ros'
[3.242s] Level 1:colcon.colcon_core.package_identification:_identify(rosbag2_2024_04_26-01_58_00) by extensions ['cmake', 'python']
[3.243s] Level 1:colcon.colcon_core.package_identification:_identify(rosbag2_2024_04_26-01_58_00) by extension 'cmake'
[3.243s] Level 1:colcon.colcon_core.package_identification:_identify(rosbag2_2024_04_26-01_58_00) by extension 'python'
[3.243s] Level 1:colcon.colcon_core.package_identification:_identify(rosbag2_2024_04_26-01_58_00) by extensions ['python_setup_py']
[3.243s] Level 1:colcon.colcon_core.package_identification:_identify(rosbag2_2024_04_26-01_58_00) by extension 'python_setup_py'
[3.259s] Level 1:colcon.colcon_core.package_identification:_identify(src) by extensions ['ignore', 'ignore_ament_install']
[3.260s] Level 1:colcon.colcon_core.package_identification:_identify(src) by extension 'ignore'
[3.261s] Level 1:colcon.colcon_core.package_identification:_identify(src) by extension 'ignore_ament_install'
[3.261s] Level 1:colcon.colcon_core.package_identification:_identify(src) by extensions ['colcon_pkg']
[3.261s] Level 1:colcon.colcon_core.package_identification:_identify(src) by extension 'colcon_pkg'
[3.262s] Level 1:colcon.colcon_core.package_identification:_identify(src) by extensions ['colcon_meta']
[3.262s] Level 1:colcon.colcon_core.package_identification:_identify(src) by extension 'colcon_meta'
[3.263s] Level 1:colcon.colcon_core.package_identification:_identify(src) by extensions ['ros']
[3.263s] Level 1:colcon.colcon_core.package_identification:_identify(src) by extension 'ros'
[3.264s] Level 1:colcon.colcon_core.package_identification:_identify(src) by extensions ['cmake', 'python']
[3.264s] Level 1:colcon.colcon_core.package_identification:_identify(src) by extension 'cmake'
[3.264s] Level 1:colcon.colcon_core.package_identification:_identify(src) by extension 'python'
[3.265s] Level 1:colcon.colcon_core.package_identification:_identify(src) by extensions ['python_setup_py']
[3.265s] Level 1:colcon.colcon_core.package_identification:_identify(src) by extension 'python_setup_py'
[3.268s] Level 1:colcon.colcon_core.package_identification:_identify(src/vonns2-main) by extensions ['ignore', 'ignore_ament_install']
[3.269s] Level 1:colcon.colcon_core.package_identification:_identify(src/vonns2-main) by extension 'ignore'
[3.269s] Level 1:colcon.colcon_core.package_identification:_identify(src/vonns2-main) by extension 'ignore_ament_install'
[3.270s] Level 1:colcon.colcon_core.package_identification:_identify(src/vonns2-main) by extensions ['colcon_pkg']
[3.270s] Level 1:colcon.colcon_core.package_identification:_identify(src/vonns2-main) by extension 'colcon_pkg'
[3.270s] Level 1:colcon.colcon_core.package_identification:_identify(src/vonns2-main) by extensions ['colcon_meta']
[3.270s] Level 1:colcon.colcon_core.package_identification:_identify(src/vonns2-main) by extension 'colcon_meta'
[3.271s] Level 1:colcon.colcon_core.package_identification:_identify(src/vonns2-main) by extensions ['ros']
[3.271s] Level 1:colcon.colcon_core.package_identification:_identify(src/vonns2-main) by extension 'ros'
[3.272s] Level 1:colcon.colcon_core.package_identification:_identify(src/vonns2-main) by extensions ['cmake', 'python']
[3.272s] Level 1:colcon.colcon_core.package_identification:_identify(src/vonns2-main) by extension 'cmake'
[3.272s] Level 1:colcon.colcon_core.package_identification:_identify(src/vonns2-main) by extension 'python'
[3.273s] Level 1:colcon.colcon_core.package_identification:_identify(src/vonns2-main) by extensions ['python_setup_py']
[3.273s] Level 1:colcon.colcon_core.package_identification:_identify(src/vonns2-main) by extension 'python_setup_py'
[3.276s] Level 1:colcon.colcon_core.package_identification:_identify(src/vonns2-main/vonns2_bringup) by extensions ['ignore', 'ignore_ament_install']
[3.277s] Level 1:colcon.colcon_core.package_identification:_identify(src/vonns2-main/vonns2_bringup) by extension 'ignore'
[3.277s] Level 1:colcon.colcon_core.package_identification:_identify(src/vonns2-main/vonns2_bringup) by extension 'ignore_ament_install'
[3.278s] Level 1:colcon.colcon_core.package_identification:_identify(src/vonns2-main/vonns2_bringup) by extensions ['colcon_pkg']
[3.278s] Level 1:colcon.colcon_core.package_identification:_identify(src/vonns2-main/vonns2_bringup) by extension 'colcon_pkg'
[3.278s] Level 1:colcon.colcon_core.package_identification:_identify(src/vonns2-main/vonns2_bringup) by extensions ['colcon_meta']
[3.279s] Level 1:colcon.colcon_core.package_identification:_identify(src/vonns2-main/vonns2_bringup) by extension 'colcon_meta'
[3.279s] Level 1:colcon.colcon_core.package_identification:_identify(src/vonns2-main/vonns2_bringup) by extensions ['ros']
[3.279s] Level 1:colcon.colcon_core.package_identification:_identify(src/vonns2-main/vonns2_bringup) by extension 'ros'
[3.313s] DEBUG:colcon.colcon_core.package_identification:Package 'src/vonns2-main/vonns2_bringup' with type 'ros.ament_cmake' and name 'vonns2_bringup'
[3.317s] Level 1:colcon.colcon_core.package_identification:_identify(src/vonns2-main/vonns2_gazebo) by extensions ['ignore', 'ignore_ament_install']
[3.318s] Level 1:colcon.colcon_core.package_identification:_identify(src/vonns2-main/vonns2_gazebo) by extension 'ignore'
[3.319s] Level 1:colcon.colcon_core.package_identification:_identify(src/vonns2-main/vonns2_gazebo) by extension 'ignore_ament_install'
[3.319s] Level 1:colcon.colcon_core.package_identification:_identify(src/vonns2-main/vonns2_gazebo) by extensions ['colcon_pkg']
[3.320s] Level 1:colcon.colcon_core.package_identification:_identify(src/vonns2-main/vonns2_gazebo) by extension 'colcon_pkg'
[3.320s] Level 1:colcon.colcon_core.package_identification:_identify(src/vonns2-main/vonns2_gazebo) by extensions ['colcon_meta']
[3.320s] Level 1:colcon.colcon_core.package_identification:_identify(src/vonns2-main/vonns2_gazebo) by extension 'colcon_meta'
[3.321s] Level 1:colcon.colcon_core.package_identification:_identify(src/vonns2-main/vonns2_gazebo) by extensions ['ros']
[3.321s] Level 1:colcon.colcon_core.package_identification:_identify(src/vonns2-main/vonns2_gazebo) by extension 'ros'
[3.324s] DEBUG:colcon.colcon_core.package_identification:Package 'src/vonns2-main/vonns2_gazebo' with type 'ros.ament_cmake' and name 'vonns2_gazebo'
[3.326s] Level 1:colcon.colcon_core.package_identification:_identify(src/vonns2-main/vonns2_reconstruction) by extensions ['ignore', 'ignore_ament_install']
[3.327s] Level 1:colcon.colcon_core.package_identification:_identify(src/vonns2-main/vonns2_reconstruction) by extension 'ignore'
[3.327s] Level 1:colcon.colcon_core.package_identification:_identify(src/vonns2-main/vonns2_reconstruction) by extension 'ignore_ament_install'
[3.327s] Level 1:colcon.colcon_core.package_identification:_identify(src/vonns2-main/vonns2_reconstruction) by extensions ['colcon_pkg']
[3.327s] Level 1:colcon.colcon_core.package_identification:_identify(src/vonns2-main/vonns2_reconstruction) by extension 'colcon_pkg'
[3.328s] Level 1:colcon.colcon_core.package_identification:_identify(src/vonns2-main/vonns2_reconstruction) by extensions ['colcon_meta']
[3.328s] Level 1:colcon.colcon_core.package_identification:_identify(src/vonns2-main/vonns2_reconstruction) by extension 'colcon_meta'
[3.328s] Level 1:colcon.colcon_core.package_identification:_identify(src/vonns2-main/vonns2_reconstruction) by extensions ['ros']
[3.328s] Level 1:colcon.colcon_core.package_identification:_identify(src/vonns2-main/vonns2_reconstruction) by extension 'ros'
[3.331s] DEBUG:colcon.colcon_core.package_identification:Package 'src/vonns2-main/vonns2_reconstruction' with type 'ros.ament_cmake' and name 'vonns2_reconstruction'
[3.331s] Level 1:colcon.colcon_core.package_discovery:discover_packages(recursive) using defaults
[3.332s] Level 1:colcon.colcon_core.package_discovery:discover_packages(ignore) discover
[3.332s] Level 1:colcon.colcon_core.package_discovery:discover_packages(ignore) using defaults
[3.332s] Level 1:colcon.colcon_core.package_discovery:discover_packages(path) discover
[3.332s] Level 1:colcon.colcon_core.package_discovery:discover_packages(path) using defaults
[3.500s] Level 1:colcon.colcon_core.package_discovery:discover_packages(prefix_path) check parameters
[3.501s] Level 1:colcon.colcon_core.package_discovery:discover_packages(prefix_path) discover
[3.528s] DEBUG:colcon.colcon_installed_package_information.package_discovery:Found 431 installed packages in /opt/ros/humble
[3.562s] Level 1:colcon.colcon_core.package_discovery:discover_packages(prefix_path) using defaults
[3.785s] Level 5:colcon.colcon_core.verb:set package 'vonns2_bringup' build argument 'cmake_args' from command line to 'None'
[3.786s] Level 5:colcon.colcon_core.verb:set package 'vonns2_bringup' build argument 'cmake_target' from command line to 'None'
[3.786s] Level 5:colcon.colcon_core.verb:set package 'vonns2_bringup' build argument 'cmake_target_skip_unavailable' from command line to 'False'
[3.786s] Level 5:colcon.colcon_core.verb:set package 'vonns2_bringup' build argument 'cmake_clean_cache' from command line to 'False'
[3.786s] Level 5:colcon.colcon_core.verb:set package 'vonns2_bringup' build argument 'cmake_clean_first' from command line to 'False'
[3.786s] Level 5:colcon.colcon_core.verb:set package 'vonns2_bringup' build argument 'cmake_force_configure' from command line to 'False'
[3.786s] Level 5:colcon.colcon_core.verb:set package 'vonns2_bringup' build argument 'ament_cmake_args' from command line to 'None'
[3.786s] Level 5:colcon.colcon_core.verb:set package 'vonns2_bringup' build argument 'catkin_cmake_args' from command line to 'None'
[3.786s] Level 5:colcon.colcon_core.verb:set package 'vonns2_bringup' build argument 'catkin_skip_building_tests' from command line to 'False'
[3.786s] DEBUG:colcon.colcon_core.verb:Building package 'vonns2_bringup' with the following arguments: {'ament_cmake_args': None, 'build_base': '/home/nicolas/RAS/build/vonns2_bringup', 'catkin_cmake_args': None, 'catkin_skip_building_tests': False, 'cmake_args': None, 'cmake_clean_cache': False, 'cmake_clean_first': False, 'cmake_force_configure': False, 'cmake_target': None, 'cmake_target_skip_unavailable': False, 'install_base': '/home/nicolas/RAS/install/vonns2_bringup', 'merge_install': False, 'path': '/home/nicolas/RAS/src/vonns2-main/vonns2_bringup', 'symlink_install': False, 'test_result_base': None}
[3.788s] Level 5:colcon.colcon_core.verb:set package 'vonns2_gazebo' build argument 'cmake_args' from command line to 'None'
[3.788s] Level 5:colcon.colcon_core.verb:set package 'vonns2_gazebo' build argument 'cmake_target' from command line to 'None'
[3.788s] Level 5:colcon.colcon_core.verb:set package 'vonns2_gazebo' build argument 'cmake_target_skip_unavailable' from command line to 'False'
[3.788s] Level 5:colcon.colcon_core.verb:set package 'vonns2_gazebo' build argument 'cmake_clean_cache' from command line to 'False'
[3.788s] Level 5:colcon.colcon_core.verb:set package 'vonns2_gazebo' build argument 'cmake_clean_first' from command line to 'False'
[3.789s] Level 5:colcon.colcon_core.verb:set package 'vonns2_gazebo' build argument 'cmake_force_configure' from command line to 'False'
[3.789s] Level 5:colcon.colcon_core.verb:set package 'vonns2_gazebo' build argument 'ament_cmake_args' from command line to 'None'
[3.789s] Level 5:colcon.colcon_core.verb:set package 'vonns2_gazebo' build argument 'catkin_cmake_args' from command line to 'None'
[3.789s] Level 5:colcon.colcon_core.verb:set package 'vonns2_gazebo' build argument 'catkin_skip_building_tests' from command line to 'False'
[3.789s] DEBUG:colcon.colcon_core.verb:Building package 'vonns2_gazebo' with the following arguments: {'ament_cmake_args': None, 'build_base': '/home/nicolas/RAS/build/vonns2_gazebo', 'catkin_cmake_args': None, 'catkin_skip_building_tests': False, 'cmake_args': None, 'cmake_clean_cache': False, 'cmake_clean_first': False, 'cmake_force_configure': False, 'cmake_target': None, 'cmake_target_skip_unavailable': False, 'install_base': '/home/nicolas/RAS/install/vonns2_gazebo', 'merge_install': False, 'path': '/home/nicolas/RAS/src/vonns2-main/vonns2_gazebo', 'symlink_install': False, 'test_result_base': None}
[3.790s] Level 5:colcon.colcon_core.verb:set package 'vonns2_reconstruction' build argument 'cmake_args' from command line to 'None'
[3.790s] Level 5:colcon.colcon_core.verb:set package 'vonns2_reconstruction' build argument 'cmake_target' from command line to 'None'
[3.790s] Level 5:colcon.colcon_core.verb:set package 'vonns2_reconstruction' build argument 'cmake_target_skip_unavailable' from command line to 'False'
[3.791s] Level 5:colcon.colcon_core.verb:set package 'vonns2_reconstruction' build argument 'cmake_clean_cache' from command line to 'False'
[3.791s] Level 5:colcon.colcon_core.verb:set package 'vonns2_reconstruction' build argument 'cmake_clean_first' from command line to 'False'
[3.791s] Level 5:colcon.colcon_core.verb:set package 'vonns2_reconstruction' build argument 'cmake_force_configure' from command line to 'False'
[3.791s] Level 5:colcon.colcon_core.verb:set package 'vonns2_reconstruction' build argument 'ament_cmake_args' from command line to 'None'
[3.791s] Level 5:colcon.colcon_core.verb:set package 'vonns2_reconstruction' build argument 'catkin_cmake_args' from command line to 'None'
[3.791s] Level 5:colcon.colcon_core.verb:set package 'vonns2_reconstruction' build argument 'catkin_skip_building_tests' from command line to 'False'
[3.791s] DEBUG:colcon.colcon_core.verb:Building package 'vonns2_reconstruction' with the following arguments: {'ament_cmake_args': None, 'build_base': '/home/nicolas/RAS/build/vonns2_reconstruction', 'catkin_cmake_args': None, 'catkin_skip_building_tests': False, 'cmake_args': None, 'cmake_clean_cache': False, 'cmake_clean_first': False, 'cmake_force_configure': False, 'cmake_target': None, 'cmake_target_skip_unavailable': False, 'install_base': '/home/nicolas/RAS/install/vonns2_reconstruction', 'merge_install': False, 'path': '/home/nicolas/RAS/src/vonns2-main/vonns2_reconstruction', 'symlink_install': False, 'test_result_base': None}
[3.792s] INFO:colcon.colcon_core.executor:Executing jobs using 'parallel' executor
[3.795s] DEBUG:colcon.colcon_parallel_executor.executor.parallel:run_until_complete
[3.795s] INFO:colcon.colcon_ros.task.ament_cmake.build:Building ROS package in '/home/nicolas/RAS/src/vonns2-main/vonns2_bringup' with build type 'ament_cmake'
[3.796s] INFO:colcon.colcon_cmake.task.cmake.build:Building CMake package in '/home/nicolas/RAS/src/vonns2-main/vonns2_bringup'
[3.866s] INFO:colcon.colcon_core.plugin_system:Skipping extension 'colcon_core.shell.bat': Not used on non-Windows systems
[3.867s] INFO:colcon.colcon_core.shell:Skip shell extension 'powershell' for command environment: Not usable outside of PowerShell
[3.867s] DEBUG:colcon.colcon_core.shell:Skip shell extension 'dsv' for command environment
[3.887s] INFO:colcon.colcon_ros.task.ament_cmake.build:Building ROS package in '/home/nicolas/RAS/src/vonns2-main/vonns2_gazebo' with build type 'ament_cmake'
[3.888s] INFO:colcon.colcon_cmake.task.cmake.build:Building CMake package in '/home/nicolas/RAS/src/vonns2-main/vonns2_gazebo'
[3.888s] INFO:colcon.colcon_core.shell:Skip shell extension 'powershell' for command environment: Not usable outside of PowerShell
[3.889s] DEBUG:colcon.colcon_core.shell:Skip shell extension 'dsv' for command environment
[3.944s] DEBUG:colcon.colcon_core.event_handler.log_command:Invoking command in '/home/nicolas/RAS/build/vonns2_bringup': CMAKE_PREFIX_PATH=/opt/ros/humble /usr/bin/cmake --build /home/nicolas/RAS/build/vonns2_bringup -- -j2 -l2
[4.005s] DEBUG:colcon.colcon_core.event_handler.log_command:Invoking command in '/home/nicolas/RAS/build/vonns2_gazebo': CMAKE_PREFIX_PATH=/opt/ros/humble /usr/bin/cmake --build /home/nicolas/RAS/build/vonns2_gazebo -- -j2 -l2
[7.686s] DEBUG:colcon.colcon_core.event_handler.log_command:Invoked command in '/home/nicolas/RAS/build/vonns2_gazebo' returned '0': CMAKE_PREFIX_PATH=/opt/ros/humble /usr/bin/cmake --build /home/nicolas/RAS/build/vonns2_gazebo -- -j2 -l2
[8.084s] DEBUG:colcon.colcon_core.event_handler.log_command:Invoking command in '/home/nicolas/RAS/build/vonns2_gazebo': CMAKE_PREFIX_PATH=/opt/ros/humble /usr/bin/cmake --install /home/nicolas/RAS/build/vonns2_gazebo
[8.388s] DEBUG:colcon.colcon_core.event_handler.log_command:Invoked command in '/home/nicolas/RAS/build/vonns2_bringup' returned '0': CMAKE_PREFIX_PATH=/opt/ros/humble /usr/bin/cmake --build /home/nicolas/RAS/build/vonns2_bringup -- -j2 -l2
[8.515s] Level 1:colcon.colcon_core.environment:create_environment_scripts_only(vonns2_gazebo)
[8.517s] DEBUG:colcon.colcon_core.event_handler.log_command:Invoked command in '/home/nicolas/RAS/build/vonns2_gazebo' returned '0': CMAKE_PREFIX_PATH=/opt/ros/humble /usr/bin/cmake --install /home/nicolas/RAS/build/vonns2_gazebo
[8.556s] Level 1:colcon.colcon_core.environment:checking '/home/nicolas/RAS/install/vonns2_gazebo' for CMake module files
[8.558s] Level 1:colcon.colcon_core.environment:checking '/home/nicolas/RAS/install/vonns2_gazebo' for CMake config files
[8.565s] Level 1:colcon.colcon_core.shell:create_environment_hook('vonns2_gazebo', 'cmake_prefix_path')
[8.566s] INFO:colcon.colcon_core.shell:Creating environment hook '/home/nicolas/RAS/install/vonns2_gazebo/share/vonns2_gazebo/hook/cmake_prefix_path.ps1'
[8.571s] INFO:colcon.colcon_core.shell:Creating environment descriptor '/home/nicolas/RAS/install/vonns2_gazebo/share/vonns2_gazebo/hook/cmake_prefix_path.dsv'
[8.574s] INFO:colcon.colcon_core.shell:Creating environment hook '/home/nicolas/RAS/install/vonns2_gazebo/share/vonns2_gazebo/hook/cmake_prefix_path.sh'
[8.580s] Level 1:colcon.colcon_core.environment:checking '/home/nicolas/RAS/install/vonns2_gazebo/lib'
[8.581s] Level 1:colcon.colcon_core.environment:checking '/home/nicolas/RAS/install/vonns2_gazebo/bin'
[8.581s] Level 1:colcon.colcon_core.environment:checking '/home/nicolas/RAS/install/vonns2_gazebo/lib/pkgconfig/vonns2_gazebo.pc'
[8.582s] Level 1:colcon.colcon_core.environment:checking '/home/nicolas/RAS/install/vonns2_gazebo/lib/python3.10/site-packages'
[8.583s] Level 1:colcon.colcon_core.environment:checking '/home/nicolas/RAS/install/vonns2_gazebo/bin'
[8.584s] INFO:colcon.colcon_core.shell:Creating package script '/home/nicolas/RAS/install/vonns2_gazebo/share/vonns2_gazebo/package.ps1'
[8.590s] INFO:colcon.colcon_core.shell:Creating package descriptor '/home/nicolas/RAS/install/vonns2_gazebo/share/vonns2_gazebo/package.dsv'
[8.599s] INFO:colcon.colcon_core.shell:Creating package script '/home/nicolas/RAS/install/vonns2_gazebo/share/vonns2_gazebo/package.sh'
[8.606s] INFO:colcon.colcon_core.shell:Creating package script '/home/nicolas/RAS/install/vonns2_gazebo/share/vonns2_gazebo/package.bash'
[8.613s] INFO:colcon.colcon_core.shell:Creating package script '/home/nicolas/RAS/install/vonns2_gazebo/share/vonns2_gazebo/package.zsh'
[8.618s] Level 1:colcon.colcon_core.environment:create_file_with_runtime_dependencies(/home/nicolas/RAS/install/vonns2_gazebo/share/colcon-core/packages/vonns2_gazebo)
[8.650s] DEBUG:colcon.colcon_core.event_handler.log_command:Invoking command in '/home/nicolas/RAS/build/vonns2_bringup': CMAKE_PREFIX_PATH=/opt/ros/humble /usr/bin/cmake --install /home/nicolas/RAS/build/vonns2_bringup
[8.776s] Level 1:colcon.colcon_core.environment:create_environment_scripts_only(vonns2_gazebo)
[8.777s] Level 1:colcon.colcon_core.environment:checking '/home/nicolas/RAS/install/vonns2_gazebo' for CMake module files
[8.778s] Level 1:colcon.colcon_core.environment:checking '/home/nicolas/RAS/install/vonns2_gazebo' for CMake config files
[8.779s] Level 1:colcon.colcon_core.shell:create_environment_hook('vonns2_gazebo', 'cmake_prefix_path')
[8.780s] INFO:colcon.colcon_core.shell:Creating environment hook '/home/nicolas/RAS/install/vonns2_gazebo/share/vonns2_gazebo/hook/cmake_prefix_path.ps1'
[8.782s] INFO:colcon.colcon_core.shell:Creating environment descriptor '/home/nicolas/RAS/install/vonns2_gazebo/share/vonns2_gazebo/hook/cmake_prefix_path.dsv'
[8.784s] INFO:colcon.colcon_core.shell:Creating environment hook '/home/nicolas/RAS/install/vonns2_gazebo/share/vonns2_gazebo/hook/cmake_prefix_path.sh'
[8.786s] Level 1:colcon.colcon_core.environment:checking '/home/nicolas/RAS/install/vonns2_gazebo/lib'
[8.787s] Level 1:colcon.colcon_core.environment:checking '/home/nicolas/RAS/install/vonns2_gazebo/bin'
[8.787s] Level 1:colcon.colcon_core.environment:checking '/home/nicolas/RAS/install/vonns2_gazebo/lib/pkgconfig/vonns2_gazebo.pc'
[8.788s] Level 1:colcon.colcon_core.environment:checking '/home/nicolas/RAS/install/vonns2_gazebo/lib/python3.10/site-packages'
[8.789s] Level 1:colcon.colcon_core.environment:checking '/home/nicolas/RAS/install/vonns2_gazebo/bin'
[8.790s] INFO:colcon.colcon_core.shell:Creating package script '/home/nicolas/RAS/install/vonns2_gazebo/share/vonns2_gazebo/package.ps1'
[8.792s] INFO:colcon.colcon_core.shell:Creating package descriptor '/home/nicolas/RAS/install/vonns2_gazebo/share/vonns2_gazebo/package.dsv'
[8.794s] INFO:colcon.colcon_core.shell:Creating package script '/home/nicolas/RAS/install/vonns2_gazebo/share/vonns2_gazebo/package.sh'
[8.796s] INFO:colcon.colcon_core.shell:Creating package script '/home/nicolas/RAS/install/vonns2_gazebo/share/vonns2_gazebo/package.bash'
[8.800s] INFO:colcon.colcon_core.shell:Creating package script '/home/nicolas/RAS/install/vonns2_gazebo/share/vonns2_gazebo/package.zsh'
[8.803s] Level 1:colcon.colcon_core.environment:create_file_with_runtime_dependencies(/home/nicolas/RAS/install/vonns2_gazebo/share/colcon-core/packages/vonns2_gazebo)
[8.807s] INFO:colcon.colcon_ros.task.ament_cmake.build:Building ROS package in '/home/nicolas/RAS/src/vonns2-main/vonns2_reconstruction' with build type 'ament_cmake'
[8.808s] INFO:colcon.colcon_cmake.task.cmake.build:Building CMake package in '/home/nicolas/RAS/src/vonns2-main/vonns2_reconstruction'
[8.809s] INFO:colcon.colcon_core.shell:Skip shell extension 'powershell' for command environment: Not usable outside of PowerShell
[8.809s] DEBUG:colcon.colcon_core.shell:Skip shell extension 'dsv' for command environment
[8.868s] DEBUG:colcon.colcon_core.event_handler.log_command:Invoking command in '/home/nicolas/RAS/build/vonns2_reconstruction': CMAKE_PREFIX_PATH=/opt/ros/humble /usr/bin/cmake --build /home/nicolas/RAS/build/vonns2_reconstruction -- -j2 -l2
[9.062s] Level 1:colcon.colcon_core.environment:create_environment_scripts_only(vonns2_bringup)
[9.063s] Level 1:colcon.colcon_core.environment:checking '/home/nicolas/RAS/install/vonns2_bringup' for CMake module files
[9.064s] Level 1:colcon.colcon_core.environment:checking '/home/nicolas/RAS/install/vonns2_bringup' for CMake config files
[9.066s] DEBUG:colcon.colcon_core.event_handler.log_command:Invoked command in '/home/nicolas/RAS/build/vonns2_bringup' returned '0': CMAKE_PREFIX_PATH=/opt/ros/humble /usr/bin/cmake --install /home/nicolas/RAS/build/vonns2_bringup
[9.069s] Level 1:colcon.colcon_core.shell:create_environment_hook('vonns2_bringup', 'cmake_prefix_path')
[9.070s] INFO:colcon.colcon_core.shell:Creating environment hook '/home/nicolas/RAS/install/vonns2_bringup/share/vonns2_bringup/hook/cmake_prefix_path.ps1'
[9.072s] INFO:colcon.colcon_core.shell:Creating environment descriptor '/home/nicolas/RAS/install/vonns2_bringup/share/vonns2_bringup/hook/cmake_prefix_path.dsv'
[9.075s] INFO:colcon.colcon_core.shell:Creating environment hook '/home/nicolas/RAS/install/vonns2_bringup/share/vonns2_bringup/hook/cmake_prefix_path.sh'
[9.078s] Level 1:colcon.colcon_core.environment:checking '/home/nicolas/RAS/install/vonns2_bringup/lib'
[9.079s] Level 1:colcon.colcon_core.environment:checking '/home/nicolas/RAS/install/vonns2_bringup/bin'
[9.079s] Level 1:colcon.colcon_core.environment:checking '/home/nicolas/RAS/install/vonns2_bringup/lib/pkgconfig/vonns2_bringup.pc'
[9.081s] Level 1:colcon.colcon_core.environment:checking '/home/nicolas/RAS/install/vonns2_bringup/lib/python3.10/site-packages'
[9.082s] Level 1:colcon.colcon_core.environment:checking '/home/nicolas/RAS/install/vonns2_bringup/bin'
[9.085s] INFO:colcon.colcon_core.shell:Creating package script '/home/nicolas/RAS/install/vonns2_bringup/share/vonns2_bringup/package.ps1'
[9.088s] INFO:colcon.colcon_core.shell:Creating package descriptor '/home/nicolas/RAS/install/vonns2_bringup/share/vonns2_bringup/package.dsv'
[9.092s] INFO:colcon.colcon_core.shell:Creating package script '/home/nicolas/RAS/install/vonns2_bringup/share/vonns2_bringup/package.sh'
[9.099s] INFO:colcon.colcon_core.shell:Creating package script '/home/nicolas/RAS/install/vonns2_bringup/share/vonns2_bringup/package.bash'
[9.105s] INFO:colcon.colcon_core.shell:Creating package script '/home/nicolas/RAS/install/vonns2_bringup/share/vonns2_bringup/package.zsh'
[9.108s] Level 1:colcon.colcon_core.environment:create_file_with_runtime_dependencies(/home/nicolas/RAS/install/vonns2_bringup/share/colcon-core/packages/vonns2_bringup)
[9.365s] Level 1:colcon.colcon_core.environment:create_environment_scripts_only(vonns2_bringup)
[9.366s] Level 1:colcon.colcon_core.environment:checking '/home/nicolas/RAS/install/vonns2_bringup' for CMake module files
[9.367s] Level 1:colcon.colcon_core.environment:checking '/home/nicolas/RAS/install/vonns2_bringup' for CMake config files
[9.368s] Level 1:colcon.colcon_core.shell:create_environment_hook('vonns2_bringup', 'cmake_prefix_path')
[9.369s] INFO:colcon.colcon_core.shell:Creating environment hook '/home/nicolas/RAS/install/vonns2_bringup/share/vonns2_bringup/hook/cmake_prefix_path.ps1'
[9.372s] INFO:colcon.colcon_core.shell:Creating environment descriptor '/home/nicolas/RAS/install/vonns2_bringup/share/vonns2_bringup/hook/cmake_prefix_path.dsv'
[9.374s] INFO:colcon.colcon_core.shell:Creating environment hook '/home/nicolas/RAS/install/vonns2_bringup/share/vonns2_bringup/hook/cmake_prefix_path.sh'
[9.378s] Level 1:colcon.colcon_core.environment:checking '/home/nicolas/RAS/install/vonns2_bringup/lib'
[9.380s] Level 1:colcon.colcon_core.environment:checking '/home/nicolas/RAS/install/vonns2_bringup/bin'
[9.381s] Level 1:colcon.colcon_core.environment:checking '/home/nicolas/RAS/install/vonns2_bringup/lib/pkgconfig/vonns2_bringup.pc'
[9.384s] Level 1:colcon.colcon_core.environment:checking '/home/nicolas/RAS/install/vonns2_bringup/lib/python3.10/site-packages'
[9.387s] Level 1:colcon.colcon_core.environment:checking '/home/nicolas/RAS/install/vonns2_bringup/bin'
[9.389s] INFO:colcon.colcon_core.shell:Creating package script '/home/nicolas/RAS/install/vonns2_bringup/share/vonns2_bringup/package.ps1'
[9.396s] INFO:colcon.colcon_core.shell:Creating package descriptor '/home/nicolas/RAS/install/vonns2_bringup/share/vonns2_bringup/package.dsv'
[9.403s] INFO:colcon.colcon_core.shell:Creating package script '/home/nicolas/RAS/install/vonns2_bringup/share/vonns2_bringup/package.sh'
[9.407s] INFO:colcon.colcon_core.shell:Creating package script '/home/nicolas/RAS/install/vonns2_bringup/share/vonns2_bringup/package.bash'
[9.410s] INFO:colcon.colcon_core.shell:Creating package script '/home/nicolas/RAS/install/vonns2_bringup/share/vonns2_bringup/package.zsh'
[9.432s] Level 1:colcon.colcon_core.environment:create_file_with_runtime_dependencies(/home/nicolas/RAS/install/vonns2_bringup/share/colcon-core/packages/vonns2_bringup)
[11.296s] DEBUG:colcon.colcon_core.event_handler.log_command:Invoked command in '/home/nicolas/RAS/build/vonns2_reconstruction' returned '0': CMAKE_PREFIX_PATH=/opt/ros/humble /usr/bin/cmake --build /home/nicolas/RAS/build/vonns2_reconstruction -- -j2 -l2
[11.464s] DEBUG:colcon.colcon_core.event_handler.log_command:Invoking command in '/home/nicolas/RAS/build/vonns2_reconstruction': CMAKE_PREFIX_PATH=/opt/ros/humble /usr/bin/cmake --install /home/nicolas/RAS/build/vonns2_reconstruction
[11.813s] Level 1:colcon.colcon_core.environment:create_environment_scripts_only(vonns2_reconstruction)
[11.814s] Level 1:colcon.colcon_core.environment:checking '/home/nicolas/RAS/install/vonns2_reconstruction' for CMake module files
[11.816s] Level 1:colcon.colcon_core.environment:checking '/home/nicolas/RAS/install/vonns2_reconstruction' for CMake config files
[11.821s] DEBUG:colcon.colcon_core.event_handler.log_command:Invoked command in '/home/nicolas/RAS/build/vonns2_reconstruction' returned '0': CMAKE_PREFIX_PATH=/opt/ros/humble /usr/bin/cmake --install /home/nicolas/RAS/build/vonns2_reconstruction
[11.821s] Level 1:colcon.colcon_core.shell:create_environment_hook('vonns2_reconstruction', 'cmake_prefix_path')
[11.822s] INFO:colcon.colcon_core.shell:Creating environment hook '/home/nicolas/RAS/install/vonns2_reconstruction/share/vonns2_reconstruction/hook/cmake_prefix_path.ps1'
[11.836s] INFO:colcon.colcon_core.shell:Creating environment descriptor '/home/nicolas/RAS/install/vonns2_reconstruction/share/vonns2_reconstruction/hook/cmake_prefix_path.dsv'
[11.839s] INFO:colcon.colcon_core.shell:Creating environment hook '/home/nicolas/RAS/install/vonns2_reconstruction/share/vonns2_reconstruction/hook/cmake_prefix_path.sh'
[11.847s] Level 1:colcon.colcon_core.environment:checking '/home/nicolas/RAS/install/vonns2_reconstruction/lib'
[11.848s] Level 1:colcon.colcon_core.environment:checking '/home/nicolas/RAS/install/vonns2_reconstruction/bin'
[11.848s] Level 1:colcon.colcon_core.environment:checking '/home/nicolas/RAS/install/vonns2_reconstruction/lib/pkgconfig/vonns2_reconstruction.pc'
[11.849s] Level 1:colcon.colcon_core.environment:checking '/home/nicolas/RAS/install/vonns2_reconstruction/lib/python3.10/site-packages'
[11.849s] Level 1:colcon.colcon_core.environment:checking '/home/nicolas/RAS/install/vonns2_reconstruction/bin'
[11.864s] INFO:colcon.colcon_core.shell:Creating package script '/home/nicolas/RAS/install/vonns2_reconstruction/share/vonns2_reconstruction/package.ps1'
[11.870s] INFO:colcon.colcon_core.shell:Creating package descriptor '/home/nicolas/RAS/install/vonns2_reconstruction/share/vonns2_reconstruction/package.dsv'
[11.876s] INFO:colcon.colcon_core.shell:Creating package script '/home/nicolas/RAS/install/vonns2_reconstruction/share/vonns2_reconstruction/package.sh'
[11.896s] INFO:colcon.colcon_core.shell:Creating package script '/home/nicolas/RAS/install/vonns2_reconstruction/share/vonns2_reconstruction/package.bash'
[11.898s] INFO:colcon.colcon_core.shell:Creating package script '/home/nicolas/RAS/install/vonns2_reconstruction/share/vonns2_reconstruction/package.zsh'
[11.899s] Level 1:colcon.colcon_core.environment:create_file_with_runtime_dependencies(/home/nicolas/RAS/install/vonns2_reconstruction/share/colcon-core/packages/vonns2_reconstruction)
[12.063s] Level 1:colcon.colcon_core.environment:create_environment_scripts_only(vonns2_reconstruction)
[12.064s] Level 1:colcon.colcon_core.environment:checking '/home/nicolas/RAS/install/vonns2_reconstruction' for CMake module files
[12.066s] Level 1:colcon.colcon_core.environment:checking '/home/nicolas/RAS/install/vonns2_reconstruction' for CMake config files
[12.067s] Level 1:colcon.colcon_core.shell:create_environment_hook('vonns2_reconstruction', 'cmake_prefix_path')
[12.068s] INFO:colcon.colcon_core.shell:Creating environment hook '/home/nicolas/RAS/install/vonns2_reconstruction/share/vonns2_reconstruction/hook/cmake_prefix_path.ps1'
[12.076s] INFO:colcon.colcon_core.shell:Creating environment descriptor '/home/nicolas/RAS/install/vonns2_reconstruction/share/vonns2_reconstruction/hook/cmake_prefix_path.dsv'
[12.077s] INFO:colcon.colcon_core.shell:Creating environment hook '/home/nicolas/RAS/install/vonns2_reconstruction/share/vonns2_reconstruction/hook/cmake_prefix_path.sh'
[12.089s] Level 1:colcon.colcon_core.environment:checking '/home/nicolas/RAS/install/vonns2_reconstruction/lib'
[12.090s] Level 1:colcon.colcon_core.environment:checking '/home/nicolas/RAS/install/vonns2_reconstruction/bin'
[12.090s] Level 1:colcon.colcon_core.environment:checking '/home/nicolas/RAS/install/vonns2_reconstruction/lib/pkgconfig/vonns2_reconstruction.pc'
[12.091s] Level 1:colcon.colcon_core.environment:checking '/home/nicolas/RAS/install/vonns2_reconstruction/lib/python3.10/site-packages'
[12.091s] Level 1:colcon.colcon_core.environment:checking '/home/nicolas/RAS/install/vonns2_reconstruction/bin'
[12.092s] INFO:colcon.colcon_core.shell:Creating package script '/home/nicolas/RAS/install/vonns2_reconstruction/share/vonns2_reconstruction/package.ps1'
[12.097s] INFO:colcon.colcon_core.shell:Creating package descriptor '/home/nicolas/RAS/install/vonns2_reconstruction/share/vonns2_reconstruction/package.dsv'
[12.099s] INFO:colcon.colcon_core.shell:Creating package script '/home/nicolas/RAS/install/vonns2_reconstruction/share/vonns2_reconstruction/package.sh'
[12.101s] INFO:colcon.colcon_core.shell:Creating package script '/home/nicolas/RAS/install/vonns2_reconstruction/share/vonns2_reconstruction/package.bash'
[12.109s] INFO:colcon.colcon_core.shell:Creating package script '/home/nicolas/RAS/install/vonns2_reconstruction/share/vonns2_reconstruction/package.zsh'
[12.110s] Level 1:colcon.colcon_core.environment:create_file_with_runtime_dependencies(/home/nicolas/RAS/install/vonns2_reconstruction/share/colcon-core/packages/vonns2_reconstruction)
[12.113s] DEBUG:colcon.colcon_parallel_executor.executor.parallel:closing loop
[12.114s] DEBUG:colcon.colcon_parallel_executor.executor.parallel:loop closed
[12.114s] DEBUG:colcon.colcon_parallel_executor.executor.parallel:run_until_complete finished with '0'
[12.114s] DEBUG:colcon.colcon_core.event_reactor:joining thread
[12.176s] INFO:colcon.colcon_core.plugin_system:Skipping extension 'colcon_notification.desktop_notification.terminal_notifier': Not used on non-Darwin systems
[12.177s] INFO:colcon.colcon_core.plugin_system:Skipping extension 'colcon_notification.desktop_notification.win32': Not used on non-Windows systems
[12.177s] INFO:colcon.colcon_notification.desktop_notification:Sending desktop notification using 'notify2'
[12.295s] DEBUG:colcon.colcon_core.event_reactor:joined thread
[12.296s] INFO:colcon.colcon_core.shell:Creating prefix script '/home/nicolas/RAS/install/local_setup.ps1'
[12.302s] INFO:colcon.colcon_core.shell:Creating prefix util module '/home/nicolas/RAS/install/_local_setup_util_ps1.py'
[12.320s] INFO:colcon.colcon_core.shell:Creating prefix chain script '/home/nicolas/RAS/install/setup.ps1'
[12.325s] INFO:colcon.colcon_core.shell:Creating prefix script '/home/nicolas/RAS/install/local_setup.sh'
[12.329s] INFO:colcon.colcon_core.shell:Creating prefix util module '/home/nicolas/RAS/install/_local_setup_util_sh.py'
[12.332s] INFO:colcon.colcon_core.shell:Creating prefix chain script '/home/nicolas/RAS/install/setup.sh'
[12.341s] INFO:colcon.colcon_core.shell:Creating prefix script '/home/nicolas/RAS/install/local_setup.bash'
[12.346s] INFO:colcon.colcon_core.shell:Creating prefix chain script '/home/nicolas/RAS/install/setup.bash'
[12.353s] INFO:colcon.colcon_core.shell:Creating prefix script '/home/nicolas/RAS/install/local_setup.zsh'
[12.364s] INFO:colcon.colcon_core.shell:Creating prefix chain script '/home/nicolas/RAS/install/setup.zsh'
