running develop
/home/juan/.local/lib/python3.10/site-packages/setuptools/command/develop.py:40: EasyInstallDeprecationWarning: easy_install command is deprecated.
!!

        ********************************************************************************
        Please avoid running ``setup.py`` and ``easy_install``.
        Instead, use pypa/build, pypa/installer or other
        standards-based tools.

        See https://github.com/pypa/setuptools/issues/917 for details.
        ********************************************************************************

!!
  easy_install.initialize_options(self)
running egg_info
creating robot_description.egg-info
writing robot_description.egg-info/PKG-INFO
writing dependency_links to robot_description.egg-info/dependency_links.txt
writing requirements to robot_description.egg-info/requires.txt
writing top-level names to robot_description.egg-info/top_level.txt
writing manifest file 'robot_description.egg-info/SOURCES.txt'
reading manifest file 'robot_description.egg-info/SOURCES.txt'
writing manifest file 'robot_description.egg-info/SOURCES.txt'
running build_ext
Creating /home/juan/Robotics/Proyecto/Mapeo3D_LiDAR2D/install/robot_description/lib/python3.10/site-packages/robot-description.egg-link (link to .)

Installed /home/juan/Robotics/Proyecto/Mapeo3D_LiDAR2D/build/robot_description
running symlink_data
creating /home/juan/Robotics/Proyecto/Mapeo3D_LiDAR2D/install/robot_description/share/ament_index
creating /home/juan/Robotics/Proyecto/Mapeo3D_LiDAR2D/install/robot_description/share/ament_index/resource_index
creating /home/juan/Robotics/Proyecto/Mapeo3D_LiDAR2D/install/robot_description/share/ament_index/resource_index/packages
symbolically linking /home/juan/Robotics/Proyecto/Mapeo3D_LiDAR2D/build/robot_description/resource/robot_description -> /home/juan/Robotics/Proyecto/Mapeo3D_LiDAR2D/install/robot_description/share/ament_index/resource_index/packages
symbolically linking /home/juan/Robotics/Proyecto/Mapeo3D_LiDAR2D/build/robot_description/package.xml -> /home/juan/Robotics/Proyecto/Mapeo3D_LiDAR2D/install/robot_description/share/robot_description
creating /home/juan/Robotics/Proyecto/Mapeo3D_LiDAR2D/install/robot_description/share/robot_description/urdf
symbolically linking /home/juan/Robotics/Proyecto/Mapeo3D_LiDAR2D/build/robot_description/urdf/Ensamblaje12.csv -> /home/juan/Robotics/Proyecto/Mapeo3D_LiDAR2D/install/robot_description/share/robot_description/urdf
symbolically linking /home/juan/Robotics/Proyecto/Mapeo3D_LiDAR2D/build/robot_description/urdf/myAGV.urdf -> /home/juan/Robotics/Proyecto/Mapeo3D_LiDAR2D/install/robot_description/share/robot_description/urdf
creating /home/juan/Robotics/Proyecto/Mapeo3D_LiDAR2D/install/robot_description/share/robot_description/launch
symbolically linking /home/juan/Robotics/Proyecto/Mapeo3D_LiDAR2D/build/robot_description/launch/display.launch.py -> /home/juan/Robotics/Proyecto/Mapeo3D_LiDAR2D/install/robot_description/share/robot_description/launch
symbolically linking /home/juan/Robotics/Proyecto/Mapeo3D_LiDAR2D/build/robot_description/launch/robot_state_publisher.launch.py -> /home/juan/Robotics/Proyecto/Mapeo3D_LiDAR2D/install/robot_description/share/robot_description/launch
symbolically linking /home/juan/Robotics/Proyecto/Mapeo3D_LiDAR2D/build/robot_description/launch/gazebo.launch.py -> /home/juan/Robotics/Proyecto/Mapeo3D_LiDAR2D/install/robot_description/share/robot_description/launch
creating /home/juan/Robotics/Proyecto/Mapeo3D_LiDAR2D/install/robot_description/share/robot_description/meshes
symbolically linking /home/juan/Robotics/Proyecto/Mapeo3D_LiDAR2D/build/robot_description/meshes/base_link.STL -> /home/juan/Robotics/Proyecto/Mapeo3D_LiDAR2D/install/robot_description/share/robot_description/meshes
symbolically linking /home/juan/Robotics/Proyecto/Mapeo3D_LiDAR2D/build/robot_description/meshes/base_lidar_Link.STL -> /home/juan/Robotics/Proyecto/Mapeo3D_LiDAR2D/install/robot_description/share/robot_description/meshes
