[0.104s] DEBUG:colcon:Command line arguments: ['/usr/bin/colcon', 'build', '--symlink-install']
[0.104s] DEBUG:colcon:Parsed command line arguments: Namespace(log_base=None, log_level=None, verb_name='build', build_base='build', install_base='install', merge_install=False, symlink_install=True, test_result_base=None, continue_on_error=False, executor='parallel', parallel_workers=12, event_handlers=None, ignore_user_meta=False, metas=['./colcon.meta'], base_paths=['.'], packages_ignore=None, packages_ignore_regex=None, paths=None, packages_up_to=None, packages_up_to_regex=None, packages_above=None, packages_above_and_dependencies=None, packages_above_depth=None, packages_select_by_dep=None, packages_skip_by_dep=None, packages_skip_up_to=None, packages_select_build_failed=False, packages_skip_build_finished=False, packages_select_test_failures=False, packages_skip_test_passed=False, packages_select=None, packages_skip=None, packages_select_regex=None, packages_skip_regex=None, packages_start=None, packages_end=None, allow_overriding=[], cmake_args=None, cmake_target=None, cmake_target_skip_unavailable=False, cmake_clean_cache=False, cmake_clean_first=False, cmake_force_configure=False, ament_cmake_args=None, catkin_cmake_args=None, catkin_skip_building_tests=False, mixin_files=None, mixin=None, verb_parser=<colcon_mixin.mixin.mixin_argument.MixinArgumentDecorator object at 0x78d00d866740>, verb_extension=<colcon_core.verb.build.BuildVerb object at 0x78d00d866290>, main=<bound method BuildVerb.main of <colcon_core.verb.build.BuildVerb object at 0x78d00d866290>>, mixin_verb=('build',))
[0.138s] Level 1:colcon.colcon_core.package_discovery:discover_packages(colcon_meta) check parameters
[0.138s] Level 1:colcon.colcon_core.package_discovery:discover_packages(recursive) check parameters
[0.138s] Level 1:colcon.colcon_core.package_discovery:discover_packages(ignore) check parameters
[0.138s] Level 1:colcon.colcon_core.package_discovery:discover_packages(path) check parameters
[0.138s] Level 1:colcon.colcon_core.package_discovery:discover_packages(colcon_meta) discover
[0.138s] Level 1:colcon.colcon_core.package_discovery:discover_packages(recursive) discover
[0.138s] INFO:colcon.colcon_core.package_discovery:Crawling recursively for packages in '/home/juan/Robotics/Proyecto/Mapeo3D_LiDAR2D'
[0.138s] Level 1:colcon.colcon_core.package_identification:_identify(.) by extensions ['ignore', 'ignore_ament_install']
[0.138s] Level 1:colcon.colcon_core.package_identification:_identify(.) by extension 'ignore'
[0.138s] Level 1:colcon.colcon_core.package_identification:_identify(.) by extension 'ignore_ament_install'
[0.138s] Level 1:colcon.colcon_core.package_identification:_identify(.) by extensions ['colcon_pkg']
[0.138s] Level 1:colcon.colcon_core.package_identification:_identify(.) by extension 'colcon_pkg'
[0.138s] Level 1:colcon.colcon_core.package_identification:_identify(.) by extensions ['colcon_meta']
[0.138s] Level 1:colcon.colcon_core.package_identification:_identify(.) by extension 'colcon_meta'
[0.138s] Level 1:colcon.colcon_core.package_identification:_identify(.) by extensions ['ros']
[0.139s] Level 1:colcon.colcon_core.package_identification:_identify(.) by extension 'ros'
[0.152s] Level 1:colcon.colcon_core.package_identification:_identify(.) by extensions ['cmake', 'python']
[0.152s] Level 1:colcon.colcon_core.package_identification:_identify(.) by extension 'cmake'
[0.152s] Level 1:colcon.colcon_core.package_identification:_identify(.) by extension 'python'
[0.152s] Level 1:colcon.colcon_core.package_identification:_identify(.) by extensions ['python_setup_py']
[0.152s] Level 1:colcon.colcon_core.package_identification:_identify(.) by extension 'python_setup_py'
[0.152s] Level 1:colcon.colcon_core.package_identification:_identify(build) by extensions ['ignore', 'ignore_ament_install']
[0.152s] Level 1:colcon.colcon_core.package_identification:_identify(build) by extension 'ignore'
[0.152s] Level 1:colcon.colcon_core.package_identification:_identify(build) ignored
[0.152s] Level 1:colcon.colcon_core.package_identification:_identify(install) by extensions ['ignore', 'ignore_ament_install']
[0.152s] Level 1:colcon.colcon_core.package_identification:_identify(install) by extension 'ignore'
[0.152s] Level 1:colcon.colcon_core.package_identification:_identify(install) ignored
[0.153s] Level 1:colcon.colcon_core.package_identification:_identify(log) by extensions ['ignore', 'ignore_ament_install']
[0.153s] Level 1:colcon.colcon_core.package_identification:_identify(log) by extension 'ignore'
[0.153s] Level 1:colcon.colcon_core.package_identification:_identify(log) ignored
[0.153s] Level 1:colcon.colcon_core.package_identification:_identify(src) by extensions ['ignore', 'ignore_ament_install']
[0.153s] Level 1:colcon.colcon_core.package_identification:_identify(src) by extension 'ignore'
[0.153s] Level 1:colcon.colcon_core.package_identification:_identify(src) by extension 'ignore_ament_install'
[0.153s] Level 1:colcon.colcon_core.package_identification:_identify(src) by extensions ['colcon_pkg']
[0.153s] Level 1:colcon.colcon_core.package_identification:_identify(src) by extension 'colcon_pkg'
[0.153s] Level 1:colcon.colcon_core.package_identification:_identify(src) by extensions ['colcon_meta']
[0.153s] Level 1:colcon.colcon_core.package_identification:_identify(src) by extension 'colcon_meta'
[0.153s] Level 1:colcon.colcon_core.package_identification:_identify(src) by extensions ['ros']
[0.153s] Level 1:colcon.colcon_core.package_identification:_identify(src) by extension 'ros'
[0.153s] Level 1:colcon.colcon_core.package_identification:_identify(src) by extensions ['cmake', 'python']
[0.153s] Level 1:colcon.colcon_core.package_identification:_identify(src) by extension 'cmake'
[0.153s] Level 1:colcon.colcon_core.package_identification:_identify(src) by extension 'python'
[0.153s] Level 1:colcon.colcon_core.package_identification:_identify(src) by extensions ['python_setup_py']
[0.153s] Level 1:colcon.colcon_core.package_identification:_identify(src) by extension 'python_setup_py'
[0.153s] Level 1:colcon.colcon_core.package_identification:_identify(src/Project_MAP3D-main) by extensions ['ignore', 'ignore_ament_install']
[0.153s] Level 1:colcon.colcon_core.package_identification:_identify(src/Project_MAP3D-main) by extension 'ignore'
[0.154s] Level 1:colcon.colcon_core.package_identification:_identify(src/Project_MAP3D-main) by extension 'ignore_ament_install'
[0.154s] Level 1:colcon.colcon_core.package_identification:_identify(src/Project_MAP3D-main) by extensions ['colcon_pkg']
[0.154s] Level 1:colcon.colcon_core.package_identification:_identify(src/Project_MAP3D-main) by extension 'colcon_pkg'
[0.154s] Level 1:colcon.colcon_core.package_identification:_identify(src/Project_MAP3D-main) by extensions ['colcon_meta']
[0.154s] Level 1:colcon.colcon_core.package_identification:_identify(src/Project_MAP3D-main) by extension 'colcon_meta'
[0.154s] Level 1:colcon.colcon_core.package_identification:_identify(src/Project_MAP3D-main) by extensions ['ros']
[0.154s] Level 1:colcon.colcon_core.package_identification:_identify(src/Project_MAP3D-main) by extension 'ros'
[0.156s] DEBUG:colcon.colcon_core.package_identification:Package 'src/Project_MAP3D-main' with type 'ros.ament_python' and name 'robot_description'
[0.156s] Level 1:colcon.colcon_core.package_identification:_identify(src/my_subscriber) by extensions ['ignore', 'ignore_ament_install']
[0.156s] Level 1:colcon.colcon_core.package_identification:_identify(src/my_subscriber) by extension 'ignore'
[0.156s] Level 1:colcon.colcon_core.package_identification:_identify(src/my_subscriber) by extension 'ignore_ament_install'
[0.156s] Level 1:colcon.colcon_core.package_identification:_identify(src/my_subscriber) by extensions ['colcon_pkg']
[0.156s] Level 1:colcon.colcon_core.package_identification:_identify(src/my_subscriber) by extension 'colcon_pkg'
[0.156s] Level 1:colcon.colcon_core.package_identification:_identify(src/my_subscriber) by extensions ['colcon_meta']
[0.156s] Level 1:colcon.colcon_core.package_identification:_identify(src/my_subscriber) by extension 'colcon_meta'
[0.156s] Level 1:colcon.colcon_core.package_identification:_identify(src/my_subscriber) by extensions ['ros']
[0.156s] Level 1:colcon.colcon_core.package_identification:_identify(src/my_subscriber) by extension 'ros'
[0.157s] DEBUG:colcon.colcon_core.package_identification:Package 'src/my_subscriber' with type 'ros.ament_cmake' and name 'my_subscriber'
[0.157s] Level 1:colcon.colcon_core.package_identification:_identify(src/my_subscriber_pkg) by extensions ['ignore', 'ignore_ament_install']
[0.157s] Level 1:colcon.colcon_core.package_identification:_identify(src/my_subscriber_pkg) by extension 'ignore'
[0.157s] Level 1:colcon.colcon_core.package_identification:_identify(src/my_subscriber_pkg) by extension 'ignore_ament_install'
[0.157s] Level 1:colcon.colcon_core.package_identification:_identify(src/my_subscriber_pkg) by extensions ['colcon_pkg']
[0.157s] Level 1:colcon.colcon_core.package_identification:_identify(src/my_subscriber_pkg) by extension 'colcon_pkg'
[0.157s] Level 1:colcon.colcon_core.package_identification:_identify(src/my_subscriber_pkg) by extensions ['colcon_meta']
[0.157s] Level 1:colcon.colcon_core.package_identification:_identify(src/my_subscriber_pkg) by extension 'colcon_meta'
[0.157s] Level 1:colcon.colcon_core.package_identification:_identify(src/my_subscriber_pkg) by extensions ['ros']
[0.157s] Level 1:colcon.colcon_core.package_identification:_identify(src/my_subscriber_pkg) by extension 'ros'
[0.157s] DEBUG:colcon.colcon_core.package_identification:Package 'src/my_subscriber_pkg' with type 'ros.ament_python' and name 'my_subscriber_pkg'
[0.158s] Level 1:colcon.colcon_core.package_identification:_identify(src/navigation_pkg) by extensions ['ignore', 'ignore_ament_install']
[0.158s] Level 1:colcon.colcon_core.package_identification:_identify(src/navigation_pkg) by extension 'ignore'
[0.158s] Level 1:colcon.colcon_core.package_identification:_identify(src/navigation_pkg) by extension 'ignore_ament_install'
[0.158s] Level 1:colcon.colcon_core.package_identification:_identify(src/navigation_pkg) by extensions ['colcon_pkg']
[0.158s] Level 1:colcon.colcon_core.package_identification:_identify(src/navigation_pkg) by extension 'colcon_pkg'
[0.158s] Level 1:colcon.colcon_core.package_identification:_identify(src/navigation_pkg) by extensions ['colcon_meta']
[0.158s] Level 1:colcon.colcon_core.package_identification:_identify(src/navigation_pkg) by extension 'colcon_meta'
[0.158s] Level 1:colcon.colcon_core.package_identification:_identify(src/navigation_pkg) by extensions ['ros']
[0.158s] Level 1:colcon.colcon_core.package_identification:_identify(src/navigation_pkg) by extension 'ros'
[0.158s] DEBUG:colcon.colcon_core.package_identification:Package 'src/navigation_pkg' with type 'ros.ament_python' and name 'navigation_pkg'
[0.158s] Level 1:colcon.colcon_core.package_discovery:discover_packages(recursive) using defaults
[0.158s] Level 1:colcon.colcon_core.package_discovery:discover_packages(ignore) discover
[0.158s] Level 1:colcon.colcon_core.package_discovery:discover_packages(ignore) using defaults
[0.158s] Level 1:colcon.colcon_core.package_discovery:discover_packages(path) discover
[0.158s] Level 1:colcon.colcon_core.package_discovery:discover_packages(path) using defaults
[0.176s] Level 1:colcon.colcon_core.package_discovery:discover_packages(prefix_path) check parameters
[0.176s] Level 1:colcon.colcon_core.package_discovery:discover_packages(prefix_path) discover
[0.177s] WARNING:colcon.colcon_ros.prefix_path.ament:The path '/home/juan/Robotics/Proyecto/Mapeo3D_LiDAR2D/install/robot_description' in the environment variable AMENT_PREFIX_PATH doesn't exist
[0.177s] WARNING:colcon.colcon_ros.prefix_path.ament:The path '/home/juan/Robotics/Proyecto/Mapeo3D_LiDAR2D/install/navigation_pkg' in the environment variable AMENT_PREFIX_PATH doesn't exist
[0.177s] WARNING:colcon.colcon_ros.prefix_path.ament:The path '/home/juan/Robotics/Proyecto/Mapeo3D_LiDAR2D/install/my_subscriber_pkg' in the environment variable AMENT_PREFIX_PATH doesn't exist
[0.177s] WARNING:colcon.colcon_ros.prefix_path.ament:The path '/home/juan/Robotics/Proyecto/Mapeo3D_LiDAR2D/install/my_subscriber' in the environment variable AMENT_PREFIX_PATH doesn't exist
[0.177s] WARNING:colcon.colcon_ros.prefix_path.catkin:The path '/home/juan/Robotics/Proyecto/Mapeo3D_LiDAR2D/install/my_subscriber' in the environment variable CMAKE_PREFIX_PATH doesn't exist
[0.178s] DEBUG:colcon.colcon_installed_package_information.package_discovery:Found 0 installed packages in /home/juan/Robotics/Proyecto/Mapeo3D_LiDAR2D/install
[0.178s] DEBUG:colcon.colcon_installed_package_information.package_discovery:Found 1 installed packages in /home/juan/ros-humble-ros1-bridge/install
[0.180s] DEBUG:colcon.colcon_installed_package_information.package_discovery:Found 426 installed packages in /opt/ros/humble
[0.182s] Level 1:colcon.colcon_core.package_discovery:discover_packages(prefix_path) using defaults
[0.231s] Level 5:colcon.colcon_core.verb:set package 'my_subscriber' build argument 'cmake_args' from command line to 'None'
[0.231s] Level 5:colcon.colcon_core.verb:set package 'my_subscriber' build argument 'cmake_target' from command line to 'None'
[0.231s] Level 5:colcon.colcon_core.verb:set package 'my_subscriber' build argument 'cmake_target_skip_unavailable' from command line to 'False'
[0.231s] Level 5:colcon.colcon_core.verb:set package 'my_subscriber' build argument 'cmake_clean_cache' from command line to 'False'
[0.231s] Level 5:colcon.colcon_core.verb:set package 'my_subscriber' build argument 'cmake_clean_first' from command line to 'False'
[0.231s] Level 5:colcon.colcon_core.verb:set package 'my_subscriber' build argument 'cmake_force_configure' from command line to 'False'
[0.231s] Level 5:colcon.colcon_core.verb:set package 'my_subscriber' build argument 'ament_cmake_args' from command line to 'None'
[0.231s] Level 5:colcon.colcon_core.verb:set package 'my_subscriber' build argument 'catkin_cmake_args' from command line to 'None'
[0.231s] Level 5:colcon.colcon_core.verb:set package 'my_subscriber' build argument 'catkin_skip_building_tests' from command line to 'False'
[0.231s] DEBUG:colcon.colcon_core.verb:Building package 'my_subscriber' with the following arguments: {'ament_cmake_args': None, 'build_base': '/home/juan/Robotics/Proyecto/Mapeo3D_LiDAR2D/build/my_subscriber', 'catkin_cmake_args': None, 'catkin_skip_building_tests': False, 'cmake_args': None, 'cmake_clean_cache': False, 'cmake_clean_first': False, 'cmake_force_configure': False, 'cmake_target': None, 'cmake_target_skip_unavailable': False, 'install_base': '/home/juan/Robotics/Proyecto/Mapeo3D_LiDAR2D/install/my_subscriber', 'merge_install': False, 'path': '/home/juan/Robotics/Proyecto/Mapeo3D_LiDAR2D/src/my_subscriber', 'symlink_install': True, 'test_result_base': None}
[0.231s] Level 5:colcon.colcon_core.verb:set package 'my_subscriber_pkg' build argument 'cmake_args' from command line to 'None'
[0.231s] Level 5:colcon.colcon_core.verb:set package 'my_subscriber_pkg' build argument 'cmake_target' from command line to 'None'
[0.231s] Level 5:colcon.colcon_core.verb:set package 'my_subscriber_pkg' build argument 'cmake_target_skip_unavailable' from command line to 'False'
[0.231s] Level 5:colcon.colcon_core.verb:set package 'my_subscriber_pkg' build argument 'cmake_clean_cache' from command line to 'False'
[0.231s] Level 5:colcon.colcon_core.verb:set package 'my_subscriber_pkg' build argument 'cmake_clean_first' from command line to 'False'
[0.231s] Level 5:colcon.colcon_core.verb:set package 'my_subscriber_pkg' build argument 'cmake_force_configure' from command line to 'False'
[0.231s] Level 5:colcon.colcon_core.verb:set package 'my_subscriber_pkg' build argument 'ament_cmake_args' from command line to 'None'
[0.231s] Level 5:colcon.colcon_core.verb:set package 'my_subscriber_pkg' build argument 'catkin_cmake_args' from command line to 'None'
[0.231s] Level 5:colcon.colcon_core.verb:set package 'my_subscriber_pkg' build argument 'catkin_skip_building_tests' from command line to 'False'
[0.231s] DEBUG:colcon.colcon_core.verb:Building package 'my_subscriber_pkg' with the following arguments: {'ament_cmake_args': None, 'build_base': '/home/juan/Robotics/Proyecto/Mapeo3D_LiDAR2D/build/my_subscriber_pkg', 'catkin_cmake_args': None, 'catkin_skip_building_tests': False, 'cmake_args': None, 'cmake_clean_cache': False, 'cmake_clean_first': False, 'cmake_force_configure': False, 'cmake_target': None, 'cmake_target_skip_unavailable': False, 'install_base': '/home/juan/Robotics/Proyecto/Mapeo3D_LiDAR2D/install/my_subscriber_pkg', 'merge_install': False, 'path': '/home/juan/Robotics/Proyecto/Mapeo3D_LiDAR2D/src/my_subscriber_pkg', 'symlink_install': True, 'test_result_base': None}
[0.232s] Level 5:colcon.colcon_core.verb:set package 'navigation_pkg' build argument 'cmake_args' from command line to 'None'
[0.232s] Level 5:colcon.colcon_core.verb:set package 'navigation_pkg' build argument 'cmake_target' from command line to 'None'
[0.232s] Level 5:colcon.colcon_core.verb:set package 'navigation_pkg' build argument 'cmake_target_skip_unavailable' from command line to 'False'
[0.232s] Level 5:colcon.colcon_core.verb:set package 'navigation_pkg' build argument 'cmake_clean_cache' from command line to 'False'
[0.232s] Level 5:colcon.colcon_core.verb:set package 'navigation_pkg' build argument 'cmake_clean_first' from command line to 'False'
[0.232s] Level 5:colcon.colcon_core.verb:set package 'navigation_pkg' build argument 'cmake_force_configure' from command line to 'False'
[0.232s] Level 5:colcon.colcon_core.verb:set package 'navigation_pkg' build argument 'ament_cmake_args' from command line to 'None'
[0.232s] Level 5:colcon.colcon_core.verb:set package 'navigation_pkg' build argument 'catkin_cmake_args' from command line to 'None'
[0.232s] Level 5:colcon.colcon_core.verb:set package 'navigation_pkg' build argument 'catkin_skip_building_tests' from command line to 'False'
[0.232s] DEBUG:colcon.colcon_core.verb:Building package 'navigation_pkg' with the following arguments: {'ament_cmake_args': None, 'build_base': '/home/juan/Robotics/Proyecto/Mapeo3D_LiDAR2D/build/navigation_pkg', 'catkin_cmake_args': None, 'catkin_skip_building_tests': False, 'cmake_args': None, 'cmake_clean_cache': False, 'cmake_clean_first': False, 'cmake_force_configure': False, 'cmake_target': None, 'cmake_target_skip_unavailable': False, 'install_base': '/home/juan/Robotics/Proyecto/Mapeo3D_LiDAR2D/install/navigation_pkg', 'merge_install': False, 'path': '/home/juan/Robotics/Proyecto/Mapeo3D_LiDAR2D/src/navigation_pkg', 'symlink_install': True, 'test_result_base': None}
[0.232s] Level 5:colcon.colcon_core.verb:set package 'robot_description' build argument 'cmake_args' from command line to 'None'
[0.232s] Level 5:colcon.colcon_core.verb:set package 'robot_description' build argument 'cmake_target' from command line to 'None'
[0.232s] Level 5:colcon.colcon_core.verb:set package 'robot_description' build argument 'cmake_target_skip_unavailable' from command line to 'False'
[0.232s] Level 5:colcon.colcon_core.verb:set package 'robot_description' build argument 'cmake_clean_cache' from command line to 'False'
[0.232s] Level 5:colcon.colcon_core.verb:set package 'robot_description' build argument 'cmake_clean_first' from command line to 'False'
[0.232s] Level 5:colcon.colcon_core.verb:set package 'robot_description' build argument 'cmake_force_configure' from command line to 'False'
[0.232s] Level 5:colcon.colcon_core.verb:set package 'robot_description' build argument 'ament_cmake_args' from command line to 'None'
[0.232s] Level 5:colcon.colcon_core.verb:set package 'robot_description' build argument 'catkin_cmake_args' from command line to 'None'
[0.232s] Level 5:colcon.colcon_core.verb:set package 'robot_description' build argument 'catkin_skip_building_tests' from command line to 'False'
[0.232s] DEBUG:colcon.colcon_core.verb:Building package 'robot_description' with the following arguments: {'ament_cmake_args': None, 'build_base': '/home/juan/Robotics/Proyecto/Mapeo3D_LiDAR2D/build/robot_description', 'catkin_cmake_args': None, 'catkin_skip_building_tests': False, 'cmake_args': None, 'cmake_clean_cache': False, 'cmake_clean_first': False, 'cmake_force_configure': False, 'cmake_target': None, 'cmake_target_skip_unavailable': False, 'install_base': '/home/juan/Robotics/Proyecto/Mapeo3D_LiDAR2D/install/robot_description', 'merge_install': False, 'path': '/home/juan/Robotics/Proyecto/Mapeo3D_LiDAR2D/src/Project_MAP3D-main', 'symlink_install': True, 'test_result_base': None}
[0.232s] INFO:colcon.colcon_core.executor:Executing jobs using 'parallel' executor
[0.234s] DEBUG:colcon.colcon_parallel_executor.executor.parallel:run_until_complete
[0.234s] INFO:colcon.colcon_ros.task.ament_cmake.build:Building ROS package in '/home/juan/Robotics/Proyecto/Mapeo3D_LiDAR2D/src/my_subscriber' with build type 'ament_cmake'
[0.234s] INFO:colcon.colcon_cmake.task.cmake.build:Building CMake package in '/home/juan/Robotics/Proyecto/Mapeo3D_LiDAR2D/src/my_subscriber'
[0.236s] INFO:colcon.colcon_core.plugin_system:Skipping extension 'colcon_core.shell.bat': Not used on non-Windows systems
[0.237s] INFO:colcon.colcon_core.shell:Skip shell extension 'powershell' for command environment: Not usable outside of PowerShell
[0.237s] DEBUG:colcon.colcon_core.shell:Skip shell extension 'dsv' for command environment
[0.241s] INFO:colcon.colcon_ros.task.ament_python.build:Building ROS package in '/home/juan/Robotics/Proyecto/Mapeo3D_LiDAR2D/src/my_subscriber_pkg' with build type 'ament_python'
[0.241s] Level 1:colcon.colcon_core.shell:create_environment_hook('my_subscriber_pkg', 'ament_prefix_path')
[0.241s] INFO:colcon.colcon_core.shell:Creating environment hook '/home/juan/Robotics/Proyecto/Mapeo3D_LiDAR2D/install/my_subscriber_pkg/share/my_subscriber_pkg/hook/ament_prefix_path.ps1'
[0.242s] INFO:colcon.colcon_core.shell:Creating environment descriptor '/home/juan/Robotics/Proyecto/Mapeo3D_LiDAR2D/install/my_subscriber_pkg/share/my_subscriber_pkg/hook/ament_prefix_path.dsv'
[0.243s] INFO:colcon.colcon_core.shell:Creating environment hook '/home/juan/Robotics/Proyecto/Mapeo3D_LiDAR2D/install/my_subscriber_pkg/share/my_subscriber_pkg/hook/ament_prefix_path.sh'
[0.243s] INFO:colcon.colcon_core.shell:Skip shell extension 'powershell' for command environment: Not usable outside of PowerShell
[0.243s] DEBUG:colcon.colcon_core.shell:Skip shell extension 'dsv' for command environment
[0.247s] INFO:colcon.colcon_ros.task.ament_python.build:Building ROS package in '/home/juan/Robotics/Proyecto/Mapeo3D_LiDAR2D/src/navigation_pkg' with build type 'ament_python'
[0.247s] Level 1:colcon.colcon_core.shell:create_environment_hook('navigation_pkg', 'ament_prefix_path')
[0.248s] INFO:colcon.colcon_core.shell:Creating environment hook '/home/juan/Robotics/Proyecto/Mapeo3D_LiDAR2D/install/navigation_pkg/share/navigation_pkg/hook/ament_prefix_path.ps1'
[0.248s] INFO:colcon.colcon_core.shell:Creating environment descriptor '/home/juan/Robotics/Proyecto/Mapeo3D_LiDAR2D/install/navigation_pkg/share/navigation_pkg/hook/ament_prefix_path.dsv'
[0.249s] INFO:colcon.colcon_core.shell:Creating environment hook '/home/juan/Robotics/Proyecto/Mapeo3D_LiDAR2D/install/navigation_pkg/share/navigation_pkg/hook/ament_prefix_path.sh'
[0.249s] INFO:colcon.colcon_core.shell:Skip shell extension 'powershell' for command environment: Not usable outside of PowerShell
[0.249s] DEBUG:colcon.colcon_core.shell:Skip shell extension 'dsv' for command environment
[0.253s] INFO:colcon.colcon_ros.task.ament_python.build:Building ROS package in '/home/juan/Robotics/Proyecto/Mapeo3D_LiDAR2D/src/Project_MAP3D-main' with build type 'ament_python'
[0.253s] Level 1:colcon.colcon_core.shell:create_environment_hook('robot_description', 'ament_prefix_path')
[0.253s] INFO:colcon.colcon_core.shell:Creating environment hook '/home/juan/Robotics/Proyecto/Mapeo3D_LiDAR2D/install/robot_description/share/robot_description/hook/ament_prefix_path.ps1'
[0.254s] INFO:colcon.colcon_core.shell:Creating environment descriptor '/home/juan/Robotics/Proyecto/Mapeo3D_LiDAR2D/install/robot_description/share/robot_description/hook/ament_prefix_path.dsv'
[0.254s] INFO:colcon.colcon_core.shell:Creating environment hook '/home/juan/Robotics/Proyecto/Mapeo3D_LiDAR2D/install/robot_description/share/robot_description/hook/ament_prefix_path.sh'
[0.255s] INFO:colcon.colcon_core.shell:Skip shell extension 'powershell' for command environment: Not usable outside of PowerShell
[0.255s] DEBUG:colcon.colcon_core.shell:Skip shell extension 'dsv' for command environment
[0.265s] DEBUG:colcon.colcon_core.event_handler.log_command:Invoking command in '/home/juan/Robotics/Proyecto/Mapeo3D_LiDAR2D/build/my_subscriber': CMAKE_PREFIX_PATH=${CMAKE_PREFIX_PATH}:/home/juan/Robotics/Proyecto/Mapeo3D_LiDAR2D/install/robot_description:/home/juan/Robotics/Proyecto/Mapeo3D_LiDAR2D/install/navigation_pkg:/home/juan/Robotics/Proyecto/Mapeo3D_LiDAR2D/install/my_subscriber_pkg:/opt/ros/humble /usr/bin/cmake /home/juan/Robotics/Proyecto/Mapeo3D_LiDAR2D/src/my_subscriber -DAMENT_CMAKE_SYMLINK_INSTALL=1 -DCMAKE_INSTALL_PREFIX=/home/juan/Robotics/Proyecto/Mapeo3D_LiDAR2D/install/my_subscriber
[0.484s] INFO:colcon.colcon_core.task.python.build:Building Python package in '/home/juan/Robotics/Proyecto/Mapeo3D_LiDAR2D/src/my_subscriber_pkg'
[0.484s] INFO:colcon.colcon_core.shell:Skip shell extension 'powershell' for command environment: Not usable outside of PowerShell
[0.484s] DEBUG:colcon.colcon_core.shell:Skip shell extension 'dsv' for command environment
[0.724s] INFO:colcon.colcon_core.task.python.build:Building Python package in '/home/juan/Robotics/Proyecto/Mapeo3D_LiDAR2D/src/navigation_pkg'
[0.724s] INFO:colcon.colcon_core.shell:Skip shell extension 'powershell' for command environment: Not usable outside of PowerShell
[0.724s] DEBUG:colcon.colcon_core.shell:Skip shell extension 'dsv' for command environment
[0.938s] INFO:colcon.colcon_core.task.python.build:Building Python package in '/home/juan/Robotics/Proyecto/Mapeo3D_LiDAR2D/src/Project_MAP3D-main'
[0.938s] INFO:colcon.colcon_core.shell:Skip shell extension 'powershell' for command environment: Not usable outside of PowerShell
[0.938s] DEBUG:colcon.colcon_core.shell:Skip shell extension 'dsv' for command environment
[1.578s] DEBUG:colcon.colcon_core.event_handler.log_command:Invoking command in '/home/juan/Robotics/Proyecto/Mapeo3D_LiDAR2D/build/my_subscriber_pkg': PYTHONPATH=/home/juan/Robotics/Proyecto/Mapeo3D_LiDAR2D/build/my_subscriber_pkg/prefix_override:/home/juan/Robotics/Proyecto/Mapeo3D_LiDAR2D/install/my_subscriber_pkg/lib/python3.10/site-packages:${PYTHONPATH} /usr/bin/python3 -W ignore:setup.py install is deprecated setup.py develop --editable --build-directory /home/juan/Robotics/Proyecto/Mapeo3D_LiDAR2D/build/my_subscriber_pkg/build --no-deps symlink_data
[1.591s] DEBUG:colcon.colcon_core.event_handler.log_command:Invoking command in '/home/juan/Robotics/Proyecto/Mapeo3D_LiDAR2D/build/robot_description': PYTHONPATH=/home/juan/Robotics/Proyecto/Mapeo3D_LiDAR2D/build/robot_description/prefix_override:/home/juan/Robotics/Proyecto/Mapeo3D_LiDAR2D/install/robot_description/lib/python3.10/site-packages:${PYTHONPATH} /usr/bin/python3 -W ignore:setup.py install is deprecated setup.py develop --editable --build-directory /home/juan/Robotics/Proyecto/Mapeo3D_LiDAR2D/build/robot_description/build --no-deps symlink_data
[1.610s] DEBUG:colcon.colcon_core.event_handler.log_command:Invoking command in '/home/juan/Robotics/Proyecto/Mapeo3D_LiDAR2D/build/navigation_pkg': PYTHONPATH=/home/juan/Robotics/Proyecto/Mapeo3D_LiDAR2D/build/navigation_pkg/prefix_override:/home/juan/Robotics/Proyecto/Mapeo3D_LiDAR2D/install/navigation_pkg/lib/python3.10/site-packages:${PYTHONPATH} /usr/bin/python3 -W ignore:setup.py install is deprecated setup.py develop --editable --build-directory /home/juan/Robotics/Proyecto/Mapeo3D_LiDAR2D/build/navigation_pkg/build --no-deps symlink_data
[2.392s] Level 1:colcon.colcon_core.shell:create_environment_hook('robot_description', 'pythonpath_develop')
[2.392s] INFO:colcon.colcon_core.shell:Creating environment hook '/home/juan/Robotics/Proyecto/Mapeo3D_LiDAR2D/build/robot_description/share/robot_description/hook/pythonpath_develop.ps1'
[2.393s] DEBUG:colcon.colcon_core.event_handler.log_command:Invoked command in '/home/juan/Robotics/Proyecto/Mapeo3D_LiDAR2D/build/robot_description' returned '0': PYTHONPATH=/home/juan/Robotics/Proyecto/Mapeo3D_LiDAR2D/build/robot_description/prefix_override:/home/juan/Robotics/Proyecto/Mapeo3D_LiDAR2D/install/robot_description/lib/python3.10/site-packages:${PYTHONPATH} /usr/bin/python3 -W ignore:setup.py install is deprecated setup.py develop --editable --build-directory /home/juan/Robotics/Proyecto/Mapeo3D_LiDAR2D/build/robot_description/build --no-deps symlink_data
[2.394s] INFO:colcon.colcon_core.shell:Creating environment descriptor '/home/juan/Robotics/Proyecto/Mapeo3D_LiDAR2D/build/robot_description/share/robot_description/hook/pythonpath_develop.dsv'
[2.394s] INFO:colcon.colcon_core.shell:Creating environment hook '/home/juan/Robotics/Proyecto/Mapeo3D_LiDAR2D/build/robot_description/share/robot_description/hook/pythonpath_develop.sh'
[2.397s] Level 1:colcon.colcon_core.environment:checking '/home/juan/Robotics/Proyecto/Mapeo3D_LiDAR2D/install/robot_description' for CMake module files
[2.398s] Level 1:colcon.colcon_core.environment:checking '/home/juan/Robotics/Proyecto/Mapeo3D_LiDAR2D/install/robot_description' for CMake config files
[2.399s] Level 1:colcon.colcon_core.environment:checking '/home/juan/Robotics/Proyecto/Mapeo3D_LiDAR2D/install/robot_description/lib'
[2.399s] Level 1:colcon.colcon_core.environment:checking '/home/juan/Robotics/Proyecto/Mapeo3D_LiDAR2D/install/robot_description/bin'
[2.400s] Level 1:colcon.colcon_core.environment:checking '/home/juan/Robotics/Proyecto/Mapeo3D_LiDAR2D/install/robot_description/lib/pkgconfig/robot_description.pc'
[2.400s] Level 1:colcon.colcon_core.environment:checking '/home/juan/Robotics/Proyecto/Mapeo3D_LiDAR2D/install/robot_description/lib/python3.10/site-packages'
[2.400s] Level 1:colcon.colcon_core.shell:create_environment_hook('robot_description', 'pythonpath')
[2.400s] INFO:colcon.colcon_core.shell:Creating environment hook '/home/juan/Robotics/Proyecto/Mapeo3D_LiDAR2D/install/robot_description/share/robot_description/hook/pythonpath.ps1'
[2.401s] INFO:colcon.colcon_core.shell:Creating environment descriptor '/home/juan/Robotics/Proyecto/Mapeo3D_LiDAR2D/install/robot_description/share/robot_description/hook/pythonpath.dsv'
[2.401s] INFO:colcon.colcon_core.shell:Creating environment hook '/home/juan/Robotics/Proyecto/Mapeo3D_LiDAR2D/install/robot_description/share/robot_description/hook/pythonpath.sh'
[2.402s] Level 1:colcon.colcon_core.environment:checking '/home/juan/Robotics/Proyecto/Mapeo3D_LiDAR2D/install/robot_description/bin'
[2.402s] Level 1:colcon.colcon_core.environment:create_environment_scripts_only(robot_description)
[2.402s] INFO:colcon.colcon_core.shell:Creating package script '/home/juan/Robotics/Proyecto/Mapeo3D_LiDAR2D/install/robot_description/share/robot_description/package.ps1'
[2.403s] INFO:colcon.colcon_core.shell:Creating package descriptor '/home/juan/Robotics/Proyecto/Mapeo3D_LiDAR2D/install/robot_description/share/robot_description/package.dsv'
[2.404s] INFO:colcon.colcon_core.shell:Creating package script '/home/juan/Robotics/Proyecto/Mapeo3D_LiDAR2D/install/robot_description/share/robot_description/package.sh'
[2.405s] INFO:colcon.colcon_core.shell:Creating package script '/home/juan/Robotics/Proyecto/Mapeo3D_LiDAR2D/install/robot_description/share/robot_description/package.bash'
[2.406s] INFO:colcon.colcon_core.shell:Creating package script '/home/juan/Robotics/Proyecto/Mapeo3D_LiDAR2D/install/robot_description/share/robot_description/package.zsh'
[2.407s] Level 1:colcon.colcon_core.environment:create_file_with_runtime_dependencies(/home/juan/Robotics/Proyecto/Mapeo3D_LiDAR2D/install/robot_description/share/colcon-core/packages/robot_description)
[2.409s] Level 1:colcon.colcon_core.shell:create_environment_hook('navigation_pkg', 'pythonpath_develop')
[2.409s] INFO:colcon.colcon_core.shell:Creating environment hook '/home/juan/Robotics/Proyecto/Mapeo3D_LiDAR2D/build/navigation_pkg/share/navigation_pkg/hook/pythonpath_develop.ps1'
[2.410s] DEBUG:colcon.colcon_core.event_handler.log_command:Invoked command in '/home/juan/Robotics/Proyecto/Mapeo3D_LiDAR2D/build/navigation_pkg' returned '0': PYTHONPATH=/home/juan/Robotics/Proyecto/Mapeo3D_LiDAR2D/build/navigation_pkg/prefix_override:/home/juan/Robotics/Proyecto/Mapeo3D_LiDAR2D/install/navigation_pkg/lib/python3.10/site-packages:${PYTHONPATH} /usr/bin/python3 -W ignore:setup.py install is deprecated setup.py develop --editable --build-directory /home/juan/Robotics/Proyecto/Mapeo3D_LiDAR2D/build/navigation_pkg/build --no-deps symlink_data
[2.411s] INFO:colcon.colcon_core.shell:Creating environment descriptor '/home/juan/Robotics/Proyecto/Mapeo3D_LiDAR2D/build/navigation_pkg/share/navigation_pkg/hook/pythonpath_develop.dsv'
[2.411s] INFO:colcon.colcon_core.shell:Creating environment hook '/home/juan/Robotics/Proyecto/Mapeo3D_LiDAR2D/build/navigation_pkg/share/navigation_pkg/hook/pythonpath_develop.sh'
[2.412s] Level 1:colcon.colcon_core.environment:checking '/home/juan/Robotics/Proyecto/Mapeo3D_LiDAR2D/install/navigation_pkg' for CMake module files
[2.412s] Level 1:colcon.colcon_core.environment:checking '/home/juan/Robotics/Proyecto/Mapeo3D_LiDAR2D/install/navigation_pkg' for CMake config files
[2.413s] Level 1:colcon.colcon_core.environment:checking '/home/juan/Robotics/Proyecto/Mapeo3D_LiDAR2D/install/navigation_pkg/lib'
[2.413s] Level 1:colcon.colcon_core.environment:checking '/home/juan/Robotics/Proyecto/Mapeo3D_LiDAR2D/install/navigation_pkg/bin'
[2.413s] Level 1:colcon.colcon_core.environment:checking '/home/juan/Robotics/Proyecto/Mapeo3D_LiDAR2D/install/navigation_pkg/lib/pkgconfig/navigation_pkg.pc'
[2.413s] Level 1:colcon.colcon_core.environment:checking '/home/juan/Robotics/Proyecto/Mapeo3D_LiDAR2D/install/navigation_pkg/lib/python3.10/site-packages'
[2.414s] Level 1:colcon.colcon_core.shell:create_environment_hook('navigation_pkg', 'pythonpath')
[2.414s] INFO:colcon.colcon_core.shell:Creating environment hook '/home/juan/Robotics/Proyecto/Mapeo3D_LiDAR2D/install/navigation_pkg/share/navigation_pkg/hook/pythonpath.ps1'
[2.414s] INFO:colcon.colcon_core.shell:Creating environment descriptor '/home/juan/Robotics/Proyecto/Mapeo3D_LiDAR2D/install/navigation_pkg/share/navigation_pkg/hook/pythonpath.dsv'
[2.415s] INFO:colcon.colcon_core.shell:Creating environment hook '/home/juan/Robotics/Proyecto/Mapeo3D_LiDAR2D/install/navigation_pkg/share/navigation_pkg/hook/pythonpath.sh'
[2.415s] Level 1:colcon.colcon_core.environment:checking '/home/juan/Robotics/Proyecto/Mapeo3D_LiDAR2D/install/navigation_pkg/bin'
[2.416s] Level 1:colcon.colcon_core.environment:create_environment_scripts_only(navigation_pkg)
[2.416s] INFO:colcon.colcon_core.shell:Creating package script '/home/juan/Robotics/Proyecto/Mapeo3D_LiDAR2D/install/navigation_pkg/share/navigation_pkg/package.ps1'
[2.417s] INFO:colcon.colcon_core.shell:Creating package descriptor '/home/juan/Robotics/Proyecto/Mapeo3D_LiDAR2D/install/navigation_pkg/share/navigation_pkg/package.dsv'
[2.417s] INFO:colcon.colcon_core.shell:Creating package script '/home/juan/Robotics/Proyecto/Mapeo3D_LiDAR2D/install/navigation_pkg/share/navigation_pkg/package.sh'
[2.418s] INFO:colcon.colcon_core.shell:Creating package script '/home/juan/Robotics/Proyecto/Mapeo3D_LiDAR2D/install/navigation_pkg/share/navigation_pkg/package.bash'
[2.418s] INFO:colcon.colcon_core.shell:Creating package script '/home/juan/Robotics/Proyecto/Mapeo3D_LiDAR2D/install/navigation_pkg/share/navigation_pkg/package.zsh'
[2.418s] Level 1:colcon.colcon_core.environment:create_file_with_runtime_dependencies(/home/juan/Robotics/Proyecto/Mapeo3D_LiDAR2D/install/navigation_pkg/share/colcon-core/packages/navigation_pkg)
[2.440s] Level 1:colcon.colcon_core.shell:create_environment_hook('my_subscriber_pkg', 'pythonpath_develop')
[2.440s] INFO:colcon.colcon_core.shell:Creating environment hook '/home/juan/Robotics/Proyecto/Mapeo3D_LiDAR2D/build/my_subscriber_pkg/share/my_subscriber_pkg/hook/pythonpath_develop.ps1'
[2.440s] DEBUG:colcon.colcon_core.event_handler.log_command:Invoked command in '/home/juan/Robotics/Proyecto/Mapeo3D_LiDAR2D/build/my_subscriber_pkg' returned '0': PYTHONPATH=/home/juan/Robotics/Proyecto/Mapeo3D_LiDAR2D/build/my_subscriber_pkg/prefix_override:/home/juan/Robotics/Proyecto/Mapeo3D_LiDAR2D/install/my_subscriber_pkg/lib/python3.10/site-packages:${PYTHONPATH} /usr/bin/python3 -W ignore:setup.py install is deprecated setup.py develop --editable --build-directory /home/juan/Robotics/Proyecto/Mapeo3D_LiDAR2D/build/my_subscriber_pkg/build --no-deps symlink_data
[2.441s] INFO:colcon.colcon_core.shell:Creating environment descriptor '/home/juan/Robotics/Proyecto/Mapeo3D_LiDAR2D/build/my_subscriber_pkg/share/my_subscriber_pkg/hook/pythonpath_develop.dsv'
[2.441s] INFO:colcon.colcon_core.shell:Creating environment hook '/home/juan/Robotics/Proyecto/Mapeo3D_LiDAR2D/build/my_subscriber_pkg/share/my_subscriber_pkg/hook/pythonpath_develop.sh'
[2.441s] Level 1:colcon.colcon_core.environment:checking '/home/juan/Robotics/Proyecto/Mapeo3D_LiDAR2D/install/my_subscriber_pkg' for CMake module files
[2.442s] Level 1:colcon.colcon_core.environment:checking '/home/juan/Robotics/Proyecto/Mapeo3D_LiDAR2D/install/my_subscriber_pkg' for CMake config files
[2.442s] Level 1:colcon.colcon_core.environment:checking '/home/juan/Robotics/Proyecto/Mapeo3D_LiDAR2D/install/my_subscriber_pkg/lib'
[2.442s] Level 1:colcon.colcon_core.environment:checking '/home/juan/Robotics/Proyecto/Mapeo3D_LiDAR2D/install/my_subscriber_pkg/bin'
[2.442s] Level 1:colcon.colcon_core.environment:checking '/home/juan/Robotics/Proyecto/Mapeo3D_LiDAR2D/install/my_subscriber_pkg/lib/pkgconfig/my_subscriber_pkg.pc'
[2.442s] Level 1:colcon.colcon_core.environment:checking '/home/juan/Robotics/Proyecto/Mapeo3D_LiDAR2D/install/my_subscriber_pkg/lib/python3.10/site-packages'
[2.442s] Level 1:colcon.colcon_core.shell:create_environment_hook('my_subscriber_pkg', 'pythonpath')
[2.443s] INFO:colcon.colcon_core.shell:Creating environment hook '/home/juan/Robotics/Proyecto/Mapeo3D_LiDAR2D/install/my_subscriber_pkg/share/my_subscriber_pkg/hook/pythonpath.ps1'
[2.443s] INFO:colcon.colcon_core.shell:Creating environment descriptor '/home/juan/Robotics/Proyecto/Mapeo3D_LiDAR2D/install/my_subscriber_pkg/share/my_subscriber_pkg/hook/pythonpath.dsv'
[2.443s] INFO:colcon.colcon_core.shell:Creating environment hook '/home/juan/Robotics/Proyecto/Mapeo3D_LiDAR2D/install/my_subscriber_pkg/share/my_subscriber_pkg/hook/pythonpath.sh'
[2.443s] Level 1:colcon.colcon_core.environment:checking '/home/juan/Robotics/Proyecto/Mapeo3D_LiDAR2D/install/my_subscriber_pkg/bin'
[2.444s] Level 1:colcon.colcon_core.environment:create_environment_scripts_only(my_subscriber_pkg)
[2.444s] INFO:colcon.colcon_core.shell:Creating package script '/home/juan/Robotics/Proyecto/Mapeo3D_LiDAR2D/install/my_subscriber_pkg/share/my_subscriber_pkg/package.ps1'
[2.444s] INFO:colcon.colcon_core.shell:Creating package descriptor '/home/juan/Robotics/Proyecto/Mapeo3D_LiDAR2D/install/my_subscriber_pkg/share/my_subscriber_pkg/package.dsv'
[2.445s] INFO:colcon.colcon_core.shell:Creating package script '/home/juan/Robotics/Proyecto/Mapeo3D_LiDAR2D/install/my_subscriber_pkg/share/my_subscriber_pkg/package.sh'
[2.445s] INFO:colcon.colcon_core.shell:Creating package script '/home/juan/Robotics/Proyecto/Mapeo3D_LiDAR2D/install/my_subscriber_pkg/share/my_subscriber_pkg/package.bash'
[2.445s] INFO:colcon.colcon_core.shell:Creating package script '/home/juan/Robotics/Proyecto/Mapeo3D_LiDAR2D/install/my_subscriber_pkg/share/my_subscriber_pkg/package.zsh'
[2.446s] Level 1:colcon.colcon_core.environment:create_file_with_runtime_dependencies(/home/juan/Robotics/Proyecto/Mapeo3D_LiDAR2D/install/my_subscriber_pkg/share/colcon-core/packages/my_subscriber_pkg)
[3.067s] DEBUG:colcon.colcon_core.event_handler.log_command:Invoked command in '/home/juan/Robotics/Proyecto/Mapeo3D_LiDAR2D/build/my_subscriber' returned '0': CMAKE_PREFIX_PATH=${CMAKE_PREFIX_PATH}:/home/juan/Robotics/Proyecto/Mapeo3D_LiDAR2D/install/robot_description:/home/juan/Robotics/Proyecto/Mapeo3D_LiDAR2D/install/navigation_pkg:/home/juan/Robotics/Proyecto/Mapeo3D_LiDAR2D/install/my_subscriber_pkg:/opt/ros/humble /usr/bin/cmake /home/juan/Robotics/Proyecto/Mapeo3D_LiDAR2D/src/my_subscriber -DAMENT_CMAKE_SYMLINK_INSTALL=1 -DCMAKE_INSTALL_PREFIX=/home/juan/Robotics/Proyecto/Mapeo3D_LiDAR2D/install/my_subscriber
[3.070s] DEBUG:colcon.colcon_core.event_handler.log_command:Invoking command in '/home/juan/Robotics/Proyecto/Mapeo3D_LiDAR2D/build/my_subscriber': CMAKE_PREFIX_PATH=${CMAKE_PREFIX_PATH}:/home/juan/Robotics/Proyecto/Mapeo3D_LiDAR2D/install/robot_description:/home/juan/Robotics/Proyecto/Mapeo3D_LiDAR2D/install/navigation_pkg:/home/juan/Robotics/Proyecto/Mapeo3D_LiDAR2D/install/my_subscriber_pkg:/opt/ros/humble /usr/bin/cmake --build /home/juan/Robotics/Proyecto/Mapeo3D_LiDAR2D/build/my_subscriber -- -j12 -l12
[3.117s] DEBUG:colcon.colcon_core.event_handler.log_command:Invoked command in '/home/juan/Robotics/Proyecto/Mapeo3D_LiDAR2D/build/my_subscriber' returned '0': CMAKE_PREFIX_PATH=${CMAKE_PREFIX_PATH}:/home/juan/Robotics/Proyecto/Mapeo3D_LiDAR2D/install/robot_description:/home/juan/Robotics/Proyecto/Mapeo3D_LiDAR2D/install/navigation_pkg:/home/juan/Robotics/Proyecto/Mapeo3D_LiDAR2D/install/my_subscriber_pkg:/opt/ros/humble /usr/bin/cmake --build /home/juan/Robotics/Proyecto/Mapeo3D_LiDAR2D/build/my_subscriber -- -j12 -l12
[3.171s] DEBUG:colcon.colcon_core.event_handler.log_command:Invoking command in '/home/juan/Robotics/Proyecto/Mapeo3D_LiDAR2D/build/my_subscriber': CMAKE_PREFIX_PATH=${CMAKE_PREFIX_PATH}:/home/juan/Robotics/Proyecto/Mapeo3D_LiDAR2D/install/robot_description:/home/juan/Robotics/Proyecto/Mapeo3D_LiDAR2D/install/navigation_pkg:/home/juan/Robotics/Proyecto/Mapeo3D_LiDAR2D/install/my_subscriber_pkg:/opt/ros/humble /usr/bin/cmake --install /home/juan/Robotics/Proyecto/Mapeo3D_LiDAR2D/build/my_subscriber
[3.352s] Level 1:colcon.colcon_core.environment:create_environment_scripts_only(my_subscriber)
[3.352s] Level 1:colcon.colcon_core.environment:checking '/home/juan/Robotics/Proyecto/Mapeo3D_LiDAR2D/install/my_subscriber' for CMake module files
[3.352s] DEBUG:colcon.colcon_core.event_handler.log_command:Invoked command in '/home/juan/Robotics/Proyecto/Mapeo3D_LiDAR2D/build/my_subscriber' returned '0': CMAKE_PREFIX_PATH=${CMAKE_PREFIX_PATH}:/home/juan/Robotics/Proyecto/Mapeo3D_LiDAR2D/install/robot_description:/home/juan/Robotics/Proyecto/Mapeo3D_LiDAR2D/install/navigation_pkg:/home/juan/Robotics/Proyecto/Mapeo3D_LiDAR2D/install/my_subscriber_pkg:/opt/ros/humble /usr/bin/cmake --install /home/juan/Robotics/Proyecto/Mapeo3D_LiDAR2D/build/my_subscriber
[3.353s] Level 1:colcon.colcon_core.environment:checking '/home/juan/Robotics/Proyecto/Mapeo3D_LiDAR2D/install/my_subscriber' for CMake config files
[3.353s] Level 1:colcon.colcon_core.shell:create_environment_hook('my_subscriber', 'cmake_prefix_path')
[3.354s] INFO:colcon.colcon_core.shell:Creating environment hook '/home/juan/Robotics/Proyecto/Mapeo3D_LiDAR2D/install/my_subscriber/share/my_subscriber/hook/cmake_prefix_path.ps1'
[3.354s] INFO:colcon.colcon_core.shell:Creating environment descriptor '/home/juan/Robotics/Proyecto/Mapeo3D_LiDAR2D/install/my_subscriber/share/my_subscriber/hook/cmake_prefix_path.dsv'
[3.354s] INFO:colcon.colcon_core.shell:Creating environment hook '/home/juan/Robotics/Proyecto/Mapeo3D_LiDAR2D/install/my_subscriber/share/my_subscriber/hook/cmake_prefix_path.sh'
[3.355s] Level 1:colcon.colcon_core.environment:checking '/home/juan/Robotics/Proyecto/Mapeo3D_LiDAR2D/install/my_subscriber/bin'
[3.355s] Level 1:colcon.colcon_core.environment:checking '/home/juan/Robotics/Proyecto/Mapeo3D_LiDAR2D/install/my_subscriber/lib/pkgconfig/my_subscriber.pc'
[3.355s] Level 1:colcon.colcon_core.environment:checking '/home/juan/Robotics/Proyecto/Mapeo3D_LiDAR2D/install/my_subscriber/lib/python3.10/site-packages'
[3.355s] Level 1:colcon.colcon_core.environment:checking '/home/juan/Robotics/Proyecto/Mapeo3D_LiDAR2D/install/my_subscriber/bin'
[3.356s] INFO:colcon.colcon_core.shell:Creating package script '/home/juan/Robotics/Proyecto/Mapeo3D_LiDAR2D/install/my_subscriber/share/my_subscriber/package.ps1'
[3.356s] INFO:colcon.colcon_core.shell:Creating package descriptor '/home/juan/Robotics/Proyecto/Mapeo3D_LiDAR2D/install/my_subscriber/share/my_subscriber/package.dsv'
[3.356s] INFO:colcon.colcon_core.shell:Creating package script '/home/juan/Robotics/Proyecto/Mapeo3D_LiDAR2D/install/my_subscriber/share/my_subscriber/package.sh'
[3.357s] INFO:colcon.colcon_core.shell:Creating package script '/home/juan/Robotics/Proyecto/Mapeo3D_LiDAR2D/install/my_subscriber/share/my_subscriber/package.bash'
[3.357s] INFO:colcon.colcon_core.shell:Creating package script '/home/juan/Robotics/Proyecto/Mapeo3D_LiDAR2D/install/my_subscriber/share/my_subscriber/package.zsh'
[3.357s] Level 1:colcon.colcon_core.environment:create_file_with_runtime_dependencies(/home/juan/Robotics/Proyecto/Mapeo3D_LiDAR2D/install/my_subscriber/share/colcon-core/packages/my_subscriber)
[3.391s] Level 1:colcon.colcon_core.environment:create_environment_scripts_only(my_subscriber)
[3.391s] Level 1:colcon.colcon_core.environment:checking '/home/juan/Robotics/Proyecto/Mapeo3D_LiDAR2D/install/my_subscriber' for CMake module files
[3.391s] Level 1:colcon.colcon_core.environment:checking '/home/juan/Robotics/Proyecto/Mapeo3D_LiDAR2D/install/my_subscriber' for CMake config files
[3.392s] Level 1:colcon.colcon_core.shell:create_environment_hook('my_subscriber', 'cmake_prefix_path')
[3.392s] INFO:colcon.colcon_core.shell:Creating environment hook '/home/juan/Robotics/Proyecto/Mapeo3D_LiDAR2D/install/my_subscriber/share/my_subscriber/hook/cmake_prefix_path.ps1'
[3.393s] INFO:colcon.colcon_core.shell:Creating environment descriptor '/home/juan/Robotics/Proyecto/Mapeo3D_LiDAR2D/install/my_subscriber/share/my_subscriber/hook/cmake_prefix_path.dsv'
[3.393s] INFO:colcon.colcon_core.shell:Creating environment hook '/home/juan/Robotics/Proyecto/Mapeo3D_LiDAR2D/install/my_subscriber/share/my_subscriber/hook/cmake_prefix_path.sh'
[3.394s] Level 1:colcon.colcon_core.environment:checking '/home/juan/Robotics/Proyecto/Mapeo3D_LiDAR2D/install/my_subscriber/bin'
[3.394s] Level 1:colcon.colcon_core.environment:checking '/home/juan/Robotics/Proyecto/Mapeo3D_LiDAR2D/install/my_subscriber/lib/pkgconfig/my_subscriber.pc'
[3.394s] Level 1:colcon.colcon_core.environment:checking '/home/juan/Robotics/Proyecto/Mapeo3D_LiDAR2D/install/my_subscriber/lib/python3.10/site-packages'
[3.394s] Level 1:colcon.colcon_core.environment:checking '/home/juan/Robotics/Proyecto/Mapeo3D_LiDAR2D/install/my_subscriber/bin'
[3.395s] INFO:colcon.colcon_core.shell:Creating package script '/home/juan/Robotics/Proyecto/Mapeo3D_LiDAR2D/install/my_subscriber/share/my_subscriber/package.ps1'
[3.395s] INFO:colcon.colcon_core.shell:Creating package descriptor '/home/juan/Robotics/Proyecto/Mapeo3D_LiDAR2D/install/my_subscriber/share/my_subscriber/package.dsv'
[3.396s] INFO:colcon.colcon_core.shell:Creating package script '/home/juan/Robotics/Proyecto/Mapeo3D_LiDAR2D/install/my_subscriber/share/my_subscriber/package.sh'
[3.396s] INFO:colcon.colcon_core.shell:Creating package script '/home/juan/Robotics/Proyecto/Mapeo3D_LiDAR2D/install/my_subscriber/share/my_subscriber/package.bash'
[3.397s] INFO:colcon.colcon_core.shell:Creating package script '/home/juan/Robotics/Proyecto/Mapeo3D_LiDAR2D/install/my_subscriber/share/my_subscriber/package.zsh'
[3.397s] Level 1:colcon.colcon_core.environment:create_file_with_runtime_dependencies(/home/juan/Robotics/Proyecto/Mapeo3D_LiDAR2D/install/my_subscriber/share/colcon-core/packages/my_subscriber)
[3.397s] DEBUG:colcon.colcon_parallel_executor.executor.parallel:closing loop
[3.398s] DEBUG:colcon.colcon_parallel_executor.executor.parallel:loop closed
[3.398s] DEBUG:colcon.colcon_parallel_executor.executor.parallel:run_until_complete finished with '0'
[3.398s] DEBUG:colcon.colcon_core.event_reactor:joining thread
[3.417s] INFO:colcon.colcon_core.plugin_system:Skipping extension 'colcon_notification.desktop_notification.terminal_notifier': Not used on non-Darwin systems
[3.417s] INFO:colcon.colcon_core.plugin_system:Skipping extension 'colcon_notification.desktop_notification.win32': Not used on non-Windows systems
[3.417s] INFO:colcon.colcon_notification.desktop_notification:Sending desktop notification using 'notify2'
[3.428s] DEBUG:colcon.colcon_core.event_reactor:joined thread
[3.429s] INFO:colcon.colcon_core.shell:Creating prefix script '/home/juan/Robotics/Proyecto/Mapeo3D_LiDAR2D/install/local_setup.ps1'
[3.430s] INFO:colcon.colcon_core.shell:Creating prefix util module '/home/juan/Robotics/Proyecto/Mapeo3D_LiDAR2D/install/_local_setup_util_ps1.py'
[3.431s] INFO:colcon.colcon_core.shell:Creating prefix chain script '/home/juan/Robotics/Proyecto/Mapeo3D_LiDAR2D/install/setup.ps1'
[3.432s] INFO:colcon.colcon_core.shell:Creating prefix script '/home/juan/Robotics/Proyecto/Mapeo3D_LiDAR2D/install/local_setup.sh'
[3.433s] INFO:colcon.colcon_core.shell:Creating prefix util module '/home/juan/Robotics/Proyecto/Mapeo3D_LiDAR2D/install/_local_setup_util_sh.py'
[3.433s] INFO:colcon.colcon_core.shell:Creating prefix chain script '/home/juan/Robotics/Proyecto/Mapeo3D_LiDAR2D/install/setup.sh'
[3.434s] INFO:colcon.colcon_core.shell:Creating prefix script '/home/juan/Robotics/Proyecto/Mapeo3D_LiDAR2D/install/local_setup.bash'
[3.435s] INFO:colcon.colcon_core.shell:Creating prefix chain script '/home/juan/Robotics/Proyecto/Mapeo3D_LiDAR2D/install/setup.bash'
[3.435s] INFO:colcon.colcon_core.shell:Creating prefix script '/home/juan/Robotics/Proyecto/Mapeo3D_LiDAR2D/install/local_setup.zsh'
[3.436s] INFO:colcon.colcon_core.shell:Creating prefix chain script '/home/juan/Robotics/Proyecto/Mapeo3D_LiDAR2D/install/setup.zsh'
