[1.066s] Invoking command in '/home/juan/Robotics/Proyecto/Mapeo3D_LiDAR2D/build/navigation_pkg': PYTHONPATH=/home/juan/Robotics/Proyecto/Mapeo3D_LiDAR2D/build/navigation_pkg/prefix_override:/home/juan/Robotics/Proyecto/Mapeo3D_LiDAR2D/install/navigation_pkg/lib/python3.10/site-packages:${PYTHONPATH} /usr/bin/python3 -W ignore:setup.py install is deprecated setup.py develop --editable --build-directory /home/juan/Robotics/Proyecto/Mapeo3D_LiDAR2D/build/navigation_pkg/build --no-deps symlink_data
[1.412s] running develop
[1.413s] /home/juan/.local/lib/python3.10/site-packages/setuptools/command/develop.py:40: EasyInstallDeprecationWarning: easy_install command is deprecated.
[1.413s] !!
[1.413s] 
[1.413s]         ********************************************************************************
[1.413s]         Please avoid running ``setup.py`` and ``easy_install``.
[1.413s]         Instead, use pypa/build, pypa/installer or other
[1.413s]         standards-based tools.
[1.413s] 
[1.414s]         See https://github.com/pypa/setuptools/issues/917 for details.
[1.414s]         ********************************************************************************
[1.414s] 
[1.414s] !!
[1.414s]   easy_install.initialize_options(self)
[1.665s] running egg_info
[1.683s] writing navigation_pkg.egg-info/PKG-INFO
[1.683s] writing dependency_links to navigation_pkg.egg-info/dependency_links.txt
[1.684s] writing entry points to navigation_pkg.egg-info/entry_points.txt
[1.684s] writing requirements to navigation_pkg.egg-info/requires.txt
[1.684s] writing top-level names to navigation_pkg.egg-info/top_level.txt
[1.731s] reading manifest file 'navigation_pkg.egg-info/SOURCES.txt'
[1.732s] writing manifest file 'navigation_pkg.egg-info/SOURCES.txt'
[1.752s] running build_ext
[1.752s] Creating /home/juan/Robotics/Proyecto/Mapeo3D_LiDAR2D/install/navigation_pkg/lib/python3.10/site-packages/navigation-pkg.egg-link (link to .)
[1.753s] Installing nav1 script to /home/juan/Robotics/Proyecto/Mapeo3D_LiDAR2D/install/navigation_pkg/lib/navigation_pkg
[1.753s] Installing nav2_node script to /home/juan/Robotics/Proyecto/Mapeo3D_LiDAR2D/install/navigation_pkg/lib/navigation_pkg
[1.753s] 
[1.753s] Installed /home/juan/Robotics/Proyecto/Mapeo3D_LiDAR2D/build/navigation_pkg
[1.753s] running symlink_data
[1.801s] Invoked command in '/home/juan/Robotics/Proyecto/Mapeo3D_LiDAR2D/build/navigation_pkg' returned '0': PYTHONPATH=/home/juan/Robotics/Proyecto/Mapeo3D_LiDAR2D/build/navigation_pkg/prefix_override:/home/juan/Robotics/Proyecto/Mapeo3D_LiDAR2D/install/navigation_pkg/lib/python3.10/site-packages:${PYTHONPATH} /usr/bin/python3 -W ignore:setup.py install is deprecated setup.py develop --editable --build-directory /home/juan/Robotics/Proyecto/Mapeo3D_LiDAR2D/build/navigation_pkg/build --no-deps symlink_data
