[1.060s] Invoking command in '/home/juan/Robotics/Proyecto/Mapeo3D_LiDAR2D/build/navigation_pkg': PYTHONPATH=/home/juan/Robotics/Proyecto/Mapeo3D_LiDAR2D/build/navigation_pkg/prefix_override:/home/juan/Robotics/Proyecto/Mapeo3D_LiDAR2D/install/navigation_pkg/lib/python3.10/site-packages:${PYTHONPATH} /usr/bin/python3 -W ignore:setup.py install is deprecated setup.py develop --editable --build-directory /home/juan/Robotics/Proyecto/Mapeo3D_LiDAR2D/build/navigation_pkg/build --no-deps symlink_data
[1.403s] running develop
[1.403s] /home/juan/.local/lib/python3.10/site-packages/setuptools/command/develop.py:40: EasyInstallDeprecationWarning: easy_install command is deprecated.
[1.403s] !!
[1.403s] 
[1.403s]         ********************************************************************************
[1.404s]         Please avoid running ``setup.py`` and ``easy_install``.
[1.404s]         Instead, use pypa/build, pypa/installer or other
[1.404s]         standards-based tools.
[1.404s] 
[1.404s]         See https://github.com/pypa/setuptools/issues/917 for details.
[1.404s]         ********************************************************************************
[1.405s] 
[1.405s] !!
[1.405s]   easy_install.initialize_options(self)
[1.660s] running egg_info
[1.661s] creating navigation_pkg.egg-info
[1.679s] writing navigation_pkg.egg-info/PKG-INFO
[1.679s] writing dependency_links to navigation_pkg.egg-info/dependency_links.txt
[1.679s] writing requirements to navigation_pkg.egg-info/requires.txt
[1.679s] writing top-level names to navigation_pkg.egg-info/top_level.txt
[1.680s] writing manifest file 'navigation_pkg.egg-info/SOURCES.txt'
[1.727s] reading manifest file 'navigation_pkg.egg-info/SOURCES.txt'
[1.728s] writing manifest file 'navigation_pkg.egg-info/SOURCES.txt'
[1.749s] running build_ext
[1.750s] Creating /home/juan/Robotics/Proyecto/Mapeo3D_LiDAR2D/install/navigation_pkg/lib/python3.10/site-packages/navigation-pkg.egg-link (link to .)
[1.750s] 
[1.750s] Installed /home/juan/Robotics/Proyecto/Mapeo3D_LiDAR2D/build/navigation_pkg
[1.750s] running symlink_data
[1.750s] creating /home/juan/Robotics/Proyecto/Mapeo3D_LiDAR2D/install/navigation_pkg/share/ament_index
[1.751s] creating /home/juan/Robotics/Proyecto/Mapeo3D_LiDAR2D/install/navigation_pkg/share/ament_index/resource_index
[1.751s] creating /home/juan/Robotics/Proyecto/Mapeo3D_LiDAR2D/install/navigation_pkg/share/ament_index/resource_index/packages
[1.751s] symbolically linking /home/juan/Robotics/Proyecto/Mapeo3D_LiDAR2D/build/navigation_pkg/resource/navigation_pkg -> /home/juan/Robotics/Proyecto/Mapeo3D_LiDAR2D/install/navigation_pkg/share/ament_index/resource_index/packages
[1.751s] symbolically linking /home/juan/Robotics/Proyecto/Mapeo3D_LiDAR2D/build/navigation_pkg/package.xml -> /home/juan/Robotics/Proyecto/Mapeo3D_LiDAR2D/install/navigation_pkg/share/navigation_pkg
[1.792s] Invoked command in '/home/juan/Robotics/Proyecto/Mapeo3D_LiDAR2D/build/navigation_pkg' returned '0': PYTHONPATH=/home/juan/Robotics/Proyecto/Mapeo3D_LiDAR2D/build/navigation_pkg/prefix_override:/home/juan/Robotics/Proyecto/Mapeo3D_LiDAR2D/install/navigation_pkg/lib/python3.10/site-packages:${PYTHONPATH} /usr/bin/python3 -W ignore:setup.py install is deprecated setup.py develop --editable --build-directory /home/juan/Robotics/Proyecto/Mapeo3D_LiDAR2D/build/navigation_pkg/build --no-deps symlink_data
