[1.315s] Invoking command in '/home/juan/Robotics/Proyecto/Mapeo3D_LiDAR2D/build/robot_description': PYTHONPATH=/home/juan/Robotics/Proyecto/Mapeo3D_LiDAR2D/build/robot_description/prefix_override:/home/juan/Robotics/Proyecto/Mapeo3D_LiDAR2D/install/robot_description/lib/python3.10/site-packages:${PYTHONPATH} /usr/bin/python3 -W ignore:setup.py install is deprecated setup.py develop --editable --build-directory /home/juan/Robotics/Proyecto/Mapeo3D_LiDAR2D/build/robot_description/build --no-deps symlink_data
[1.665s] running develop
[1.665s] /home/juan/.local/lib/python3.10/site-packages/setuptools/command/develop.py:40: EasyInstallDeprecationWarning: easy_install command is deprecated.
[1.665s] !!
[1.666s] 
[1.666s]         ********************************************************************************
[1.666s]         Please avoid running ``setup.py`` and ``easy_install``.
[1.666s]         Instead, use pypa/build, pypa/installer or other
[1.666s]         standards-based tools.
[1.666s] 
[1.666s]         See https://github.com/pypa/setuptools/issues/917 for details.
[1.666s]         ********************************************************************************
[1.667s] 
[1.667s] !!
[1.667s]   easy_install.initialize_options(self)
[1.925s] running egg_info
[1.942s] writing robot_description.egg-info/PKG-INFO
[1.943s] writing dependency_links to robot_description.egg-info/dependency_links.txt
[1.943s] writing requirements to robot_description.egg-info/requires.txt
[1.943s] writing top-level names to robot_description.egg-info/top_level.txt
[1.991s] reading manifest file 'robot_description.egg-info/SOURCES.txt'
[1.992s] writing manifest file 'robot_description.egg-info/SOURCES.txt'
[2.011s] running build_ext
[2.011s] Creating /home/juan/Robotics/Proyecto/Mapeo3D_LiDAR2D/install/robot_description/lib/python3.10/site-packages/robot-description.egg-link (link to .)
[2.012s] 
[2.012s] Installed /home/juan/Robotics/Proyecto/Mapeo3D_LiDAR2D/build/robot_description
[2.012s] running symlink_data
[2.061s] Invoked command in '/home/juan/Robotics/Proyecto/Mapeo3D_LiDAR2D/build/robot_description' returned '0': PYTHONPATH=/home/juan/Robotics/Proyecto/Mapeo3D_LiDAR2D/build/robot_description/prefix_override:/home/juan/Robotics/Proyecto/Mapeo3D_LiDAR2D/install/robot_description/lib/python3.10/site-packages:${PYTHONPATH} /usr/bin/python3 -W ignore:setup.py install is deprecated setup.py develop --editable --build-directory /home/juan/Robotics/Proyecto/Mapeo3D_LiDAR2D/build/robot_description/build --no-deps symlink_data
