[2.853s] Invoking command in '/home/juan/Robotics/Proyecto/Mapeo3D_LiDAR2D/build/navigation_pkg': PYTHONPATH=/home/juan/Robotics/Proyecto/Mapeo3D_LiDAR2D/build/navigation_pkg/prefix_override:/home/juan/Robotics/Proyecto/Mapeo3D_LiDAR2D/install/navigation_pkg/lib/python3.10/site-packages:${PYTHONPATH} /usr/bin/python3 -W ignore:setup.py install is deprecated setup.py develop --editable --build-directory /home/juan/Robotics/Proyecto/Mapeo3D_LiDAR2D/build/navigation_pkg/build --no-deps symlink_data
[3.218s] running develop
[3.224s] /home/juan/.local/lib/python3.10/site-packages/setuptools/command/develop.py:40: EasyInstallDeprecationWarning: easy_install command is deprecated.
[3.224s] !!
[3.225s] 
[3.225s]         ********************************************************************************
[3.225s]         Please avoid running ``setup.py`` and ``easy_install``.
[3.225s]         Instead, use pypa/build, pypa/installer or other
[3.225s]         standards-based tools.
[3.225s] 
[3.225s]         See https://github.com/pypa/setuptools/issues/917 for details.
[3.225s]         ********************************************************************************
[3.226s] 
[3.226s] !!
[3.226s]   easy_install.initialize_options(self)
[3.474s] running egg_info
[3.492s] writing navigation_pkg.egg-info/PKG-INFO
[3.492s] writing dependency_links to navigation_pkg.egg-info/dependency_links.txt
[3.492s] writing entry points to navigation_pkg.egg-info/entry_points.txt
[3.493s] writing requirements to navigation_pkg.egg-info/requires.txt
[3.493s] writing top-level names to navigation_pkg.egg-info/top_level.txt
[3.541s] reading manifest file 'navigation_pkg.egg-info/SOURCES.txt'
[3.542s] writing manifest file 'navigation_pkg.egg-info/SOURCES.txt'
[3.562s] running build_ext
[3.562s] Creating /home/juan/Robotics/Proyecto/Mapeo3D_LiDAR2D/install/navigation_pkg/lib/python3.10/site-packages/navigation-pkg.egg-link (link to .)
[3.563s] Installing nav1 script to /home/juan/Robotics/Proyecto/Mapeo3D_LiDAR2D/install/navigation_pkg/lib/navigation_pkg
[3.563s] Installing nav2_node script to /home/juan/Robotics/Proyecto/Mapeo3D_LiDAR2D/install/navigation_pkg/lib/navigation_pkg
[3.564s] Installing obstacle_node script to /home/juan/Robotics/Proyecto/Mapeo3D_LiDAR2D/install/navigation_pkg/lib/navigation_pkg
[3.564s] 
[3.564s] Installed /home/juan/Robotics/Proyecto/Mapeo3D_LiDAR2D/build/navigation_pkg
[3.564s] running symlink_data
[3.619s] Invoked command in '/home/juan/Robotics/Proyecto/Mapeo3D_LiDAR2D/build/navigation_pkg' returned '0': PYTHONPATH=/home/juan/Robotics/Proyecto/Mapeo3D_LiDAR2D/build/navigation_pkg/prefix_override:/home/juan/Robotics/Proyecto/Mapeo3D_LiDAR2D/install/navigation_pkg/lib/python3.10/site-packages:${PYTHONPATH} /usr/bin/python3 -W ignore:setup.py install is deprecated setup.py develop --editable --build-directory /home/juan/Robotics/Proyecto/Mapeo3D_LiDAR2D/build/navigation_pkg/build --no-deps symlink_data
