[1.618s] Invoking command in '/home/juan/Robotics/Proyecto/Mapeo3D_LiDAR2D/build/robot_description': PYTHONPATH=/home/juan/Robotics/Proyecto/Mapeo3D_LiDAR2D/build/robot_description/prefix_override:/home/juan/Robotics/Proyecto/Mapeo3D_LiDAR2D/install/robot_description/lib/python3.10/site-packages:${PYTHONPATH} /usr/bin/python3 -W ignore:setup.py install is deprecated setup.py develop --editable --build-directory /home/juan/Robotics/Proyecto/Mapeo3D_LiDAR2D/build/robot_description/build --no-deps symlink_data
[1.989s] running develop
[1.989s] /home/juan/.local/lib/python3.10/site-packages/setuptools/command/develop.py:40: EasyInstallDeprecationWarning: easy_install command is deprecated.
[1.989s] !!
[1.989s] 
[1.989s]         ********************************************************************************
[1.989s]         Please avoid running ``setup.py`` and ``easy_install``.
[1.990s]         Instead, use pypa/build, pypa/installer or other
[1.990s]         standards-based tools.
[1.990s] 
[1.990s]         See https://github.com/pypa/setuptools/issues/917 for details.
[1.990s]         ********************************************************************************
[1.990s] 
[1.990s] !!
[1.990s]   easy_install.initialize_options(self)
[2.264s] running egg_info
[2.284s] writing robot_description.egg-info/PKG-INFO
[2.284s] writing dependency_links to robot_description.egg-info/dependency_links.txt
[2.285s] writing entry points to robot_description.egg-info/entry_points.txt
[2.285s] writing requirements to robot_description.egg-info/requires.txt
[2.285s] writing top-level names to robot_description.egg-info/top_level.txt
[2.339s] reading manifest file 'robot_description.egg-info/SOURCES.txt'
[2.340s] writing manifest file 'robot_description.egg-info/SOURCES.txt'
[2.362s] running build_ext
[2.363s] Creating /home/juan/Robotics/Proyecto/Mapeo3D_LiDAR2D/install/robot_description/lib/python3.10/site-packages/robot-description.egg-link (link to .)
[2.363s] Installing move_joint script to /home/juan/Robotics/Proyecto/Mapeo3D_LiDAR2D/install/robot_description/lib/robot_description
[2.363s] 
[2.364s] Installed /home/juan/Robotics/Proyecto/Mapeo3D_LiDAR2D/build/robot_description
[2.364s] running symlink_data
[2.411s] Invoked command in '/home/juan/Robotics/Proyecto/Mapeo3D_LiDAR2D/build/robot_description' returned '0': PYTHONPATH=/home/juan/Robotics/Proyecto/Mapeo3D_LiDAR2D/build/robot_description/prefix_override:/home/juan/Robotics/Proyecto/Mapeo3D_LiDAR2D/install/robot_description/lib/python3.10/site-packages:${PYTHONPATH} /usr/bin/python3 -W ignore:setup.py install is deprecated setup.py develop --editable --build-directory /home/juan/Robotics/Proyecto/Mapeo3D_LiDAR2D/build/robot_description/build --no-deps symlink_data
