[0.163s] Invoking command in '/home/nicolas/RAS/build/vonns2_reconstruction': CMAKE_PREFIX_PATH=${CMAKE_PREFIX_PATH}:/opt/ros/humble /usr/bin/cmake --build /home/nicolas/RAS/build/vonns2_reconstruction -- -j2 -l2
[1.002s] [ 50%] Built target point_cloud2_assembler
[1.249s] [100%] Built target point_cloud2_converter
[1.460s] [100%] Built target ament_cmake_python_copy_scripts
[3.045s] running egg_info
[3.052s] writing scripts.egg-info/PKG-INFO
[3.055s] writing dependency_links to scripts.egg-info/dependency_links.txt
[3.069s] writing top-level names to scripts.egg-info/top_level.txt
[3.092s] reading manifest file 'scripts.egg-info/SOURCES.txt'
[3.101s] writing manifest file 'scripts.egg-info/SOURCES.txt'
[3.301s] [100%] Built target ament_cmake_python_build_scripts_egg
[3.403s] Invoked command in '/home/nicolas/RAS/build/vonns2_reconstruction' returned '0': CMAKE_PREFIX_PATH=${CMAKE_PREFIX_PATH}:/opt/ros/humble /usr/bin/cmake --build /home/nicolas/RAS/build/vonns2_reconstruction -- -j2 -l2
[3.637s] Invoking command in '/home/nicolas/RAS/build/vonns2_reconstruction': CMAKE_PREFIX_PATH=${CMAKE_PREFIX_PATH}:/opt/ros/humble /usr/bin/cmake --install /home/nicolas/RAS/build/vonns2_reconstruction
[3.719s] -- Install configuration: ""
[3.733s] -- Up-to-date: /home/nicolas/RAS/install/vonns2_reconstruction/lib/vonns2_reconstruction/point_cloud2_assembler
[3.738s] -- Up-to-date: /home/nicolas/RAS/install/vonns2_reconstruction/lib/vonns2_reconstruction/point_cloud2_converter
[3.739s] -- Up-to-date: /home/nicolas/RAS/install/vonns2_reconstruction/share/vonns2_reconstruction/environment/pythonpath.sh
[3.740s] -- Up-to-date: /home/nicolas/RAS/install/vonns2_reconstruction/share/vonns2_reconstruction/environment/pythonpath.dsv
[3.740s] -- Up-to-date: /home/nicolas/RAS/install/vonns2_reconstruction/local/lib/python3.10/dist-packages/scripts-0.0.0-py3.10.egg-info
[3.743s] -- Installing: /home/nicolas/RAS/install/vonns2_reconstruction/local/lib/python3.10/dist-packages/scripts-0.0.0-py3.10.egg-info/SOURCES.txt
[3.745s] -- Installing: /home/nicolas/RAS/install/vonns2_reconstruction/local/lib/python3.10/dist-packages/scripts-0.0.0-py3.10.egg-info/dependency_links.txt
[3.747s] -- Installing: /home/nicolas/RAS/install/vonns2_reconstruction/local/lib/python3.10/dist-packages/scripts-0.0.0-py3.10.egg-info/top_level.txt
[3.748s] -- Installing: /home/nicolas/RAS/install/vonns2_reconstruction/local/lib/python3.10/dist-packages/scripts-0.0.0-py3.10.egg-info/PKG-INFO
[3.752s] -- Up-to-date: /home/nicolas/RAS/install/vonns2_reconstruction/local/lib/python3.10/dist-packages/scripts
[3.757s] -- Up-to-date: /home/nicolas/RAS/install/vonns2_reconstruction/local/lib/python3.10/dist-packages/scripts/__init__.py
[4.012s] Listing '/home/nicolas/RAS/install/vonns2_reconstruction/local/lib/python3.10/dist-packages/scripts'...
[4.069s] -- Up-to-date: /home/nicolas/RAS/install/vonns2_reconstruction/share/vonns2_reconstruction/config
[4.070s] -- Up-to-date: /home/nicolas/RAS/install/vonns2_reconstruction/share/vonns2_reconstruction/config/reconstruction_in_gazebo.rviz
[4.070s] -- Up-to-date: /home/nicolas/RAS/install/vonns2_reconstruction/share/vonns2_reconstruction/config/reconstruction.rviz
[4.070s] -- Up-to-date: /home/nicolas/RAS/install/vonns2_reconstruction/share/vonns2_reconstruction/launch
[4.070s] -- Up-to-date: /home/nicolas/RAS/install/vonns2_reconstruction/share/vonns2_reconstruction/launch/reconstruction_in_gazebo.launch.py
[4.071s] -- Up-to-date: /home/nicolas/RAS/install/vonns2_reconstruction/share/vonns2_reconstruction/launch/reconstruction_in_bringup.launch.py
[4.071s] -- Up-to-date: /home/nicolas/RAS/install/vonns2_reconstruction/share/vonns2_reconstruction/pcd
[4.071s] -- Up-to-date: /home/nicolas/RAS/install/vonns2_reconstruction/share/ament_index/resource_index/package_run_dependencies/vonns2_reconstruction
[4.071s] -- Up-to-date: /home/nicolas/RAS/install/vonns2_reconstruction/share/ament_index/resource_index/parent_prefix_path/vonns2_reconstruction
[4.071s] -- Up-to-date: /home/nicolas/RAS/install/vonns2_reconstruction/share/vonns2_reconstruction/environment/ament_prefix_path.sh
[4.071s] -- Up-to-date: /home/nicolas/RAS/install/vonns2_reconstruction/share/vonns2_reconstruction/environment/ament_prefix_path.dsv
[4.080s] -- Up-to-date: /home/nicolas/RAS/install/vonns2_reconstruction/share/vonns2_reconstruction/environment/path.sh
[4.080s] -- Up-to-date: /home/nicolas/RAS/install/vonns2_reconstruction/share/vonns2_reconstruction/environment/path.dsv
[4.086s] -- Up-to-date: /home/nicolas/RAS/install/vonns2_reconstruction/share/vonns2_reconstruction/local_setup.bash
[4.086s] -- Up-to-date: /home/nicolas/RAS/install/vonns2_reconstruction/share/vonns2_reconstruction/local_setup.sh
[4.086s] -- Up-to-date: /home/nicolas/RAS/install/vonns2_reconstruction/share/vonns2_reconstruction/local_setup.zsh
[4.086s] -- Up-to-date: /home/nicolas/RAS/install/vonns2_reconstruction/share/vonns2_reconstruction/local_setup.dsv
[4.086s] -- Installing: /home/nicolas/RAS/install/vonns2_reconstruction/share/vonns2_reconstruction/package.dsv
[4.087s] -- Up-to-date: /home/nicolas/RAS/install/vonns2_reconstruction/share/ament_index/resource_index/packages/vonns2_reconstruction
[4.087s] -- Up-to-date: /home/nicolas/RAS/install/vonns2_reconstruction/share/vonns2_reconstruction/cmake/vonns2_reconstructionConfig.cmake
[4.087s] -- Up-to-date: /home/nicolas/RAS/install/vonns2_reconstruction/share/vonns2_reconstruction/cmake/vonns2_reconstructionConfig-version.cmake
[4.087s] -- Up-to-date: /home/nicolas/RAS/install/vonns2_reconstruction/share/vonns2_reconstruction/package.xml
[4.108s] Invoked command in '/home/nicolas/RAS/build/vonns2_reconstruction' returned '0': CMAKE_PREFIX_PATH=${CMAKE_PREFIX_PATH}:/opt/ros/humble /usr/bin/cmake --install /home/nicolas/RAS/build/vonns2_reconstruction
