[0.124s] DEBUG:colcon:Command line arguments: ['/usr/bin/colcon', 'list', '-p', '--base-paths', '/home/juan/Robotics/Proyecto/Mapeo3D_LiDAR2D']
[0.124s] DEBUG:colcon:Parsed command line arguments: Namespace(log_base=None, log_level=None, verb_name='list', build_base='build', ignore_user_meta=False, metas=['./colcon.meta'], base_paths=['/home/juan/Robotics/Proyecto/Mapeo3D_LiDAR2D'], packages_ignore=None, packages_ignore_regex=None, paths=None, packages_up_to=None, packages_up_to_regex=None, packages_above=None, packages_above_and_dependencies=None, packages_above_depth=None, packages_select_by_dep=None, packages_skip_by_dep=None, packages_skip_up_to=None, packages_select_build_failed=False, packages_skip_build_finished=False, packages_select_test_failures=False, packages_skip_test_passed=False, packages_select=None, packages_skip=None, packages_select_regex=None, packages_skip_regex=None, packages_start=None, packages_end=None, allow_overriding=[], topological_order=False, names_only=False, paths_only=True, topological_graph=False, topological_graph_dot=False, topological_graph_density=False, topological_graph_legend=False, topological_graph_dot_cluster=False, topological_graph_dot_include_skipped=False, mixin_files=None, mixin=None, verb_parser=<colcon_mixin.mixin.mixin_argument.MixinArgumentDecorator object at 0x7fb16937a140>, verb_extension=<colcon_package_information.verb.list.ListVerb object at 0x7fb169379090>, main=<bound method ListVerb.main of <colcon_package_information.verb.list.ListVerb object at 0x7fb169379090>>, mixin_verb=('list',))
[0.169s] Level 1:colcon.colcon_core.package_discovery:discover_packages(colcon_meta) check parameters
[0.169s] Level 1:colcon.colcon_core.package_discovery:discover_packages(recursive) check parameters
[0.169s] Level 1:colcon.colcon_core.package_discovery:discover_packages(ignore) check parameters
[0.169s] Level 1:colcon.colcon_core.package_discovery:discover_packages(path) check parameters
[0.169s] Level 1:colcon.colcon_core.package_discovery:discover_packages(recursive) discover
[0.169s] INFO:colcon.colcon_core.package_discovery:Crawling recursively for packages in '/home/juan/Robotics/Proyecto/Mapeo3D_LiDAR2D'
[0.169s] Level 1:colcon.colcon_core.package_identification:_identify(/home/juan/Robotics/Proyecto/Mapeo3D_LiDAR2D) by extensions ['ignore', 'ignore_ament_install']
[0.169s] Level 1:colcon.colcon_core.package_identification:_identify(/home/juan/Robotics/Proyecto/Mapeo3D_LiDAR2D) by extension 'ignore'
[0.169s] Level 1:colcon.colcon_core.package_identification:_identify(/home/juan/Robotics/Proyecto/Mapeo3D_LiDAR2D) by extension 'ignore_ament_install'
[0.170s] Level 1:colcon.colcon_core.package_identification:_identify(/home/juan/Robotics/Proyecto/Mapeo3D_LiDAR2D) by extensions ['colcon_pkg']
[0.170s] Level 1:colcon.colcon_core.package_identification:_identify(/home/juan/Robotics/Proyecto/Mapeo3D_LiDAR2D) by extension 'colcon_pkg'
[0.170s] Level 1:colcon.colcon_core.package_identification:_identify(/home/juan/Robotics/Proyecto/Mapeo3D_LiDAR2D) by extensions ['colcon_meta']
[0.170s] Level 1:colcon.colcon_core.package_identification:_identify(/home/juan/Robotics/Proyecto/Mapeo3D_LiDAR2D) by extension 'colcon_meta'
[0.170s] Level 1:colcon.colcon_core.package_identification:_identify(/home/juan/Robotics/Proyecto/Mapeo3D_LiDAR2D) by extensions ['ros']
[0.170s] Level 1:colcon.colcon_core.package_identification:_identify(/home/juan/Robotics/Proyecto/Mapeo3D_LiDAR2D) by extension 'ros'
[0.187s] Level 1:colcon.colcon_core.package_identification:_identify(/home/juan/Robotics/Proyecto/Mapeo3D_LiDAR2D) by extensions ['cmake', 'python']
[0.187s] Level 1:colcon.colcon_core.package_identification:_identify(/home/juan/Robotics/Proyecto/Mapeo3D_LiDAR2D) by extension 'cmake'
[0.187s] Level 1:colcon.colcon_core.package_identification:_identify(/home/juan/Robotics/Proyecto/Mapeo3D_LiDAR2D) by extension 'python'
[0.187s] Level 1:colcon.colcon_core.package_identification:_identify(/home/juan/Robotics/Proyecto/Mapeo3D_LiDAR2D) by extensions ['python_setup_py']
[0.187s] Level 1:colcon.colcon_core.package_identification:_identify(/home/juan/Robotics/Proyecto/Mapeo3D_LiDAR2D) by extension 'python_setup_py'
[0.187s] Level 1:colcon.colcon_core.package_identification:_identify(/home/juan/Robotics/Proyecto/Mapeo3D_LiDAR2D/build) by extensions ['ignore', 'ignore_ament_install']
[0.188s] Level 1:colcon.colcon_core.package_identification:_identify(/home/juan/Robotics/Proyecto/Mapeo3D_LiDAR2D/build) by extension 'ignore'
[0.188s] Level 1:colcon.colcon_core.package_identification:_identify(/home/juan/Robotics/Proyecto/Mapeo3D_LiDAR2D/build) ignored
[0.188s] Level 1:colcon.colcon_core.package_identification:_identify(/home/juan/Robotics/Proyecto/Mapeo3D_LiDAR2D/install) by extensions ['ignore', 'ignore_ament_install']
[0.188s] Level 1:colcon.colcon_core.package_identification:_identify(/home/juan/Robotics/Proyecto/Mapeo3D_LiDAR2D/install) by extension 'ignore'
[0.188s] Level 1:colcon.colcon_core.package_identification:_identify(/home/juan/Robotics/Proyecto/Mapeo3D_LiDAR2D/install) ignored
[0.188s] Level 1:colcon.colcon_core.package_identification:_identify(/home/juan/Robotics/Proyecto/Mapeo3D_LiDAR2D/log) by extensions ['ignore', 'ignore_ament_install']
[0.188s] Level 1:colcon.colcon_core.package_identification:_identify(/home/juan/Robotics/Proyecto/Mapeo3D_LiDAR2D/log) by extension 'ignore'
[0.188s] Level 1:colcon.colcon_core.package_identification:_identify(/home/juan/Robotics/Proyecto/Mapeo3D_LiDAR2D/log) ignored
[0.189s] Level 1:colcon.colcon_core.package_identification:_identify(/home/juan/Robotics/Proyecto/Mapeo3D_LiDAR2D/src) by extensions ['ignore', 'ignore_ament_install']
[0.189s] Level 1:colcon.colcon_core.package_identification:_identify(/home/juan/Robotics/Proyecto/Mapeo3D_LiDAR2D/src) by extension 'ignore'
[0.189s] Level 1:colcon.colcon_core.package_identification:_identify(/home/juan/Robotics/Proyecto/Mapeo3D_LiDAR2D/src) by extension 'ignore_ament_install'
[0.189s] Level 1:colcon.colcon_core.package_identification:_identify(/home/juan/Robotics/Proyecto/Mapeo3D_LiDAR2D/src) by extensions ['colcon_pkg']
[0.189s] Level 1:colcon.colcon_core.package_identification:_identify(/home/juan/Robotics/Proyecto/Mapeo3D_LiDAR2D/src) by extension 'colcon_pkg'
[0.189s] Level 1:colcon.colcon_core.package_identification:_identify(/home/juan/Robotics/Proyecto/Mapeo3D_LiDAR2D/src) by extensions ['colcon_meta']
[0.189s] Level 1:colcon.colcon_core.package_identification:_identify(/home/juan/Robotics/Proyecto/Mapeo3D_LiDAR2D/src) by extension 'colcon_meta'
[0.189s] Level 1:colcon.colcon_core.package_identification:_identify(/home/juan/Robotics/Proyecto/Mapeo3D_LiDAR2D/src) by extensions ['ros']
[0.189s] Level 1:colcon.colcon_core.package_identification:_identify(/home/juan/Robotics/Proyecto/Mapeo3D_LiDAR2D/src) by extension 'ros'
[0.189s] Level 1:colcon.colcon_core.package_identification:_identify(/home/juan/Robotics/Proyecto/Mapeo3D_LiDAR2D/src) by extensions ['cmake', 'python']
[0.189s] Level 1:colcon.colcon_core.package_identification:_identify(/home/juan/Robotics/Proyecto/Mapeo3D_LiDAR2D/src) by extension 'cmake'
[0.189s] Level 1:colcon.colcon_core.package_identification:_identify(/home/juan/Robotics/Proyecto/Mapeo3D_LiDAR2D/src) by extension 'python'
[0.189s] Level 1:colcon.colcon_core.package_identification:_identify(/home/juan/Robotics/Proyecto/Mapeo3D_LiDAR2D/src) by extensions ['python_setup_py']
[0.189s] Level 1:colcon.colcon_core.package_identification:_identify(/home/juan/Robotics/Proyecto/Mapeo3D_LiDAR2D/src) by extension 'python_setup_py'
[0.189s] Level 1:colcon.colcon_core.package_identification:_identify(/home/juan/Robotics/Proyecto/Mapeo3D_LiDAR2D/src/my_subscriber) by extensions ['ignore', 'ignore_ament_install']
[0.190s] Level 1:colcon.colcon_core.package_identification:_identify(/home/juan/Robotics/Proyecto/Mapeo3D_LiDAR2D/src/my_subscriber) by extension 'ignore'
[0.190s] Level 1:colcon.colcon_core.package_identification:_identify(/home/juan/Robotics/Proyecto/Mapeo3D_LiDAR2D/src/my_subscriber) by extension 'ignore_ament_install'
[0.190s] Level 1:colcon.colcon_core.package_identification:_identify(/home/juan/Robotics/Proyecto/Mapeo3D_LiDAR2D/src/my_subscriber) by extensions ['colcon_pkg']
[0.190s] Level 1:colcon.colcon_core.package_identification:_identify(/home/juan/Robotics/Proyecto/Mapeo3D_LiDAR2D/src/my_subscriber) by extension 'colcon_pkg'
[0.190s] Level 1:colcon.colcon_core.package_identification:_identify(/home/juan/Robotics/Proyecto/Mapeo3D_LiDAR2D/src/my_subscriber) by extensions ['colcon_meta']
[0.190s] Level 1:colcon.colcon_core.package_identification:_identify(/home/juan/Robotics/Proyecto/Mapeo3D_LiDAR2D/src/my_subscriber) by extension 'colcon_meta'
[0.190s] Level 1:colcon.colcon_core.package_identification:_identify(/home/juan/Robotics/Proyecto/Mapeo3D_LiDAR2D/src/my_subscriber) by extensions ['ros']
[0.190s] Level 1:colcon.colcon_core.package_identification:_identify(/home/juan/Robotics/Proyecto/Mapeo3D_LiDAR2D/src/my_subscriber) by extension 'ros'
[0.192s] DEBUG:colcon.colcon_core.package_identification:Package '/home/juan/Robotics/Proyecto/Mapeo3D_LiDAR2D/src/my_subscriber' with type 'ros.ament_cmake' and name 'my_subscriber'
[0.192s] Level 1:colcon.colcon_core.package_discovery:discover_packages(recursive) using defaults
