[5.616s] Invoking command in '/home/juan/Robotics/Proyecto/Mapeo3D_LiDAR2D/build/navigation_pkg': PYTHONPATH=/home/juan/Robotics/Proyecto/Mapeo3D_LiDAR2D/build/navigation_pkg/prefix_override:/home/juan/Robotics/Proyecto/Mapeo3D_LiDAR2D/install/navigation_pkg/lib/python3.10/site-packages:${PYTHONPATH} /usr/bin/python3 -W ignore:setup.py install is deprecated setup.py develop --editable --build-directory /home/juan/Robotics/Proyecto/Mapeo3D_LiDAR2D/build/navigation_pkg/build --no-deps symlink_data
[6.218s] running develop
[6.225s] /home/juan/.local/lib/python3.10/site-packages/setuptools/command/develop.py:40: EasyInstallDeprecationWarning: easy_install command is deprecated.
[6.226s] !!
[6.226s] 
[6.226s]         ********************************************************************************
[6.226s]         Please avoid running ``setup.py`` and ``easy_install``.
[6.226s]         Instead, use pypa/build, pypa/installer or other
[6.227s]         standards-based tools.
[6.227s] 
[6.227s]         See https://github.com/pypa/setuptools/issues/917 for details.
[6.227s]         ********************************************************************************
[6.227s] 
[6.228s] !!
[6.228s]   easy_install.initialize_options(self)
[6.733s] running egg_info
[6.764s] writing navigation_pkg.egg-info/PKG-INFO
[6.817s] writing dependency_links to navigation_pkg.egg-info/dependency_links.txt
[6.819s] writing entry points to navigation_pkg.egg-info/entry_points.txt
[6.822s] writing requirements to navigation_pkg.egg-info/requires.txt
[6.934s] writing top-level names to navigation_pkg.egg-info/top_level.txt
[7.108s] reading manifest file 'navigation_pkg.egg-info/SOURCES.txt'
[7.298s] writing manifest file 'navigation_pkg.egg-info/SOURCES.txt'
[7.331s] running build_ext
[7.331s] Creating /home/juan/Robotics/Proyecto/Mapeo3D_LiDAR2D/install/navigation_pkg/lib/python3.10/site-packages/navigation-pkg.egg-link (link to .)
[7.332s] Installing nav1 script to /home/juan/Robotics/Proyecto/Mapeo3D_LiDAR2D/install/navigation_pkg/lib/navigation_pkg
[7.333s] Installing nav2_node script to /home/juan/Robotics/Proyecto/Mapeo3D_LiDAR2D/install/navigation_pkg/lib/navigation_pkg
[7.333s] Installing navigation_node script to /home/juan/Robotics/Proyecto/Mapeo3D_LiDAR2D/install/navigation_pkg/lib/navigation_pkg
[7.333s] Installing obstacle_node script to /home/juan/Robotics/Proyecto/Mapeo3D_LiDAR2D/install/navigation_pkg/lib/navigation_pkg
[7.333s] 
[7.334s] Installed /home/juan/Robotics/Proyecto/Mapeo3D_LiDAR2D/build/navigation_pkg
[7.334s] running symlink_data
[7.416s] Invoked command in '/home/juan/Robotics/Proyecto/Mapeo3D_LiDAR2D/build/navigation_pkg' returned '0': PYTHONPATH=/home/juan/Robotics/Proyecto/Mapeo3D_LiDAR2D/build/navigation_pkg/prefix_override:/home/juan/Robotics/Proyecto/Mapeo3D_LiDAR2D/install/navigation_pkg/lib/python3.10/site-packages:${PYTHONPATH} /usr/bin/python3 -W ignore:setup.py install is deprecated setup.py develop --editable --build-directory /home/juan/Robotics/Proyecto/Mapeo3D_LiDAR2D/build/navigation_pkg/build --no-deps symlink_data
