[0.831s] DEBUG:colcon:Command line arguments: ['/usr/bin/colcon', 'build', '--symlink-install']
[0.831s] DEBUG:colcon:Parsed command line arguments: Namespace(log_base=None, log_level=None, verb_name='build', build_base='build', install_base='install', merge_install=False, symlink_install=True, test_result_base=None, continue_on_error=False, executor='parallel', parallel_workers=12, event_handlers=None, ignore_user_meta=False, metas=['./colcon.meta'], base_paths=['.'], packages_ignore=None, packages_ignore_regex=None, paths=None, packages_up_to=None, packages_up_to_regex=None, packages_above=None, packages_above_and_dependencies=None, packages_above_depth=None, packages_select_by_dep=None, packages_skip_by_dep=None, packages_skip_up_to=None, packages_select_build_failed=False, packages_skip_build_finished=False, packages_select_test_failures=False, packages_skip_test_passed=False, packages_select=None, packages_skip=None, packages_select_regex=None, packages_skip_regex=None, packages_start=None, packages_end=None, allow_overriding=[], cmake_args=None, cmake_target=None, cmake_target_skip_unavailable=False, cmake_clean_cache=False, cmake_clean_first=False, cmake_force_configure=False, ament_cmake_args=None, catkin_cmake_args=None, catkin_skip_building_tests=False, mixin_files=None, mixin=None, verb_parser=<colcon_mixin.mixin.mixin_argument.MixinArgumentDecorator object at 0x77ada2d661d0>, verb_extension=<colcon_core.verb.build.BuildVerb object at 0x77ada2d65d20>, main=<bound method BuildVerb.main of <colcon_core.verb.build.BuildVerb object at 0x77ada2d65d20>>, mixin_verb=('build',))
[1.207s] Level 1:colcon.colcon_core.package_discovery:discover_packages(colcon_meta) check parameters
[1.208s] Level 1:colcon.colcon_core.package_discovery:discover_packages(recursive) check parameters
[1.208s] Level 1:colcon.colcon_core.package_discovery:discover_packages(ignore) check parameters
[1.208s] Level 1:colcon.colcon_core.package_discovery:discover_packages(path) check parameters
[1.208s] Level 1:colcon.colcon_core.package_discovery:discover_packages(colcon_meta) discover
[1.208s] Level 1:colcon.colcon_core.package_discovery:discover_packages(recursive) discover
[1.208s] INFO:colcon.colcon_core.package_discovery:Crawling recursively for packages in '/home/juan/Robotics/Proyecto/Mapeo3D_LiDAR2D'
[1.208s] Level 1:colcon.colcon_core.package_identification:_identify(.) by extensions ['ignore', 'ignore_ament_install']
[1.209s] Level 1:colcon.colcon_core.package_identification:_identify(.) by extension 'ignore'
[1.209s] Level 1:colcon.colcon_core.package_identification:_identify(.) by extension 'ignore_ament_install'
[1.209s] Level 1:colcon.colcon_core.package_identification:_identify(.) by extensions ['colcon_pkg']
[1.209s] Level 1:colcon.colcon_core.package_identification:_identify(.) by extension 'colcon_pkg'
[1.209s] Level 1:colcon.colcon_core.package_identification:_identify(.) by extensions ['colcon_meta']
[1.209s] Level 1:colcon.colcon_core.package_identification:_identify(.) by extension 'colcon_meta'
[1.209s] Level 1:colcon.colcon_core.package_identification:_identify(.) by extensions ['ros']
[1.209s] Level 1:colcon.colcon_core.package_identification:_identify(.) by extension 'ros'
[1.248s] Level 1:colcon.colcon_core.package_identification:_identify(.) by extensions ['cmake', 'python']
[1.248s] Level 1:colcon.colcon_core.package_identification:_identify(.) by extension 'cmake'
[1.248s] Level 1:colcon.colcon_core.package_identification:_identify(.) by extension 'python'
[1.248s] Level 1:colcon.colcon_core.package_identification:_identify(.) by extensions ['python_setup_py']
[1.248s] Level 1:colcon.colcon_core.package_identification:_identify(.) by extension 'python_setup_py'
[1.248s] Level 1:colcon.colcon_core.package_identification:_identify(build) by extensions ['ignore', 'ignore_ament_install']
[1.249s] Level 1:colcon.colcon_core.package_identification:_identify(build) by extension 'ignore'
[1.249s] Level 1:colcon.colcon_core.package_identification:_identify(build) ignored
[1.249s] Level 1:colcon.colcon_core.package_identification:_identify(install) by extensions ['ignore', 'ignore_ament_install']
[1.249s] Level 1:colcon.colcon_core.package_identification:_identify(install) by extension 'ignore'
[1.249s] Level 1:colcon.colcon_core.package_identification:_identify(install) ignored
[1.250s] Level 1:colcon.colcon_core.package_identification:_identify(log) by extensions ['ignore', 'ignore_ament_install']
[1.250s] Level 1:colcon.colcon_core.package_identification:_identify(log) by extension 'ignore'
[1.250s] Level 1:colcon.colcon_core.package_identification:_identify(log) ignored
[1.250s] Level 1:colcon.colcon_core.package_identification:_identify(src) by extensions ['ignore', 'ignore_ament_install']
[1.250s] Level 1:colcon.colcon_core.package_identification:_identify(src) by extension 'ignore'
[1.250s] Level 1:colcon.colcon_core.package_identification:_identify(src) by extension 'ignore_ament_install'
[1.251s] Level 1:colcon.colcon_core.package_identification:_identify(src) by extensions ['colcon_pkg']
[1.251s] Level 1:colcon.colcon_core.package_identification:_identify(src) by extension 'colcon_pkg'
[1.251s] Level 1:colcon.colcon_core.package_identification:_identify(src) by extensions ['colcon_meta']
[1.251s] Level 1:colcon.colcon_core.package_identification:_identify(src) by extension 'colcon_meta'
[1.251s] Level 1:colcon.colcon_core.package_identification:_identify(src) by extensions ['ros']
[1.251s] Level 1:colcon.colcon_core.package_identification:_identify(src) by extension 'ros'
[1.251s] Level 1:colcon.colcon_core.package_identification:_identify(src) by extensions ['cmake', 'python']
[1.251s] Level 1:colcon.colcon_core.package_identification:_identify(src) by extension 'cmake'
[1.251s] Level 1:colcon.colcon_core.package_identification:_identify(src) by extension 'python'
[1.251s] Level 1:colcon.colcon_core.package_identification:_identify(src) by extensions ['python_setup_py']
[1.252s] Level 1:colcon.colcon_core.package_identification:_identify(src) by extension 'python_setup_py'
[1.252s] Level 1:colcon.colcon_core.package_identification:_identify(src/Project_MAP3D-main) by extensions ['ignore', 'ignore_ament_install']
[1.252s] Level 1:colcon.colcon_core.package_identification:_identify(src/Project_MAP3D-main) by extension 'ignore'
[1.252s] Level 1:colcon.colcon_core.package_identification:_identify(src/Project_MAP3D-main) by extension 'ignore_ament_install'
[1.252s] Level 1:colcon.colcon_core.package_identification:_identify(src/Project_MAP3D-main) by extensions ['colcon_pkg']
[1.252s] Level 1:colcon.colcon_core.package_identification:_identify(src/Project_MAP3D-main) by extension 'colcon_pkg'
[1.252s] Level 1:colcon.colcon_core.package_identification:_identify(src/Project_MAP3D-main) by extensions ['colcon_meta']
[1.252s] Level 1:colcon.colcon_core.package_identification:_identify(src/Project_MAP3D-main) by extension 'colcon_meta'
[1.253s] Level 1:colcon.colcon_core.package_identification:_identify(src/Project_MAP3D-main) by extensions ['ros']
[1.253s] Level 1:colcon.colcon_core.package_identification:_identify(src/Project_MAP3D-main) by extension 'ros'
[1.357s] DEBUG:colcon.colcon_core.package_identification:Package 'src/Project_MAP3D-main' with type 'ros.ament_python' and name 'robot_description'
[1.358s] Level 1:colcon.colcon_core.package_identification:_identify(src/RAS) by extensions ['ignore', 'ignore_ament_install']
[1.358s] Level 1:colcon.colcon_core.package_identification:_identify(src/RAS) by extension 'ignore'
[1.358s] Level 1:colcon.colcon_core.package_identification:_identify(src/RAS) by extension 'ignore_ament_install'
[1.358s] Level 1:colcon.colcon_core.package_identification:_identify(src/RAS) by extensions ['colcon_pkg']
[1.359s] Level 1:colcon.colcon_core.package_identification:_identify(src/RAS) by extension 'colcon_pkg'
[1.359s] Level 1:colcon.colcon_core.package_identification:_identify(src/RAS) by extensions ['colcon_meta']
[1.359s] Level 1:colcon.colcon_core.package_identification:_identify(src/RAS) by extension 'colcon_meta'
[1.359s] Level 1:colcon.colcon_core.package_identification:_identify(src/RAS) by extensions ['ros']
[1.359s] Level 1:colcon.colcon_core.package_identification:_identify(src/RAS) by extension 'ros'
[1.359s] Level 1:colcon.colcon_core.package_identification:_identify(src/RAS) by extensions ['cmake', 'python']
[1.359s] Level 1:colcon.colcon_core.package_identification:_identify(src/RAS) by extension 'cmake'
[1.359s] Level 1:colcon.colcon_core.package_identification:_identify(src/RAS) by extension 'python'
[1.359s] Level 1:colcon.colcon_core.package_identification:_identify(src/RAS) by extensions ['python_setup_py']
[1.360s] Level 1:colcon.colcon_core.package_identification:_identify(src/RAS) by extension 'python_setup_py'
[1.360s] Level 1:colcon.colcon_core.package_identification:_identify(src/RAS/build) by extensions ['ignore', 'ignore_ament_install']
[1.360s] Level 1:colcon.colcon_core.package_identification:_identify(src/RAS/build) by extension 'ignore'
[1.360s] Level 1:colcon.colcon_core.package_identification:_identify(src/RAS/build) ignored
[1.360s] Level 1:colcon.colcon_core.package_identification:_identify(src/RAS/install) by extensions ['ignore', 'ignore_ament_install']
[1.361s] Level 1:colcon.colcon_core.package_identification:_identify(src/RAS/install) by extension 'ignore'
[1.361s] Level 1:colcon.colcon_core.package_identification:_identify(src/RAS/install) ignored
[1.361s] Level 1:colcon.colcon_core.package_identification:_identify(src/RAS/log) by extensions ['ignore', 'ignore_ament_install']
[1.361s] Level 1:colcon.colcon_core.package_identification:_identify(src/RAS/log) by extension 'ignore'
[1.361s] Level 1:colcon.colcon_core.package_identification:_identify(src/RAS/log) ignored
[1.361s] Level 1:colcon.colcon_core.package_identification:_identify(src/RAS/rosbag2_2024_04_26-01_58_00) by extensions ['ignore', 'ignore_ament_install']
[1.362s] Level 1:colcon.colcon_core.package_identification:_identify(src/RAS/rosbag2_2024_04_26-01_58_00) by extension 'ignore'
[1.362s] Level 1:colcon.colcon_core.package_identification:_identify(src/RAS/rosbag2_2024_04_26-01_58_00) by extension 'ignore_ament_install'
[1.362s] Level 1:colcon.colcon_core.package_identification:_identify(src/RAS/rosbag2_2024_04_26-01_58_00) by extensions ['colcon_pkg']
[1.362s] Level 1:colcon.colcon_core.package_identification:_identify(src/RAS/rosbag2_2024_04_26-01_58_00) by extension 'colcon_pkg'
[1.362s] Level 1:colcon.colcon_core.package_identification:_identify(src/RAS/rosbag2_2024_04_26-01_58_00) by extensions ['colcon_meta']
[1.362s] Level 1:colcon.colcon_core.package_identification:_identify(src/RAS/rosbag2_2024_04_26-01_58_00) by extension 'colcon_meta'
[1.362s] Level 1:colcon.colcon_core.package_identification:_identify(src/RAS/rosbag2_2024_04_26-01_58_00) by extensions ['ros']
[1.362s] Level 1:colcon.colcon_core.package_identification:_identify(src/RAS/rosbag2_2024_04_26-01_58_00) by extension 'ros'
[1.363s] Level 1:colcon.colcon_core.package_identification:_identify(src/RAS/rosbag2_2024_04_26-01_58_00) by extensions ['cmake', 'python']
[1.363s] Level 1:colcon.colcon_core.package_identification:_identify(src/RAS/rosbag2_2024_04_26-01_58_00) by extension 'cmake'
[1.363s] Level 1:colcon.colcon_core.package_identification:_identify(src/RAS/rosbag2_2024_04_26-01_58_00) by extension 'python'
[1.363s] Level 1:colcon.colcon_core.package_identification:_identify(src/RAS/rosbag2_2024_04_26-01_58_00) by extensions ['python_setup_py']
[1.363s] Level 1:colcon.colcon_core.package_identification:_identify(src/RAS/rosbag2_2024_04_26-01_58_00) by extension 'python_setup_py'
[1.363s] Level 1:colcon.colcon_core.package_identification:_identify(src/RAS/src) by extensions ['ignore', 'ignore_ament_install']
[1.363s] Level 1:colcon.colcon_core.package_identification:_identify(src/RAS/src) by extension 'ignore'
[1.363s] Level 1:colcon.colcon_core.package_identification:_identify(src/RAS/src) by extension 'ignore_ament_install'
[1.364s] Level 1:colcon.colcon_core.package_identification:_identify(src/RAS/src) by extensions ['colcon_pkg']
[1.364s] Level 1:colcon.colcon_core.package_identification:_identify(src/RAS/src) by extension 'colcon_pkg'
[1.364s] Level 1:colcon.colcon_core.package_identification:_identify(src/RAS/src) by extensions ['colcon_meta']
[1.364s] Level 1:colcon.colcon_core.package_identification:_identify(src/RAS/src) by extension 'colcon_meta'
[1.364s] Level 1:colcon.colcon_core.package_identification:_identify(src/RAS/src) by extensions ['ros']
[1.364s] Level 1:colcon.colcon_core.package_identification:_identify(src/RAS/src) by extension 'ros'
[1.364s] Level 1:colcon.colcon_core.package_identification:_identify(src/RAS/src) by extensions ['cmake', 'python']
[1.364s] Level 1:colcon.colcon_core.package_identification:_identify(src/RAS/src) by extension 'cmake'
[1.364s] Level 1:colcon.colcon_core.package_identification:_identify(src/RAS/src) by extension 'python'
[1.365s] Level 1:colcon.colcon_core.package_identification:_identify(src/RAS/src) by extensions ['python_setup_py']
[1.365s] Level 1:colcon.colcon_core.package_identification:_identify(src/RAS/src) by extension 'python_setup_py'
[1.365s] Level 1:colcon.colcon_core.package_identification:_identify(src/RAS/src/vonns2-main) by extensions ['ignore', 'ignore_ament_install']
[1.365s] Level 1:colcon.colcon_core.package_identification:_identify(src/RAS/src/vonns2-main) by extension 'ignore'
[1.365s] Level 1:colcon.colcon_core.package_identification:_identify(src/RAS/src/vonns2-main) by extension 'ignore_ament_install'
[1.365s] Level 1:colcon.colcon_core.package_identification:_identify(src/RAS/src/vonns2-main) by extensions ['colcon_pkg']
[1.365s] Level 1:colcon.colcon_core.package_identification:_identify(src/RAS/src/vonns2-main) by extension 'colcon_pkg'
[1.366s] Level 1:colcon.colcon_core.package_identification:_identify(src/RAS/src/vonns2-main) by extensions ['colcon_meta']
[1.366s] Level 1:colcon.colcon_core.package_identification:_identify(src/RAS/src/vonns2-main) by extension 'colcon_meta'
[1.366s] Level 1:colcon.colcon_core.package_identification:_identify(src/RAS/src/vonns2-main) by extensions ['ros']
[1.366s] Level 1:colcon.colcon_core.package_identification:_identify(src/RAS/src/vonns2-main) by extension 'ros'
[1.366s] Level 1:colcon.colcon_core.package_identification:_identify(src/RAS/src/vonns2-main) by extensions ['cmake', 'python']
[1.366s] Level 1:colcon.colcon_core.package_identification:_identify(src/RAS/src/vonns2-main) by extension 'cmake'
[1.366s] Level 1:colcon.colcon_core.package_identification:_identify(src/RAS/src/vonns2-main) by extension 'python'
[1.366s] Level 1:colcon.colcon_core.package_identification:_identify(src/RAS/src/vonns2-main) by extensions ['python_setup_py']
[1.366s] Level 1:colcon.colcon_core.package_identification:_identify(src/RAS/src/vonns2-main) by extension 'python_setup_py'
[1.367s] Level 1:colcon.colcon_core.package_identification:_identify(src/RAS/src/vonns2-main/vonns2_bringup) by extensions ['ignore', 'ignore_ament_install']
[1.367s] Level 1:colcon.colcon_core.package_identification:_identify(src/RAS/src/vonns2-main/vonns2_bringup) by extension 'ignore'
[1.367s] Level 1:colcon.colcon_core.package_identification:_identify(src/RAS/src/vonns2-main/vonns2_bringup) by extension 'ignore_ament_install'
[1.367s] Level 1:colcon.colcon_core.package_identification:_identify(src/RAS/src/vonns2-main/vonns2_bringup) by extensions ['colcon_pkg']
[1.367s] Level 1:colcon.colcon_core.package_identification:_identify(src/RAS/src/vonns2-main/vonns2_bringup) by extension 'colcon_pkg'
[1.367s] Level 1:colcon.colcon_core.package_identification:_identify(src/RAS/src/vonns2-main/vonns2_bringup) by extensions ['colcon_meta']
[1.367s] Level 1:colcon.colcon_core.package_identification:_identify(src/RAS/src/vonns2-main/vonns2_bringup) by extension 'colcon_meta'
[1.367s] Level 1:colcon.colcon_core.package_identification:_identify(src/RAS/src/vonns2-main/vonns2_bringup) by extensions ['ros']
[1.368s] Level 1:colcon.colcon_core.package_identification:_identify(src/RAS/src/vonns2-main/vonns2_bringup) by extension 'ros'
[1.369s] DEBUG:colcon.colcon_core.package_identification:Package 'src/RAS/src/vonns2-main/vonns2_bringup' with type 'ros.ament_cmake' and name 'vonns2_bringup'
[1.369s] Level 1:colcon.colcon_core.package_identification:_identify(src/RAS/src/vonns2-main/vonns2_gazebo) by extensions ['ignore', 'ignore_ament_install']
[1.370s] Level 1:colcon.colcon_core.package_identification:_identify(src/RAS/src/vonns2-main/vonns2_gazebo) by extension 'ignore'
[1.370s] Level 1:colcon.colcon_core.package_identification:_identify(src/RAS/src/vonns2-main/vonns2_gazebo) by extension 'ignore_ament_install'
[1.370s] Level 1:colcon.colcon_core.package_identification:_identify(src/RAS/src/vonns2-main/vonns2_gazebo) by extensions ['colcon_pkg']
[1.370s] Level 1:colcon.colcon_core.package_identification:_identify(src/RAS/src/vonns2-main/vonns2_gazebo) by extension 'colcon_pkg'
[1.371s] Level 1:colcon.colcon_core.package_identification:_identify(src/RAS/src/vonns2-main/vonns2_gazebo) by extensions ['colcon_meta']
[1.371s] Level 1:colcon.colcon_core.package_identification:_identify(src/RAS/src/vonns2-main/vonns2_gazebo) by extension 'colcon_meta'
[1.371s] Level 1:colcon.colcon_core.package_identification:_identify(src/RAS/src/vonns2-main/vonns2_gazebo) by extensions ['ros']
[1.371s] Level 1:colcon.colcon_core.package_identification:_identify(src/RAS/src/vonns2-main/vonns2_gazebo) by extension 'ros'
[1.373s] DEBUG:colcon.colcon_core.package_identification:Package 'src/RAS/src/vonns2-main/vonns2_gazebo' with type 'ros.ament_cmake' and name 'vonns2_gazebo'
[1.373s] Level 1:colcon.colcon_core.package_identification:_identify(src/RAS/src/vonns2-main/vonns2_reconstruction) by extensions ['ignore', 'ignore_ament_install']
[1.373s] Level 1:colcon.colcon_core.package_identification:_identify(src/RAS/src/vonns2-main/vonns2_reconstruction) by extension 'ignore'
[1.374s] Level 1:colcon.colcon_core.package_identification:_identify(src/RAS/src/vonns2-main/vonns2_reconstruction) by extension 'ignore_ament_install'
[1.374s] Level 1:colcon.colcon_core.package_identification:_identify(src/RAS/src/vonns2-main/vonns2_reconstruction) by extensions ['colcon_pkg']
[1.374s] Level 1:colcon.colcon_core.package_identification:_identify(src/RAS/src/vonns2-main/vonns2_reconstruction) by extension 'colcon_pkg'
[1.374s] Level 1:colcon.colcon_core.package_identification:_identify(src/RAS/src/vonns2-main/vonns2_reconstruction) by extensions ['colcon_meta']
[1.374s] Level 1:colcon.colcon_core.package_identification:_identify(src/RAS/src/vonns2-main/vonns2_reconstruction) by extension 'colcon_meta'
[1.374s] Level 1:colcon.colcon_core.package_identification:_identify(src/RAS/src/vonns2-main/vonns2_reconstruction) by extensions ['ros']
[1.375s] Level 1:colcon.colcon_core.package_identification:_identify(src/RAS/src/vonns2-main/vonns2_reconstruction) by extension 'ros'
[1.376s] DEBUG:colcon.colcon_core.package_identification:Package 'src/RAS/src/vonns2-main/vonns2_reconstruction' with type 'ros.ament_cmake' and name 'vonns2_reconstruction'
[1.376s] Level 1:colcon.colcon_core.package_identification:_identify(src/my_subscriber) by extensions ['ignore', 'ignore_ament_install']
[1.376s] Level 1:colcon.colcon_core.package_identification:_identify(src/my_subscriber) by extension 'ignore'
[1.377s] Level 1:colcon.colcon_core.package_identification:_identify(src/my_subscriber) by extension 'ignore_ament_install'
[1.377s] Level 1:colcon.colcon_core.package_identification:_identify(src/my_subscriber) by extensions ['colcon_pkg']
[1.377s] Level 1:colcon.colcon_core.package_identification:_identify(src/my_subscriber) by extension 'colcon_pkg'
[1.377s] Level 1:colcon.colcon_core.package_identification:_identify(src/my_subscriber) by extensions ['colcon_meta']
[1.377s] Level 1:colcon.colcon_core.package_identification:_identify(src/my_subscriber) by extension 'colcon_meta'
[1.377s] Level 1:colcon.colcon_core.package_identification:_identify(src/my_subscriber) by extensions ['ros']
[1.377s] Level 1:colcon.colcon_core.package_identification:_identify(src/my_subscriber) by extension 'ros'
[1.391s] DEBUG:colcon.colcon_core.package_identification:Package 'src/my_subscriber' with type 'ros.ament_cmake' and name 'my_subscriber'
[1.391s] Level 1:colcon.colcon_core.package_identification:_identify(src/my_subscriber_pkg) by extensions ['ignore', 'ignore_ament_install']
[1.392s] Level 1:colcon.colcon_core.package_identification:_identify(src/my_subscriber_pkg) by extension 'ignore'
[1.392s] Level 1:colcon.colcon_core.package_identification:_identify(src/my_subscriber_pkg) by extension 'ignore_ament_install'
[1.392s] Level 1:colcon.colcon_core.package_identification:_identify(src/my_subscriber_pkg) by extensions ['colcon_pkg']
[1.392s] Level 1:colcon.colcon_core.package_identification:_identify(src/my_subscriber_pkg) by extension 'colcon_pkg'
[1.392s] Level 1:colcon.colcon_core.package_identification:_identify(src/my_subscriber_pkg) by extensions ['colcon_meta']
[1.392s] Level 1:colcon.colcon_core.package_identification:_identify(src/my_subscriber_pkg) by extension 'colcon_meta'
[1.392s] Level 1:colcon.colcon_core.package_identification:_identify(src/my_subscriber_pkg) by extensions ['ros']
[1.392s] Level 1:colcon.colcon_core.package_identification:_identify(src/my_subscriber_pkg) by extension 'ros'
[1.405s] DEBUG:colcon.colcon_core.package_identification:Package 'src/my_subscriber_pkg' with type 'ros.ament_python' and name 'my_subscriber_pkg'
[1.405s] Level 1:colcon.colcon_core.package_identification:_identify(src/navigation_pkg) by extensions ['ignore', 'ignore_ament_install']
[1.406s] Level 1:colcon.colcon_core.package_identification:_identify(src/navigation_pkg) by extension 'ignore'
[1.406s] Level 1:colcon.colcon_core.package_identification:_identify(src/navigation_pkg) by extension 'ignore_ament_install'
[1.406s] Level 1:colcon.colcon_core.package_identification:_identify(src/navigation_pkg) by extensions ['colcon_pkg']
[1.406s] Level 1:colcon.colcon_core.package_identification:_identify(src/navigation_pkg) by extension 'colcon_pkg'
[1.406s] Level 1:colcon.colcon_core.package_identification:_identify(src/navigation_pkg) by extensions ['colcon_meta']
[1.406s] Level 1:colcon.colcon_core.package_identification:_identify(src/navigation_pkg) by extension 'colcon_meta'
[1.406s] Level 1:colcon.colcon_core.package_identification:_identify(src/navigation_pkg) by extensions ['ros']
[1.406s] Level 1:colcon.colcon_core.package_identification:_identify(src/navigation_pkg) by extension 'ros'
[1.425s] DEBUG:colcon.colcon_core.package_identification:Package 'src/navigation_pkg' with type 'ros.ament_python' and name 'navigation_pkg'
[1.425s] Level 1:colcon.colcon_core.package_discovery:discover_packages(recursive) using defaults
[1.425s] Level 1:colcon.colcon_core.package_discovery:discover_packages(ignore) discover
[1.425s] Level 1:colcon.colcon_core.package_discovery:discover_packages(ignore) using defaults
[1.425s] Level 1:colcon.colcon_core.package_discovery:discover_packages(path) discover
[1.425s] Level 1:colcon.colcon_core.package_discovery:discover_packages(path) using defaults
[1.697s] Level 1:colcon.colcon_core.package_discovery:discover_packages(prefix_path) check parameters
[1.697s] Level 1:colcon.colcon_core.package_discovery:discover_packages(prefix_path) discover
[1.803s] DEBUG:colcon.colcon_installed_package_information.package_discovery:Found 4 installed packages in /home/juan/Robotics/Proyecto/Mapeo3D_LiDAR2D/install
[1.804s] DEBUG:colcon.colcon_installed_package_information.package_discovery:Found 1 installed packages in /home/juan/ros-humble-ros1-bridge/install
[1.810s] DEBUG:colcon.colcon_installed_package_information.package_discovery:Found 426 installed packages in /opt/ros/humble
[1.814s] Level 1:colcon.colcon_core.package_discovery:discover_packages(prefix_path) using defaults
[1.964s] Level 5:colcon.colcon_core.verb:set package 'my_subscriber' build argument 'cmake_args' from command line to 'None'
[1.964s] Level 5:colcon.colcon_core.verb:set package 'my_subscriber' build argument 'cmake_target' from command line to 'None'
[1.964s] Level 5:colcon.colcon_core.verb:set package 'my_subscriber' build argument 'cmake_target_skip_unavailable' from command line to 'False'
[1.964s] Level 5:colcon.colcon_core.verb:set package 'my_subscriber' build argument 'cmake_clean_cache' from command line to 'False'
[1.964s] Level 5:colcon.colcon_core.verb:set package 'my_subscriber' build argument 'cmake_clean_first' from command line to 'False'
[1.964s] Level 5:colcon.colcon_core.verb:set package 'my_subscriber' build argument 'cmake_force_configure' from command line to 'False'
[1.964s] Level 5:colcon.colcon_core.verb:set package 'my_subscriber' build argument 'ament_cmake_args' from command line to 'None'
[1.964s] Level 5:colcon.colcon_core.verb:set package 'my_subscriber' build argument 'catkin_cmake_args' from command line to 'None'
[1.964s] Level 5:colcon.colcon_core.verb:set package 'my_subscriber' build argument 'catkin_skip_building_tests' from command line to 'False'
[1.964s] DEBUG:colcon.colcon_core.verb:Building package 'my_subscriber' with the following arguments: {'ament_cmake_args': None, 'build_base': '/home/juan/Robotics/Proyecto/Mapeo3D_LiDAR2D/build/my_subscriber', 'catkin_cmake_args': None, 'catkin_skip_building_tests': False, 'cmake_args': None, 'cmake_clean_cache': False, 'cmake_clean_first': False, 'cmake_force_configure': False, 'cmake_target': None, 'cmake_target_skip_unavailable': False, 'install_base': '/home/juan/Robotics/Proyecto/Mapeo3D_LiDAR2D/install/my_subscriber', 'merge_install': False, 'path': '/home/juan/Robotics/Proyecto/Mapeo3D_LiDAR2D/src/my_subscriber', 'symlink_install': True, 'test_result_base': None}
[1.965s] Level 5:colcon.colcon_core.verb:set package 'my_subscriber_pkg' build argument 'cmake_args' from command line to 'None'
[1.965s] Level 5:colcon.colcon_core.verb:set package 'my_subscriber_pkg' build argument 'cmake_target' from command line to 'None'
[1.965s] Level 5:colcon.colcon_core.verb:set package 'my_subscriber_pkg' build argument 'cmake_target_skip_unavailable' from command line to 'False'
[1.965s] Level 5:colcon.colcon_core.verb:set package 'my_subscriber_pkg' build argument 'cmake_clean_cache' from command line to 'False'
[1.965s] Level 5:colcon.colcon_core.verb:set package 'my_subscriber_pkg' build argument 'cmake_clean_first' from command line to 'False'
[1.965s] Level 5:colcon.colcon_core.verb:set package 'my_subscriber_pkg' build argument 'cmake_force_configure' from command line to 'False'
[1.965s] Level 5:colcon.colcon_core.verb:set package 'my_subscriber_pkg' build argument 'ament_cmake_args' from command line to 'None'
[1.965s] Level 5:colcon.colcon_core.verb:set package 'my_subscriber_pkg' build argument 'catkin_cmake_args' from command line to 'None'
[1.965s] Level 5:colcon.colcon_core.verb:set package 'my_subscriber_pkg' build argument 'catkin_skip_building_tests' from command line to 'False'
[1.965s] DEBUG:colcon.colcon_core.verb:Building package 'my_subscriber_pkg' with the following arguments: {'ament_cmake_args': None, 'build_base': '/home/juan/Robotics/Proyecto/Mapeo3D_LiDAR2D/build/my_subscriber_pkg', 'catkin_cmake_args': None, 'catkin_skip_building_tests': False, 'cmake_args': None, 'cmake_clean_cache': False, 'cmake_clean_first': False, 'cmake_force_configure': False, 'cmake_target': None, 'cmake_target_skip_unavailable': False, 'install_base': '/home/juan/Robotics/Proyecto/Mapeo3D_LiDAR2D/install/my_subscriber_pkg', 'merge_install': False, 'path': '/home/juan/Robotics/Proyecto/Mapeo3D_LiDAR2D/src/my_subscriber_pkg', 'symlink_install': True, 'test_result_base': None}
[1.965s] Level 5:colcon.colcon_core.verb:set package 'navigation_pkg' build argument 'cmake_args' from command line to 'None'
[1.965s] Level 5:colcon.colcon_core.verb:set package 'navigation_pkg' build argument 'cmake_target' from command line to 'None'
[1.965s] Level 5:colcon.colcon_core.verb:set package 'navigation_pkg' build argument 'cmake_target_skip_unavailable' from command line to 'False'
[1.966s] Level 5:colcon.colcon_core.verb:set package 'navigation_pkg' build argument 'cmake_clean_cache' from command line to 'False'
[1.966s] Level 5:colcon.colcon_core.verb:set package 'navigation_pkg' build argument 'cmake_clean_first' from command line to 'False'
[1.966s] Level 5:colcon.colcon_core.verb:set package 'navigation_pkg' build argument 'cmake_force_configure' from command line to 'False'
[1.966s] Level 5:colcon.colcon_core.verb:set package 'navigation_pkg' build argument 'ament_cmake_args' from command line to 'None'
[1.966s] Level 5:colcon.colcon_core.verb:set package 'navigation_pkg' build argument 'catkin_cmake_args' from command line to 'None'
[1.966s] Level 5:colcon.colcon_core.verb:set package 'navigation_pkg' build argument 'catkin_skip_building_tests' from command line to 'False'
[1.966s] DEBUG:colcon.colcon_core.verb:Building package 'navigation_pkg' with the following arguments: {'ament_cmake_args': None, 'build_base': '/home/juan/Robotics/Proyecto/Mapeo3D_LiDAR2D/build/navigation_pkg', 'catkin_cmake_args': None, 'catkin_skip_building_tests': False, 'cmake_args': None, 'cmake_clean_cache': False, 'cmake_clean_first': False, 'cmake_force_configure': False, 'cmake_target': None, 'cmake_target_skip_unavailable': False, 'install_base': '/home/juan/Robotics/Proyecto/Mapeo3D_LiDAR2D/install/navigation_pkg', 'merge_install': False, 'path': '/home/juan/Robotics/Proyecto/Mapeo3D_LiDAR2D/src/navigation_pkg', 'symlink_install': True, 'test_result_base': None}
[1.966s] Level 5:colcon.colcon_core.verb:set package 'robot_description' build argument 'cmake_args' from command line to 'None'
[1.966s] Level 5:colcon.colcon_core.verb:set package 'robot_description' build argument 'cmake_target' from command line to 'None'
[1.966s] Level 5:colcon.colcon_core.verb:set package 'robot_description' build argument 'cmake_target_skip_unavailable' from command line to 'False'
[1.966s] Level 5:colcon.colcon_core.verb:set package 'robot_description' build argument 'cmake_clean_cache' from command line to 'False'
[1.966s] Level 5:colcon.colcon_core.verb:set package 'robot_description' build argument 'cmake_clean_first' from command line to 'False'
[1.966s] Level 5:colcon.colcon_core.verb:set package 'robot_description' build argument 'cmake_force_configure' from command line to 'False'
[1.966s] Level 5:colcon.colcon_core.verb:set package 'robot_description' build argument 'ament_cmake_args' from command line to 'None'
[1.966s] Level 5:colcon.colcon_core.verb:set package 'robot_description' build argument 'catkin_cmake_args' from command line to 'None'
[1.966s] Level 5:colcon.colcon_core.verb:set package 'robot_description' build argument 'catkin_skip_building_tests' from command line to 'False'
[1.966s] DEBUG:colcon.colcon_core.verb:Building package 'robot_description' with the following arguments: {'ament_cmake_args': None, 'build_base': '/home/juan/Robotics/Proyecto/Mapeo3D_LiDAR2D/build/robot_description', 'catkin_cmake_args': None, 'catkin_skip_building_tests': False, 'cmake_args': None, 'cmake_clean_cache': False, 'cmake_clean_first': False, 'cmake_force_configure': False, 'cmake_target': None, 'cmake_target_skip_unavailable': False, 'install_base': '/home/juan/Robotics/Proyecto/Mapeo3D_LiDAR2D/install/robot_description', 'merge_install': False, 'path': '/home/juan/Robotics/Proyecto/Mapeo3D_LiDAR2D/src/Project_MAP3D-main', 'symlink_install': True, 'test_result_base': None}
[1.967s] Level 5:colcon.colcon_core.verb:set package 'vonns2_bringup' build argument 'cmake_args' from command line to 'None'
[1.967s] Level 5:colcon.colcon_core.verb:set package 'vonns2_bringup' build argument 'cmake_target' from command line to 'None'
[1.967s] Level 5:colcon.colcon_core.verb:set package 'vonns2_bringup' build argument 'cmake_target_skip_unavailable' from command line to 'False'
[1.967s] Level 5:colcon.colcon_core.verb:set package 'vonns2_bringup' build argument 'cmake_clean_cache' from command line to 'False'
[1.967s] Level 5:colcon.colcon_core.verb:set package 'vonns2_bringup' build argument 'cmake_clean_first' from command line to 'False'
[1.967s] Level 5:colcon.colcon_core.verb:set package 'vonns2_bringup' build argument 'cmake_force_configure' from command line to 'False'
[1.967s] Level 5:colcon.colcon_core.verb:set package 'vonns2_bringup' build argument 'ament_cmake_args' from command line to 'None'
[1.967s] Level 5:colcon.colcon_core.verb:set package 'vonns2_bringup' build argument 'catkin_cmake_args' from command line to 'None'
[1.967s] Level 5:colcon.colcon_core.verb:set package 'vonns2_bringup' build argument 'catkin_skip_building_tests' from command line to 'False'
[1.967s] DEBUG:colcon.colcon_core.verb:Building package 'vonns2_bringup' with the following arguments: {'ament_cmake_args': None, 'build_base': '/home/juan/Robotics/Proyecto/Mapeo3D_LiDAR2D/build/vonns2_bringup', 'catkin_cmake_args': None, 'catkin_skip_building_tests': False, 'cmake_args': None, 'cmake_clean_cache': False, 'cmake_clean_first': False, 'cmake_force_configure': False, 'cmake_target': None, 'cmake_target_skip_unavailable': False, 'install_base': '/home/juan/Robotics/Proyecto/Mapeo3D_LiDAR2D/install/vonns2_bringup', 'merge_install': False, 'path': '/home/juan/Robotics/Proyecto/Mapeo3D_LiDAR2D/src/RAS/src/vonns2-main/vonns2_bringup', 'symlink_install': True, 'test_result_base': None}
[1.968s] Level 5:colcon.colcon_core.verb:set package 'vonns2_gazebo' build argument 'cmake_args' from command line to 'None'
[1.968s] Level 5:colcon.colcon_core.verb:set package 'vonns2_gazebo' build argument 'cmake_target' from command line to 'None'
[1.968s] Level 5:colcon.colcon_core.verb:set package 'vonns2_gazebo' build argument 'cmake_target_skip_unavailable' from command line to 'False'
[1.968s] Level 5:colcon.colcon_core.verb:set package 'vonns2_gazebo' build argument 'cmake_clean_cache' from command line to 'False'
[1.968s] Level 5:colcon.colcon_core.verb:set package 'vonns2_gazebo' build argument 'cmake_clean_first' from command line to 'False'
[1.968s] Level 5:colcon.colcon_core.verb:set package 'vonns2_gazebo' build argument 'cmake_force_configure' from command line to 'False'
[1.968s] Level 5:colcon.colcon_core.verb:set package 'vonns2_gazebo' build argument 'ament_cmake_args' from command line to 'None'
[1.968s] Level 5:colcon.colcon_core.verb:set package 'vonns2_gazebo' build argument 'catkin_cmake_args' from command line to 'None'
[1.968s] Level 5:colcon.colcon_core.verb:set package 'vonns2_gazebo' build argument 'catkin_skip_building_tests' from command line to 'False'
[1.968s] DEBUG:colcon.colcon_core.verb:Building package 'vonns2_gazebo' with the following arguments: {'ament_cmake_args': None, 'build_base': '/home/juan/Robotics/Proyecto/Mapeo3D_LiDAR2D/build/vonns2_gazebo', 'catkin_cmake_args': None, 'catkin_skip_building_tests': False, 'cmake_args': None, 'cmake_clean_cache': False, 'cmake_clean_first': False, 'cmake_force_configure': False, 'cmake_target': None, 'cmake_target_skip_unavailable': False, 'install_base': '/home/juan/Robotics/Proyecto/Mapeo3D_LiDAR2D/install/vonns2_gazebo', 'merge_install': False, 'path': '/home/juan/Robotics/Proyecto/Mapeo3D_LiDAR2D/src/RAS/src/vonns2-main/vonns2_gazebo', 'symlink_install': True, 'test_result_base': None}
[1.968s] Level 5:colcon.colcon_core.verb:set package 'vonns2_reconstruction' build argument 'cmake_args' from command line to 'None'
[1.968s] Level 5:colcon.colcon_core.verb:set package 'vonns2_reconstruction' build argument 'cmake_target' from command line to 'None'
[1.968s] Level 5:colcon.colcon_core.verb:set package 'vonns2_reconstruction' build argument 'cmake_target_skip_unavailable' from command line to 'False'
[1.968s] Level 5:colcon.colcon_core.verb:set package 'vonns2_reconstruction' build argument 'cmake_clean_cache' from command line to 'False'
[1.968s] Level 5:colcon.colcon_core.verb:set package 'vonns2_reconstruction' build argument 'cmake_clean_first' from command line to 'False'
[1.969s] Level 5:colcon.colcon_core.verb:set package 'vonns2_reconstruction' build argument 'cmake_force_configure' from command line to 'False'
[1.969s] Level 5:colcon.colcon_core.verb:set package 'vonns2_reconstruction' build argument 'ament_cmake_args' from command line to 'None'
[1.969s] Level 5:colcon.colcon_core.verb:set package 'vonns2_reconstruction' build argument 'catkin_cmake_args' from command line to 'None'
[1.969s] Level 5:colcon.colcon_core.verb:set package 'vonns2_reconstruction' build argument 'catkin_skip_building_tests' from command line to 'False'
[1.969s] DEBUG:colcon.colcon_core.verb:Building package 'vonns2_reconstruction' with the following arguments: {'ament_cmake_args': None, 'build_base': '/home/juan/Robotics/Proyecto/Mapeo3D_LiDAR2D/build/vonns2_reconstruction', 'catkin_cmake_args': None, 'catkin_skip_building_tests': False, 'cmake_args': None, 'cmake_clean_cache': False, 'cmake_clean_first': False, 'cmake_force_configure': False, 'cmake_target': None, 'cmake_target_skip_unavailable': False, 'install_base': '/home/juan/Robotics/Proyecto/Mapeo3D_LiDAR2D/install/vonns2_reconstruction', 'merge_install': False, 'path': '/home/juan/Robotics/Proyecto/Mapeo3D_LiDAR2D/src/RAS/src/vonns2-main/vonns2_reconstruction', 'symlink_install': True, 'test_result_base': None}
[1.969s] INFO:colcon.colcon_core.executor:Executing jobs using 'parallel' executor
[1.971s] DEBUG:colcon.colcon_parallel_executor.executor.parallel:run_until_complete
[1.971s] INFO:colcon.colcon_ros.task.ament_cmake.build:Building ROS package in '/home/juan/Robotics/Proyecto/Mapeo3D_LiDAR2D/src/my_subscriber' with build type 'ament_cmake'
[1.971s] INFO:colcon.colcon_cmake.task.cmake.build:Building CMake package in '/home/juan/Robotics/Proyecto/Mapeo3D_LiDAR2D/src/my_subscriber'
[2.015s] INFO:colcon.colcon_core.plugin_system:Skipping extension 'colcon_core.shell.bat': Not used on non-Windows systems
[2.015s] INFO:colcon.colcon_core.shell:Skip shell extension 'powershell' for command environment: Not usable outside of PowerShell
[2.015s] DEBUG:colcon.colcon_core.shell:Skip shell extension 'dsv' for command environment
[2.056s] INFO:colcon.colcon_ros.task.ament_python.build:Building ROS package in '/home/juan/Robotics/Proyecto/Mapeo3D_LiDAR2D/src/my_subscriber_pkg' with build type 'ament_python'
[2.056s] Level 1:colcon.colcon_core.shell:create_environment_hook('my_subscriber_pkg', 'ament_prefix_path')
[2.056s] INFO:colcon.colcon_core.shell:Creating environment hook '/home/juan/Robotics/Proyecto/Mapeo3D_LiDAR2D/install/my_subscriber_pkg/share/my_subscriber_pkg/hook/ament_prefix_path.ps1'
[2.083s] INFO:colcon.colcon_core.shell:Creating environment descriptor '/home/juan/Robotics/Proyecto/Mapeo3D_LiDAR2D/install/my_subscriber_pkg/share/my_subscriber_pkg/hook/ament_prefix_path.dsv'
[2.085s] INFO:colcon.colcon_core.shell:Creating environment hook '/home/juan/Robotics/Proyecto/Mapeo3D_LiDAR2D/install/my_subscriber_pkg/share/my_subscriber_pkg/hook/ament_prefix_path.sh'
[2.088s] INFO:colcon.colcon_core.shell:Skip shell extension 'powershell' for command environment: Not usable outside of PowerShell
[2.088s] DEBUG:colcon.colcon_core.shell:Skip shell extension 'dsv' for command environment
[2.098s] INFO:colcon.colcon_ros.task.ament_python.build:Building ROS package in '/home/juan/Robotics/Proyecto/Mapeo3D_LiDAR2D/src/navigation_pkg' with build type 'ament_python'
[2.099s] Level 1:colcon.colcon_core.shell:create_environment_hook('navigation_pkg', 'ament_prefix_path')
[2.099s] INFO:colcon.colcon_core.shell:Creating environment hook '/home/juan/Robotics/Proyecto/Mapeo3D_LiDAR2D/install/navigation_pkg/share/navigation_pkg/hook/ament_prefix_path.ps1'
[2.101s] INFO:colcon.colcon_core.shell:Creating environment descriptor '/home/juan/Robotics/Proyecto/Mapeo3D_LiDAR2D/install/navigation_pkg/share/navigation_pkg/hook/ament_prefix_path.dsv'
[2.101s] INFO:colcon.colcon_core.shell:Creating environment hook '/home/juan/Robotics/Proyecto/Mapeo3D_LiDAR2D/install/navigation_pkg/share/navigation_pkg/hook/ament_prefix_path.sh'
[2.102s] INFO:colcon.colcon_core.shell:Skip shell extension 'powershell' for command environment: Not usable outside of PowerShell
[2.102s] DEBUG:colcon.colcon_core.shell:Skip shell extension 'dsv' for command environment
[2.111s] INFO:colcon.colcon_ros.task.ament_python.build:Building ROS package in '/home/juan/Robotics/Proyecto/Mapeo3D_LiDAR2D/src/Project_MAP3D-main' with build type 'ament_python'
[2.112s] Level 1:colcon.colcon_core.shell:create_environment_hook('robot_description', 'ament_prefix_path')
[2.112s] INFO:colcon.colcon_core.shell:Creating environment hook '/home/juan/Robotics/Proyecto/Mapeo3D_LiDAR2D/install/robot_description/share/robot_description/hook/ament_prefix_path.ps1'
[2.113s] INFO:colcon.colcon_core.shell:Creating environment descriptor '/home/juan/Robotics/Proyecto/Mapeo3D_LiDAR2D/install/robot_description/share/robot_description/hook/ament_prefix_path.dsv'
[2.114s] INFO:colcon.colcon_core.shell:Creating environment hook '/home/juan/Robotics/Proyecto/Mapeo3D_LiDAR2D/install/robot_description/share/robot_description/hook/ament_prefix_path.sh'
[2.115s] INFO:colcon.colcon_core.shell:Skip shell extension 'powershell' for command environment: Not usable outside of PowerShell
[2.115s] DEBUG:colcon.colcon_core.shell:Skip shell extension 'dsv' for command environment
[2.126s] INFO:colcon.colcon_ros.task.ament_cmake.build:Building ROS package in '/home/juan/Robotics/Proyecto/Mapeo3D_LiDAR2D/src/RAS/src/vonns2-main/vonns2_bringup' with build type 'ament_cmake'
[2.126s] INFO:colcon.colcon_cmake.task.cmake.build:Building CMake package in '/home/juan/Robotics/Proyecto/Mapeo3D_LiDAR2D/src/RAS/src/vonns2-main/vonns2_bringup'
[2.127s] INFO:colcon.colcon_core.shell:Skip shell extension 'powershell' for command environment: Not usable outside of PowerShell
[2.127s] DEBUG:colcon.colcon_core.shell:Skip shell extension 'dsv' for command environment
[2.136s] INFO:colcon.colcon_ros.task.ament_cmake.build:Building ROS package in '/home/juan/Robotics/Proyecto/Mapeo3D_LiDAR2D/src/RAS/src/vonns2-main/vonns2_gazebo' with build type 'ament_cmake'
[2.136s] INFO:colcon.colcon_cmake.task.cmake.build:Building CMake package in '/home/juan/Robotics/Proyecto/Mapeo3D_LiDAR2D/src/RAS/src/vonns2-main/vonns2_gazebo'
[2.136s] INFO:colcon.colcon_core.shell:Skip shell extension 'powershell' for command environment: Not usable outside of PowerShell
[2.136s] DEBUG:colcon.colcon_core.shell:Skip shell extension 'dsv' for command environment
[2.145s] INFO:colcon.colcon_ros.task.ament_cmake.build:Building ROS package in '/home/juan/Robotics/Proyecto/Mapeo3D_LiDAR2D/src/RAS/src/vonns2-main/vonns2_reconstruction' with build type 'ament_cmake'
[2.145s] INFO:colcon.colcon_cmake.task.cmake.build:Building CMake package in '/home/juan/Robotics/Proyecto/Mapeo3D_LiDAR2D/src/RAS/src/vonns2-main/vonns2_reconstruction'
[2.146s] INFO:colcon.colcon_core.shell:Skip shell extension 'powershell' for command environment: Not usable outside of PowerShell
[2.146s] DEBUG:colcon.colcon_core.shell:Skip shell extension 'dsv' for command environment
[2.212s] DEBUG:colcon.colcon_core.event_handler.log_command:Invoking command in '/home/juan/Robotics/Proyecto/Mapeo3D_LiDAR2D/build/my_subscriber': CMAKE_PREFIX_PATH=${CMAKE_PREFIX_PATH}:/home/juan/Robotics/Proyecto/Mapeo3D_LiDAR2D/install/robot_description:/home/juan/Robotics/Proyecto/Mapeo3D_LiDAR2D/install/navigation_pkg:/home/juan/Robotics/Proyecto/Mapeo3D_LiDAR2D/install/my_subscriber_pkg:/opt/ros/humble /usr/bin/cmake --build /home/juan/Robotics/Proyecto/Mapeo3D_LiDAR2D/build/my_subscriber -- -j12 -l12
[2.734s] INFO:colcon.colcon_core.task.python.build:Building Python package in '/home/juan/Robotics/Proyecto/Mapeo3D_LiDAR2D/src/my_subscriber_pkg'
[2.735s] INFO:colcon.colcon_core.shell:Skip shell extension 'powershell' for command environment: Not usable outside of PowerShell
[2.735s] DEBUG:colcon.colcon_core.shell:Skip shell extension 'dsv' for command environment
[3.160s] INFO:colcon.colcon_core.task.python.build:Building Python package in '/home/juan/Robotics/Proyecto/Mapeo3D_LiDAR2D/src/navigation_pkg'
[3.161s] INFO:colcon.colcon_core.shell:Skip shell extension 'powershell' for command environment: Not usable outside of PowerShell
[3.161s] DEBUG:colcon.colcon_core.shell:Skip shell extension 'dsv' for command environment
[3.551s] INFO:colcon.colcon_core.task.python.build:Building Python package in '/home/juan/Robotics/Proyecto/Mapeo3D_LiDAR2D/src/Project_MAP3D-main'
[3.552s] INFO:colcon.colcon_core.shell:Skip shell extension 'powershell' for command environment: Not usable outside of PowerShell
[3.552s] DEBUG:colcon.colcon_core.shell:Skip shell extension 'dsv' for command environment
[3.569s] DEBUG:colcon.colcon_core.event_handler.log_command:Invoking command in '/home/juan/Robotics/Proyecto/Mapeo3D_LiDAR2D/build/vonns2_bringup': CMAKE_PREFIX_PATH=${CMAKE_PREFIX_PATH}:/home/juan/Robotics/Proyecto/Mapeo3D_LiDAR2D/install/robot_description:/home/juan/Robotics/Proyecto/Mapeo3D_LiDAR2D/install/navigation_pkg:/home/juan/Robotics/Proyecto/Mapeo3D_LiDAR2D/install/my_subscriber_pkg:/opt/ros/humble /usr/bin/cmake /home/juan/Robotics/Proyecto/Mapeo3D_LiDAR2D/src/RAS/src/vonns2-main/vonns2_bringup -DAMENT_CMAKE_SYMLINK_INSTALL=1 -DCMAKE_INSTALL_PREFIX=/home/juan/Robotics/Proyecto/Mapeo3D_LiDAR2D/install/vonns2_bringup
[3.578s] DEBUG:colcon.colcon_core.event_handler.log_command:Invoking command in '/home/juan/Robotics/Proyecto/Mapeo3D_LiDAR2D/build/vonns2_gazebo': CMAKE_PREFIX_PATH=${CMAKE_PREFIX_PATH}:/home/juan/Robotics/Proyecto/Mapeo3D_LiDAR2D/install/robot_description:/home/juan/Robotics/Proyecto/Mapeo3D_LiDAR2D/install/navigation_pkg:/home/juan/Robotics/Proyecto/Mapeo3D_LiDAR2D/install/my_subscriber_pkg:/opt/ros/humble /usr/bin/cmake /home/juan/Robotics/Proyecto/Mapeo3D_LiDAR2D/src/RAS/src/vonns2-main/vonns2_gazebo -DAMENT_CMAKE_SYMLINK_INSTALL=1 -DCMAKE_INSTALL_PREFIX=/home/juan/Robotics/Proyecto/Mapeo3D_LiDAR2D/install/vonns2_gazebo
[3.586s] DEBUG:colcon.colcon_core.event_handler.log_command:Invoking command in '/home/juan/Robotics/Proyecto/Mapeo3D_LiDAR2D/build/vonns2_reconstruction': CMAKE_PREFIX_PATH=${CMAKE_PREFIX_PATH}:/home/juan/Robotics/Proyecto/Mapeo3D_LiDAR2D/install/robot_description:/home/juan/Robotics/Proyecto/Mapeo3D_LiDAR2D/install/navigation_pkg:/home/juan/Robotics/Proyecto/Mapeo3D_LiDAR2D/install/my_subscriber_pkg:/opt/ros/humble /usr/bin/cmake /home/juan/Robotics/Proyecto/Mapeo3D_LiDAR2D/src/RAS/src/vonns2-main/vonns2_reconstruction -DAMENT_CMAKE_SYMLINK_INSTALL=1 -DCMAKE_INSTALL_PREFIX=/home/juan/Robotics/Proyecto/Mapeo3D_LiDAR2D/install/vonns2_reconstruction
[3.586s] DEBUG:colcon.colcon_core.event_handler.log_command:Invoked command in '/home/juan/Robotics/Proyecto/Mapeo3D_LiDAR2D/build/my_subscriber' returned '0': CMAKE_PREFIX_PATH=${CMAKE_PREFIX_PATH}:/home/juan/Robotics/Proyecto/Mapeo3D_LiDAR2D/install/robot_description:/home/juan/Robotics/Proyecto/Mapeo3D_LiDAR2D/install/navigation_pkg:/home/juan/Robotics/Proyecto/Mapeo3D_LiDAR2D/install/my_subscriber_pkg:/opt/ros/humble /usr/bin/cmake --build /home/juan/Robotics/Proyecto/Mapeo3D_LiDAR2D/build/my_subscriber -- -j12 -l12
[3.659s] DEBUG:colcon.colcon_core.event_handler.log_command:Invoking command in '/home/juan/Robotics/Proyecto/Mapeo3D_LiDAR2D/build/my_subscriber': CMAKE_PREFIX_PATH=${CMAKE_PREFIX_PATH}:/home/juan/Robotics/Proyecto/Mapeo3D_LiDAR2D/install/robot_description:/home/juan/Robotics/Proyecto/Mapeo3D_LiDAR2D/install/navigation_pkg:/home/juan/Robotics/Proyecto/Mapeo3D_LiDAR2D/install/my_subscriber_pkg:/opt/ros/humble /usr/bin/cmake --install /home/juan/Robotics/Proyecto/Mapeo3D_LiDAR2D/build/my_subscriber
[3.741s] Level 1:colcon.colcon_core.environment:create_environment_scripts_only(my_subscriber)
[3.743s] DEBUG:colcon.colcon_core.event_handler.log_command:Invoked command in '/home/juan/Robotics/Proyecto/Mapeo3D_LiDAR2D/build/my_subscriber' returned '0': CMAKE_PREFIX_PATH=${CMAKE_PREFIX_PATH}:/home/juan/Robotics/Proyecto/Mapeo3D_LiDAR2D/install/robot_description:/home/juan/Robotics/Proyecto/Mapeo3D_LiDAR2D/install/navigation_pkg:/home/juan/Robotics/Proyecto/Mapeo3D_LiDAR2D/install/my_subscriber_pkg:/opt/ros/humble /usr/bin/cmake --install /home/juan/Robotics/Proyecto/Mapeo3D_LiDAR2D/build/my_subscriber
[3.969s] Level 1:colcon.colcon_core.environment:checking '/home/juan/Robotics/Proyecto/Mapeo3D_LiDAR2D/install/my_subscriber' for CMake module files
[3.970s] Level 1:colcon.colcon_core.environment:checking '/home/juan/Robotics/Proyecto/Mapeo3D_LiDAR2D/install/my_subscriber' for CMake config files
[3.971s] Level 1:colcon.colcon_core.shell:create_environment_hook('my_subscriber', 'cmake_prefix_path')
[3.972s] INFO:colcon.colcon_core.shell:Creating environment hook '/home/juan/Robotics/Proyecto/Mapeo3D_LiDAR2D/install/my_subscriber/share/my_subscriber/hook/cmake_prefix_path.ps1'
[3.973s] INFO:colcon.colcon_core.shell:Creating environment descriptor '/home/juan/Robotics/Proyecto/Mapeo3D_LiDAR2D/install/my_subscriber/share/my_subscriber/hook/cmake_prefix_path.dsv'
[3.974s] INFO:colcon.colcon_core.shell:Creating environment hook '/home/juan/Robotics/Proyecto/Mapeo3D_LiDAR2D/install/my_subscriber/share/my_subscriber/hook/cmake_prefix_path.sh'
[3.976s] Level 1:colcon.colcon_core.environment:checking '/home/juan/Robotics/Proyecto/Mapeo3D_LiDAR2D/install/my_subscriber/bin'
[3.976s] Level 1:colcon.colcon_core.environment:checking '/home/juan/Robotics/Proyecto/Mapeo3D_LiDAR2D/install/my_subscriber/lib/pkgconfig/my_subscriber.pc'
[3.977s] Level 1:colcon.colcon_core.environment:checking '/home/juan/Robotics/Proyecto/Mapeo3D_LiDAR2D/install/my_subscriber/lib/python3.10/site-packages'
[3.978s] Level 1:colcon.colcon_core.environment:checking '/home/juan/Robotics/Proyecto/Mapeo3D_LiDAR2D/install/my_subscriber/bin'
[3.978s] INFO:colcon.colcon_core.shell:Creating package script '/home/juan/Robotics/Proyecto/Mapeo3D_LiDAR2D/install/my_subscriber/share/my_subscriber/package.ps1'
[3.981s] INFO:colcon.colcon_core.shell:Creating package descriptor '/home/juan/Robotics/Proyecto/Mapeo3D_LiDAR2D/install/my_subscriber/share/my_subscriber/package.dsv'
[3.982s] INFO:colcon.colcon_core.shell:Creating package script '/home/juan/Robotics/Proyecto/Mapeo3D_LiDAR2D/install/my_subscriber/share/my_subscriber/package.sh'
[3.985s] INFO:colcon.colcon_core.shell:Creating package script '/home/juan/Robotics/Proyecto/Mapeo3D_LiDAR2D/install/my_subscriber/share/my_subscriber/package.bash'
[4.110s] INFO:colcon.colcon_core.shell:Creating package script '/home/juan/Robotics/Proyecto/Mapeo3D_LiDAR2D/install/my_subscriber/share/my_subscriber/package.zsh'
[4.164s] Level 1:colcon.colcon_core.environment:create_file_with_runtime_dependencies(/home/juan/Robotics/Proyecto/Mapeo3D_LiDAR2D/install/my_subscriber/share/colcon-core/packages/my_subscriber)
[4.222s] Level 1:colcon.colcon_core.environment:create_environment_scripts_only(my_subscriber)
[4.222s] Level 1:colcon.colcon_core.environment:checking '/home/juan/Robotics/Proyecto/Mapeo3D_LiDAR2D/install/my_subscriber' for CMake module files
[4.223s] Level 1:colcon.colcon_core.environment:checking '/home/juan/Robotics/Proyecto/Mapeo3D_LiDAR2D/install/my_subscriber' for CMake config files
[4.224s] Level 1:colcon.colcon_core.shell:create_environment_hook('my_subscriber', 'cmake_prefix_path')
[4.224s] INFO:colcon.colcon_core.shell:Creating environment hook '/home/juan/Robotics/Proyecto/Mapeo3D_LiDAR2D/install/my_subscriber/share/my_subscriber/hook/cmake_prefix_path.ps1'
[4.225s] INFO:colcon.colcon_core.shell:Creating environment descriptor '/home/juan/Robotics/Proyecto/Mapeo3D_LiDAR2D/install/my_subscriber/share/my_subscriber/hook/cmake_prefix_path.dsv'
[4.226s] INFO:colcon.colcon_core.shell:Creating environment hook '/home/juan/Robotics/Proyecto/Mapeo3D_LiDAR2D/install/my_subscriber/share/my_subscriber/hook/cmake_prefix_path.sh'
[4.228s] Level 1:colcon.colcon_core.environment:checking '/home/juan/Robotics/Proyecto/Mapeo3D_LiDAR2D/install/my_subscriber/bin'
[4.228s] Level 1:colcon.colcon_core.environment:checking '/home/juan/Robotics/Proyecto/Mapeo3D_LiDAR2D/install/my_subscriber/lib/pkgconfig/my_subscriber.pc'
[4.229s] Level 1:colcon.colcon_core.environment:checking '/home/juan/Robotics/Proyecto/Mapeo3D_LiDAR2D/install/my_subscriber/lib/python3.10/site-packages'
[4.229s] Level 1:colcon.colcon_core.environment:checking '/home/juan/Robotics/Proyecto/Mapeo3D_LiDAR2D/install/my_subscriber/bin'
[4.230s] INFO:colcon.colcon_core.shell:Creating package script '/home/juan/Robotics/Proyecto/Mapeo3D_LiDAR2D/install/my_subscriber/share/my_subscriber/package.ps1'
[4.231s] INFO:colcon.colcon_core.shell:Creating package descriptor '/home/juan/Robotics/Proyecto/Mapeo3D_LiDAR2D/install/my_subscriber/share/my_subscriber/package.dsv'
[4.232s] INFO:colcon.colcon_core.shell:Creating package script '/home/juan/Robotics/Proyecto/Mapeo3D_LiDAR2D/install/my_subscriber/share/my_subscriber/package.sh'
[4.233s] INFO:colcon.colcon_core.shell:Creating package script '/home/juan/Robotics/Proyecto/Mapeo3D_LiDAR2D/install/my_subscriber/share/my_subscriber/package.bash'
[4.234s] INFO:colcon.colcon_core.shell:Creating package script '/home/juan/Robotics/Proyecto/Mapeo3D_LiDAR2D/install/my_subscriber/share/my_subscriber/package.zsh'
[4.235s] Level 1:colcon.colcon_core.environment:create_file_with_runtime_dependencies(/home/juan/Robotics/Proyecto/Mapeo3D_LiDAR2D/install/my_subscriber/share/colcon-core/packages/my_subscriber)
[7.683s] DEBUG:colcon.colcon_core.event_handler.log_command:Invoking command in '/home/juan/Robotics/Proyecto/Mapeo3D_LiDAR2D/build/my_subscriber_pkg': PYTHONPATH=/home/juan/Robotics/Proyecto/Mapeo3D_LiDAR2D/build/my_subscriber_pkg/prefix_override:/home/juan/Robotics/Proyecto/Mapeo3D_LiDAR2D/install/my_subscriber_pkg/lib/python3.10/site-packages:${PYTHONPATH} /usr/bin/python3 -W ignore:setup.py install is deprecated setup.py develop --editable --build-directory /home/juan/Robotics/Proyecto/Mapeo3D_LiDAR2D/build/my_subscriber_pkg/build --no-deps symlink_data
[7.712s] DEBUG:colcon.colcon_core.event_handler.log_command:Invoking command in '/home/juan/Robotics/Proyecto/Mapeo3D_LiDAR2D/build/robot_description': PYTHONPATH=/home/juan/Robotics/Proyecto/Mapeo3D_LiDAR2D/build/robot_description/prefix_override:/home/juan/Robotics/Proyecto/Mapeo3D_LiDAR2D/install/robot_description/lib/python3.10/site-packages:${PYTHONPATH} /usr/bin/python3 -W ignore:setup.py install is deprecated setup.py develop --editable --build-directory /home/juan/Robotics/Proyecto/Mapeo3D_LiDAR2D/build/robot_description/build --no-deps symlink_data
[7.716s] DEBUG:colcon.colcon_core.event_handler.log_command:Invoking command in '/home/juan/Robotics/Proyecto/Mapeo3D_LiDAR2D/build/navigation_pkg': PYTHONPATH=/home/juan/Robotics/Proyecto/Mapeo3D_LiDAR2D/build/navigation_pkg/prefix_override:/home/juan/Robotics/Proyecto/Mapeo3D_LiDAR2D/install/navigation_pkg/lib/python3.10/site-packages:${PYTHONPATH} /usr/bin/python3 -W ignore:setup.py install is deprecated setup.py develop --editable --build-directory /home/juan/Robotics/Proyecto/Mapeo3D_LiDAR2D/build/navigation_pkg/build --no-deps symlink_data
[9.474s] Level 1:colcon.colcon_core.shell:create_environment_hook('my_subscriber_pkg', 'pythonpath_develop')
[9.475s] INFO:colcon.colcon_core.shell:Creating environment hook '/home/juan/Robotics/Proyecto/Mapeo3D_LiDAR2D/build/my_subscriber_pkg/share/my_subscriber_pkg/hook/pythonpath_develop.ps1'
[9.476s] DEBUG:colcon.colcon_core.event_handler.log_command:Invoked command in '/home/juan/Robotics/Proyecto/Mapeo3D_LiDAR2D/build/my_subscriber_pkg' returned '0': PYTHONPATH=/home/juan/Robotics/Proyecto/Mapeo3D_LiDAR2D/build/my_subscriber_pkg/prefix_override:/home/juan/Robotics/Proyecto/Mapeo3D_LiDAR2D/install/my_subscriber_pkg/lib/python3.10/site-packages:${PYTHONPATH} /usr/bin/python3 -W ignore:setup.py install is deprecated setup.py develop --editable --build-directory /home/juan/Robotics/Proyecto/Mapeo3D_LiDAR2D/build/my_subscriber_pkg/build --no-deps symlink_data
[9.477s] INFO:colcon.colcon_core.shell:Creating environment descriptor '/home/juan/Robotics/Proyecto/Mapeo3D_LiDAR2D/build/my_subscriber_pkg/share/my_subscriber_pkg/hook/pythonpath_develop.dsv'
[9.478s] INFO:colcon.colcon_core.shell:Creating environment hook '/home/juan/Robotics/Proyecto/Mapeo3D_LiDAR2D/build/my_subscriber_pkg/share/my_subscriber_pkg/hook/pythonpath_develop.sh'
[9.479s] Level 1:colcon.colcon_core.environment:checking '/home/juan/Robotics/Proyecto/Mapeo3D_LiDAR2D/install/my_subscriber_pkg' for CMake module files
[9.480s] Level 1:colcon.colcon_core.environment:checking '/home/juan/Robotics/Proyecto/Mapeo3D_LiDAR2D/install/my_subscriber_pkg' for CMake config files
[9.481s] Level 1:colcon.colcon_core.environment:checking '/home/juan/Robotics/Proyecto/Mapeo3D_LiDAR2D/install/my_subscriber_pkg/lib'
[9.482s] Level 1:colcon.colcon_core.environment:checking '/home/juan/Robotics/Proyecto/Mapeo3D_LiDAR2D/install/my_subscriber_pkg/bin'
[9.482s] Level 1:colcon.colcon_core.environment:checking '/home/juan/Robotics/Proyecto/Mapeo3D_LiDAR2D/install/my_subscriber_pkg/lib/pkgconfig/my_subscriber_pkg.pc'
[9.483s] Level 1:colcon.colcon_core.environment:checking '/home/juan/Robotics/Proyecto/Mapeo3D_LiDAR2D/install/my_subscriber_pkg/lib/python3.10/site-packages'
[9.483s] Level 1:colcon.colcon_core.shell:create_environment_hook('my_subscriber_pkg', 'pythonpath')
[9.483s] INFO:colcon.colcon_core.shell:Creating environment hook '/home/juan/Robotics/Proyecto/Mapeo3D_LiDAR2D/install/my_subscriber_pkg/share/my_subscriber_pkg/hook/pythonpath.ps1'
[9.484s] INFO:colcon.colcon_core.shell:Creating environment descriptor '/home/juan/Robotics/Proyecto/Mapeo3D_LiDAR2D/install/my_subscriber_pkg/share/my_subscriber_pkg/hook/pythonpath.dsv'
[9.485s] INFO:colcon.colcon_core.shell:Creating environment hook '/home/juan/Robotics/Proyecto/Mapeo3D_LiDAR2D/install/my_subscriber_pkg/share/my_subscriber_pkg/hook/pythonpath.sh'
[9.486s] Level 1:colcon.colcon_core.environment:checking '/home/juan/Robotics/Proyecto/Mapeo3D_LiDAR2D/install/my_subscriber_pkg/bin'
[9.487s] Level 1:colcon.colcon_core.environment:create_environment_scripts_only(my_subscriber_pkg)
[9.488s] INFO:colcon.colcon_core.shell:Creating package script '/home/juan/Robotics/Proyecto/Mapeo3D_LiDAR2D/install/my_subscriber_pkg/share/my_subscriber_pkg/package.ps1'
[9.489s] INFO:colcon.colcon_core.shell:Creating package descriptor '/home/juan/Robotics/Proyecto/Mapeo3D_LiDAR2D/install/my_subscriber_pkg/share/my_subscriber_pkg/package.dsv'
[9.490s] INFO:colcon.colcon_core.shell:Creating package script '/home/juan/Robotics/Proyecto/Mapeo3D_LiDAR2D/install/my_subscriber_pkg/share/my_subscriber_pkg/package.sh'
[9.491s] INFO:colcon.colcon_core.shell:Creating package script '/home/juan/Robotics/Proyecto/Mapeo3D_LiDAR2D/install/my_subscriber_pkg/share/my_subscriber_pkg/package.bash'
[9.492s] INFO:colcon.colcon_core.shell:Creating package script '/home/juan/Robotics/Proyecto/Mapeo3D_LiDAR2D/install/my_subscriber_pkg/share/my_subscriber_pkg/package.zsh'
[9.492s] Level 1:colcon.colcon_core.environment:create_file_with_runtime_dependencies(/home/juan/Robotics/Proyecto/Mapeo3D_LiDAR2D/install/my_subscriber_pkg/share/colcon-core/packages/my_subscriber_pkg)
[9.495s] Level 1:colcon.colcon_core.shell:create_environment_hook('robot_description', 'pythonpath_develop')
[9.495s] INFO:colcon.colcon_core.shell:Creating environment hook '/home/juan/Robotics/Proyecto/Mapeo3D_LiDAR2D/build/robot_description/share/robot_description/hook/pythonpath_develop.ps1'
[9.497s] DEBUG:colcon.colcon_core.event_handler.log_command:Invoked command in '/home/juan/Robotics/Proyecto/Mapeo3D_LiDAR2D/build/robot_description' returned '0': PYTHONPATH=/home/juan/Robotics/Proyecto/Mapeo3D_LiDAR2D/build/robot_description/prefix_override:/home/juan/Robotics/Proyecto/Mapeo3D_LiDAR2D/install/robot_description/lib/python3.10/site-packages:${PYTHONPATH} /usr/bin/python3 -W ignore:setup.py install is deprecated setup.py develop --editable --build-directory /home/juan/Robotics/Proyecto/Mapeo3D_LiDAR2D/build/robot_description/build --no-deps symlink_data
[9.497s] INFO:colcon.colcon_core.shell:Creating environment descriptor '/home/juan/Robotics/Proyecto/Mapeo3D_LiDAR2D/build/robot_description/share/robot_description/hook/pythonpath_develop.dsv'
[9.498s] INFO:colcon.colcon_core.shell:Creating environment hook '/home/juan/Robotics/Proyecto/Mapeo3D_LiDAR2D/build/robot_description/share/robot_description/hook/pythonpath_develop.sh'
[9.500s] Level 1:colcon.colcon_core.environment:checking '/home/juan/Robotics/Proyecto/Mapeo3D_LiDAR2D/install/robot_description' for CMake module files
[9.501s] Level 1:colcon.colcon_core.environment:checking '/home/juan/Robotics/Proyecto/Mapeo3D_LiDAR2D/install/robot_description' for CMake config files
[9.502s] Level 1:colcon.colcon_core.environment:checking '/home/juan/Robotics/Proyecto/Mapeo3D_LiDAR2D/install/robot_description/lib'
[9.502s] Level 1:colcon.colcon_core.environment:checking '/home/juan/Robotics/Proyecto/Mapeo3D_LiDAR2D/install/robot_description/bin'
[9.503s] Level 1:colcon.colcon_core.environment:checking '/home/juan/Robotics/Proyecto/Mapeo3D_LiDAR2D/install/robot_description/lib/pkgconfig/robot_description.pc'
[9.503s] Level 1:colcon.colcon_core.environment:checking '/home/juan/Robotics/Proyecto/Mapeo3D_LiDAR2D/install/robot_description/lib/python3.10/site-packages'
[9.503s] Level 1:colcon.colcon_core.shell:create_environment_hook('robot_description', 'pythonpath')
[9.504s] INFO:colcon.colcon_core.shell:Creating environment hook '/home/juan/Robotics/Proyecto/Mapeo3D_LiDAR2D/install/robot_description/share/robot_description/hook/pythonpath.ps1'
[9.505s] INFO:colcon.colcon_core.shell:Creating environment descriptor '/home/juan/Robotics/Proyecto/Mapeo3D_LiDAR2D/install/robot_description/share/robot_description/hook/pythonpath.dsv'
[9.505s] INFO:colcon.colcon_core.shell:Creating environment hook '/home/juan/Robotics/Proyecto/Mapeo3D_LiDAR2D/install/robot_description/share/robot_description/hook/pythonpath.sh'
[9.506s] Level 1:colcon.colcon_core.environment:checking '/home/juan/Robotics/Proyecto/Mapeo3D_LiDAR2D/install/robot_description/bin'
[9.507s] Level 1:colcon.colcon_core.environment:create_environment_scripts_only(robot_description)
[9.507s] INFO:colcon.colcon_core.shell:Creating package script '/home/juan/Robotics/Proyecto/Mapeo3D_LiDAR2D/install/robot_description/share/robot_description/package.ps1'
[9.508s] INFO:colcon.colcon_core.shell:Creating package descriptor '/home/juan/Robotics/Proyecto/Mapeo3D_LiDAR2D/install/robot_description/share/robot_description/package.dsv'
[9.510s] INFO:colcon.colcon_core.shell:Creating package script '/home/juan/Robotics/Proyecto/Mapeo3D_LiDAR2D/install/robot_description/share/robot_description/package.sh'
[9.511s] INFO:colcon.colcon_core.shell:Creating package script '/home/juan/Robotics/Proyecto/Mapeo3D_LiDAR2D/install/robot_description/share/robot_description/package.bash'
[9.511s] INFO:colcon.colcon_core.shell:Creating package script '/home/juan/Robotics/Proyecto/Mapeo3D_LiDAR2D/install/robot_description/share/robot_description/package.zsh'
[9.512s] Level 1:colcon.colcon_core.environment:create_file_with_runtime_dependencies(/home/juan/Robotics/Proyecto/Mapeo3D_LiDAR2D/install/robot_description/share/colcon-core/packages/robot_description)
[9.513s] Level 1:colcon.colcon_core.shell:create_environment_hook('navigation_pkg', 'pythonpath_develop')
[9.514s] INFO:colcon.colcon_core.shell:Creating environment hook '/home/juan/Robotics/Proyecto/Mapeo3D_LiDAR2D/build/navigation_pkg/share/navigation_pkg/hook/pythonpath_develop.ps1'
[9.515s] INFO:colcon.colcon_core.shell:Creating environment descriptor '/home/juan/Robotics/Proyecto/Mapeo3D_LiDAR2D/build/navigation_pkg/share/navigation_pkg/hook/pythonpath_develop.dsv'
[9.516s] DEBUG:colcon.colcon_core.event_handler.log_command:Invoked command in '/home/juan/Robotics/Proyecto/Mapeo3D_LiDAR2D/build/navigation_pkg' returned '0': PYTHONPATH=/home/juan/Robotics/Proyecto/Mapeo3D_LiDAR2D/build/navigation_pkg/prefix_override:/home/juan/Robotics/Proyecto/Mapeo3D_LiDAR2D/install/navigation_pkg/lib/python3.10/site-packages:${PYTHONPATH} /usr/bin/python3 -W ignore:setup.py install is deprecated setup.py develop --editable --build-directory /home/juan/Robotics/Proyecto/Mapeo3D_LiDAR2D/build/navigation_pkg/build --no-deps symlink_data
[9.537s] INFO:colcon.colcon_core.shell:Creating environment hook '/home/juan/Robotics/Proyecto/Mapeo3D_LiDAR2D/build/navigation_pkg/share/navigation_pkg/hook/pythonpath_develop.sh'
[9.538s] Level 1:colcon.colcon_core.environment:checking '/home/juan/Robotics/Proyecto/Mapeo3D_LiDAR2D/install/navigation_pkg' for CMake module files
[9.539s] Level 1:colcon.colcon_core.environment:checking '/home/juan/Robotics/Proyecto/Mapeo3D_LiDAR2D/install/navigation_pkg' for CMake config files
[9.540s] Level 1:colcon.colcon_core.environment:checking '/home/juan/Robotics/Proyecto/Mapeo3D_LiDAR2D/install/navigation_pkg/lib'
[9.540s] Level 1:colcon.colcon_core.environment:checking '/home/juan/Robotics/Proyecto/Mapeo3D_LiDAR2D/install/navigation_pkg/bin'
[9.540s] Level 1:colcon.colcon_core.environment:checking '/home/juan/Robotics/Proyecto/Mapeo3D_LiDAR2D/install/navigation_pkg/lib/pkgconfig/navigation_pkg.pc'
[9.541s] Level 1:colcon.colcon_core.environment:checking '/home/juan/Robotics/Proyecto/Mapeo3D_LiDAR2D/install/navigation_pkg/lib/python3.10/site-packages'
[9.541s] Level 1:colcon.colcon_core.shell:create_environment_hook('navigation_pkg', 'pythonpath')
[9.542s] INFO:colcon.colcon_core.shell:Creating environment hook '/home/juan/Robotics/Proyecto/Mapeo3D_LiDAR2D/install/navigation_pkg/share/navigation_pkg/hook/pythonpath.ps1'
[9.542s] INFO:colcon.colcon_core.shell:Creating environment descriptor '/home/juan/Robotics/Proyecto/Mapeo3D_LiDAR2D/install/navigation_pkg/share/navigation_pkg/hook/pythonpath.dsv'
[9.543s] INFO:colcon.colcon_core.shell:Creating environment hook '/home/juan/Robotics/Proyecto/Mapeo3D_LiDAR2D/install/navigation_pkg/share/navigation_pkg/hook/pythonpath.sh'
[9.544s] Level 1:colcon.colcon_core.environment:checking '/home/juan/Robotics/Proyecto/Mapeo3D_LiDAR2D/install/navigation_pkg/bin'
[9.544s] Level 1:colcon.colcon_core.environment:create_environment_scripts_only(navigation_pkg)
[9.545s] INFO:colcon.colcon_core.shell:Creating package script '/home/juan/Robotics/Proyecto/Mapeo3D_LiDAR2D/install/navigation_pkg/share/navigation_pkg/package.ps1'
[9.546s] INFO:colcon.colcon_core.shell:Creating package descriptor '/home/juan/Robotics/Proyecto/Mapeo3D_LiDAR2D/install/navigation_pkg/share/navigation_pkg/package.dsv'
[9.547s] INFO:colcon.colcon_core.shell:Creating package script '/home/juan/Robotics/Proyecto/Mapeo3D_LiDAR2D/install/navigation_pkg/share/navigation_pkg/package.sh'
[9.548s] INFO:colcon.colcon_core.shell:Creating package script '/home/juan/Robotics/Proyecto/Mapeo3D_LiDAR2D/install/navigation_pkg/share/navigation_pkg/package.bash'
[9.549s] INFO:colcon.colcon_core.shell:Creating package script '/home/juan/Robotics/Proyecto/Mapeo3D_LiDAR2D/install/navigation_pkg/share/navigation_pkg/package.zsh'
[9.550s] Level 1:colcon.colcon_core.environment:create_file_with_runtime_dependencies(/home/juan/Robotics/Proyecto/Mapeo3D_LiDAR2D/install/navigation_pkg/share/colcon-core/packages/navigation_pkg)
[15.876s] DEBUG:colcon.colcon_core.event_handler.log_command:Invoked command in '/home/juan/Robotics/Proyecto/Mapeo3D_LiDAR2D/build/vonns2_gazebo' returned '0': CMAKE_PREFIX_PATH=${CMAKE_PREFIX_PATH}:/home/juan/Robotics/Proyecto/Mapeo3D_LiDAR2D/install/robot_description:/home/juan/Robotics/Proyecto/Mapeo3D_LiDAR2D/install/navigation_pkg:/home/juan/Robotics/Proyecto/Mapeo3D_LiDAR2D/install/my_subscriber_pkg:/opt/ros/humble /usr/bin/cmake /home/juan/Robotics/Proyecto/Mapeo3D_LiDAR2D/src/RAS/src/vonns2-main/vonns2_gazebo -DAMENT_CMAKE_SYMLINK_INSTALL=1 -DCMAKE_INSTALL_PREFIX=/home/juan/Robotics/Proyecto/Mapeo3D_LiDAR2D/install/vonns2_gazebo
[15.879s] DEBUG:colcon.colcon_core.event_handler.log_command:Invoking command in '/home/juan/Robotics/Proyecto/Mapeo3D_LiDAR2D/build/vonns2_gazebo': CMAKE_PREFIX_PATH=${CMAKE_PREFIX_PATH}:/home/juan/Robotics/Proyecto/Mapeo3D_LiDAR2D/install/robot_description:/home/juan/Robotics/Proyecto/Mapeo3D_LiDAR2D/install/navigation_pkg:/home/juan/Robotics/Proyecto/Mapeo3D_LiDAR2D/install/my_subscriber_pkg:/opt/ros/humble /usr/bin/cmake --build /home/juan/Robotics/Proyecto/Mapeo3D_LiDAR2D/build/vonns2_gazebo -- -j12 -l12
[15.895s] DEBUG:colcon.colcon_core.event_handler.log_command:Invoked command in '/home/juan/Robotics/Proyecto/Mapeo3D_LiDAR2D/build/vonns2_bringup' returned '0': CMAKE_PREFIX_PATH=${CMAKE_PREFIX_PATH}:/home/juan/Robotics/Proyecto/Mapeo3D_LiDAR2D/install/robot_description:/home/juan/Robotics/Proyecto/Mapeo3D_LiDAR2D/install/navigation_pkg:/home/juan/Robotics/Proyecto/Mapeo3D_LiDAR2D/install/my_subscriber_pkg:/opt/ros/humble /usr/bin/cmake /home/juan/Robotics/Proyecto/Mapeo3D_LiDAR2D/src/RAS/src/vonns2-main/vonns2_bringup -DAMENT_CMAKE_SYMLINK_INSTALL=1 -DCMAKE_INSTALL_PREFIX=/home/juan/Robotics/Proyecto/Mapeo3D_LiDAR2D/install/vonns2_bringup
[15.900s] DEBUG:colcon.colcon_core.event_handler.log_command:Invoking command in '/home/juan/Robotics/Proyecto/Mapeo3D_LiDAR2D/build/vonns2_bringup': CMAKE_PREFIX_PATH=${CMAKE_PREFIX_PATH}:/home/juan/Robotics/Proyecto/Mapeo3D_LiDAR2D/install/robot_description:/home/juan/Robotics/Proyecto/Mapeo3D_LiDAR2D/install/navigation_pkg:/home/juan/Robotics/Proyecto/Mapeo3D_LiDAR2D/install/my_subscriber_pkg:/opt/ros/humble /usr/bin/cmake --build /home/juan/Robotics/Proyecto/Mapeo3D_LiDAR2D/build/vonns2_bringup -- -j12 -l12
[16.590s] DEBUG:colcon.colcon_core.event_handler.log_command:Invoked command in '/home/juan/Robotics/Proyecto/Mapeo3D_LiDAR2D/build/vonns2_gazebo' returned '0': CMAKE_PREFIX_PATH=${CMAKE_PREFIX_PATH}:/home/juan/Robotics/Proyecto/Mapeo3D_LiDAR2D/install/robot_description:/home/juan/Robotics/Proyecto/Mapeo3D_LiDAR2D/install/navigation_pkg:/home/juan/Robotics/Proyecto/Mapeo3D_LiDAR2D/install/my_subscriber_pkg:/opt/ros/humble /usr/bin/cmake --build /home/juan/Robotics/Proyecto/Mapeo3D_LiDAR2D/build/vonns2_gazebo -- -j12 -l12
[16.658s] DEBUG:colcon.colcon_core.event_handler.log_command:Invoking command in '/home/juan/Robotics/Proyecto/Mapeo3D_LiDAR2D/build/vonns2_gazebo': CMAKE_PREFIX_PATH=${CMAKE_PREFIX_PATH}:/home/juan/Robotics/Proyecto/Mapeo3D_LiDAR2D/install/robot_description:/home/juan/Robotics/Proyecto/Mapeo3D_LiDAR2D/install/navigation_pkg:/home/juan/Robotics/Proyecto/Mapeo3D_LiDAR2D/install/my_subscriber_pkg:/opt/ros/humble /usr/bin/cmake --install /home/juan/Robotics/Proyecto/Mapeo3D_LiDAR2D/build/vonns2_gazebo
[17.771s] Level 1:colcon.colcon_core.environment:create_environment_scripts_only(vonns2_gazebo)
[17.772s] Level 1:colcon.colcon_core.environment:checking '/home/juan/Robotics/Proyecto/Mapeo3D_LiDAR2D/install/vonns2_gazebo' for CMake module files
[17.773s] DEBUG:colcon.colcon_core.event_handler.log_command:Invoked command in '/home/juan/Robotics/Proyecto/Mapeo3D_LiDAR2D/build/vonns2_gazebo' returned '0': CMAKE_PREFIX_PATH=${CMAKE_PREFIX_PATH}:/home/juan/Robotics/Proyecto/Mapeo3D_LiDAR2D/install/robot_description:/home/juan/Robotics/Proyecto/Mapeo3D_LiDAR2D/install/navigation_pkg:/home/juan/Robotics/Proyecto/Mapeo3D_LiDAR2D/install/my_subscriber_pkg:/opt/ros/humble /usr/bin/cmake --install /home/juan/Robotics/Proyecto/Mapeo3D_LiDAR2D/build/vonns2_gazebo
[17.773s] Level 1:colcon.colcon_core.environment:checking '/home/juan/Robotics/Proyecto/Mapeo3D_LiDAR2D/install/vonns2_gazebo' for CMake config files
[17.774s] Level 1:colcon.colcon_core.shell:create_environment_hook('vonns2_gazebo', 'cmake_prefix_path')
[17.774s] INFO:colcon.colcon_core.shell:Creating environment hook '/home/juan/Robotics/Proyecto/Mapeo3D_LiDAR2D/install/vonns2_gazebo/share/vonns2_gazebo/hook/cmake_prefix_path.ps1'
[17.775s] INFO:colcon.colcon_core.shell:Creating environment descriptor '/home/juan/Robotics/Proyecto/Mapeo3D_LiDAR2D/install/vonns2_gazebo/share/vonns2_gazebo/hook/cmake_prefix_path.dsv'
[17.775s] INFO:colcon.colcon_core.shell:Creating environment hook '/home/juan/Robotics/Proyecto/Mapeo3D_LiDAR2D/install/vonns2_gazebo/share/vonns2_gazebo/hook/cmake_prefix_path.sh'
[17.776s] Level 1:colcon.colcon_core.environment:checking '/home/juan/Robotics/Proyecto/Mapeo3D_LiDAR2D/install/vonns2_gazebo/lib'
[17.776s] Level 1:colcon.colcon_core.environment:checking '/home/juan/Robotics/Proyecto/Mapeo3D_LiDAR2D/install/vonns2_gazebo/bin'
[17.777s] Level 1:colcon.colcon_core.environment:checking '/home/juan/Robotics/Proyecto/Mapeo3D_LiDAR2D/install/vonns2_gazebo/lib/pkgconfig/vonns2_gazebo.pc'
[17.777s] Level 1:colcon.colcon_core.environment:checking '/home/juan/Robotics/Proyecto/Mapeo3D_LiDAR2D/install/vonns2_gazebo/lib/python3.10/site-packages'
[17.777s] Level 1:colcon.colcon_core.environment:checking '/home/juan/Robotics/Proyecto/Mapeo3D_LiDAR2D/install/vonns2_gazebo/bin'
[17.778s] INFO:colcon.colcon_core.shell:Creating package script '/home/juan/Robotics/Proyecto/Mapeo3D_LiDAR2D/install/vonns2_gazebo/share/vonns2_gazebo/package.ps1'
[17.778s] INFO:colcon.colcon_core.shell:Creating package descriptor '/home/juan/Robotics/Proyecto/Mapeo3D_LiDAR2D/install/vonns2_gazebo/share/vonns2_gazebo/package.dsv'
[17.779s] INFO:colcon.colcon_core.shell:Creating package script '/home/juan/Robotics/Proyecto/Mapeo3D_LiDAR2D/install/vonns2_gazebo/share/vonns2_gazebo/package.sh'
[17.779s] INFO:colcon.colcon_core.shell:Creating package script '/home/juan/Robotics/Proyecto/Mapeo3D_LiDAR2D/install/vonns2_gazebo/share/vonns2_gazebo/package.bash'
[17.780s] INFO:colcon.colcon_core.shell:Creating package script '/home/juan/Robotics/Proyecto/Mapeo3D_LiDAR2D/install/vonns2_gazebo/share/vonns2_gazebo/package.zsh'
[17.780s] Level 1:colcon.colcon_core.environment:create_file_with_runtime_dependencies(/home/juan/Robotics/Proyecto/Mapeo3D_LiDAR2D/install/vonns2_gazebo/share/colcon-core/packages/vonns2_gazebo)
[17.839s] Level 1:colcon.colcon_core.environment:create_environment_scripts_only(vonns2_gazebo)
[17.839s] Level 1:colcon.colcon_core.environment:checking '/home/juan/Robotics/Proyecto/Mapeo3D_LiDAR2D/install/vonns2_gazebo' for CMake module files
[17.841s] Level 1:colcon.colcon_core.environment:checking '/home/juan/Robotics/Proyecto/Mapeo3D_LiDAR2D/install/vonns2_gazebo' for CMake config files
[17.841s] Level 1:colcon.colcon_core.shell:create_environment_hook('vonns2_gazebo', 'cmake_prefix_path')
[17.842s] INFO:colcon.colcon_core.shell:Creating environment hook '/home/juan/Robotics/Proyecto/Mapeo3D_LiDAR2D/install/vonns2_gazebo/share/vonns2_gazebo/hook/cmake_prefix_path.ps1'
[17.843s] INFO:colcon.colcon_core.shell:Creating environment descriptor '/home/juan/Robotics/Proyecto/Mapeo3D_LiDAR2D/install/vonns2_gazebo/share/vonns2_gazebo/hook/cmake_prefix_path.dsv'
[17.843s] INFO:colcon.colcon_core.shell:Creating environment hook '/home/juan/Robotics/Proyecto/Mapeo3D_LiDAR2D/install/vonns2_gazebo/share/vonns2_gazebo/hook/cmake_prefix_path.sh'
[17.844s] Level 1:colcon.colcon_core.environment:checking '/home/juan/Robotics/Proyecto/Mapeo3D_LiDAR2D/install/vonns2_gazebo/lib'
[17.845s] Level 1:colcon.colcon_core.environment:checking '/home/juan/Robotics/Proyecto/Mapeo3D_LiDAR2D/install/vonns2_gazebo/bin'
[17.845s] Level 1:colcon.colcon_core.environment:checking '/home/juan/Robotics/Proyecto/Mapeo3D_LiDAR2D/install/vonns2_gazebo/lib/pkgconfig/vonns2_gazebo.pc'
[17.845s] Level 1:colcon.colcon_core.environment:checking '/home/juan/Robotics/Proyecto/Mapeo3D_LiDAR2D/install/vonns2_gazebo/lib/python3.10/site-packages'
[17.846s] Level 1:colcon.colcon_core.environment:checking '/home/juan/Robotics/Proyecto/Mapeo3D_LiDAR2D/install/vonns2_gazebo/bin'
[17.846s] INFO:colcon.colcon_core.shell:Creating package script '/home/juan/Robotics/Proyecto/Mapeo3D_LiDAR2D/install/vonns2_gazebo/share/vonns2_gazebo/package.ps1'
[17.847s] INFO:colcon.colcon_core.shell:Creating package descriptor '/home/juan/Robotics/Proyecto/Mapeo3D_LiDAR2D/install/vonns2_gazebo/share/vonns2_gazebo/package.dsv'
[17.848s] INFO:colcon.colcon_core.shell:Creating package script '/home/juan/Robotics/Proyecto/Mapeo3D_LiDAR2D/install/vonns2_gazebo/share/vonns2_gazebo/package.sh'
[17.850s] INFO:colcon.colcon_core.shell:Creating package script '/home/juan/Robotics/Proyecto/Mapeo3D_LiDAR2D/install/vonns2_gazebo/share/vonns2_gazebo/package.bash'
[17.850s] INFO:colcon.colcon_core.shell:Creating package script '/home/juan/Robotics/Proyecto/Mapeo3D_LiDAR2D/install/vonns2_gazebo/share/vonns2_gazebo/package.zsh'
[17.851s] Level 1:colcon.colcon_core.environment:create_file_with_runtime_dependencies(/home/juan/Robotics/Proyecto/Mapeo3D_LiDAR2D/install/vonns2_gazebo/share/colcon-core/packages/vonns2_gazebo)
[26.932s] DEBUG:colcon.colcon_core.event_handler.log_command:Invoked command in '/home/juan/Robotics/Proyecto/Mapeo3D_LiDAR2D/build/vonns2_reconstruction' returned '0': CMAKE_PREFIX_PATH=${CMAKE_PREFIX_PATH}:/home/juan/Robotics/Proyecto/Mapeo3D_LiDAR2D/install/robot_description:/home/juan/Robotics/Proyecto/Mapeo3D_LiDAR2D/install/navigation_pkg:/home/juan/Robotics/Proyecto/Mapeo3D_LiDAR2D/install/my_subscriber_pkg:/opt/ros/humble /usr/bin/cmake /home/juan/Robotics/Proyecto/Mapeo3D_LiDAR2D/src/RAS/src/vonns2-main/vonns2_reconstruction -DAMENT_CMAKE_SYMLINK_INSTALL=1 -DCMAKE_INSTALL_PREFIX=/home/juan/Robotics/Proyecto/Mapeo3D_LiDAR2D/install/vonns2_reconstruction
[26.936s] DEBUG:colcon.colcon_core.event_handler.log_command:Invoking command in '/home/juan/Robotics/Proyecto/Mapeo3D_LiDAR2D/build/vonns2_reconstruction': CMAKE_PREFIX_PATH=${CMAKE_PREFIX_PATH}:/home/juan/Robotics/Proyecto/Mapeo3D_LiDAR2D/install/robot_description:/home/juan/Robotics/Proyecto/Mapeo3D_LiDAR2D/install/navigation_pkg:/home/juan/Robotics/Proyecto/Mapeo3D_LiDAR2D/install/my_subscriber_pkg:/opt/ros/humble /usr/bin/cmake --build /home/juan/Robotics/Proyecto/Mapeo3D_LiDAR2D/build/vonns2_reconstruction -- -j12 -l12
[30.017s] DEBUG:colcon.colcon_core.event_handler.log_command:Invoked command in '/home/juan/Robotics/Proyecto/Mapeo3D_LiDAR2D/build/vonns2_bringup' returned '0': CMAKE_PREFIX_PATH=${CMAKE_PREFIX_PATH}:/home/juan/Robotics/Proyecto/Mapeo3D_LiDAR2D/install/robot_description:/home/juan/Robotics/Proyecto/Mapeo3D_LiDAR2D/install/navigation_pkg:/home/juan/Robotics/Proyecto/Mapeo3D_LiDAR2D/install/my_subscriber_pkg:/opt/ros/humble /usr/bin/cmake --build /home/juan/Robotics/Proyecto/Mapeo3D_LiDAR2D/build/vonns2_bringup -- -j12 -l12
[30.089s] DEBUG:colcon.colcon_core.event_handler.log_command:Invoking command in '/home/juan/Robotics/Proyecto/Mapeo3D_LiDAR2D/build/vonns2_bringup': CMAKE_PREFIX_PATH=${CMAKE_PREFIX_PATH}:/home/juan/Robotics/Proyecto/Mapeo3D_LiDAR2D/install/robot_description:/home/juan/Robotics/Proyecto/Mapeo3D_LiDAR2D/install/navigation_pkg:/home/juan/Robotics/Proyecto/Mapeo3D_LiDAR2D/install/my_subscriber_pkg:/opt/ros/humble /usr/bin/cmake --install /home/juan/Robotics/Proyecto/Mapeo3D_LiDAR2D/build/vonns2_bringup
[30.706s] Level 1:colcon.colcon_core.environment:create_environment_scripts_only(vonns2_bringup)
[30.706s] Level 1:colcon.colcon_core.environment:checking '/home/juan/Robotics/Proyecto/Mapeo3D_LiDAR2D/install/vonns2_bringup' for CMake module files
[30.707s] DEBUG:colcon.colcon_core.event_handler.log_command:Invoked command in '/home/juan/Robotics/Proyecto/Mapeo3D_LiDAR2D/build/vonns2_bringup' returned '0': CMAKE_PREFIX_PATH=${CMAKE_PREFIX_PATH}:/home/juan/Robotics/Proyecto/Mapeo3D_LiDAR2D/install/robot_description:/home/juan/Robotics/Proyecto/Mapeo3D_LiDAR2D/install/navigation_pkg:/home/juan/Robotics/Proyecto/Mapeo3D_LiDAR2D/install/my_subscriber_pkg:/opt/ros/humble /usr/bin/cmake --install /home/juan/Robotics/Proyecto/Mapeo3D_LiDAR2D/build/vonns2_bringup
[30.707s] Level 1:colcon.colcon_core.environment:checking '/home/juan/Robotics/Proyecto/Mapeo3D_LiDAR2D/install/vonns2_bringup' for CMake config files
[30.708s] Level 1:colcon.colcon_core.shell:create_environment_hook('vonns2_bringup', 'cmake_prefix_path')
[30.708s] INFO:colcon.colcon_core.shell:Creating environment hook '/home/juan/Robotics/Proyecto/Mapeo3D_LiDAR2D/install/vonns2_bringup/share/vonns2_bringup/hook/cmake_prefix_path.ps1'
[30.709s] INFO:colcon.colcon_core.shell:Creating environment descriptor '/home/juan/Robotics/Proyecto/Mapeo3D_LiDAR2D/install/vonns2_bringup/share/vonns2_bringup/hook/cmake_prefix_path.dsv'
[30.709s] INFO:colcon.colcon_core.shell:Creating environment hook '/home/juan/Robotics/Proyecto/Mapeo3D_LiDAR2D/install/vonns2_bringup/share/vonns2_bringup/hook/cmake_prefix_path.sh'
[30.710s] Level 1:colcon.colcon_core.environment:checking '/home/juan/Robotics/Proyecto/Mapeo3D_LiDAR2D/install/vonns2_bringup/lib'
[30.710s] Level 1:colcon.colcon_core.environment:checking '/home/juan/Robotics/Proyecto/Mapeo3D_LiDAR2D/install/vonns2_bringup/bin'
[30.710s] Level 1:colcon.colcon_core.environment:checking '/home/juan/Robotics/Proyecto/Mapeo3D_LiDAR2D/install/vonns2_bringup/lib/pkgconfig/vonns2_bringup.pc'
[30.710s] Level 1:colcon.colcon_core.environment:checking '/home/juan/Robotics/Proyecto/Mapeo3D_LiDAR2D/install/vonns2_bringup/lib/python3.10/site-packages'
[30.710s] Level 1:colcon.colcon_core.environment:checking '/home/juan/Robotics/Proyecto/Mapeo3D_LiDAR2D/install/vonns2_bringup/bin'
[30.711s] INFO:colcon.colcon_core.shell:Creating package script '/home/juan/Robotics/Proyecto/Mapeo3D_LiDAR2D/install/vonns2_bringup/share/vonns2_bringup/package.ps1'
[30.711s] INFO:colcon.colcon_core.shell:Creating package descriptor '/home/juan/Robotics/Proyecto/Mapeo3D_LiDAR2D/install/vonns2_bringup/share/vonns2_bringup/package.dsv'
[30.712s] INFO:colcon.colcon_core.shell:Creating package script '/home/juan/Robotics/Proyecto/Mapeo3D_LiDAR2D/install/vonns2_bringup/share/vonns2_bringup/package.sh'
[30.712s] INFO:colcon.colcon_core.shell:Creating package script '/home/juan/Robotics/Proyecto/Mapeo3D_LiDAR2D/install/vonns2_bringup/share/vonns2_bringup/package.bash'
[30.713s] INFO:colcon.colcon_core.shell:Creating package script '/home/juan/Robotics/Proyecto/Mapeo3D_LiDAR2D/install/vonns2_bringup/share/vonns2_bringup/package.zsh'
[30.713s] Level 1:colcon.colcon_core.environment:create_file_with_runtime_dependencies(/home/juan/Robotics/Proyecto/Mapeo3D_LiDAR2D/install/vonns2_bringup/share/colcon-core/packages/vonns2_bringup)
[30.764s] Level 1:colcon.colcon_core.environment:create_environment_scripts_only(vonns2_bringup)
[30.764s] Level 1:colcon.colcon_core.environment:checking '/home/juan/Robotics/Proyecto/Mapeo3D_LiDAR2D/install/vonns2_bringup' for CMake module files
[30.765s] Level 1:colcon.colcon_core.environment:checking '/home/juan/Robotics/Proyecto/Mapeo3D_LiDAR2D/install/vonns2_bringup' for CMake config files
[30.766s] Level 1:colcon.colcon_core.shell:create_environment_hook('vonns2_bringup', 'cmake_prefix_path')
[30.766s] INFO:colcon.colcon_core.shell:Creating environment hook '/home/juan/Robotics/Proyecto/Mapeo3D_LiDAR2D/install/vonns2_bringup/share/vonns2_bringup/hook/cmake_prefix_path.ps1'
[30.767s] INFO:colcon.colcon_core.shell:Creating environment descriptor '/home/juan/Robotics/Proyecto/Mapeo3D_LiDAR2D/install/vonns2_bringup/share/vonns2_bringup/hook/cmake_prefix_path.dsv'
[30.767s] INFO:colcon.colcon_core.shell:Creating environment hook '/home/juan/Robotics/Proyecto/Mapeo3D_LiDAR2D/install/vonns2_bringup/share/vonns2_bringup/hook/cmake_prefix_path.sh'
[30.769s] Level 1:colcon.colcon_core.environment:checking '/home/juan/Robotics/Proyecto/Mapeo3D_LiDAR2D/install/vonns2_bringup/lib'
[30.769s] Level 1:colcon.colcon_core.environment:checking '/home/juan/Robotics/Proyecto/Mapeo3D_LiDAR2D/install/vonns2_bringup/bin'
[30.769s] Level 1:colcon.colcon_core.environment:checking '/home/juan/Robotics/Proyecto/Mapeo3D_LiDAR2D/install/vonns2_bringup/lib/pkgconfig/vonns2_bringup.pc'
[30.769s] Level 1:colcon.colcon_core.environment:checking '/home/juan/Robotics/Proyecto/Mapeo3D_LiDAR2D/install/vonns2_bringup/lib/python3.10/site-packages'
[30.770s] Level 1:colcon.colcon_core.environment:checking '/home/juan/Robotics/Proyecto/Mapeo3D_LiDAR2D/install/vonns2_bringup/bin'
[30.770s] INFO:colcon.colcon_core.shell:Creating package script '/home/juan/Robotics/Proyecto/Mapeo3D_LiDAR2D/install/vonns2_bringup/share/vonns2_bringup/package.ps1'
[30.771s] INFO:colcon.colcon_core.shell:Creating package descriptor '/home/juan/Robotics/Proyecto/Mapeo3D_LiDAR2D/install/vonns2_bringup/share/vonns2_bringup/package.dsv'
[30.772s] INFO:colcon.colcon_core.shell:Creating package script '/home/juan/Robotics/Proyecto/Mapeo3D_LiDAR2D/install/vonns2_bringup/share/vonns2_bringup/package.sh'
[30.773s] INFO:colcon.colcon_core.shell:Creating package script '/home/juan/Robotics/Proyecto/Mapeo3D_LiDAR2D/install/vonns2_bringup/share/vonns2_bringup/package.bash'
[30.774s] INFO:colcon.colcon_core.shell:Creating package script '/home/juan/Robotics/Proyecto/Mapeo3D_LiDAR2D/install/vonns2_bringup/share/vonns2_bringup/package.zsh'
[30.774s] Level 1:colcon.colcon_core.environment:create_file_with_runtime_dependencies(/home/juan/Robotics/Proyecto/Mapeo3D_LiDAR2D/install/vonns2_bringup/share/colcon-core/packages/vonns2_bringup)
[54.529s] DEBUG:colcon.colcon_core.event_handler.log_command:Invoked command in '/home/juan/Robotics/Proyecto/Mapeo3D_LiDAR2D/build/vonns2_reconstruction' returned '0': CMAKE_PREFIX_PATH=${CMAKE_PREFIX_PATH}:/home/juan/Robotics/Proyecto/Mapeo3D_LiDAR2D/install/robot_description:/home/juan/Robotics/Proyecto/Mapeo3D_LiDAR2D/install/navigation_pkg:/home/juan/Robotics/Proyecto/Mapeo3D_LiDAR2D/install/my_subscriber_pkg:/opt/ros/humble /usr/bin/cmake --build /home/juan/Robotics/Proyecto/Mapeo3D_LiDAR2D/build/vonns2_reconstruction -- -j12 -l12
[54.605s] DEBUG:colcon.colcon_core.event_handler.log_command:Invoking command in '/home/juan/Robotics/Proyecto/Mapeo3D_LiDAR2D/build/vonns2_reconstruction': CMAKE_PREFIX_PATH=${CMAKE_PREFIX_PATH}:/home/juan/Robotics/Proyecto/Mapeo3D_LiDAR2D/install/robot_description:/home/juan/Robotics/Proyecto/Mapeo3D_LiDAR2D/install/navigation_pkg:/home/juan/Robotics/Proyecto/Mapeo3D_LiDAR2D/install/my_subscriber_pkg:/opt/ros/humble /usr/bin/cmake --install /home/juan/Robotics/Proyecto/Mapeo3D_LiDAR2D/build/vonns2_reconstruction
[55.313s] Level 1:colcon.colcon_core.environment:create_environment_scripts_only(vonns2_reconstruction)
[55.313s] Level 1:colcon.colcon_core.environment:checking '/home/juan/Robotics/Proyecto/Mapeo3D_LiDAR2D/install/vonns2_reconstruction' for CMake module files
[55.314s] DEBUG:colcon.colcon_core.event_handler.log_command:Invoked command in '/home/juan/Robotics/Proyecto/Mapeo3D_LiDAR2D/build/vonns2_reconstruction' returned '0': CMAKE_PREFIX_PATH=${CMAKE_PREFIX_PATH}:/home/juan/Robotics/Proyecto/Mapeo3D_LiDAR2D/install/robot_description:/home/juan/Robotics/Proyecto/Mapeo3D_LiDAR2D/install/navigation_pkg:/home/juan/Robotics/Proyecto/Mapeo3D_LiDAR2D/install/my_subscriber_pkg:/opt/ros/humble /usr/bin/cmake --install /home/juan/Robotics/Proyecto/Mapeo3D_LiDAR2D/build/vonns2_reconstruction
[55.315s] Level 1:colcon.colcon_core.environment:checking '/home/juan/Robotics/Proyecto/Mapeo3D_LiDAR2D/install/vonns2_reconstruction' for CMake config files
[55.316s] Level 1:colcon.colcon_core.shell:create_environment_hook('vonns2_reconstruction', 'cmake_prefix_path')
[55.317s] INFO:colcon.colcon_core.shell:Creating environment hook '/home/juan/Robotics/Proyecto/Mapeo3D_LiDAR2D/install/vonns2_reconstruction/share/vonns2_reconstruction/hook/cmake_prefix_path.ps1'
[55.317s] INFO:colcon.colcon_core.shell:Creating environment descriptor '/home/juan/Robotics/Proyecto/Mapeo3D_LiDAR2D/install/vonns2_reconstruction/share/vonns2_reconstruction/hook/cmake_prefix_path.dsv'
[55.318s] INFO:colcon.colcon_core.shell:Creating environment hook '/home/juan/Robotics/Proyecto/Mapeo3D_LiDAR2D/install/vonns2_reconstruction/share/vonns2_reconstruction/hook/cmake_prefix_path.sh'
[55.319s] Level 1:colcon.colcon_core.environment:checking '/home/juan/Robotics/Proyecto/Mapeo3D_LiDAR2D/install/vonns2_reconstruction/lib'
[55.319s] Level 1:colcon.colcon_core.environment:checking '/home/juan/Robotics/Proyecto/Mapeo3D_LiDAR2D/install/vonns2_reconstruction/bin'
[55.319s] Level 1:colcon.colcon_core.environment:checking '/home/juan/Robotics/Proyecto/Mapeo3D_LiDAR2D/install/vonns2_reconstruction/lib/pkgconfig/vonns2_reconstruction.pc'
[55.320s] Level 1:colcon.colcon_core.environment:checking '/home/juan/Robotics/Proyecto/Mapeo3D_LiDAR2D/install/vonns2_reconstruction/lib/python3.10/site-packages'
[55.320s] Level 1:colcon.colcon_core.environment:checking '/home/juan/Robotics/Proyecto/Mapeo3D_LiDAR2D/install/vonns2_reconstruction/bin'
[55.321s] INFO:colcon.colcon_core.shell:Creating package script '/home/juan/Robotics/Proyecto/Mapeo3D_LiDAR2D/install/vonns2_reconstruction/share/vonns2_reconstruction/package.ps1'
[55.322s] INFO:colcon.colcon_core.shell:Creating package descriptor '/home/juan/Robotics/Proyecto/Mapeo3D_LiDAR2D/install/vonns2_reconstruction/share/vonns2_reconstruction/package.dsv'
[55.322s] INFO:colcon.colcon_core.shell:Creating package script '/home/juan/Robotics/Proyecto/Mapeo3D_LiDAR2D/install/vonns2_reconstruction/share/vonns2_reconstruction/package.sh'
[55.323s] INFO:colcon.colcon_core.shell:Creating package script '/home/juan/Robotics/Proyecto/Mapeo3D_LiDAR2D/install/vonns2_reconstruction/share/vonns2_reconstruction/package.bash'
[55.324s] INFO:colcon.colcon_core.shell:Creating package script '/home/juan/Robotics/Proyecto/Mapeo3D_LiDAR2D/install/vonns2_reconstruction/share/vonns2_reconstruction/package.zsh'
[55.324s] Level 1:colcon.colcon_core.environment:create_file_with_runtime_dependencies(/home/juan/Robotics/Proyecto/Mapeo3D_LiDAR2D/install/vonns2_reconstruction/share/colcon-core/packages/vonns2_reconstruction)
[55.409s] Level 1:colcon.colcon_core.environment:create_environment_scripts_only(vonns2_reconstruction)
[55.410s] Level 1:colcon.colcon_core.environment:checking '/home/juan/Robotics/Proyecto/Mapeo3D_LiDAR2D/install/vonns2_reconstruction' for CMake module files
[55.411s] Level 1:colcon.colcon_core.environment:checking '/home/juan/Robotics/Proyecto/Mapeo3D_LiDAR2D/install/vonns2_reconstruction' for CMake config files
[55.411s] Level 1:colcon.colcon_core.shell:create_environment_hook('vonns2_reconstruction', 'cmake_prefix_path')
[55.412s] INFO:colcon.colcon_core.shell:Creating environment hook '/home/juan/Robotics/Proyecto/Mapeo3D_LiDAR2D/install/vonns2_reconstruction/share/vonns2_reconstruction/hook/cmake_prefix_path.ps1'
[55.413s] INFO:colcon.colcon_core.shell:Creating environment descriptor '/home/juan/Robotics/Proyecto/Mapeo3D_LiDAR2D/install/vonns2_reconstruction/share/vonns2_reconstruction/hook/cmake_prefix_path.dsv'
[55.413s] INFO:colcon.colcon_core.shell:Creating environment hook '/home/juan/Robotics/Proyecto/Mapeo3D_LiDAR2D/install/vonns2_reconstruction/share/vonns2_reconstruction/hook/cmake_prefix_path.sh'
[55.414s] Level 1:colcon.colcon_core.environment:checking '/home/juan/Robotics/Proyecto/Mapeo3D_LiDAR2D/install/vonns2_reconstruction/lib'
[55.415s] Level 1:colcon.colcon_core.environment:checking '/home/juan/Robotics/Proyecto/Mapeo3D_LiDAR2D/install/vonns2_reconstruction/bin'
[55.415s] Level 1:colcon.colcon_core.environment:checking '/home/juan/Robotics/Proyecto/Mapeo3D_LiDAR2D/install/vonns2_reconstruction/lib/pkgconfig/vonns2_reconstruction.pc'
[55.415s] Level 1:colcon.colcon_core.environment:checking '/home/juan/Robotics/Proyecto/Mapeo3D_LiDAR2D/install/vonns2_reconstruction/lib/python3.10/site-packages'
[55.416s] Level 1:colcon.colcon_core.environment:checking '/home/juan/Robotics/Proyecto/Mapeo3D_LiDAR2D/install/vonns2_reconstruction/bin'
[55.416s] INFO:colcon.colcon_core.shell:Creating package script '/home/juan/Robotics/Proyecto/Mapeo3D_LiDAR2D/install/vonns2_reconstruction/share/vonns2_reconstruction/package.ps1'
[55.418s] INFO:colcon.colcon_core.shell:Creating package descriptor '/home/juan/Robotics/Proyecto/Mapeo3D_LiDAR2D/install/vonns2_reconstruction/share/vonns2_reconstruction/package.dsv'
[55.419s] INFO:colcon.colcon_core.shell:Creating package script '/home/juan/Robotics/Proyecto/Mapeo3D_LiDAR2D/install/vonns2_reconstruction/share/vonns2_reconstruction/package.sh'
[55.419s] INFO:colcon.colcon_core.shell:Creating package script '/home/juan/Robotics/Proyecto/Mapeo3D_LiDAR2D/install/vonns2_reconstruction/share/vonns2_reconstruction/package.bash'
[55.420s] INFO:colcon.colcon_core.shell:Creating package script '/home/juan/Robotics/Proyecto/Mapeo3D_LiDAR2D/install/vonns2_reconstruction/share/vonns2_reconstruction/package.zsh'
[55.421s] Level 1:colcon.colcon_core.environment:create_file_with_runtime_dependencies(/home/juan/Robotics/Proyecto/Mapeo3D_LiDAR2D/install/vonns2_reconstruction/share/colcon-core/packages/vonns2_reconstruction)
[55.421s] DEBUG:colcon.colcon_parallel_executor.executor.parallel:closing loop
[55.422s] DEBUG:colcon.colcon_parallel_executor.executor.parallel:loop closed
[55.422s] DEBUG:colcon.colcon_parallel_executor.executor.parallel:run_until_complete finished with '0'
[55.423s] DEBUG:colcon.colcon_core.event_reactor:joining thread
[55.454s] INFO:colcon.colcon_core.plugin_system:Skipping extension 'colcon_notification.desktop_notification.terminal_notifier': Not used on non-Darwin systems
[55.455s] INFO:colcon.colcon_core.plugin_system:Skipping extension 'colcon_notification.desktop_notification.win32': Not used on non-Windows systems
[55.455s] INFO:colcon.colcon_notification.desktop_notification:Sending desktop notification using 'notify2'
[55.494s] DEBUG:colcon.colcon_core.event_reactor:joined thread
[55.495s] INFO:colcon.colcon_core.shell:Creating prefix script '/home/juan/Robotics/Proyecto/Mapeo3D_LiDAR2D/install/local_setup.ps1'
[55.508s] INFO:colcon.colcon_core.shell:Creating prefix util module '/home/juan/Robotics/Proyecto/Mapeo3D_LiDAR2D/install/_local_setup_util_ps1.py'
[55.568s] INFO:colcon.colcon_core.shell:Creating prefix chain script '/home/juan/Robotics/Proyecto/Mapeo3D_LiDAR2D/install/setup.ps1'
[55.572s] INFO:colcon.colcon_core.shell:Creating prefix script '/home/juan/Robotics/Proyecto/Mapeo3D_LiDAR2D/install/local_setup.sh'
[55.574s] INFO:colcon.colcon_core.shell:Creating prefix util module '/home/juan/Robotics/Proyecto/Mapeo3D_LiDAR2D/install/_local_setup_util_sh.py'
[55.575s] INFO:colcon.colcon_core.shell:Creating prefix chain script '/home/juan/Robotics/Proyecto/Mapeo3D_LiDAR2D/install/setup.sh'
[55.578s] INFO:colcon.colcon_core.shell:Creating prefix script '/home/juan/Robotics/Proyecto/Mapeo3D_LiDAR2D/install/local_setup.bash'
[55.598s] INFO:colcon.colcon_core.shell:Creating prefix chain script '/home/juan/Robotics/Proyecto/Mapeo3D_LiDAR2D/install/setup.bash'
[55.601s] INFO:colcon.colcon_core.shell:Creating prefix script '/home/juan/Robotics/Proyecto/Mapeo3D_LiDAR2D/install/local_setup.zsh'
[55.640s] INFO:colcon.colcon_core.shell:Creating prefix chain script '/home/juan/Robotics/Proyecto/Mapeo3D_LiDAR2D/install/setup.zsh'
