[0.040s] Invoking command in '/home/nicolas/RAS/build/vonns2_bringup': CMAKE_PREFIX_PATH=${CMAKE_PREFIX_PATH}:/opt/ros/humble /usr/bin/cmake /home/nicolas/RAS/src/vonns2-main/vonns2_bringup -DCMAKE_INSTALL_PREFIX=/home/nicolas/RAS/install/vonns2_bringup
[0.349s] -- The C compiler identification is GNU 11.4.0
[0.629s] -- The CXX compiler identification is GNU 11.4.0
[0.665s] -- Detecting C compiler ABI info
[0.814s] -- Detecting C compiler ABI info - done
[0.831s] -- Check for working C compiler: /usr/bin/cc - skipped
[0.831s] -- Detecting C compile features
[0.832s] -- Detecting C compile features - done
[0.841s] -- Detecting CXX compiler ABI info
[0.997s] -- Detecting CXX compiler ABI info - done
[1.012s] -- Check for working CXX compiler: /usr/bin/c++ - skipped
[1.014s] -- Detecting CXX compile features
[1.015s] -- Detecting CXX compile features - done
[1.025s] -- Found ament_cmake: 1.3.9 (/opt/ros/humble/share/ament_cmake/cmake)
[1.362s] -- Found Python3: /usr/bin/python3 (found version "3.10.12") found components: Interpreter 
[1.565s] -- Found rclpy: 3.3.13 (/opt/ros/humble/share/rclpy/cmake)
[1.567s] -- Found rclcpp: 16.0.9 (/opt/ros/humble/share/rclcpp/cmake)
[1.667s] -- Found rosidl_generator_c: 3.1.5 (/opt/ros/humble/share/rosidl_generator_c/cmake)
[1.679s] -- Found rosidl_adapter: 3.1.5 (/opt/ros/humble/share/rosidl_adapter/cmake)
[1.700s] -- Found rosidl_generator_cpp: 3.1.5 (/opt/ros/humble/share/rosidl_generator_cpp/cmake)
[1.733s] -- Using all available rosidl_typesupport_c: rosidl_typesupport_fastrtps_c;rosidl_typesupport_introspection_c
[1.778s] -- Using all available rosidl_typesupport_cpp: rosidl_typesupport_fastrtps_cpp;rosidl_typesupport_introspection_cpp
[1.945s] -- Found rmw_implementation_cmake: 6.1.2 (/opt/ros/humble/share/rmw_implementation_cmake/cmake)
[1.951s] -- Found rmw_fastrtps_cpp: 6.2.6 (/opt/ros/humble/share/rmw_fastrtps_cpp/cmake)
[2.177s] -- Found OpenSSL: /usr/lib/x86_64-linux-gnu/libcrypto.so (found version "3.0.2")  
[2.229s] -- Found FastRTPS: /opt/ros/humble/include  
[2.323s] -- Using RMW implementation 'rmw_fastrtps_cpp' as default
[2.352s] -- Looking for pthread.h
[2.502s] -- Looking for pthread.h - found
[2.503s] -- Performing Test CMAKE_HAVE_LIBC_PTHREAD
[2.716s] -- Performing Test CMAKE_HAVE_LIBC_PTHREAD - Success
[2.719s] -- Found Threads: TRUE  
[3.135s] -- Found sensor_msgs: 4.2.3 (/opt/ros/humble/share/sensor_msgs/cmake)
[3.631s] -- Found ament_lint_auto: 0.12.11 (/opt/ros/humble/share/ament_lint_auto/cmake)
[3.803s] -- Added test 'cppcheck' to perform static code analysis on C / C++ code
[3.804s] -- Configured cppcheck include dirs: 
[3.804s] -- Configured cppcheck exclude dirs and/or files: 
[3.805s] -- Added test 'flake8' to check Python code syntax and style conventions
[3.806s] -- Added test 'lint_cmake' to check CMake code style
[3.807s] -- Added test 'pep257' to check Python code against some of the docstring style conventions in PEP 257
[3.809s] -- Added test 'uncrustify' to check C / C++ code style
[3.809s] -- Configured uncrustify additional arguments: 
[3.810s] -- Added test 'xmllint' to check XML markup files
[3.812s] -- Configuring done
[3.844s] -- Generating done
[3.844s] -- Build files have been written to: /home/nicolas/RAS/build/vonns2_bringup
[3.852s] Invoked command in '/home/nicolas/RAS/build/vonns2_bringup' returned '0': CMAKE_PREFIX_PATH=${CMAKE_PREFIX_PATH}:/opt/ros/humble /usr/bin/cmake /home/nicolas/RAS/src/vonns2-main/vonns2_bringup -DCMAKE_INSTALL_PREFIX=/home/nicolas/RAS/install/vonns2_bringup
[3.856s] Invoking command in '/home/nicolas/RAS/build/vonns2_bringup': CMAKE_PREFIX_PATH=${CMAKE_PREFIX_PATH}:/opt/ros/humble /usr/bin/cmake --build /home/nicolas/RAS/build/vonns2_bringup -- -j2 -l2
[4.009s] [ 50%] [32mBuilding CXX object CMakeFiles/tf_broadcaster.dir/src/tf_broadcaster.cpp.o[0m
[4.022s] [ 50%] Built target ament_cmake_python_copy_scripts
[4.637s] running egg_info
[4.639s] creating scripts.egg-info
[4.640s] writing scripts.egg-info/PKG-INFO
[4.641s] writing dependency_links to scripts.egg-info/dependency_links.txt
[4.641s] writing top-level names to scripts.egg-info/top_level.txt
[4.642s] writing manifest file 'scripts.egg-info/SOURCES.txt'
[4.679s] reading manifest file 'scripts.egg-info/SOURCES.txt'
[4.679s] writing manifest file 'scripts.egg-info/SOURCES.txt'
[4.709s] [ 50%] Built target ament_cmake_python_build_scripts_egg
[30.202s] [100%] [32m[1mLinking CXX executable tf_broadcaster[0m
[32.100s] [100%] Built target tf_broadcaster
[32.161s] Invoked command in '/home/nicolas/RAS/build/vonns2_bringup' returned '0': CMAKE_PREFIX_PATH=${CMAKE_PREFIX_PATH}:/opt/ros/humble /usr/bin/cmake --build /home/nicolas/RAS/build/vonns2_bringup -- -j2 -l2
[32.419s] Invoking command in '/home/nicolas/RAS/build/vonns2_bringup': CMAKE_PREFIX_PATH=${CMAKE_PREFIX_PATH}:/opt/ros/humble /usr/bin/cmake --install /home/nicolas/RAS/build/vonns2_bringup
[32.454s] -- Install configuration: ""
[32.456s] -- Installing: /home/nicolas/RAS/install/vonns2_bringup/lib/vonns2_bringup/tf_broadcaster
[32.469s] -- Set runtime path of "/home/nicolas/RAS/install/vonns2_bringup/lib/vonns2_bringup/tf_broadcaster" to ""
[32.470s] -- Installing: /home/nicolas/RAS/install/vonns2_bringup/share/vonns2_bringup/environment/pythonpath.sh
[32.471s] -- Installing: /home/nicolas/RAS/install/vonns2_bringup/share/vonns2_bringup/environment/pythonpath.dsv
[32.472s] -- Installing: /home/nicolas/RAS/install/vonns2_bringup/local/lib/python3.10/dist-packages/scripts-0.0.0-py3.10.egg-info
[32.473s] -- Installing: /home/nicolas/RAS/install/vonns2_bringup/local/lib/python3.10/dist-packages/scripts-0.0.0-py3.10.egg-info/SOURCES.txt
[32.474s] -- Installing: /home/nicolas/RAS/install/vonns2_bringup/local/lib/python3.10/dist-packages/scripts-0.0.0-py3.10.egg-info/dependency_links.txt
[32.474s] -- Installing: /home/nicolas/RAS/install/vonns2_bringup/local/lib/python3.10/dist-packages/scripts-0.0.0-py3.10.egg-info/top_level.txt
[32.475s] -- Installing: /home/nicolas/RAS/install/vonns2_bringup/local/lib/python3.10/dist-packages/scripts-0.0.0-py3.10.egg-info/PKG-INFO
[32.476s] -- Installing: /home/nicolas/RAS/install/vonns2_bringup/local/lib/python3.10/dist-packages/scripts
[32.476s] -- Installing: /home/nicolas/RAS/install/vonns2_bringup/local/lib/python3.10/dist-packages/scripts/serial_port_reader.py
[32.477s] -- Installing: /home/nicolas/RAS/install/vonns2_bringup/local/lib/python3.10/dist-packages/scripts/__init__.py
[32.641s] Listing '/home/nicolas/RAS/install/vonns2_bringup/local/lib/python3.10/dist-packages/scripts'...
[32.641s] Compiling '/home/nicolas/RAS/install/vonns2_bringup/local/lib/python3.10/dist-packages/scripts/__init__.py'...
[32.642s] Compiling '/home/nicolas/RAS/install/vonns2_bringup/local/lib/python3.10/dist-packages/scripts/serial_port_reader.py'...
[32.658s] -- Installing: /home/nicolas/RAS/install/vonns2_bringup/lib/vonns2_bringup/serial_port_reader.py
[32.659s] -- Installing: /home/nicolas/RAS/install/vonns2_bringup/share/vonns2_bringup/launch
[32.661s] -- Installing: /home/nicolas/RAS/install/vonns2_bringup/share/vonns2_bringup/launch/robot_state_publisher.launch.py
[32.662s] -- Installing: /home/nicolas/RAS/install/vonns2_bringup/share/vonns2_bringup/launch/robot.launch.py
[32.663s] -- Installing: /home/nicolas/RAS/install/vonns2_bringup/share/ament_index/resource_index/package_run_dependencies/vonns2_bringup
[32.665s] -- Installing: /home/nicolas/RAS/install/vonns2_bringup/share/ament_index/resource_index/parent_prefix_path/vonns2_bringup
[32.666s] -- Installing: /home/nicolas/RAS/install/vonns2_bringup/share/vonns2_bringup/environment/ament_prefix_path.sh
[32.667s] -- Installing: /home/nicolas/RAS/install/vonns2_bringup/share/vonns2_bringup/environment/ament_prefix_path.dsv
[32.668s] -- Installing: /home/nicolas/RAS/install/vonns2_bringup/share/vonns2_bringup/environment/path.sh
[32.669s] -- Installing: /home/nicolas/RAS/install/vonns2_bringup/share/vonns2_bringup/environment/path.dsv
[32.730s] -- Installing: /home/nicolas/RAS/install/vonns2_bringup/share/vonns2_bringup/local_setup.bash
[32.738s] -- Installing: /home/nicolas/RAS/install/vonns2_bringup/share/vonns2_bringup/local_setup.sh
[32.738s] -- Installing: /home/nicolas/RAS/install/vonns2_bringup/share/vonns2_bringup/local_setup.zsh
[32.738s] -- Installing: /home/nicolas/RAS/install/vonns2_bringup/share/vonns2_bringup/local_setup.dsv
[32.739s] -- Installing: /home/nicolas/RAS/install/vonns2_bringup/share/vonns2_bringup/package.dsv
[32.740s] -- Installing: /home/nicolas/RAS/install/vonns2_bringup/share/ament_index/resource_index/packages/vonns2_bringup
[32.740s] -- Installing: /home/nicolas/RAS/install/vonns2_bringup/share/vonns2_bringup/cmake/vonns2_bringupConfig.cmake
[32.741s] -- Installing: /home/nicolas/RAS/install/vonns2_bringup/share/vonns2_bringup/cmake/vonns2_bringupConfig-version.cmake
[32.741s] -- Installing: /home/nicolas/RAS/install/vonns2_bringup/share/vonns2_bringup/package.xml
[32.750s] Invoked command in '/home/nicolas/RAS/build/vonns2_bringup' returned '0': CMAKE_PREFIX_PATH=${CMAKE_PREFIX_PATH}:/opt/ros/humble /usr/bin/cmake --install /home/nicolas/RAS/build/vonns2_bringup
