[0.713s] Invoking command in '/home/juan/Robotics/Proyecto/Mapeo3D_LiDAR2D/build/vonns2_gazebo': CMAKE_PREFIX_PATH=${CMAKE_PREFIX_PATH}:/home/juan/Robotics/Proyecto/Mapeo3D_LiDAR2D/install/robot_description:/home/juan/Robotics/Proyecto/Mapeo3D_LiDAR2D/install/navigation_pkg:/home/juan/Robotics/Proyecto/Mapeo3D_LiDAR2D/install/my_subscriber_pkg:/opt/ros/humble /usr/bin/cmake --build /home/juan/Robotics/Proyecto/Mapeo3D_LiDAR2D/build/vonns2_gazebo -- -j12 -l12
[0.782s] Built target ament_cmake_python_symlink_scripts
[1.040s] running egg_info
[1.061s] writing scripts.egg-info/PKG-INFO
[1.061s] writing dependency_links to scripts.egg-info/dependency_links.txt
[1.062s] writing top-level names to scripts.egg-info/top_level.txt
[1.132s] reading manifest file 'scripts.egg-info/SOURCES.txt'
[1.132s] writing manifest file 'scripts.egg-info/SOURCES.txt'
[1.180s] Built target ament_cmake_python_build_scripts_egg
[1.197s] Invoked command in '/home/juan/Robotics/Proyecto/Mapeo3D_LiDAR2D/build/vonns2_gazebo' returned '0': CMAKE_PREFIX_PATH=${CMAKE_PREFIX_PATH}:/home/juan/Robotics/Proyecto/Mapeo3D_LiDAR2D/install/robot_description:/home/juan/Robotics/Proyecto/Mapeo3D_LiDAR2D/install/navigation_pkg:/home/juan/Robotics/Proyecto/Mapeo3D_LiDAR2D/install/my_subscriber_pkg:/opt/ros/humble /usr/bin/cmake --build /home/juan/Robotics/Proyecto/Mapeo3D_LiDAR2D/build/vonns2_gazebo -- -j12 -l12
[1.239s] Invoking command in '/home/juan/Robotics/Proyecto/Mapeo3D_LiDAR2D/build/vonns2_gazebo': CMAKE_PREFIX_PATH=${CMAKE_PREFIX_PATH}:/home/juan/Robotics/Proyecto/Mapeo3D_LiDAR2D/install/robot_description:/home/juan/Robotics/Proyecto/Mapeo3D_LiDAR2D/install/navigation_pkg:/home/juan/Robotics/Proyecto/Mapeo3D_LiDAR2D/install/my_subscriber_pkg:/opt/ros/humble /usr/bin/cmake --install /home/juan/Robotics/Proyecto/Mapeo3D_LiDAR2D/build/vonns2_gazebo
[1.248s] -- Install configuration: ""
[1.249s] -- Execute custom install script
[1.249s] -- Up-to-date symlink: /home/juan/Robotics/Proyecto/Mapeo3D_LiDAR2D/install/vonns2_gazebo/share/vonns2_gazebo/environment/pythonpath.sh
[1.249s] -- Up-to-date symlink: /home/juan/Robotics/Proyecto/Mapeo3D_LiDAR2D/install/vonns2_gazebo/share/vonns2_gazebo/environment/pythonpath.dsv
[1.250s] -- Up-to-date symlink: /home/juan/Robotics/Proyecto/Mapeo3D_LiDAR2D/install/vonns2_gazebo/local/lib/python3.10/dist-packages/scripts-0.0.0-py3.10.egg-info/PKG-INFO
[1.250s] -- Up-to-date symlink: /home/juan/Robotics/Proyecto/Mapeo3D_LiDAR2D/install/vonns2_gazebo/local/lib/python3.10/dist-packages/scripts-0.0.0-py3.10.egg-info/SOURCES.txt
[1.250s] -- Up-to-date symlink: /home/juan/Robotics/Proyecto/Mapeo3D_LiDAR2D/install/vonns2_gazebo/local/lib/python3.10/dist-packages/scripts-0.0.0-py3.10.egg-info/dependency_links.txt
[1.250s] -- Up-to-date symlink: /home/juan/Robotics/Proyecto/Mapeo3D_LiDAR2D/install/vonns2_gazebo/local/lib/python3.10/dist-packages/scripts-0.0.0-py3.10.egg-info/top_level.txt
[1.251s] -- Up-to-date symlink: /home/juan/Robotics/Proyecto/Mapeo3D_LiDAR2D/install/vonns2_gazebo/local/lib/python3.10/dist-packages/scripts/__init__.py
[1.251s] -- Up-to-date symlink: /home/juan/Robotics/Proyecto/Mapeo3D_LiDAR2D/install/vonns2_gazebo/local/lib/python3.10/dist-packages/scripts/joint_group_position_publisher.py
[1.251s] -- Up-to-date symlink: /home/juan/Robotics/Proyecto/Mapeo3D_LiDAR2D/install/vonns2_gazebo/lib/vonns2_gazebo/joint_group_position_publisher.py
[1.252s] -- Up-to-date symlink: /home/juan/Robotics/Proyecto/Mapeo3D_LiDAR2D/install/vonns2_gazebo/share/vonns2_gazebo/config/joint_group_position_controller.yaml
[1.252s] -- Up-to-date symlink: /home/juan/Robotics/Proyecto/Mapeo3D_LiDAR2D/install/vonns2_gazebo/share/vonns2_gazebo/config/visualization.rviz
[1.252s] -- Up-to-date symlink: /home/juan/Robotics/Proyecto/Mapeo3D_LiDAR2D/install/vonns2_gazebo/share/vonns2_gazebo/description/lidar.xacro
[1.252s] -- Up-to-date symlink: /home/juan/Robotics/Proyecto/Mapeo3D_LiDAR2D/install/vonns2_gazebo/share/vonns2_gazebo/description/ros2_control.xacro
[1.252s] -- Up-to-date symlink: /home/juan/Robotics/Proyecto/Mapeo3D_LiDAR2D/install/vonns2_gazebo/share/vonns2_gazebo/description/vonns2.urdf.xacro
[1.253s] -- Up-to-date symlink: /home/juan/Robotics/Proyecto/Mapeo3D_LiDAR2D/install/vonns2_gazebo/share/vonns2_gazebo/description/vonns2_core.xacro
[1.253s] -- Up-to-date symlink: /home/juan/Robotics/Proyecto/Mapeo3D_LiDAR2D/install/vonns2_gazebo/share/vonns2_gazebo/launch/gazebo.launch.py
[1.253s] -- Up-to-date symlink: /home/juan/Robotics/Proyecto/Mapeo3D_LiDAR2D/install/vonns2_gazebo/share/vonns2_gazebo/launch/joint_group_position_controller.launch.py
[1.253s] -- Up-to-date symlink: /home/juan/Robotics/Proyecto/Mapeo3D_LiDAR2D/install/vonns2_gazebo/share/vonns2_gazebo/launch/robot_state_publisher.launch.py
[1.253s] -- Up-to-date symlink: /home/juan/Robotics/Proyecto/Mapeo3D_LiDAR2D/install/vonns2_gazebo/share/vonns2_gazebo/launch/visualization.launch.py
[1.254s] -- Up-to-date symlink: /home/juan/Robotics/Proyecto/Mapeo3D_LiDAR2D/install/vonns2_gazebo/share/vonns2_gazebo/meshes/base_footprint.STL
[1.254s] -- Up-to-date symlink: /home/juan/Robotics/Proyecto/Mapeo3D_LiDAR2D/install/vonns2_gazebo/share/vonns2_gazebo/meshes/laser.STL
[1.254s] -- Up-to-date symlink: /home/juan/Robotics/Proyecto/Mapeo3D_LiDAR2D/install/vonns2_gazebo/share/vonns2_gazebo/meshes/servo.STL
[1.254s] -- Up-to-date symlink: /home/juan/Robotics/Proyecto/Mapeo3D_LiDAR2D/install/vonns2_gazebo/share/vonns2_gazebo/worlds/cylinder.sdf
[1.255s] -- Up-to-date symlink: /home/juan/Robotics/Proyecto/Mapeo3D_LiDAR2D/install/vonns2_gazebo/share/vonns2_gazebo/worlds/scan
[1.255s] -- Up-to-date symlink: /home/juan/Robotics/Proyecto/Mapeo3D_LiDAR2D/install/vonns2_gazebo/share/vonns2_gazebo/worlds/scan_cylinder.sdf
[1.255s] -- Up-to-date symlink: /home/juan/Robotics/Proyecto/Mapeo3D_LiDAR2D/install/vonns2_gazebo/share/ament_index/resource_index/package_run_dependencies/vonns2_gazebo
[1.256s] -- Up-to-date symlink: /home/juan/Robotics/Proyecto/Mapeo3D_LiDAR2D/install/vonns2_gazebo/share/ament_index/resource_index/parent_prefix_path/vonns2_gazebo
[1.256s] -- Up-to-date symlink: /home/juan/Robotics/Proyecto/Mapeo3D_LiDAR2D/install/vonns2_gazebo/share/vonns2_gazebo/environment/ament_prefix_path.sh
[1.256s] -- Up-to-date symlink: /home/juan/Robotics/Proyecto/Mapeo3D_LiDAR2D/install/vonns2_gazebo/share/vonns2_gazebo/environment/ament_prefix_path.dsv
[1.256s] -- Up-to-date symlink: /home/juan/Robotics/Proyecto/Mapeo3D_LiDAR2D/install/vonns2_gazebo/share/vonns2_gazebo/environment/path.sh
[1.256s] -- Up-to-date symlink: /home/juan/Robotics/Proyecto/Mapeo3D_LiDAR2D/install/vonns2_gazebo/share/vonns2_gazebo/environment/path.dsv
[1.257s] -- Up-to-date symlink: /home/juan/Robotics/Proyecto/Mapeo3D_LiDAR2D/install/vonns2_gazebo/share/vonns2_gazebo/local_setup.bash
[1.257s] -- Up-to-date symlink: /home/juan/Robotics/Proyecto/Mapeo3D_LiDAR2D/install/vonns2_gazebo/share/vonns2_gazebo/local_setup.sh
[1.257s] -- Up-to-date symlink: /home/juan/Robotics/Proyecto/Mapeo3D_LiDAR2D/install/vonns2_gazebo/share/vonns2_gazebo/local_setup.zsh
[1.257s] -- Up-to-date symlink: /home/juan/Robotics/Proyecto/Mapeo3D_LiDAR2D/install/vonns2_gazebo/share/vonns2_gazebo/local_setup.dsv
[1.257s] -- Symlinking: /home/juan/Robotics/Proyecto/Mapeo3D_LiDAR2D/install/vonns2_gazebo/share/vonns2_gazebo/package.dsv
[1.271s] -- Up-to-date symlink: /home/juan/Robotics/Proyecto/Mapeo3D_LiDAR2D/install/vonns2_gazebo/share/ament_index/resource_index/packages/vonns2_gazebo
[1.272s] -- Up-to-date symlink: /home/juan/Robotics/Proyecto/Mapeo3D_LiDAR2D/install/vonns2_gazebo/share/vonns2_gazebo/cmake/vonns2_gazeboConfig.cmake
[1.272s] -- Up-to-date symlink: /home/juan/Robotics/Proyecto/Mapeo3D_LiDAR2D/install/vonns2_gazebo/share/vonns2_gazebo/cmake/vonns2_gazeboConfig-version.cmake
[1.272s] -- Up-to-date symlink: /home/juan/Robotics/Proyecto/Mapeo3D_LiDAR2D/install/vonns2_gazebo/share/vonns2_gazebo/package.xml
[1.326s] Listing '/home/juan/Robotics/Proyecto/Mapeo3D_LiDAR2D/install/vonns2_gazebo/local/lib/python3.10/dist-packages/scripts'...
[1.337s] Invoked command in '/home/juan/Robotics/Proyecto/Mapeo3D_LiDAR2D/build/vonns2_gazebo' returned '0': CMAKE_PREFIX_PATH=${CMAKE_PREFIX_PATH}:/home/juan/Robotics/Proyecto/Mapeo3D_LiDAR2D/install/robot_description:/home/juan/Robotics/Proyecto/Mapeo3D_LiDAR2D/install/navigation_pkg:/home/juan/Robotics/Proyecto/Mapeo3D_LiDAR2D/install/my_subscriber_pkg:/opt/ros/humble /usr/bin/cmake --install /home/juan/Robotics/Proyecto/Mapeo3D_LiDAR2D/build/vonns2_gazebo
