[0.234s] Invoking command in '/home/nicolas/RAS/build/vonns2_bringup': CMAKE_PREFIX_PATH=/opt/ros/humble /usr/bin/cmake --build /home/nicolas/RAS/build/vonns2_bringup -- -j2 -l2
[0.907s] [  0%] Built target ament_cmake_python_copy_scripts
[1.259s] [100%] Built target tf_broadcaster
[2.204s] running egg_info
[2.207s] writing scripts.egg-info/PKG-INFO
[2.209s] writing dependency_links to scripts.egg-info/dependency_links.txt
[2.211s] writing top-level names to scripts.egg-info/top_level.txt
[2.220s] reading manifest file 'scripts.egg-info/SOURCES.txt'
[2.227s] writing manifest file 'scripts.egg-info/SOURCES.txt'
[2.375s] [100%] Built target ament_cmake_python_build_scripts_egg
[2.445s] Invoked command in '/home/nicolas/RAS/build/vonns2_bringup' returned '0': CMAKE_PREFIX_PATH=/opt/ros/humble /usr/bin/cmake --build /home/nicolas/RAS/build/vonns2_bringup -- -j2 -l2
[2.678s] Invoking command in '/home/nicolas/RAS/build/vonns2_bringup': CMAKE_PREFIX_PATH=/opt/ros/humble /usr/bin/cmake --install /home/nicolas/RAS/build/vonns2_bringup
[2.710s] -- Install configuration: ""
[2.717s] -- Up-to-date: /home/nicolas/RAS/install/vonns2_bringup/lib/vonns2_bringup/tf_broadcaster
[2.719s] -- Up-to-date: /home/nicolas/RAS/install/vonns2_bringup/share/vonns2_bringup/environment/pythonpath.sh
[2.719s] -- Up-to-date: /home/nicolas/RAS/install/vonns2_bringup/share/vonns2_bringup/environment/pythonpath.dsv
[2.729s] -- Up-to-date: /home/nicolas/RAS/install/vonns2_bringup/local/lib/python3.10/dist-packages/scripts-0.0.0-py3.10.egg-info
[2.732s] -- Installing: /home/nicolas/RAS/install/vonns2_bringup/local/lib/python3.10/dist-packages/scripts-0.0.0-py3.10.egg-info/SOURCES.txt
[2.739s] -- Installing: /home/nicolas/RAS/install/vonns2_bringup/local/lib/python3.10/dist-packages/scripts-0.0.0-py3.10.egg-info/dependency_links.txt
[2.742s] -- Installing: /home/nicolas/RAS/install/vonns2_bringup/local/lib/python3.10/dist-packages/scripts-0.0.0-py3.10.egg-info/top_level.txt
[2.746s] -- Installing: /home/nicolas/RAS/install/vonns2_bringup/local/lib/python3.10/dist-packages/scripts-0.0.0-py3.10.egg-info/PKG-INFO
[2.749s] -- Up-to-date: /home/nicolas/RAS/install/vonns2_bringup/local/lib/python3.10/dist-packages/scripts
[2.756s] -- Up-to-date: /home/nicolas/RAS/install/vonns2_bringup/local/lib/python3.10/dist-packages/scripts/serial_port_reader.py
[2.757s] -- Up-to-date: /home/nicolas/RAS/install/vonns2_bringup/local/lib/python3.10/dist-packages/scripts/__init__.py
[2.896s] Listing '/home/nicolas/RAS/install/vonns2_bringup/local/lib/python3.10/dist-packages/scripts'...
[2.954s] -- Up-to-date: /home/nicolas/RAS/install/vonns2_bringup/lib/vonns2_bringup/serial_port_reader.py
[2.959s] -- Up-to-date: /home/nicolas/RAS/install/vonns2_bringup/share/vonns2_bringup/launch
[2.961s] -- Up-to-date: /home/nicolas/RAS/install/vonns2_bringup/share/vonns2_bringup/launch/robot_state_publisher.launch.py
[2.963s] -- Installing: /home/nicolas/RAS/install/vonns2_bringup/share/vonns2_bringup/launch/robot.launch.py
[2.965s] -- Up-to-date: /home/nicolas/RAS/install/vonns2_bringup/share/vonns2_bringup/config
[2.971s] -- Installing: /home/nicolas/RAS/install/vonns2_bringup/share/vonns2_bringup/config/laser.rviz
[3.003s] -- Up-to-date: /home/nicolas/RAS/install/vonns2_bringup/share/ament_index/resource_index/package_run_dependencies/vonns2_bringup
[3.004s] -- Up-to-date: /home/nicolas/RAS/install/vonns2_bringup/share/ament_index/resource_index/parent_prefix_path/vonns2_bringup
[3.015s] -- Up-to-date: /home/nicolas/RAS/install/vonns2_bringup/share/vonns2_bringup/environment/ament_prefix_path.sh
[3.018s] -- Up-to-date: /home/nicolas/RAS/install/vonns2_bringup/share/vonns2_bringup/environment/ament_prefix_path.dsv
[3.020s] -- Up-to-date: /home/nicolas/RAS/install/vonns2_bringup/share/vonns2_bringup/environment/path.sh
[3.020s] -- Up-to-date: /home/nicolas/RAS/install/vonns2_bringup/share/vonns2_bringup/environment/path.dsv
[3.021s] -- Up-to-date: /home/nicolas/RAS/install/vonns2_bringup/share/vonns2_bringup/local_setup.bash
[3.028s] -- Up-to-date: /home/nicolas/RAS/install/vonns2_bringup/share/vonns2_bringup/local_setup.sh
[3.029s] -- Up-to-date: /home/nicolas/RAS/install/vonns2_bringup/share/vonns2_bringup/local_setup.zsh
[3.033s] -- Up-to-date: /home/nicolas/RAS/install/vonns2_bringup/share/vonns2_bringup/local_setup.dsv
[3.034s] -- Installing: /home/nicolas/RAS/install/vonns2_bringup/share/vonns2_bringup/package.dsv
[3.036s] -- Up-to-date: /home/nicolas/RAS/install/vonns2_bringup/share/ament_index/resource_index/packages/vonns2_bringup
[3.038s] -- Up-to-date: /home/nicolas/RAS/install/vonns2_bringup/share/vonns2_bringup/cmake/vonns2_bringupConfig.cmake
[3.039s] -- Up-to-date: /home/nicolas/RAS/install/vonns2_bringup/share/vonns2_bringup/cmake/vonns2_bringupConfig-version.cmake
[3.039s] -- Up-to-date: /home/nicolas/RAS/install/vonns2_bringup/share/vonns2_bringup/package.xml
[3.218s] Invoked command in '/home/nicolas/RAS/build/vonns2_bringup' returned '0': CMAKE_PREFIX_PATH=/opt/ros/humble /usr/bin/cmake --install /home/nicolas/RAS/build/vonns2_bringup
