[0.942s] Invoking command in '/home/juan/Robotics/Proyecto/Mapeo3D_LiDAR2D/build/vonns2_bringup': CMAKE_PREFIX_PATH=${CMAKE_PREFIX_PATH}:/opt/ros/humble /usr/bin/cmake --build /home/juan/Robotics/Proyecto/Mapeo3D_LiDAR2D/build/vonns2_bringup -- -j12 -l12
[2.149s] [  0%] Built target ament_cmake_python_symlink_scripts
[2.413s] [ 50%] [32mBuilding CXX object CMakeFiles/tf_broadcaster.dir/src/tf_broadcaster.cpp.o[0m
[2.460s] running egg_info
[2.480s] writing scripts.egg-info/PKG-INFO
[2.481s] writing dependency_links to scripts.egg-info/dependency_links.txt
[2.481s] writing top-level names to scripts.egg-info/top_level.txt
[2.541s] reading manifest file 'scripts.egg-info/SOURCES.txt'
[2.542s] writing manifest file 'scripts.egg-info/SOURCES.txt'
[2.576s] [ 50%] Built target ament_cmake_python_build_scripts_egg
[12.924s] [100%] [32m[1mLinking CXX executable tf_broadcaster[0m
[14.122s] [100%] Built target tf_broadcaster
[14.153s] Invoked command in '/home/juan/Robotics/Proyecto/Mapeo3D_LiDAR2D/build/vonns2_bringup' returned '0': CMAKE_PREFIX_PATH=${CMAKE_PREFIX_PATH}:/opt/ros/humble /usr/bin/cmake --build /home/juan/Robotics/Proyecto/Mapeo3D_LiDAR2D/build/vonns2_bringup -- -j12 -l12
[14.213s] Invoking command in '/home/juan/Robotics/Proyecto/Mapeo3D_LiDAR2D/build/vonns2_bringup': CMAKE_PREFIX_PATH=${CMAKE_PREFIX_PATH}:/opt/ros/humble /usr/bin/cmake --install /home/juan/Robotics/Proyecto/Mapeo3D_LiDAR2D/build/vonns2_bringup
[14.234s] -- Install configuration: ""
[14.270s] -- Execute custom install script
[14.271s] -- Up-to-date symlink: /home/juan/Robotics/Proyecto/Mapeo3D_LiDAR2D/install/vonns2_bringup/lib/vonns2_bringup/tf_broadcaster
[14.271s] -- Up-to-date symlink: /home/juan/Robotics/Proyecto/Mapeo3D_LiDAR2D/install/vonns2_bringup/share/vonns2_bringup/environment/pythonpath.sh
[14.271s] -- Up-to-date symlink: /home/juan/Robotics/Proyecto/Mapeo3D_LiDAR2D/install/vonns2_bringup/share/vonns2_bringup/environment/pythonpath.dsv
[14.272s] -- Up-to-date symlink: /home/juan/Robotics/Proyecto/Mapeo3D_LiDAR2D/install/vonns2_bringup/local/lib/python3.10/dist-packages/scripts-0.0.0-py3.10.egg-info/PKG-INFO
[14.273s] -- Up-to-date symlink: /home/juan/Robotics/Proyecto/Mapeo3D_LiDAR2D/install/vonns2_bringup/local/lib/python3.10/dist-packages/scripts-0.0.0-py3.10.egg-info/SOURCES.txt
[14.273s] -- Up-to-date symlink: /home/juan/Robotics/Proyecto/Mapeo3D_LiDAR2D/install/vonns2_bringup/local/lib/python3.10/dist-packages/scripts-0.0.0-py3.10.egg-info/dependency_links.txt
[14.274s] -- Up-to-date symlink: /home/juan/Robotics/Proyecto/Mapeo3D_LiDAR2D/install/vonns2_bringup/local/lib/python3.10/dist-packages/scripts-0.0.0-py3.10.egg-info/top_level.txt
[14.275s] -- Up-to-date symlink: /home/juan/Robotics/Proyecto/Mapeo3D_LiDAR2D/install/vonns2_bringup/local/lib/python3.10/dist-packages/scripts/__init__.py
[14.275s] -- Up-to-date symlink: /home/juan/Robotics/Proyecto/Mapeo3D_LiDAR2D/install/vonns2_bringup/local/lib/python3.10/dist-packages/scripts/serial_port_reader.py
[14.275s] -- Up-to-date symlink: /home/juan/Robotics/Proyecto/Mapeo3D_LiDAR2D/install/vonns2_bringup/lib/vonns2_bringup/serial_port_reader.py
[14.276s] -- Up-to-date symlink: /home/juan/Robotics/Proyecto/Mapeo3D_LiDAR2D/install/vonns2_bringup/share/vonns2_bringup/launch/robot.launch.py
[14.277s] -- Up-to-date symlink: /home/juan/Robotics/Proyecto/Mapeo3D_LiDAR2D/install/vonns2_bringup/share/vonns2_bringup/launch/robot_state_publisher.launch.py
[14.277s] -- Up-to-date symlink: /home/juan/Robotics/Proyecto/Mapeo3D_LiDAR2D/install/vonns2_bringup/share/vonns2_bringup/config/laser.rviz
[14.278s] -- Up-to-date symlink: /home/juan/Robotics/Proyecto/Mapeo3D_LiDAR2D/install/vonns2_bringup/share/ament_index/resource_index/package_run_dependencies/vonns2_bringup
[14.278s] -- Up-to-date symlink: /home/juan/Robotics/Proyecto/Mapeo3D_LiDAR2D/install/vonns2_bringup/share/ament_index/resource_index/parent_prefix_path/vonns2_bringup
[14.278s] -- Up-to-date symlink: /home/juan/Robotics/Proyecto/Mapeo3D_LiDAR2D/install/vonns2_bringup/share/vonns2_bringup/environment/ament_prefix_path.sh
[14.279s] -- Up-to-date symlink: /home/juan/Robotics/Proyecto/Mapeo3D_LiDAR2D/install/vonns2_bringup/share/vonns2_bringup/environment/ament_prefix_path.dsv
[14.279s] -- Up-to-date symlink: /home/juan/Robotics/Proyecto/Mapeo3D_LiDAR2D/install/vonns2_bringup/share/vonns2_bringup/environment/path.sh
[14.280s] -- Up-to-date symlink: /home/juan/Robotics/Proyecto/Mapeo3D_LiDAR2D/install/vonns2_bringup/share/vonns2_bringup/environment/path.dsv
[14.280s] -- Up-to-date symlink: /home/juan/Robotics/Proyecto/Mapeo3D_LiDAR2D/install/vonns2_bringup/share/vonns2_bringup/local_setup.bash
[14.281s] -- Up-to-date symlink: /home/juan/Robotics/Proyecto/Mapeo3D_LiDAR2D/install/vonns2_bringup/share/vonns2_bringup/local_setup.sh
[14.281s] -- Up-to-date symlink: /home/juan/Robotics/Proyecto/Mapeo3D_LiDAR2D/install/vonns2_bringup/share/vonns2_bringup/local_setup.zsh
[14.281s] -- Up-to-date symlink: /home/juan/Robotics/Proyecto/Mapeo3D_LiDAR2D/install/vonns2_bringup/share/vonns2_bringup/local_setup.dsv
[14.282s] -- Symlinking: /home/juan/Robotics/Proyecto/Mapeo3D_LiDAR2D/install/vonns2_bringup/share/vonns2_bringup/package.dsv
[14.307s] -- Up-to-date symlink: /home/juan/Robotics/Proyecto/Mapeo3D_LiDAR2D/install/vonns2_bringup/share/ament_index/resource_index/packages/vonns2_bringup
[14.307s] -- Up-to-date symlink: /home/juan/Robotics/Proyecto/Mapeo3D_LiDAR2D/install/vonns2_bringup/share/vonns2_bringup/cmake/vonns2_bringupConfig.cmake
[14.307s] -- Up-to-date symlink: /home/juan/Robotics/Proyecto/Mapeo3D_LiDAR2D/install/vonns2_bringup/share/vonns2_bringup/cmake/vonns2_bringupConfig-version.cmake
[14.308s] -- Up-to-date symlink: /home/juan/Robotics/Proyecto/Mapeo3D_LiDAR2D/install/vonns2_bringup/share/vonns2_bringup/package.xml
[14.384s] Listing '/home/juan/Robotics/Proyecto/Mapeo3D_LiDAR2D/install/vonns2_bringup/local/lib/python3.10/dist-packages/scripts'...
[14.393s] Invoked command in '/home/juan/Robotics/Proyecto/Mapeo3D_LiDAR2D/build/vonns2_bringup' returned '0': CMAKE_PREFIX_PATH=${CMAKE_PREFIX_PATH}:/opt/ros/humble /usr/bin/cmake --install /home/juan/Robotics/Proyecto/Mapeo3D_LiDAR2D/build/vonns2_bringup
