[0.629s] DEBUG:colcon:Command line arguments: ['/usr/bin/colcon', 'build']
[0.629s] DEBUG:colcon:Parsed command line arguments: Namespace(log_base=None, log_level=None, verb_name='build', build_base='build', install_base='install', merge_install=False, symlink_install=False, test_result_base=None, continue_on_error=False, executor='parallel', parallel_workers=2, event_handlers=None, ignore_user_meta=False, metas=['./colcon.meta'], base_paths=['.'], packages_ignore=None, packages_ignore_regex=None, paths=None, packages_up_to=None, packages_up_to_regex=None, packages_above=None, packages_above_and_dependencies=None, packages_above_depth=None, packages_select_by_dep=None, packages_skip_by_dep=None, packages_skip_up_to=None, packages_select_build_failed=False, packages_skip_build_finished=False, packages_select_test_failures=False, packages_skip_test_passed=False, packages_select=None, packages_skip=None, packages_select_regex=None, packages_skip_regex=None, packages_start=None, packages_end=None, allow_overriding=[], cmake_args=None, cmake_target=None, cmake_target_skip_unavailable=False, cmake_clean_cache=False, cmake_clean_first=False, cmake_force_configure=False, ament_cmake_args=None, catkin_cmake_args=None, catkin_skip_building_tests=False, verb_parser=<colcon_defaults.argument_parser.defaults.DefaultArgumentsDecorator object at 0x7674bd028550>, verb_extension=<colcon_core.verb.build.BuildVerb object at 0x7674bd028040>, main=<bound method BuildVerb.main of <colcon_core.verb.build.BuildVerb object at 0x7674bd028040>>)
[1.399s] Level 1:colcon.colcon_core.package_discovery:discover_packages(colcon_meta) check parameters
[1.399s] Level 1:colcon.colcon_core.package_discovery:discover_packages(recursive) check parameters
[1.399s] Level 1:colcon.colcon_core.package_discovery:discover_packages(ignore) check parameters
[1.399s] Level 1:colcon.colcon_core.package_discovery:discover_packages(path) check parameters
[1.399s] Level 1:colcon.colcon_core.package_discovery:discover_packages(colcon_meta) discover
[1.400s] Level 1:colcon.colcon_core.package_discovery:discover_packages(recursive) discover
[1.400s] INFO:colcon.colcon_core.package_discovery:Crawling recursively for packages in '/home/nicolas/RAS'
[1.400s] Level 1:colcon.colcon_core.package_identification:_identify(.) by extensions ['ignore', 'ignore_ament_install']
[1.400s] Level 1:colcon.colcon_core.package_identification:_identify(.) by extension 'ignore'
[1.400s] Level 1:colcon.colcon_core.package_identification:_identify(.) by extension 'ignore_ament_install'
[1.400s] Level 1:colcon.colcon_core.package_identification:_identify(.) by extensions ['colcon_pkg']
[1.400s] Level 1:colcon.colcon_core.package_identification:_identify(.) by extension 'colcon_pkg'
[1.400s] Level 1:colcon.colcon_core.package_identification:_identify(.) by extensions ['colcon_meta']
[1.400s] Level 1:colcon.colcon_core.package_identification:_identify(.) by extension 'colcon_meta'
[1.400s] Level 1:colcon.colcon_core.package_identification:_identify(.) by extensions ['ros']
[1.400s] Level 1:colcon.colcon_core.package_identification:_identify(.) by extension 'ros'
[1.443s] Level 1:colcon.colcon_core.package_identification:_identify(.) by extensions ['cmake', 'python']
[1.443s] Level 1:colcon.colcon_core.package_identification:_identify(.) by extension 'cmake'
[1.444s] Level 1:colcon.colcon_core.package_identification:_identify(.) by extension 'python'
[1.444s] Level 1:colcon.colcon_core.package_identification:_identify(.) by extensions ['python_setup_py']
[1.444s] Level 1:colcon.colcon_core.package_identification:_identify(.) by extension 'python_setup_py'
[1.445s] Level 1:colcon.colcon_core.package_identification:_identify(build) by extensions ['ignore', 'ignore_ament_install']
[1.445s] Level 1:colcon.colcon_core.package_identification:_identify(build) by extension 'ignore'
[1.446s] Level 1:colcon.colcon_core.package_identification:_identify(build) ignored
[1.446s] Level 1:colcon.colcon_core.package_identification:_identify(install) by extensions ['ignore', 'ignore_ament_install']
[1.447s] Level 1:colcon.colcon_core.package_identification:_identify(install) by extension 'ignore'
[1.447s] Level 1:colcon.colcon_core.package_identification:_identify(install) ignored
[1.448s] Level 1:colcon.colcon_core.package_identification:_identify(log) by extensions ['ignore', 'ignore_ament_install']
[1.449s] Level 1:colcon.colcon_core.package_identification:_identify(log) by extension 'ignore'
[1.449s] Level 1:colcon.colcon_core.package_identification:_identify(log) ignored
[1.450s] Level 1:colcon.colcon_core.package_identification:_identify(rosbag2_2024_04_26-01_58_00) by extensions ['ignore', 'ignore_ament_install']
[1.450s] Level 1:colcon.colcon_core.package_identification:_identify(rosbag2_2024_04_26-01_58_00) by extension 'ignore'
[1.450s] Level 1:colcon.colcon_core.package_identification:_identify(rosbag2_2024_04_26-01_58_00) by extension 'ignore_ament_install'
[1.451s] Level 1:colcon.colcon_core.package_identification:_identify(rosbag2_2024_04_26-01_58_00) by extensions ['colcon_pkg']
[1.451s] Level 1:colcon.colcon_core.package_identification:_identify(rosbag2_2024_04_26-01_58_00) by extension 'colcon_pkg'
[1.451s] Level 1:colcon.colcon_core.package_identification:_identify(rosbag2_2024_04_26-01_58_00) by extensions ['colcon_meta']
[1.451s] Level 1:colcon.colcon_core.package_identification:_identify(rosbag2_2024_04_26-01_58_00) by extension 'colcon_meta'
[1.451s] Level 1:colcon.colcon_core.package_identification:_identify(rosbag2_2024_04_26-01_58_00) by extensions ['ros']
[1.451s] Level 1:colcon.colcon_core.package_identification:_identify(rosbag2_2024_04_26-01_58_00) by extension 'ros'
[1.453s] Level 1:colcon.colcon_core.package_identification:_identify(rosbag2_2024_04_26-01_58_00) by extensions ['cmake', 'python']
[1.453s] Level 1:colcon.colcon_core.package_identification:_identify(rosbag2_2024_04_26-01_58_00) by extension 'cmake'
[1.454s] Level 1:colcon.colcon_core.package_identification:_identify(rosbag2_2024_04_26-01_58_00) by extension 'python'
[1.454s] Level 1:colcon.colcon_core.package_identification:_identify(rosbag2_2024_04_26-01_58_00) by extensions ['python_setup_py']
[1.455s] Level 1:colcon.colcon_core.package_identification:_identify(rosbag2_2024_04_26-01_58_00) by extension 'python_setup_py'
[1.455s] Level 1:colcon.colcon_core.package_identification:_identify(src) by extensions ['ignore', 'ignore_ament_install']
[1.455s] Level 1:colcon.colcon_core.package_identification:_identify(src) by extension 'ignore'
[1.456s] Level 1:colcon.colcon_core.package_identification:_identify(src) by extension 'ignore_ament_install'
[1.456s] Level 1:colcon.colcon_core.package_identification:_identify(src) by extensions ['colcon_pkg']
[1.456s] Level 1:colcon.colcon_core.package_identification:_identify(src) by extension 'colcon_pkg'
[1.456s] Level 1:colcon.colcon_core.package_identification:_identify(src) by extensions ['colcon_meta']
[1.456s] Level 1:colcon.colcon_core.package_identification:_identify(src) by extension 'colcon_meta'
[1.457s] Level 1:colcon.colcon_core.package_identification:_identify(src) by extensions ['ros']
[1.457s] Level 1:colcon.colcon_core.package_identification:_identify(src) by extension 'ros'
[1.457s] Level 1:colcon.colcon_core.package_identification:_identify(src) by extensions ['cmake', 'python']
[1.457s] Level 1:colcon.colcon_core.package_identification:_identify(src) by extension 'cmake'
[1.457s] Level 1:colcon.colcon_core.package_identification:_identify(src) by extension 'python'
[1.457s] Level 1:colcon.colcon_core.package_identification:_identify(src) by extensions ['python_setup_py']
[1.457s] Level 1:colcon.colcon_core.package_identification:_identify(src) by extension 'python_setup_py'
[1.458s] Level 1:colcon.colcon_core.package_identification:_identify(src/vonns2-main) by extensions ['ignore', 'ignore_ament_install']
[1.458s] Level 1:colcon.colcon_core.package_identification:_identify(src/vonns2-main) by extension 'ignore'
[1.458s] Level 1:colcon.colcon_core.package_identification:_identify(src/vonns2-main) by extension 'ignore_ament_install'
[1.459s] Level 1:colcon.colcon_core.package_identification:_identify(src/vonns2-main) by extensions ['colcon_pkg']
[1.459s] Level 1:colcon.colcon_core.package_identification:_identify(src/vonns2-main) by extension 'colcon_pkg'
[1.459s] Level 1:colcon.colcon_core.package_identification:_identify(src/vonns2-main) by extensions ['colcon_meta']
[1.459s] Level 1:colcon.colcon_core.package_identification:_identify(src/vonns2-main) by extension 'colcon_meta'
[1.460s] Level 1:colcon.colcon_core.package_identification:_identify(src/vonns2-main) by extensions ['ros']
[1.460s] Level 1:colcon.colcon_core.package_identification:_identify(src/vonns2-main) by extension 'ros'
[1.460s] Level 1:colcon.colcon_core.package_identification:_identify(src/vonns2-main) by extensions ['cmake', 'python']
[1.460s] Level 1:colcon.colcon_core.package_identification:_identify(src/vonns2-main) by extension 'cmake'
[1.461s] Level 1:colcon.colcon_core.package_identification:_identify(src/vonns2-main) by extension 'python'
[1.461s] Level 1:colcon.colcon_core.package_identification:_identify(src/vonns2-main) by extensions ['python_setup_py']
[1.461s] Level 1:colcon.colcon_core.package_identification:_identify(src/vonns2-main) by extension 'python_setup_py'
[1.462s] Level 1:colcon.colcon_core.package_identification:_identify(src/vonns2-main/vonns2_bringup) by extensions ['ignore', 'ignore_ament_install']
[1.463s] Level 1:colcon.colcon_core.package_identification:_identify(src/vonns2-main/vonns2_bringup) by extension 'ignore'
[1.463s] Level 1:colcon.colcon_core.package_identification:_identify(src/vonns2-main/vonns2_bringup) by extension 'ignore_ament_install'
[1.463s] Level 1:colcon.colcon_core.package_identification:_identify(src/vonns2-main/vonns2_bringup) by extensions ['colcon_pkg']
[1.463s] Level 1:colcon.colcon_core.package_identification:_identify(src/vonns2-main/vonns2_bringup) by extension 'colcon_pkg'
[1.464s] Level 1:colcon.colcon_core.package_identification:_identify(src/vonns2-main/vonns2_bringup) by extensions ['colcon_meta']
[1.464s] Level 1:colcon.colcon_core.package_identification:_identify(src/vonns2-main/vonns2_bringup) by extension 'colcon_meta'
[1.464s] Level 1:colcon.colcon_core.package_identification:_identify(src/vonns2-main/vonns2_bringup) by extensions ['ros']
[1.464s] Level 1:colcon.colcon_core.package_identification:_identify(src/vonns2-main/vonns2_bringup) by extension 'ros'
[1.474s] DEBUG:colcon.colcon_core.package_identification:Package 'src/vonns2-main/vonns2_bringup' with type 'ros.ament_cmake' and name 'vonns2_bringup'
[1.475s] Level 1:colcon.colcon_core.package_identification:_identify(src/vonns2-main/vonns2_gazebo) by extensions ['ignore', 'ignore_ament_install']
[1.475s] Level 1:colcon.colcon_core.package_identification:_identify(src/vonns2-main/vonns2_gazebo) by extension 'ignore'
[1.476s] Level 1:colcon.colcon_core.package_identification:_identify(src/vonns2-main/vonns2_gazebo) by extension 'ignore_ament_install'
[1.476s] Level 1:colcon.colcon_core.package_identification:_identify(src/vonns2-main/vonns2_gazebo) by extensions ['colcon_pkg']
[1.476s] Level 1:colcon.colcon_core.package_identification:_identify(src/vonns2-main/vonns2_gazebo) by extension 'colcon_pkg'
[1.476s] Level 1:colcon.colcon_core.package_identification:_identify(src/vonns2-main/vonns2_gazebo) by extensions ['colcon_meta']
[1.476s] Level 1:colcon.colcon_core.package_identification:_identify(src/vonns2-main/vonns2_gazebo) by extension 'colcon_meta'
[1.476s] Level 1:colcon.colcon_core.package_identification:_identify(src/vonns2-main/vonns2_gazebo) by extensions ['ros']
[1.476s] Level 1:colcon.colcon_core.package_identification:_identify(src/vonns2-main/vonns2_gazebo) by extension 'ros'
[1.479s] DEBUG:colcon.colcon_core.package_identification:Package 'src/vonns2-main/vonns2_gazebo' with type 'ros.ament_cmake' and name 'vonns2_gazebo'
[1.480s] Level 1:colcon.colcon_core.package_identification:_identify(src/vonns2-main/vonns2_reconstruction) by extensions ['ignore', 'ignore_ament_install']
[1.481s] Level 1:colcon.colcon_core.package_identification:_identify(src/vonns2-main/vonns2_reconstruction) by extension 'ignore'
[1.482s] Level 1:colcon.colcon_core.package_identification:_identify(src/vonns2-main/vonns2_reconstruction) by extension 'ignore_ament_install'
[1.483s] Level 1:colcon.colcon_core.package_identification:_identify(src/vonns2-main/vonns2_reconstruction) by extensions ['colcon_pkg']
[1.484s] Level 1:colcon.colcon_core.package_identification:_identify(src/vonns2-main/vonns2_reconstruction) by extension 'colcon_pkg'
[1.484s] Level 1:colcon.colcon_core.package_identification:_identify(src/vonns2-main/vonns2_reconstruction) by extensions ['colcon_meta']
[1.485s] Level 1:colcon.colcon_core.package_identification:_identify(src/vonns2-main/vonns2_reconstruction) by extension 'colcon_meta'
[1.485s] Level 1:colcon.colcon_core.package_identification:_identify(src/vonns2-main/vonns2_reconstruction) by extensions ['ros']
[1.485s] Level 1:colcon.colcon_core.package_identification:_identify(src/vonns2-main/vonns2_reconstruction) by extension 'ros'
[1.489s] DEBUG:colcon.colcon_core.package_identification:Package 'src/vonns2-main/vonns2_reconstruction' with type 'ros.ament_cmake' and name 'vonns2_reconstruction'
[1.490s] Level 1:colcon.colcon_core.package_discovery:discover_packages(recursive) using defaults
[1.491s] Level 1:colcon.colcon_core.package_discovery:discover_packages(ignore) discover
[1.491s] Level 1:colcon.colcon_core.package_discovery:discover_packages(ignore) using defaults
[1.491s] Level 1:colcon.colcon_core.package_discovery:discover_packages(path) discover
[1.492s] Level 1:colcon.colcon_core.package_discovery:discover_packages(path) using defaults
[1.680s] Level 1:colcon.colcon_core.package_discovery:discover_packages(prefix_path) check parameters
[1.680s] Level 1:colcon.colcon_core.package_discovery:discover_packages(prefix_path) discover
[1.687s] DEBUG:colcon.colcon_installed_package_information.package_discovery:Found 3 installed packages in /home/nicolas/RAS/install
[1.692s] DEBUG:colcon.colcon_installed_package_information.package_discovery:Found 382 installed packages in /opt/ros/humble
[1.729s] Level 1:colcon.colcon_core.package_discovery:discover_packages(prefix_path) using defaults
[2.070s] Level 5:colcon.colcon_core.verb:set package 'vonns2_bringup' build argument 'cmake_args' from command line to 'None'
[2.070s] Level 5:colcon.colcon_core.verb:set package 'vonns2_bringup' build argument 'cmake_target' from command line to 'None'
[2.071s] Level 5:colcon.colcon_core.verb:set package 'vonns2_bringup' build argument 'cmake_target_skip_unavailable' from command line to 'False'
[2.071s] Level 5:colcon.colcon_core.verb:set package 'vonns2_bringup' build argument 'cmake_clean_cache' from command line to 'False'
[2.072s] Level 5:colcon.colcon_core.verb:set package 'vonns2_bringup' build argument 'cmake_clean_first' from command line to 'False'
[2.072s] Level 5:colcon.colcon_core.verb:set package 'vonns2_bringup' build argument 'cmake_force_configure' from command line to 'False'
[2.072s] Level 5:colcon.colcon_core.verb:set package 'vonns2_bringup' build argument 'ament_cmake_args' from command line to 'None'
[2.072s] Level 5:colcon.colcon_core.verb:set package 'vonns2_bringup' build argument 'catkin_cmake_args' from command line to 'None'
[2.072s] Level 5:colcon.colcon_core.verb:set package 'vonns2_bringup' build argument 'catkin_skip_building_tests' from command line to 'False'
[2.073s] DEBUG:colcon.colcon_core.verb:Building package 'vonns2_bringup' with the following arguments: {'ament_cmake_args': None, 'build_base': '/home/nicolas/RAS/build/vonns2_bringup', 'catkin_cmake_args': None, 'catkin_skip_building_tests': False, 'cmake_args': None, 'cmake_clean_cache': False, 'cmake_clean_first': False, 'cmake_force_configure': False, 'cmake_target': None, 'cmake_target_skip_unavailable': False, 'install_base': '/home/nicolas/RAS/install/vonns2_bringup', 'merge_install': False, 'path': '/home/nicolas/RAS/src/vonns2-main/vonns2_bringup', 'symlink_install': False, 'test_result_base': None}
[2.075s] Level 5:colcon.colcon_core.verb:set package 'vonns2_gazebo' build argument 'cmake_args' from command line to 'None'
[2.076s] Level 5:colcon.colcon_core.verb:set package 'vonns2_gazebo' build argument 'cmake_target' from command line to 'None'
[2.076s] Level 5:colcon.colcon_core.verb:set package 'vonns2_gazebo' build argument 'cmake_target_skip_unavailable' from command line to 'False'
[2.077s] Level 5:colcon.colcon_core.verb:set package 'vonns2_gazebo' build argument 'cmake_clean_cache' from command line to 'False'
[2.077s] Level 5:colcon.colcon_core.verb:set package 'vonns2_gazebo' build argument 'cmake_clean_first' from command line to 'False'
[2.078s] Level 5:colcon.colcon_core.verb:set package 'vonns2_gazebo' build argument 'cmake_force_configure' from command line to 'False'
[2.087s] Level 5:colcon.colcon_core.verb:set package 'vonns2_gazebo' build argument 'ament_cmake_args' from command line to 'None'
[2.087s] Level 5:colcon.colcon_core.verb:set package 'vonns2_gazebo' build argument 'catkin_cmake_args' from command line to 'None'
[2.087s] Level 5:colcon.colcon_core.verb:set package 'vonns2_gazebo' build argument 'catkin_skip_building_tests' from command line to 'False'
[2.088s] DEBUG:colcon.colcon_core.verb:Building package 'vonns2_gazebo' with the following arguments: {'ament_cmake_args': None, 'build_base': '/home/nicolas/RAS/build/vonns2_gazebo', 'catkin_cmake_args': None, 'catkin_skip_building_tests': False, 'cmake_args': None, 'cmake_clean_cache': False, 'cmake_clean_first': False, 'cmake_force_configure': False, 'cmake_target': None, 'cmake_target_skip_unavailable': False, 'install_base': '/home/nicolas/RAS/install/vonns2_gazebo', 'merge_install': False, 'path': '/home/nicolas/RAS/src/vonns2-main/vonns2_gazebo', 'symlink_install': False, 'test_result_base': None}
[2.094s] Level 5:colcon.colcon_core.verb:set package 'vonns2_reconstruction' build argument 'cmake_args' from command line to 'None'
[2.094s] Level 5:colcon.colcon_core.verb:set package 'vonns2_reconstruction' build argument 'cmake_target' from command line to 'None'
[2.094s] Level 5:colcon.colcon_core.verb:set package 'vonns2_reconstruction' build argument 'cmake_target_skip_unavailable' from command line to 'False'
[2.095s] Level 5:colcon.colcon_core.verb:set package 'vonns2_reconstruction' build argument 'cmake_clean_cache' from command line to 'False'
[2.095s] Level 5:colcon.colcon_core.verb:set package 'vonns2_reconstruction' build argument 'cmake_clean_first' from command line to 'False'
[2.095s] Level 5:colcon.colcon_core.verb:set package 'vonns2_reconstruction' build argument 'cmake_force_configure' from command line to 'False'
[2.096s] Level 5:colcon.colcon_core.verb:set package 'vonns2_reconstruction' build argument 'ament_cmake_args' from command line to 'None'
[2.096s] Level 5:colcon.colcon_core.verb:set package 'vonns2_reconstruction' build argument 'catkin_cmake_args' from command line to 'None'
[2.096s] Level 5:colcon.colcon_core.verb:set package 'vonns2_reconstruction' build argument 'catkin_skip_building_tests' from command line to 'False'
[2.096s] DEBUG:colcon.colcon_core.verb:Building package 'vonns2_reconstruction' with the following arguments: {'ament_cmake_args': None, 'build_base': '/home/nicolas/RAS/build/vonns2_reconstruction', 'catkin_cmake_args': None, 'catkin_skip_building_tests': False, 'cmake_args': None, 'cmake_clean_cache': False, 'cmake_clean_first': False, 'cmake_force_configure': False, 'cmake_target': None, 'cmake_target_skip_unavailable': False, 'install_base': '/home/nicolas/RAS/install/vonns2_reconstruction', 'merge_install': False, 'path': '/home/nicolas/RAS/src/vonns2-main/vonns2_reconstruction', 'symlink_install': False, 'test_result_base': None}
[2.098s] INFO:colcon.colcon_core.executor:Executing jobs using 'parallel' executor
[2.110s] DEBUG:colcon.colcon_parallel_executor.executor.parallel:run_until_complete
[2.113s] INFO:colcon.colcon_ros.task.ament_cmake.build:Building ROS package in '/home/nicolas/RAS/src/vonns2-main/vonns2_bringup' with build type 'ament_cmake'
[2.115s] INFO:colcon.colcon_cmake.task.cmake.build:Building CMake package in '/home/nicolas/RAS/src/vonns2-main/vonns2_bringup'
[2.133s] INFO:colcon.colcon_core.plugin_system:Skipping extension 'colcon_core.shell.bat': Not used on non-Windows systems
[2.136s] INFO:colcon.colcon_core.shell:Skip shell extension 'powershell' for command environment: Not usable outside of PowerShell
[2.137s] DEBUG:colcon.colcon_core.shell:Skip shell extension 'dsv' for command environment
[2.178s] INFO:colcon.colcon_ros.task.ament_cmake.build:Building ROS package in '/home/nicolas/RAS/src/vonns2-main/vonns2_gazebo' with build type 'ament_cmake'
[2.180s] INFO:colcon.colcon_cmake.task.cmake.build:Building CMake package in '/home/nicolas/RAS/src/vonns2-main/vonns2_gazebo'
[2.185s] INFO:colcon.colcon_core.shell:Skip shell extension 'powershell' for command environment: Not usable outside of PowerShell
[2.186s] DEBUG:colcon.colcon_core.shell:Skip shell extension 'dsv' for command environment
[2.296s] DEBUG:colcon.colcon_core.event_handler.log_command:Invoking command in '/home/nicolas/RAS/build/vonns2_bringup': CMAKE_PREFIX_PATH=${CMAKE_PREFIX_PATH}:/opt/ros/humble /usr/bin/cmake --build /home/nicolas/RAS/build/vonns2_bringup -- -j2 -l2
[2.333s] DEBUG:colcon.colcon_core.event_handler.log_command:Invoking command in '/home/nicolas/RAS/build/vonns2_gazebo': CMAKE_PREFIX_PATH=${CMAKE_PREFIX_PATH}:/opt/ros/humble /usr/bin/cmake --build /home/nicolas/RAS/build/vonns2_gazebo -- -j2 -l2
[3.721s] DEBUG:colcon.colcon_core.event_handler.log_command:Invoked command in '/home/nicolas/RAS/build/vonns2_gazebo' returned '0': CMAKE_PREFIX_PATH=${CMAKE_PREFIX_PATH}:/opt/ros/humble /usr/bin/cmake --build /home/nicolas/RAS/build/vonns2_gazebo -- -j2 -l2
[3.735s] DEBUG:colcon.colcon_core.event_handler.log_command:Invoked command in '/home/nicolas/RAS/build/vonns2_bringup' returned '0': CMAKE_PREFIX_PATH=${CMAKE_PREFIX_PATH}:/opt/ros/humble /usr/bin/cmake --build /home/nicolas/RAS/build/vonns2_bringup -- -j2 -l2
[3.859s] DEBUG:colcon.colcon_core.event_handler.log_command:Invoking command in '/home/nicolas/RAS/build/vonns2_gazebo': CMAKE_PREFIX_PATH=${CMAKE_PREFIX_PATH}:/opt/ros/humble /usr/bin/cmake --install /home/nicolas/RAS/build/vonns2_gazebo
[3.876s] DEBUG:colcon.colcon_core.event_handler.log_command:Invoking command in '/home/nicolas/RAS/build/vonns2_bringup': CMAKE_PREFIX_PATH=${CMAKE_PREFIX_PATH}:/opt/ros/humble /usr/bin/cmake --install /home/nicolas/RAS/build/vonns2_bringup
[4.061s] Level 1:colcon.colcon_core.environment:create_environment_scripts_only(vonns2_gazebo)
[4.069s] Level 1:colcon.colcon_core.environment:checking '/home/nicolas/RAS/install/vonns2_gazebo' for CMake module files
[4.082s] DEBUG:colcon.colcon_core.event_handler.log_command:Invoked command in '/home/nicolas/RAS/build/vonns2_gazebo' returned '0': CMAKE_PREFIX_PATH=${CMAKE_PREFIX_PATH}:/opt/ros/humble /usr/bin/cmake --install /home/nicolas/RAS/build/vonns2_gazebo
[4.083s] Level 1:colcon.colcon_core.environment:checking '/home/nicolas/RAS/install/vonns2_gazebo' for CMake config files
[4.084s] Level 1:colcon.colcon_core.shell:create_environment_hook('vonns2_gazebo', 'cmake_prefix_path')
[4.085s] INFO:colcon.colcon_core.shell:Creating environment hook '/home/nicolas/RAS/install/vonns2_gazebo/share/vonns2_gazebo/hook/cmake_prefix_path.ps1'
[4.089s] INFO:colcon.colcon_core.shell:Creating environment descriptor '/home/nicolas/RAS/install/vonns2_gazebo/share/vonns2_gazebo/hook/cmake_prefix_path.dsv'
[4.090s] INFO:colcon.colcon_core.shell:Creating environment hook '/home/nicolas/RAS/install/vonns2_gazebo/share/vonns2_gazebo/hook/cmake_prefix_path.sh'
[4.100s] Level 1:colcon.colcon_core.environment:checking '/home/nicolas/RAS/install/vonns2_gazebo/lib'
[4.101s] Level 1:colcon.colcon_core.environment:checking '/home/nicolas/RAS/install/vonns2_gazebo/bin'
[4.101s] Level 1:colcon.colcon_core.environment:checking '/home/nicolas/RAS/install/vonns2_gazebo/lib/pkgconfig/vonns2_gazebo.pc'
[4.102s] Level 1:colcon.colcon_core.environment:checking '/home/nicolas/RAS/install/vonns2_gazebo/lib/python3.10/site-packages'
[4.105s] Level 1:colcon.colcon_core.environment:checking '/home/nicolas/RAS/install/vonns2_gazebo/bin'
[4.106s] INFO:colcon.colcon_core.shell:Creating package script '/home/nicolas/RAS/install/vonns2_gazebo/share/vonns2_gazebo/package.ps1'
[4.112s] INFO:colcon.colcon_core.shell:Creating package descriptor '/home/nicolas/RAS/install/vonns2_gazebo/share/vonns2_gazebo/package.dsv'
[4.114s] INFO:colcon.colcon_core.shell:Creating package script '/home/nicolas/RAS/install/vonns2_gazebo/share/vonns2_gazebo/package.sh'
[4.116s] INFO:colcon.colcon_core.shell:Creating package script '/home/nicolas/RAS/install/vonns2_gazebo/share/vonns2_gazebo/package.bash'
[4.117s] INFO:colcon.colcon_core.shell:Creating package script '/home/nicolas/RAS/install/vonns2_gazebo/share/vonns2_gazebo/package.zsh'
[4.119s] Level 1:colcon.colcon_core.environment:create_file_with_runtime_dependencies(/home/nicolas/RAS/install/vonns2_gazebo/share/colcon-core/packages/vonns2_gazebo)
[4.122s] Level 1:colcon.colcon_core.environment:create_environment_scripts_only(vonns2_bringup)
[4.123s] Level 1:colcon.colcon_core.environment:checking '/home/nicolas/RAS/install/vonns2_bringup' for CMake module files
[4.125s] DEBUG:colcon.colcon_core.event_handler.log_command:Invoked command in '/home/nicolas/RAS/build/vonns2_bringup' returned '0': CMAKE_PREFIX_PATH=${CMAKE_PREFIX_PATH}:/opt/ros/humble /usr/bin/cmake --install /home/nicolas/RAS/build/vonns2_bringup
[4.126s] Level 1:colcon.colcon_core.environment:checking '/home/nicolas/RAS/install/vonns2_bringup' for CMake config files
[4.127s] Level 1:colcon.colcon_core.shell:create_environment_hook('vonns2_bringup', 'cmake_prefix_path')
[4.128s] INFO:colcon.colcon_core.shell:Creating environment hook '/home/nicolas/RAS/install/vonns2_bringup/share/vonns2_bringup/hook/cmake_prefix_path.ps1'
[4.129s] INFO:colcon.colcon_core.shell:Creating environment descriptor '/home/nicolas/RAS/install/vonns2_bringup/share/vonns2_bringup/hook/cmake_prefix_path.dsv'
[4.131s] INFO:colcon.colcon_core.shell:Creating environment hook '/home/nicolas/RAS/install/vonns2_bringup/share/vonns2_bringup/hook/cmake_prefix_path.sh'
[4.134s] Level 1:colcon.colcon_core.environment:checking '/home/nicolas/RAS/install/vonns2_bringup/lib'
[4.136s] Level 1:colcon.colcon_core.environment:checking '/home/nicolas/RAS/install/vonns2_bringup/bin'
[4.136s] Level 1:colcon.colcon_core.environment:checking '/home/nicolas/RAS/install/vonns2_bringup/lib/pkgconfig/vonns2_bringup.pc'
[4.137s] Level 1:colcon.colcon_core.environment:checking '/home/nicolas/RAS/install/vonns2_bringup/lib/python3.10/site-packages'
[4.139s] Level 1:colcon.colcon_core.environment:checking '/home/nicolas/RAS/install/vonns2_bringup/bin'
[4.142s] INFO:colcon.colcon_core.shell:Creating package script '/home/nicolas/RAS/install/vonns2_bringup/share/vonns2_bringup/package.ps1'
[4.156s] INFO:colcon.colcon_core.shell:Creating package descriptor '/home/nicolas/RAS/install/vonns2_bringup/share/vonns2_bringup/package.dsv'
[4.161s] INFO:colcon.colcon_core.shell:Creating package script '/home/nicolas/RAS/install/vonns2_bringup/share/vonns2_bringup/package.sh'
[4.168s] INFO:colcon.colcon_core.shell:Creating package script '/home/nicolas/RAS/install/vonns2_bringup/share/vonns2_bringup/package.bash'
[4.173s] INFO:colcon.colcon_core.shell:Creating package script '/home/nicolas/RAS/install/vonns2_bringup/share/vonns2_bringup/package.zsh'
[4.177s] Level 1:colcon.colcon_core.environment:create_file_with_runtime_dependencies(/home/nicolas/RAS/install/vonns2_bringup/share/colcon-core/packages/vonns2_bringup)
[4.264s] Level 1:colcon.colcon_core.environment:create_environment_scripts_only(vonns2_gazebo)
[4.265s] Level 1:colcon.colcon_core.environment:checking '/home/nicolas/RAS/install/vonns2_gazebo' for CMake module files
[4.267s] Level 1:colcon.colcon_core.environment:checking '/home/nicolas/RAS/install/vonns2_gazebo' for CMake config files
[4.268s] Level 1:colcon.colcon_core.shell:create_environment_hook('vonns2_gazebo', 'cmake_prefix_path')
[4.269s] INFO:colcon.colcon_core.shell:Creating environment hook '/home/nicolas/RAS/install/vonns2_gazebo/share/vonns2_gazebo/hook/cmake_prefix_path.ps1'
[4.271s] INFO:colcon.colcon_core.shell:Creating environment descriptor '/home/nicolas/RAS/install/vonns2_gazebo/share/vonns2_gazebo/hook/cmake_prefix_path.dsv'
[4.278s] INFO:colcon.colcon_core.shell:Creating environment hook '/home/nicolas/RAS/install/vonns2_gazebo/share/vonns2_gazebo/hook/cmake_prefix_path.sh'
[4.282s] Level 1:colcon.colcon_core.environment:checking '/home/nicolas/RAS/install/vonns2_gazebo/lib'
[4.283s] Level 1:colcon.colcon_core.environment:checking '/home/nicolas/RAS/install/vonns2_gazebo/bin'
[4.283s] Level 1:colcon.colcon_core.environment:checking '/home/nicolas/RAS/install/vonns2_gazebo/lib/pkgconfig/vonns2_gazebo.pc'
[4.284s] Level 1:colcon.colcon_core.environment:checking '/home/nicolas/RAS/install/vonns2_gazebo/lib/python3.10/site-packages'
[4.286s] Level 1:colcon.colcon_core.environment:checking '/home/nicolas/RAS/install/vonns2_gazebo/bin'
[4.288s] INFO:colcon.colcon_core.shell:Creating package script '/home/nicolas/RAS/install/vonns2_gazebo/share/vonns2_gazebo/package.ps1'
[4.290s] INFO:colcon.colcon_core.shell:Creating package descriptor '/home/nicolas/RAS/install/vonns2_gazebo/share/vonns2_gazebo/package.dsv'
[4.292s] INFO:colcon.colcon_core.shell:Creating package script '/home/nicolas/RAS/install/vonns2_gazebo/share/vonns2_gazebo/package.sh'
[4.294s] INFO:colcon.colcon_core.shell:Creating package script '/home/nicolas/RAS/install/vonns2_gazebo/share/vonns2_gazebo/package.bash'
[4.296s] INFO:colcon.colcon_core.shell:Creating package script '/home/nicolas/RAS/install/vonns2_gazebo/share/vonns2_gazebo/package.zsh'
[4.299s] Level 1:colcon.colcon_core.environment:create_file_with_runtime_dependencies(/home/nicolas/RAS/install/vonns2_gazebo/share/colcon-core/packages/vonns2_gazebo)
[4.300s] INFO:colcon.colcon_ros.task.ament_cmake.build:Building ROS package in '/home/nicolas/RAS/src/vonns2-main/vonns2_reconstruction' with build type 'ament_cmake'
[4.300s] INFO:colcon.colcon_cmake.task.cmake.build:Building CMake package in '/home/nicolas/RAS/src/vonns2-main/vonns2_reconstruction'
[4.301s] INFO:colcon.colcon_core.shell:Skip shell extension 'powershell' for command environment: Not usable outside of PowerShell
[4.301s] DEBUG:colcon.colcon_core.shell:Skip shell extension 'dsv' for command environment
[4.357s] Level 1:colcon.colcon_core.environment:create_environment_scripts_only(vonns2_bringup)
[4.358s] Level 1:colcon.colcon_core.environment:checking '/home/nicolas/RAS/install/vonns2_bringup' for CMake module files
[4.362s] Level 1:colcon.colcon_core.environment:checking '/home/nicolas/RAS/install/vonns2_bringup' for CMake config files
[4.364s] Level 1:colcon.colcon_core.shell:create_environment_hook('vonns2_bringup', 'cmake_prefix_path')
[4.366s] INFO:colcon.colcon_core.shell:Creating environment hook '/home/nicolas/RAS/install/vonns2_bringup/share/vonns2_bringup/hook/cmake_prefix_path.ps1'
[4.385s] INFO:colcon.colcon_core.shell:Creating environment descriptor '/home/nicolas/RAS/install/vonns2_bringup/share/vonns2_bringup/hook/cmake_prefix_path.dsv'
[4.392s] INFO:colcon.colcon_core.shell:Creating environment hook '/home/nicolas/RAS/install/vonns2_bringup/share/vonns2_bringup/hook/cmake_prefix_path.sh'
[4.398s] Level 1:colcon.colcon_core.environment:checking '/home/nicolas/RAS/install/vonns2_bringup/lib'
[4.399s] Level 1:colcon.colcon_core.environment:checking '/home/nicolas/RAS/install/vonns2_bringup/bin'
[4.400s] Level 1:colcon.colcon_core.environment:checking '/home/nicolas/RAS/install/vonns2_bringup/lib/pkgconfig/vonns2_bringup.pc'
[4.401s] Level 1:colcon.colcon_core.environment:checking '/home/nicolas/RAS/install/vonns2_bringup/lib/python3.10/site-packages'
[4.403s] Level 1:colcon.colcon_core.environment:checking '/home/nicolas/RAS/install/vonns2_bringup/bin'
[4.405s] INFO:colcon.colcon_core.shell:Creating package script '/home/nicolas/RAS/install/vonns2_bringup/share/vonns2_bringup/package.ps1'
[4.410s] INFO:colcon.colcon_core.shell:Creating package descriptor '/home/nicolas/RAS/install/vonns2_bringup/share/vonns2_bringup/package.dsv'
[4.414s] INFO:colcon.colcon_core.shell:Creating package script '/home/nicolas/RAS/install/vonns2_bringup/share/vonns2_bringup/package.sh'
[4.417s] INFO:colcon.colcon_core.shell:Creating package script '/home/nicolas/RAS/install/vonns2_bringup/share/vonns2_bringup/package.bash'
[4.419s] INFO:colcon.colcon_core.shell:Creating package script '/home/nicolas/RAS/install/vonns2_bringup/share/vonns2_bringup/package.zsh'
[4.423s] Level 1:colcon.colcon_core.environment:create_file_with_runtime_dependencies(/home/nicolas/RAS/install/vonns2_bringup/share/colcon-core/packages/vonns2_bringup)
[4.446s] DEBUG:colcon.colcon_core.event_handler.log_command:Invoking command in '/home/nicolas/RAS/build/vonns2_reconstruction': CMAKE_PREFIX_PATH=${CMAKE_PREFIX_PATH}:/opt/ros/humble /usr/bin/cmake --build /home/nicolas/RAS/build/vonns2_reconstruction -- -j2 -l2
[6.917s] DEBUG:colcon.colcon_core.event_handler.log_command:Invoked command in '/home/nicolas/RAS/build/vonns2_reconstruction' returned '0': CMAKE_PREFIX_PATH=${CMAKE_PREFIX_PATH}:/opt/ros/humble /usr/bin/cmake --build /home/nicolas/RAS/build/vonns2_reconstruction -- -j2 -l2
[7.097s] DEBUG:colcon.colcon_core.event_handler.log_command:Invoking command in '/home/nicolas/RAS/build/vonns2_reconstruction': CMAKE_PREFIX_PATH=${CMAKE_PREFIX_PATH}:/opt/ros/humble /usr/bin/cmake --install /home/nicolas/RAS/build/vonns2_reconstruction
[7.323s] Level 1:colcon.colcon_core.environment:create_environment_scripts_only(vonns2_reconstruction)
[7.324s] Level 1:colcon.colcon_core.environment:checking '/home/nicolas/RAS/install/vonns2_reconstruction' for CMake module files
[7.326s] Level 1:colcon.colcon_core.environment:checking '/home/nicolas/RAS/install/vonns2_reconstruction' for CMake config files
[7.328s] DEBUG:colcon.colcon_core.event_handler.log_command:Invoked command in '/home/nicolas/RAS/build/vonns2_reconstruction' returned '0': CMAKE_PREFIX_PATH=${CMAKE_PREFIX_PATH}:/opt/ros/humble /usr/bin/cmake --install /home/nicolas/RAS/build/vonns2_reconstruction
[7.329s] Level 1:colcon.colcon_core.shell:create_environment_hook('vonns2_reconstruction', 'cmake_prefix_path')
[7.332s] INFO:colcon.colcon_core.shell:Creating environment hook '/home/nicolas/RAS/install/vonns2_reconstruction/share/vonns2_reconstruction/hook/cmake_prefix_path.ps1'
[7.334s] INFO:colcon.colcon_core.shell:Creating environment descriptor '/home/nicolas/RAS/install/vonns2_reconstruction/share/vonns2_reconstruction/hook/cmake_prefix_path.dsv'
[7.336s] INFO:colcon.colcon_core.shell:Creating environment hook '/home/nicolas/RAS/install/vonns2_reconstruction/share/vonns2_reconstruction/hook/cmake_prefix_path.sh'
[7.339s] Level 1:colcon.colcon_core.environment:checking '/home/nicolas/RAS/install/vonns2_reconstruction/lib'
[7.340s] Level 1:colcon.colcon_core.environment:checking '/home/nicolas/RAS/install/vonns2_reconstruction/bin'
[7.342s] Level 1:colcon.colcon_core.environment:checking '/home/nicolas/RAS/install/vonns2_reconstruction/lib/pkgconfig/vonns2_reconstruction.pc'
[7.344s] Level 1:colcon.colcon_core.environment:checking '/home/nicolas/RAS/install/vonns2_reconstruction/lib/python3.10/site-packages'
[7.346s] Level 1:colcon.colcon_core.environment:checking '/home/nicolas/RAS/install/vonns2_reconstruction/bin'
[7.347s] INFO:colcon.colcon_core.shell:Creating package script '/home/nicolas/RAS/install/vonns2_reconstruction/share/vonns2_reconstruction/package.ps1'
[7.350s] INFO:colcon.colcon_core.shell:Creating package descriptor '/home/nicolas/RAS/install/vonns2_reconstruction/share/vonns2_reconstruction/package.dsv'
[7.353s] INFO:colcon.colcon_core.shell:Creating package script '/home/nicolas/RAS/install/vonns2_reconstruction/share/vonns2_reconstruction/package.sh'
[7.355s] INFO:colcon.colcon_core.shell:Creating package script '/home/nicolas/RAS/install/vonns2_reconstruction/share/vonns2_reconstruction/package.bash'
[7.358s] INFO:colcon.colcon_core.shell:Creating package script '/home/nicolas/RAS/install/vonns2_reconstruction/share/vonns2_reconstruction/package.zsh'
[7.361s] Level 1:colcon.colcon_core.environment:create_file_with_runtime_dependencies(/home/nicolas/RAS/install/vonns2_reconstruction/share/colcon-core/packages/vonns2_reconstruction)
[7.632s] Level 1:colcon.colcon_core.environment:create_environment_scripts_only(vonns2_reconstruction)
[7.634s] Level 1:colcon.colcon_core.environment:checking '/home/nicolas/RAS/install/vonns2_reconstruction' for CMake module files
[7.636s] Level 1:colcon.colcon_core.environment:checking '/home/nicolas/RAS/install/vonns2_reconstruction' for CMake config files
[7.638s] Level 1:colcon.colcon_core.shell:create_environment_hook('vonns2_reconstruction', 'cmake_prefix_path')
[7.639s] INFO:colcon.colcon_core.shell:Creating environment hook '/home/nicolas/RAS/install/vonns2_reconstruction/share/vonns2_reconstruction/hook/cmake_prefix_path.ps1'
[7.642s] INFO:colcon.colcon_core.shell:Creating environment descriptor '/home/nicolas/RAS/install/vonns2_reconstruction/share/vonns2_reconstruction/hook/cmake_prefix_path.dsv'
[7.646s] INFO:colcon.colcon_core.shell:Creating environment hook '/home/nicolas/RAS/install/vonns2_reconstruction/share/vonns2_reconstruction/hook/cmake_prefix_path.sh'
[7.649s] Level 1:colcon.colcon_core.environment:checking '/home/nicolas/RAS/install/vonns2_reconstruction/lib'
[7.650s] Level 1:colcon.colcon_core.environment:checking '/home/nicolas/RAS/install/vonns2_reconstruction/bin'
[7.650s] Level 1:colcon.colcon_core.environment:checking '/home/nicolas/RAS/install/vonns2_reconstruction/lib/pkgconfig/vonns2_reconstruction.pc'
[7.652s] Level 1:colcon.colcon_core.environment:checking '/home/nicolas/RAS/install/vonns2_reconstruction/lib/python3.10/site-packages'
[7.653s] Level 1:colcon.colcon_core.environment:checking '/home/nicolas/RAS/install/vonns2_reconstruction/bin'
[7.655s] INFO:colcon.colcon_core.shell:Creating package script '/home/nicolas/RAS/install/vonns2_reconstruction/share/vonns2_reconstruction/package.ps1'
[7.660s] INFO:colcon.colcon_core.shell:Creating package descriptor '/home/nicolas/RAS/install/vonns2_reconstruction/share/vonns2_reconstruction/package.dsv'
[7.663s] INFO:colcon.colcon_core.shell:Creating package script '/home/nicolas/RAS/install/vonns2_reconstruction/share/vonns2_reconstruction/package.sh'
[7.665s] INFO:colcon.colcon_core.shell:Creating package script '/home/nicolas/RAS/install/vonns2_reconstruction/share/vonns2_reconstruction/package.bash'
[7.668s] INFO:colcon.colcon_core.shell:Creating package script '/home/nicolas/RAS/install/vonns2_reconstruction/share/vonns2_reconstruction/package.zsh'
[7.671s] Level 1:colcon.colcon_core.environment:create_file_with_runtime_dependencies(/home/nicolas/RAS/install/vonns2_reconstruction/share/colcon-core/packages/vonns2_reconstruction)
[7.672s] DEBUG:colcon.colcon_parallel_executor.executor.parallel:closing loop
[7.681s] DEBUG:colcon.colcon_parallel_executor.executor.parallel:loop closed
[7.682s] DEBUG:colcon.colcon_parallel_executor.executor.parallel:run_until_complete finished with '0'
[7.682s] DEBUG:colcon.colcon_core.event_reactor:joining thread
[7.698s] INFO:colcon.colcon_core.plugin_system:Skipping extension 'colcon_notification.desktop_notification.terminal_notifier': Not used on non-Darwin systems
[7.699s] INFO:colcon.colcon_core.plugin_system:Skipping extension 'colcon_notification.desktop_notification.win32': Not used on non-Windows systems
[7.699s] INFO:colcon.colcon_notification.desktop_notification:Sending desktop notification using 'notify2'
[7.791s] DEBUG:colcon.colcon_core.event_reactor:joined thread
[7.793s] INFO:colcon.colcon_core.shell:Creating prefix script '/home/nicolas/RAS/install/local_setup.ps1'
[7.801s] INFO:colcon.colcon_core.shell:Creating prefix util module '/home/nicolas/RAS/install/_local_setup_util_ps1.py'
[7.816s] INFO:colcon.colcon_core.shell:Creating prefix chain script '/home/nicolas/RAS/install/setup.ps1'
[7.827s] INFO:colcon.colcon_core.shell:Creating prefix script '/home/nicolas/RAS/install/local_setup.sh'
[7.831s] INFO:colcon.colcon_core.shell:Creating prefix util module '/home/nicolas/RAS/install/_local_setup_util_sh.py'
[7.833s] INFO:colcon.colcon_core.shell:Creating prefix chain script '/home/nicolas/RAS/install/setup.sh'
[7.838s] INFO:colcon.colcon_core.shell:Creating prefix script '/home/nicolas/RAS/install/local_setup.bash'
[7.844s] INFO:colcon.colcon_core.shell:Creating prefix chain script '/home/nicolas/RAS/install/setup.bash'
[7.858s] INFO:colcon.colcon_core.shell:Creating prefix script '/home/nicolas/RAS/install/local_setup.zsh'
[7.861s] INFO:colcon.colcon_core.shell:Creating prefix chain script '/home/nicolas/RAS/install/setup.zsh'
