[4.617s] Invoking command in '/home/juan/Robotics/Proyecto/Mapeo3D_LiDAR2D/build/robot_description': PYTHONPATH=/home/juan/Robotics/Proyecto/Mapeo3D_LiDAR2D/build/robot_description/prefix_override:/home/juan/Robotics/Proyecto/Mapeo3D_LiDAR2D/install/robot_description/lib/python3.10/site-packages:${PYTHONPATH} /usr/bin/python3 -W ignore:setup.py install is deprecated setup.py develop --editable --build-directory /home/juan/Robotics/Proyecto/Mapeo3D_LiDAR2D/build/robot_description/build --no-deps symlink_data
[4.980s] running develop
[4.991s] /home/juan/.local/lib/python3.10/site-packages/setuptools/command/develop.py:40: EasyInstallDeprecationWarning: easy_install command is deprecated.
[4.992s] !!
[4.992s] 
[4.992s]         ********************************************************************************
[4.992s]         Please avoid running ``setup.py`` and ``easy_install``.
[4.992s]         Instead, use pypa/build, pypa/installer or other
[4.992s]         standards-based tools.
[4.992s] 
[4.992s]         See https://github.com/pypa/setuptools/issues/917 for details.
[4.992s]         ********************************************************************************
[4.992s] 
[4.992s] !!
[4.993s]   easy_install.initialize_options(self)
[5.253s] running egg_info
[5.272s] writing robot_description.egg-info/PKG-INFO
[5.273s] writing dependency_links to robot_description.egg-info/dependency_links.txt
[5.273s] writing entry points to robot_description.egg-info/entry_points.txt
[5.273s] writing requirements to robot_description.egg-info/requires.txt
[5.273s] writing top-level names to robot_description.egg-info/top_level.txt
[5.328s] reading manifest file 'robot_description.egg-info/SOURCES.txt'
[5.328s] writing manifest file 'robot_description.egg-info/SOURCES.txt'
[5.388s] running build_ext
[5.388s] Creating /home/juan/Robotics/Proyecto/Mapeo3D_LiDAR2D/install/robot_description/lib/python3.10/site-packages/robot-description.egg-link (link to .)
[5.389s] Installing move_joint script to /home/juan/Robotics/Proyecto/Mapeo3D_LiDAR2D/install/robot_description/lib/robot_description
[5.389s] 
[5.389s] Installed /home/juan/Robotics/Proyecto/Mapeo3D_LiDAR2D/build/robot_description
[5.389s] running symlink_data
[5.454s] Invoked command in '/home/juan/Robotics/Proyecto/Mapeo3D_LiDAR2D/build/robot_description' returned '0': PYTHONPATH=/home/juan/Robotics/Proyecto/Mapeo3D_LiDAR2D/build/robot_description/prefix_override:/home/juan/Robotics/Proyecto/Mapeo3D_LiDAR2D/install/robot_description/lib/python3.10/site-packages:${PYTHONPATH} /usr/bin/python3 -W ignore:setup.py install is deprecated setup.py develop --editable --build-directory /home/juan/Robotics/Proyecto/Mapeo3D_LiDAR2D/build/robot_description/build --no-deps symlink_data
