[0.025s] Invoking command in '/home/nicolas/RAS/build/vonns2_reconstruction': CMAKE_PREFIX_PATH=${CMAKE_PREFIX_PATH}:/opt/ros/humble /usr/bin/cmake /home/nicolas/RAS/src/vonns2-main/vonns2_reconstruction -DCMAKE_INSTALL_PREFIX=/home/nicolas/RAS/install/vonns2_reconstruction
[0.149s] -- The C compiler identification is GNU 11.4.0
[0.256s] -- The CXX compiler identification is GNU 11.4.0
[0.270s] -- Detecting C compiler ABI info
[0.416s] -- Detecting C compiler ABI info - done
[0.424s] -- Check for working C compiler: /usr/bin/cc - skipped
[0.425s] -- Detecting C compile features
[0.425s] -- Detecting C compile features - done
[0.432s] -- Detecting CXX compiler ABI info
[0.591s] -- Detecting CXX compiler ABI info - done
[0.605s] -- Check for working CXX compiler: /usr/bin/c++ - skipped
[0.606s] -- Detecting CXX compile features
[0.607s] -- Detecting CXX compile features - done
[0.612s] -- Found ament_cmake: 1.3.9 (/opt/ros/humble/share/ament_cmake/cmake)
[0.960s] -- Found Python3: /usr/bin/python3 (found version "3.10.12") found components: Interpreter 
[1.146s] -- Found rclpy: 3.3.13 (/opt/ros/humble/share/rclpy/cmake)
[1.149s] -- Found rclcpp: 16.0.9 (/opt/ros/humble/share/rclcpp/cmake)
[1.237s] -- Found rosidl_generator_c: 3.1.5 (/opt/ros/humble/share/rosidl_generator_c/cmake)
[1.246s] -- Found rosidl_adapter: 3.1.5 (/opt/ros/humble/share/rosidl_adapter/cmake)
[1.268s] -- Found rosidl_generator_cpp: 3.1.5 (/opt/ros/humble/share/rosidl_generator_cpp/cmake)
[1.295s] -- Using all available rosidl_typesupport_c: rosidl_typesupport_fastrtps_c;rosidl_typesupport_introspection_c
[1.345s] -- Using all available rosidl_typesupport_cpp: rosidl_typesupport_fastrtps_cpp;rosidl_typesupport_introspection_cpp
[1.480s] -- Found rmw_implementation_cmake: 6.1.2 (/opt/ros/humble/share/rmw_implementation_cmake/cmake)
[1.484s] -- Found rmw_fastrtps_cpp: 6.2.6 (/opt/ros/humble/share/rmw_fastrtps_cpp/cmake)
[1.706s] -- Found OpenSSL: /usr/lib/x86_64-linux-gnu/libcrypto.so (found version "3.0.2")  
[1.764s] -- Found FastRTPS: /opt/ros/humble/include  
[1.861s] -- Using RMW implementation 'rmw_fastrtps_cpp' as default
[1.887s] -- Looking for pthread.h
[2.038s] -- Looking for pthread.h - found
[2.043s] -- Performing Test CMAKE_HAVE_LIBC_PTHREAD
[2.208s] -- Performing Test CMAKE_HAVE_LIBC_PTHREAD - Success
[2.209s] -- Found Threads: TRUE  
[2.595s] -- Found sensor_msgs: 4.2.3 (/opt/ros/humble/share/sensor_msgs/cmake)
[2.887s] -- Found tf2_ros: 0.25.6 (/opt/ros/humble/share/tf2_ros/cmake)
[3.769s] -- Found laser_geometry: 2.4.0 (/opt/ros/humble/share/laser_geometry/cmake)
[3.824s] -- Found pluginlib: 5.1.0 (/opt/ros/humble/share/pluginlib/cmake)
[3.864s] -- Found pcl_conversions: 2.4.0 (/opt/ros/humble/share/pcl_conversions/cmake)
[4.217s] -- Checking for module 'eigen3'
[4.245s] --   Found eigen3, version 3.4.0
[4.313s] -- Found Eigen: /usr/include/eigen3 (Required is at least version "3.1") 
[4.313s] -- Eigen found (include: /usr/include/eigen3, version: 3.4.0)
[4.386s] -- Found Boost: /usr/lib/x86_64-linux-gnu/cmake/Boost-1.74.0/BoostConfig.cmake (found suitable version "1.74.0", minimum required is "1.65.0") found components: system filesystem date_time iostreams serialization 
[4.423s] -- Checking for module 'flann'
[4.452s] --   Found flann, version 1.9.1
[4.526s] -- Found FLANN: /usr/lib/x86_64-linux-gnu/libflann_cpp.so  
[4.527s] -- FLANN found (include: /usr/include, lib: /usr/lib/x86_64-linux-gnu/libflann_cpp.so)
[4.610s] -- Found GLEW: /usr/lib/x86_64-linux-gnu/libGLEW.so  
[4.625s] -- Found OpenGL: /usr/lib/x86_64-linux-gnu/libOpenGL.so  found components: OpenGL GLX 
[4.997s] -- Found MPI_C: /usr/lib/x86_64-linux-gnu/libmpi.so (found version "3.1") 
[4.998s] -- Found MPI: TRUE (found version "3.1") found components: C 
[5.009s] -- Found JsonCpp: /usr/lib/x86_64-linux-gnu/libjsoncpp.so (found suitable version "1.9.5", minimum required is "0.7.0") 
[5.033s] -- Found ZLIB: /usr/lib/x86_64-linux-gnu/libz.so (found version "1.2.11") 
[5.074s] -- Found PNG: /usr/lib/x86_64-linux-gnu/libpng.so (found version "1.6.37") 
[5.144s] -- Found Eigen3: /usr/include/eigen3 (found version "3.4.0") 
[5.345s] -- Found X11: /usr/include   
[5.347s] -- Looking for XOpenDisplay in /usr/lib/x86_64-linux-gnu/libX11.so;/usr/lib/x86_64-linux-gnu/libXext.so
[5.491s] -- Looking for XOpenDisplay in /usr/lib/x86_64-linux-gnu/libX11.so;/usr/lib/x86_64-linux-gnu/libXext.so - found
[5.496s] -- Looking for gethostbyname
[5.635s] -- Looking for gethostbyname - found
[5.640s] -- Looking for connect
[5.777s] -- Looking for connect - found
[5.783s] -- Looking for remove
[5.937s] -- Looking for remove - found
[5.937s] -- Looking for shmat
[6.086s] -- Looking for shmat - found
[6.086s] -- Looking for IceConnectionNumber in ICE
[6.226s] -- Looking for IceConnectionNumber in ICE - found
[6.412s] -- Found EXPAT: /usr/lib/x86_64-linux-gnu/libexpat.so (found version "2.4.7") 
[6.418s] -- Found double-conversion: /usr/lib/x86_64-linux-gnu/libdouble-conversion.so  
[6.425s] -- Found LZ4: /usr/lib/x86_64-linux-gnu/liblz4.so (found version "1.9.3") 
[6.431s] -- Found LZMA: /usr/lib/x86_64-linux-gnu/liblzma.so (found version "5.2.5") 
[6.549s] -- Found JPEG: /usr/lib/x86_64-linux-gnu/libjpeg.so (found version "80") 
[6.562s] -- Found TIFF: /usr/lib/x86_64-linux-gnu/libtiff.so (found version "4.3.0")  
[6.570s] -- Found Freetype: /usr/lib/x86_64-linux-gnu/libfreetype.so (found version "2.11.1") 
[6.583s] -- Found utf8cpp: /usr/include/utf8cpp  
[6.787s] -- Checking for module 'libusb-1.0'
[6.815s] --   Found libusb-1.0, version 1.0.25
[6.886s] -- Found libusb: /usr/lib/x86_64-linux-gnu/libusb-1.0.so  
[6.890s] -- Found OpenNI: /usr/lib/libOpenNI.so;libusb::libusb (found version "1.5.4.0") 
[6.890s] -- OpenNI found (version: 1.5.4.0, include: /usr/include/ni, lib: /usr/lib/libOpenNI.so;libusb::libusb)
[7.002s] -- Found OpenNI2: /usr/lib/x86_64-linux-gnu/libOpenNI2.so;libusb::libusb (found version "2.2.0.33") 
[7.002s] -- OpenNI2 found (version: 2.2.0.33, include: /usr/include/openni2, lib: /usr/lib/x86_64-linux-gnu/libOpenNI2.so;libusb::libusb)
[7.003s] [0m** WARNING ** io features related to pcap will be disabled[0m
[7.338s] -- Eigen found (include: /usr/include/eigen3, version: 3.4.0)
[7.357s] -- OpenNI found (version: 1.5.4.0, include: /usr/include/ni, lib: /usr/lib/libOpenNI.so;libusb::libusb)
[7.394s] -- OpenNI2 found (version: 2.2.0.33, include: /usr/include/openni2, lib: /usr/lib/x86_64-linux-gnu/libOpenNI2.so;libusb::libusb)
[7.735s] -- Found Qhull version 8.0.2
[8.059s] -- OpenNI found (version: 1.5.4.0, include: /usr/include/ni, lib: /usr/lib/libOpenNI.so;libusb::libusb)
[8.369s] -- looking for PCL_COMMON
[8.374s] -- Found PCL_COMMON: /usr/lib/x86_64-linux-gnu/libpcl_common.so  
[8.375s] -- looking for PCL_KDTREE
[8.376s] -- Found PCL_KDTREE: /usr/lib/x86_64-linux-gnu/libpcl_kdtree.so  
[8.377s] -- looking for PCL_OCTREE
[8.379s] -- Found PCL_OCTREE: /usr/lib/x86_64-linux-gnu/libpcl_octree.so  
[8.379s] -- looking for PCL_SEARCH
[8.381s] -- Found PCL_SEARCH: /usr/lib/x86_64-linux-gnu/libpcl_search.so  
[8.382s] -- looking for PCL_SAMPLE_CONSENSUS
[8.384s] -- Found PCL_SAMPLE_CONSENSUS: /usr/lib/x86_64-linux-gnu/libpcl_sample_consensus.so  
[8.384s] -- looking for PCL_FILTERS
[8.386s] -- Found PCL_FILTERS: /usr/lib/x86_64-linux-gnu/libpcl_filters.so  
[8.387s] -- looking for PCL_2D
[8.388s] -- Found PCL_2D: /usr/include/pcl-1.12  
[8.388s] -- looking for PCL_GEOMETRY
[8.389s] -- Found PCL_GEOMETRY: /usr/include/pcl-1.12  
[8.390s] -- looking for PCL_IO
[8.392s] -- Found PCL_IO: /usr/lib/x86_64-linux-gnu/libpcl_io.so  
[8.393s] -- looking for PCL_FEATURES
[8.395s] -- Found PCL_FEATURES: /usr/lib/x86_64-linux-gnu/libpcl_features.so  
[8.396s] -- looking for PCL_ML
[8.398s] -- Found PCL_ML: /usr/lib/x86_64-linux-gnu/libpcl_ml.so  
[8.398s] -- looking for PCL_SEGMENTATION
[8.400s] -- Found PCL_SEGMENTATION: /usr/lib/x86_64-linux-gnu/libpcl_segmentation.so  
[8.401s] -- looking for PCL_VISUALIZATION
[8.403s] -- Found PCL_VISUALIZATION: /usr/lib/x86_64-linux-gnu/libpcl_visualization.so  
[8.408s] -- looking for PCL_SURFACE
[8.408s] -- Found PCL_SURFACE: /usr/lib/x86_64-linux-gnu/libpcl_surface.so  
[8.408s] -- looking for PCL_REGISTRATION
[8.408s] -- Found PCL_REGISTRATION: /usr/lib/x86_64-linux-gnu/libpcl_registration.so  
[8.408s] -- looking for PCL_KEYPOINTS
[8.410s] -- Found PCL_KEYPOINTS: /usr/lib/x86_64-linux-gnu/libpcl_keypoints.so  
[8.412s] -- looking for PCL_TRACKING
[8.415s] -- Found PCL_TRACKING: /usr/lib/x86_64-linux-gnu/libpcl_tracking.so  
[8.415s] -- looking for PCL_RECOGNITION
[8.417s] -- Found PCL_RECOGNITION: /usr/lib/x86_64-linux-gnu/libpcl_recognition.so  
[8.418s] -- looking for PCL_STEREO
[8.420s] -- Found PCL_STEREO: /usr/lib/x86_64-linux-gnu/libpcl_stereo.so  
[8.420s] -- looking for PCL_APPS
[8.422s] -- Found PCL_APPS: /usr/lib/x86_64-linux-gnu/libpcl_apps.so  
[8.423s] -- looking for PCL_IN_HAND_SCANNER
[8.424s] -- Found PCL_IN_HAND_SCANNER: /usr/include/pcl-1.12  
[8.424s] -- looking for PCL_MODELER
[8.424s] -- Found PCL_MODELER: /usr/include/pcl-1.12  
[8.424s] -- looking for PCL_POINT_CLOUD_EDITOR
[8.425s] -- Found PCL_POINT_CLOUD_EDITOR: /usr/include/pcl-1.12  
[8.425s] -- looking for PCL_OUTOFCORE
[8.427s] -- Found PCL_OUTOFCORE: /usr/lib/x86_64-linux-gnu/libpcl_outofcore.so  
[8.428s] -- looking for PCL_PEOPLE
[8.430s] -- Found PCL_PEOPLE: /usr/lib/x86_64-linux-gnu/libpcl_people.so  
[8.432s] -- Found PCL: pcl_common;pcl_kdtree;pcl_octree;pcl_search;pcl_sample_consensus;pcl_filters;pcl_io;pcl_features;pcl_ml;pcl_segmentation;pcl_visualization;pcl_surface;pcl_registration;pcl_keypoints;pcl_tracking;pcl_recognition;pcl_stereo;pcl_apps;pcl_outofcore;pcl_people;Boost::system;Boost::filesystem;Boost::date_time;Boost::iostreams;Boost::serialization;/usr/lib/libOpenNI.so;libusb::libusb;/usr/lib/x86_64-linux-gnu/libOpenNI2.so;libusb::libusb;VTK::ChartsCore;VTK::CommonColor;VTK::CommonComputationalGeometry;VTK::CommonCore;VTK::CommonDataModel;VTK::CommonExecutionModel;VTK::CommonMath;VTK::CommonMisc;VTK::CommonTransforms;VTK::FiltersCore;VTK::FiltersExtraction;VTK::FiltersGeneral;VTK::FiltersGeometry;VTK::FiltersModeling;VTK::FiltersSources;VTK::ImagingCore;VTK::ImagingSources;VTK::InteractionImage;VTK::InteractionStyle;VTK::InteractionWidgets;VTK::IOCore;VTK::IOGeometry;VTK::IOImage;VTK::IOLegacy;VTK::IOPLY;VTK::RenderingAnnotation;VTK::RenderingCore;VTK::RenderingContext2D;VTK::RenderingLOD;VTK::RenderingFreeType;VTK::ViewsCore;VTK::ViewsContext2D;VTK::RenderingOpenGL2;VTK::GUISupportQt;FLANN::FLANN;QHULL::QHULL (Required is at least version "1.2") 
[8.809s] -- Found ament_lint_auto: 0.12.11 (/opt/ros/humble/share/ament_lint_auto/cmake)
[8.972s] -- Added test 'cppcheck' to perform static code analysis on C / C++ code
[8.973s] -- Configured cppcheck include dirs: 
[8.973s] -- Configured cppcheck exclude dirs and/or files: 
[8.974s] -- Added test 'flake8' to check Python code syntax and style conventions
[8.975s] -- Added test 'lint_cmake' to check CMake code style
[8.976s] -- Added test 'pep257' to check Python code against some of the docstring style conventions in PEP 257
[8.978s] -- Added test 'uncrustify' to check C / C++ code style
[8.978s] -- Configured uncrustify additional arguments: 
[8.979s] -- Added test 'xmllint' to check XML markup files
[8.982s] -- Configuring done
[9.107s] -- Generating done
[9.113s] -- Build files have been written to: /home/nicolas/RAS/build/vonns2_reconstruction
[9.144s] Invoked command in '/home/nicolas/RAS/build/vonns2_reconstruction' returned '0': CMAKE_PREFIX_PATH=${CMAKE_PREFIX_PATH}:/opt/ros/humble /usr/bin/cmake /home/nicolas/RAS/src/vonns2-main/vonns2_reconstruction -DCMAKE_INSTALL_PREFIX=/home/nicolas/RAS/install/vonns2_reconstruction
[9.148s] Invoking command in '/home/nicolas/RAS/build/vonns2_reconstruction': CMAKE_PREFIX_PATH=${CMAKE_PREFIX_PATH}:/opt/ros/humble /usr/bin/cmake --build /home/nicolas/RAS/build/vonns2_reconstruction -- -j2 -l2
[9.291s] [ 25%] [32mBuilding CXX object CMakeFiles/point_cloud2_assembler.dir/src/point_cloud2_assembler.cpp.o[0m
[9.332s] [ 50%] [32mBuilding CXX object CMakeFiles/point_cloud2_converter.dir/src/point_cloud2_converter.cpp.o[0m
[39.711s] [ 75%] [32m[1mLinking CXX executable point_cloud2_converter[0m
[40.703s] [ 75%] Built target point_cloud2_converter
[44.674s] [100%] [32m[1mLinking CXX executable point_cloud2_assembler[0m
[47.393s] [100%] Built target point_cloud2_assembler
[47.465s] [100%] Built target ament_cmake_python_copy_scripts
[48.815s] running egg_info
[48.816s] creating scripts.egg-info
[48.816s] writing scripts.egg-info/PKG-INFO
[48.817s] writing dependency_links to scripts.egg-info/dependency_links.txt
[48.817s] writing top-level names to scripts.egg-info/top_level.txt
[48.817s] writing manifest file 'scripts.egg-info/SOURCES.txt'
[48.824s] reading manifest file 'scripts.egg-info/SOURCES.txt'
[48.826s] writing manifest file 'scripts.egg-info/SOURCES.txt'
[48.899s] [100%] Built target ament_cmake_python_build_scripts_egg
[48.931s] Invoked command in '/home/nicolas/RAS/build/vonns2_reconstruction' returned '0': CMAKE_PREFIX_PATH=${CMAKE_PREFIX_PATH}:/opt/ros/humble /usr/bin/cmake --build /home/nicolas/RAS/build/vonns2_reconstruction -- -j2 -l2
[49.014s] Invoking command in '/home/nicolas/RAS/build/vonns2_reconstruction': CMAKE_PREFIX_PATH=${CMAKE_PREFIX_PATH}:/opt/ros/humble /usr/bin/cmake --install /home/nicolas/RAS/build/vonns2_reconstruction
[49.030s] -- Install configuration: ""
[49.031s] -- Installing: /home/nicolas/RAS/install/vonns2_reconstruction/lib/vonns2_reconstruction/point_cloud2_assembler
[49.040s] -- Set runtime path of "/home/nicolas/RAS/install/vonns2_reconstruction/lib/vonns2_reconstruction/point_cloud2_assembler" to ""
[49.040s] -- Installing: /home/nicolas/RAS/install/vonns2_reconstruction/lib/vonns2_reconstruction/point_cloud2_converter
[49.043s] -- Set runtime path of "/home/nicolas/RAS/install/vonns2_reconstruction/lib/vonns2_reconstruction/point_cloud2_converter" to ""
[49.044s] -- Installing: /home/nicolas/RAS/install/vonns2_reconstruction/share/vonns2_reconstruction/environment/pythonpath.sh
[49.045s] -- Installing: /home/nicolas/RAS/install/vonns2_reconstruction/share/vonns2_reconstruction/environment/pythonpath.dsv
[49.046s] -- Installing: /home/nicolas/RAS/install/vonns2_reconstruction/local/lib/python3.10/dist-packages/scripts-0.0.0-py3.10.egg-info
[49.046s] -- Installing: /home/nicolas/RAS/install/vonns2_reconstruction/local/lib/python3.10/dist-packages/scripts-0.0.0-py3.10.egg-info/SOURCES.txt
[49.046s] -- Installing: /home/nicolas/RAS/install/vonns2_reconstruction/local/lib/python3.10/dist-packages/scripts-0.0.0-py3.10.egg-info/dependency_links.txt
[49.046s] -- Installing: /home/nicolas/RAS/install/vonns2_reconstruction/local/lib/python3.10/dist-packages/scripts-0.0.0-py3.10.egg-info/top_level.txt
[49.046s] -- Installing: /home/nicolas/RAS/install/vonns2_reconstruction/local/lib/python3.10/dist-packages/scripts-0.0.0-py3.10.egg-info/PKG-INFO
[49.047s] -- Installing: /home/nicolas/RAS/install/vonns2_reconstruction/local/lib/python3.10/dist-packages/scripts
[49.047s] -- Installing: /home/nicolas/RAS/install/vonns2_reconstruction/local/lib/python3.10/dist-packages/scripts/__init__.py
[49.126s] Listing '/home/nicolas/RAS/install/vonns2_reconstruction/local/lib/python3.10/dist-packages/scripts'...
[49.127s] Compiling '/home/nicolas/RAS/install/vonns2_reconstruction/local/lib/python3.10/dist-packages/scripts/__init__.py'...
[49.137s] -- Installing: /home/nicolas/RAS/install/vonns2_reconstruction/share/vonns2_reconstruction/config
[49.139s] -- Installing: /home/nicolas/RAS/install/vonns2_reconstruction/share/vonns2_reconstruction/config/reconstruction_in_gazebo.rviz
[49.140s] -- Installing: /home/nicolas/RAS/install/vonns2_reconstruction/share/vonns2_reconstruction/config/reconstruction.rviz
[49.142s] -- Installing: /home/nicolas/RAS/install/vonns2_reconstruction/share/vonns2_reconstruction/launch
[49.143s] -- Installing: /home/nicolas/RAS/install/vonns2_reconstruction/share/vonns2_reconstruction/launch/reconstruction_in_gazebo.launch.py
[49.144s] -- Installing: /home/nicolas/RAS/install/vonns2_reconstruction/share/vonns2_reconstruction/launch/reconstruction_in_bringup.launch.py
[49.145s] -- Installing: /home/nicolas/RAS/install/vonns2_reconstruction/share/vonns2_reconstruction/pcd
[49.146s] -- Installing: /home/nicolas/RAS/install/vonns2_reconstruction/share/ament_index/resource_index/package_run_dependencies/vonns2_reconstruction
[49.147s] -- Installing: /home/nicolas/RAS/install/vonns2_reconstruction/share/ament_index/resource_index/parent_prefix_path/vonns2_reconstruction
[49.148s] -- Installing: /home/nicolas/RAS/install/vonns2_reconstruction/share/vonns2_reconstruction/environment/ament_prefix_path.sh
[49.148s] -- Installing: /home/nicolas/RAS/install/vonns2_reconstruction/share/vonns2_reconstruction/environment/ament_prefix_path.dsv
[49.149s] -- Installing: /home/nicolas/RAS/install/vonns2_reconstruction/share/vonns2_reconstruction/environment/path.sh
[49.149s] -- Installing: /home/nicolas/RAS/install/vonns2_reconstruction/share/vonns2_reconstruction/environment/path.dsv
[49.150s] -- Installing: /home/nicolas/RAS/install/vonns2_reconstruction/share/vonns2_reconstruction/local_setup.bash
[49.151s] -- Installing: /home/nicolas/RAS/install/vonns2_reconstruction/share/vonns2_reconstruction/local_setup.sh
[49.152s] -- Installing: /home/nicolas/RAS/install/vonns2_reconstruction/share/vonns2_reconstruction/local_setup.zsh
[49.153s] -- Installing: /home/nicolas/RAS/install/vonns2_reconstruction/share/vonns2_reconstruction/local_setup.dsv
[49.154s] -- Installing: /home/nicolas/RAS/install/vonns2_reconstruction/share/vonns2_reconstruction/package.dsv
[49.155s] -- Installing: /home/nicolas/RAS/install/vonns2_reconstruction/share/ament_index/resource_index/packages/vonns2_reconstruction
[49.155s] -- Installing: /home/nicolas/RAS/install/vonns2_reconstruction/share/vonns2_reconstruction/cmake/vonns2_reconstructionConfig.cmake
[49.156s] -- Installing: /home/nicolas/RAS/install/vonns2_reconstruction/share/vonns2_reconstruction/cmake/vonns2_reconstructionConfig-version.cmake
[49.157s] -- Installing: /home/nicolas/RAS/install/vonns2_reconstruction/share/vonns2_reconstruction/package.xml
[49.165s] Invoked command in '/home/nicolas/RAS/build/vonns2_reconstruction' returned '0': CMAKE_PREFIX_PATH=${CMAKE_PREFIX_PATH}:/opt/ros/humble /usr/bin/cmake --install /home/nicolas/RAS/build/vonns2_reconstruction
