-- The C compiler identification is GNU 11.4.0
-- The CXX compiler identification is GNU 11.4.0
-- Detecting C compiler ABI info
-- Detecting C compiler ABI info - done
-- Check for working C compiler: /usr/bin/cc - skipped
-- Detecting C compile features
-- Detecting C compile features - done
-- Detecting CXX compiler ABI info
-- Detecting CXX compiler ABI info - done
-- Check for working CXX compiler: /usr/bin/c++ - skipped
-- Detecting CXX compile features
-- Detecting CXX compile features - done
-- Found ament_cmake: 1.3.8 (/opt/ros/humble/share/ament_cmake/cmake)
-- Found Python3: /usr/bin/python3 (found version "3.10.12") found components: Interpreter 
-- Override CMake install command with custom implementation using symlinks instead of copying resources
-- Found rclpy: 3.3.12 (/opt/ros/humble/share/rclpy/cmake)
-- Found rclcpp: 16.0.8 (/opt/ros/humble/share/rclcpp/cmake)
-- Found rosidl_generator_c: 3.1.5 (/opt/ros/humble/share/rosidl_generator_c/cmake)
-- Found rosidl_adapter: 3.1.5 (/opt/ros/humble/share/rosidl_adapter/cmake)
-- Found rosidl_generator_cpp: 3.1.5 (/opt/ros/humble/share/rosidl_generator_cpp/cmake)
-- Using all available rosidl_typesupport_c: rosidl_typesupport_fastrtps_c;rosidl_typesupport_introspection_c
-- Using all available rosidl_typesupport_cpp: rosidl_typesupport_fastrtps_cpp;rosidl_typesupport_introspection_cpp
-- Found rmw_implementation_cmake: 6.1.1 (/opt/ros/humble/share/rmw_implementation_cmake/cmake)
-- Found rmw_fastrtps_cpp: 6.2.6 (/opt/ros/humble/share/rmw_fastrtps_cpp/cmake)
-- Found OpenSSL: /usr/lib/x86_64-linux-gnu/libcrypto.so (found version "3.0.2")  
-- Found FastRTPS: /opt/ros/humble/include  
-- Using RMW implementation 'rmw_fastrtps_cpp' as default
-- Looking for pthread.h
-- Looking for pthread.h - found
-- Performing Test CMAKE_HAVE_LIBC_PTHREAD
-- Performing Test CMAKE_HAVE_LIBC_PTHREAD - Success
-- Found Threads: TRUE  
-- Found sensor_msgs: 4.2.3 (/opt/ros/humble/share/sensor_msgs/cmake)
-- Found ament_lint_auto: 0.12.10 (/opt/ros/humble/share/ament_lint_auto/cmake)
-- Added test 'cppcheck' to perform static code analysis on C / C++ code
-- Configured cppcheck include dirs: 
-- Configured cppcheck exclude dirs and/or files: 
-- Added test 'flake8' to check Python code syntax and style conventions
-- Added test 'lint_cmake' to check CMake code style
-- Added test 'pep257' to check Python code against some of the docstring style conventions in PEP 257
-- Added test 'uncrustify' to check C / C++ code style
-- Configured uncrustify additional arguments: 
-- Added test 'xmllint' to check XML markup files
-- Configuring done
-- Generating done
-- Build files have been written to: /home/juan/Robotics/Proyecto/Mapeo3D_LiDAR2D/build/vonns2_bringup
[ 50%] [32mBuilding CXX object CMakeFiles/tf_broadcaster.dir/src/tf_broadcaster.cpp.o[0m
[ 50%] Built target ament_cmake_python_symlink_scripts
running egg_info
creating scripts.egg-info
writing scripts.egg-info/PKG-INFO
writing dependency_links to scripts.egg-info/dependency_links.txt
writing top-level names to scripts.egg-info/top_level.txt
writing manifest file 'scripts.egg-info/SOURCES.txt'
reading manifest file 'scripts.egg-info/SOURCES.txt'
writing manifest file 'scripts.egg-info/SOURCES.txt'
[ 50%] Built target ament_cmake_python_build_scripts_egg
[100%] [32m[1mLinking CXX executable tf_broadcaster[0m
[100%] Built target tf_broadcaster
-- Install configuration: ""
-- Execute custom install script
-- Symlinking: /home/juan/Robotics/Proyecto/Mapeo3D_LiDAR2D/install/vonns2_bringup/lib/vonns2_bringup/tf_broadcaster
-- Symlinking: /home/juan/Robotics/Proyecto/Mapeo3D_LiDAR2D/install/vonns2_bringup/share/vonns2_bringup/environment/pythonpath.sh
-- Symlinking: /home/juan/Robotics/Proyecto/Mapeo3D_LiDAR2D/install/vonns2_bringup/share/vonns2_bringup/environment/pythonpath.dsv
-- Symlinking: /home/juan/Robotics/Proyecto/Mapeo3D_LiDAR2D/install/vonns2_bringup/local/lib/python3.10/dist-packages/scripts-0.0.0-py3.10.egg-info/PKG-INFO
-- Symlinking: /home/juan/Robotics/Proyecto/Mapeo3D_LiDAR2D/install/vonns2_bringup/local/lib/python3.10/dist-packages/scripts-0.0.0-py3.10.egg-info/SOURCES.txt
-- Symlinking: /home/juan/Robotics/Proyecto/Mapeo3D_LiDAR2D/install/vonns2_bringup/local/lib/python3.10/dist-packages/scripts-0.0.0-py3.10.egg-info/dependency_links.txt
-- Symlinking: /home/juan/Robotics/Proyecto/Mapeo3D_LiDAR2D/install/vonns2_bringup/local/lib/python3.10/dist-packages/scripts-0.0.0-py3.10.egg-info/top_level.txt
-- Symlinking: /home/juan/Robotics/Proyecto/Mapeo3D_LiDAR2D/install/vonns2_bringup/local/lib/python3.10/dist-packages/scripts/__init__.py
-- Symlinking: /home/juan/Robotics/Proyecto/Mapeo3D_LiDAR2D/install/vonns2_bringup/local/lib/python3.10/dist-packages/scripts/serial_port_reader.py
-- Symlinking: /home/juan/Robotics/Proyecto/Mapeo3D_LiDAR2D/install/vonns2_bringup/lib/vonns2_bringup/serial_port_reader.py
-- Symlinking: /home/juan/Robotics/Proyecto/Mapeo3D_LiDAR2D/install/vonns2_bringup/share/vonns2_bringup/launch/robot.launch.py
-- Symlinking: /home/juan/Robotics/Proyecto/Mapeo3D_LiDAR2D/install/vonns2_bringup/share/vonns2_bringup/launch/robot_state_publisher.launch.py
-- Symlinking: /home/juan/Robotics/Proyecto/Mapeo3D_LiDAR2D/install/vonns2_bringup/share/vonns2_bringup/config/laser.rviz
-- Symlinking: /home/juan/Robotics/Proyecto/Mapeo3D_LiDAR2D/install/vonns2_bringup/share/ament_index/resource_index/package_run_dependencies/vonns2_bringup
-- Symlinking: /home/juan/Robotics/Proyecto/Mapeo3D_LiDAR2D/install/vonns2_bringup/share/ament_index/resource_index/parent_prefix_path/vonns2_bringup
-- Symlinking: /home/juan/Robotics/Proyecto/Mapeo3D_LiDAR2D/install/vonns2_bringup/share/vonns2_bringup/environment/ament_prefix_path.sh
-- Symlinking: /home/juan/Robotics/Proyecto/Mapeo3D_LiDAR2D/install/vonns2_bringup/share/vonns2_bringup/environment/ament_prefix_path.dsv
-- Symlinking: /home/juan/Robotics/Proyecto/Mapeo3D_LiDAR2D/install/vonns2_bringup/share/vonns2_bringup/environment/path.sh
-- Symlinking: /home/juan/Robotics/Proyecto/Mapeo3D_LiDAR2D/install/vonns2_bringup/share/vonns2_bringup/environment/path.dsv
-- Symlinking: /home/juan/Robotics/Proyecto/Mapeo3D_LiDAR2D/install/vonns2_bringup/share/vonns2_bringup/local_setup.bash
-- Symlinking: /home/juan/Robotics/Proyecto/Mapeo3D_LiDAR2D/install/vonns2_bringup/share/vonns2_bringup/local_setup.sh
-- Symlinking: /home/juan/Robotics/Proyecto/Mapeo3D_LiDAR2D/install/vonns2_bringup/share/vonns2_bringup/local_setup.zsh
-- Symlinking: /home/juan/Robotics/Proyecto/Mapeo3D_LiDAR2D/install/vonns2_bringup/share/vonns2_bringup/local_setup.dsv
-- Symlinking: /home/juan/Robotics/Proyecto/Mapeo3D_LiDAR2D/install/vonns2_bringup/share/vonns2_bringup/package.dsv
-- Symlinking: /home/juan/Robotics/Proyecto/Mapeo3D_LiDAR2D/install/vonns2_bringup/share/ament_index/resource_index/packages/vonns2_bringup
-- Symlinking: /home/juan/Robotics/Proyecto/Mapeo3D_LiDAR2D/install/vonns2_bringup/share/vonns2_bringup/cmake/vonns2_bringupConfig.cmake
-- Symlinking: /home/juan/Robotics/Proyecto/Mapeo3D_LiDAR2D/install/vonns2_bringup/share/vonns2_bringup/cmake/vonns2_bringupConfig-version.cmake
-- Symlinking: /home/juan/Robotics/Proyecto/Mapeo3D_LiDAR2D/install/vonns2_bringup/share/vonns2_bringup/package.xml
Listing '/home/juan/Robotics/Proyecto/Mapeo3D_LiDAR2D/install/vonns2_bringup/local/lib/python3.10/dist-packages/scripts'...
Compiling '/home/juan/Robotics/Proyecto/Mapeo3D_LiDAR2D/install/vonns2_bringup/local/lib/python3.10/dist-packages/scripts/__init__.py'...
Compiling '/home/juan/Robotics/Proyecto/Mapeo3D_LiDAR2D/install/vonns2_bringup/local/lib/python3.10/dist-packages/scripts/serial_port_reader.py'...
