[1.440s] Invoking command in '/home/juan/Robotics/Proyecto/Mapeo3D_LiDAR2D/build/vonns2_gazebo': CMAKE_PREFIX_PATH=${CMAKE_PREFIX_PATH}:/home/juan/Robotics/Proyecto/Mapeo3D_LiDAR2D/install/robot_description:/home/juan/Robotics/Proyecto/Mapeo3D_LiDAR2D/install/navigation_pkg:/home/juan/Robotics/Proyecto/Mapeo3D_LiDAR2D/install/my_subscriber_pkg:/opt/ros/humble /usr/bin/cmake /home/juan/Robotics/Proyecto/Mapeo3D_LiDAR2D/src/RAS/src/vonns2-main/vonns2_gazebo -DAMENT_CMAKE_SYMLINK_INSTALL=1 -DCMAKE_INSTALL_PREFIX=/home/juan/Robotics/Proyecto/Mapeo3D_LiDAR2D/install/vonns2_gazebo
[4.386s] -- The C compiler identification is GNU 11.4.0
[5.519s] -- The CXX compiler identification is GNU 11.4.0
[5.611s] -- Detecting C compiler ABI info
[5.873s] -- Detecting C compiler ABI info - done
[5.891s] -- Check for working C compiler: /usr/bin/cc - skipped
[5.893s] -- Detecting C compile features
[5.930s] -- Detecting C compile features - done
[5.946s] -- Detecting CXX compiler ABI info
[6.305s] -- Detecting CXX compiler ABI info - done
[6.319s] -- Check for working CXX compiler: /usr/bin/c++ - skipped
[6.320s] -- Detecting CXX compile features
[6.323s] -- Detecting CXX compile features - done
[6.470s] -- Found ament_cmake: 1.3.8 (/opt/ros/humble/share/ament_cmake/cmake)
[8.256s] -- Found Python3: /usr/bin/python3 (found version "3.10.12") found components: Interpreter 
[8.442s] -- Override CMake install command with custom implementation using symlinks instead of copying resources
[8.921s] -- Found rclpy: 3.3.12 (/opt/ros/humble/share/rclpy/cmake)
[8.952s] -- Found rclcpp: 16.0.8 (/opt/ros/humble/share/rclcpp/cmake)
[9.569s] -- Found rosidl_generator_c: 3.1.5 (/opt/ros/humble/share/rosidl_generator_c/cmake)
[9.620s] -- Found rosidl_adapter: 3.1.5 (/opt/ros/humble/share/rosidl_adapter/cmake)
[9.662s] -- Found rosidl_generator_cpp: 3.1.5 (/opt/ros/humble/share/rosidl_generator_cpp/cmake)
[9.806s] -- Using all available rosidl_typesupport_c: rosidl_typesupport_fastrtps_c;rosidl_typesupport_introspection_c
[9.938s] -- Using all available rosidl_typesupport_cpp: rosidl_typesupport_fastrtps_cpp;rosidl_typesupport_introspection_cpp
[10.329s] -- Found rmw_implementation_cmake: 6.1.1 (/opt/ros/humble/share/rmw_implementation_cmake/cmake)
[10.384s] -- Found rmw_fastrtps_cpp: 6.2.6 (/opt/ros/humble/share/rmw_fastrtps_cpp/cmake)
[10.992s] -- Found OpenSSL: /usr/lib/x86_64-linux-gnu/libcrypto.so (found version "3.0.2")  
[11.074s] -- Found FastRTPS: /opt/ros/humble/include  
[11.171s] -- Using RMW implementation 'rmw_fastrtps_cpp' as default
[11.318s] -- Looking for pthread.h
[11.460s] -- Looking for pthread.h - found
[11.460s] -- Performing Test CMAKE_HAVE_LIBC_PTHREAD
[11.588s] -- Performing Test CMAKE_HAVE_LIBC_PTHREAD - Success
[11.590s] -- Found Threads: TRUE  
[12.108s] -- Found sensor_msgs: 4.2.3 (/opt/ros/humble/share/sensor_msgs/cmake)
[12.969s] -- Found ament_lint_auto: 0.12.10 (/opt/ros/humble/share/ament_lint_auto/cmake)
[13.592s] -- Added test 'flake8' to check Python code syntax and style conventions
[13.594s] -- Added test 'lint_cmake' to check CMake code style
[13.596s] -- Added test 'pep257' to check Python code against some of the docstring style conventions in PEP 257
[13.601s] -- Added test 'xmllint' to check XML markup files
[13.688s] -- Configuring done
[13.704s] -- Generating done
[13.709s] -- Build files have been written to: /home/juan/Robotics/Proyecto/Mapeo3D_LiDAR2D/build/vonns2_gazebo
[13.739s] Invoked command in '/home/juan/Robotics/Proyecto/Mapeo3D_LiDAR2D/build/vonns2_gazebo' returned '0': CMAKE_PREFIX_PATH=${CMAKE_PREFIX_PATH}:/home/juan/Robotics/Proyecto/Mapeo3D_LiDAR2D/install/robot_description:/home/juan/Robotics/Proyecto/Mapeo3D_LiDAR2D/install/navigation_pkg:/home/juan/Robotics/Proyecto/Mapeo3D_LiDAR2D/install/my_subscriber_pkg:/opt/ros/humble /usr/bin/cmake /home/juan/Robotics/Proyecto/Mapeo3D_LiDAR2D/src/RAS/src/vonns2-main/vonns2_gazebo -DAMENT_CMAKE_SYMLINK_INSTALL=1 -DCMAKE_INSTALL_PREFIX=/home/juan/Robotics/Proyecto/Mapeo3D_LiDAR2D/install/vonns2_gazebo
[13.741s] Invoking command in '/home/juan/Robotics/Proyecto/Mapeo3D_LiDAR2D/build/vonns2_gazebo': CMAKE_PREFIX_PATH=${CMAKE_PREFIX_PATH}:/home/juan/Robotics/Proyecto/Mapeo3D_LiDAR2D/install/robot_description:/home/juan/Robotics/Proyecto/Mapeo3D_LiDAR2D/install/navigation_pkg:/home/juan/Robotics/Proyecto/Mapeo3D_LiDAR2D/install/my_subscriber_pkg:/opt/ros/humble /usr/bin/cmake --build /home/juan/Robotics/Proyecto/Mapeo3D_LiDAR2D/build/vonns2_gazebo -- -j12 -l12
[13.877s] Built target ament_cmake_python_symlink_scripts
[14.230s] running egg_info
[14.231s] creating scripts.egg-info
[14.266s] writing scripts.egg-info/PKG-INFO
[14.267s] writing dependency_links to scripts.egg-info/dependency_links.txt
[14.267s] writing top-level names to scripts.egg-info/top_level.txt
[14.268s] writing manifest file 'scripts.egg-info/SOURCES.txt'
[14.364s] reading manifest file 'scripts.egg-info/SOURCES.txt'
[14.365s] writing manifest file 'scripts.egg-info/SOURCES.txt'
[14.422s] Built target ament_cmake_python_build_scripts_egg
[14.453s] Invoked command in '/home/juan/Robotics/Proyecto/Mapeo3D_LiDAR2D/build/vonns2_gazebo' returned '0': CMAKE_PREFIX_PATH=${CMAKE_PREFIX_PATH}:/home/juan/Robotics/Proyecto/Mapeo3D_LiDAR2D/install/robot_description:/home/juan/Robotics/Proyecto/Mapeo3D_LiDAR2D/install/navigation_pkg:/home/juan/Robotics/Proyecto/Mapeo3D_LiDAR2D/install/my_subscriber_pkg:/opt/ros/humble /usr/bin/cmake --build /home/juan/Robotics/Proyecto/Mapeo3D_LiDAR2D/build/vonns2_gazebo -- -j12 -l12
[14.521s] Invoking command in '/home/juan/Robotics/Proyecto/Mapeo3D_LiDAR2D/build/vonns2_gazebo': CMAKE_PREFIX_PATH=${CMAKE_PREFIX_PATH}:/home/juan/Robotics/Proyecto/Mapeo3D_LiDAR2D/install/robot_description:/home/juan/Robotics/Proyecto/Mapeo3D_LiDAR2D/install/navigation_pkg:/home/juan/Robotics/Proyecto/Mapeo3D_LiDAR2D/install/my_subscriber_pkg:/opt/ros/humble /usr/bin/cmake --install /home/juan/Robotics/Proyecto/Mapeo3D_LiDAR2D/build/vonns2_gazebo
[14.539s] -- Install configuration: ""
[14.540s] -- Execute custom install script
[14.541s] -- Symlinking: /home/juan/Robotics/Proyecto/Mapeo3D_LiDAR2D/install/vonns2_gazebo/share/vonns2_gazebo/environment/pythonpath.sh
[14.556s] -- Symlinking: /home/juan/Robotics/Proyecto/Mapeo3D_LiDAR2D/install/vonns2_gazebo/share/vonns2_gazebo/environment/pythonpath.dsv
[14.575s] -- Symlinking: /home/juan/Robotics/Proyecto/Mapeo3D_LiDAR2D/install/vonns2_gazebo/local/lib/python3.10/dist-packages/scripts-0.0.0-py3.10.egg-info/PKG-INFO
[14.594s] -- Symlinking: /home/juan/Robotics/Proyecto/Mapeo3D_LiDAR2D/install/vonns2_gazebo/local/lib/python3.10/dist-packages/scripts-0.0.0-py3.10.egg-info/SOURCES.txt
[14.617s] -- Symlinking: /home/juan/Robotics/Proyecto/Mapeo3D_LiDAR2D/install/vonns2_gazebo/local/lib/python3.10/dist-packages/scripts-0.0.0-py3.10.egg-info/dependency_links.txt
[14.640s] -- Symlinking: /home/juan/Robotics/Proyecto/Mapeo3D_LiDAR2D/install/vonns2_gazebo/local/lib/python3.10/dist-packages/scripts-0.0.0-py3.10.egg-info/top_level.txt
[14.661s] -- Symlinking: /home/juan/Robotics/Proyecto/Mapeo3D_LiDAR2D/install/vonns2_gazebo/local/lib/python3.10/dist-packages/scripts/__init__.py
[14.676s] -- Symlinking: /home/juan/Robotics/Proyecto/Mapeo3D_LiDAR2D/install/vonns2_gazebo/local/lib/python3.10/dist-packages/scripts/joint_group_position_publisher.py
[14.692s] -- Symlinking: /home/juan/Robotics/Proyecto/Mapeo3D_LiDAR2D/install/vonns2_gazebo/lib/vonns2_gazebo/joint_group_position_publisher.py
[14.707s] -- Symlinking: /home/juan/Robotics/Proyecto/Mapeo3D_LiDAR2D/install/vonns2_gazebo/share/vonns2_gazebo/config/joint_group_position_controller.yaml
[14.731s] -- Symlinking: /home/juan/Robotics/Proyecto/Mapeo3D_LiDAR2D/install/vonns2_gazebo/share/vonns2_gazebo/config/visualization.rviz
[14.747s] -- Symlinking: /home/juan/Robotics/Proyecto/Mapeo3D_LiDAR2D/install/vonns2_gazebo/share/vonns2_gazebo/description/lidar.xacro
[14.767s] -- Symlinking: /home/juan/Robotics/Proyecto/Mapeo3D_LiDAR2D/install/vonns2_gazebo/share/vonns2_gazebo/description/ros2_control.xacro
[14.789s] -- Symlinking: /home/juan/Robotics/Proyecto/Mapeo3D_LiDAR2D/install/vonns2_gazebo/share/vonns2_gazebo/description/vonns2.urdf.xacro
[14.809s] -- Symlinking: /home/juan/Robotics/Proyecto/Mapeo3D_LiDAR2D/install/vonns2_gazebo/share/vonns2_gazebo/description/vonns2_core.xacro
[14.828s] -- Symlinking: /home/juan/Robotics/Proyecto/Mapeo3D_LiDAR2D/install/vonns2_gazebo/share/vonns2_gazebo/launch/gazebo.launch.py
[14.853s] -- Symlinking: /home/juan/Robotics/Proyecto/Mapeo3D_LiDAR2D/install/vonns2_gazebo/share/vonns2_gazebo/launch/joint_group_position_controller.launch.py
[14.877s] -- Symlinking: /home/juan/Robotics/Proyecto/Mapeo3D_LiDAR2D/install/vonns2_gazebo/share/vonns2_gazebo/launch/robot_state_publisher.launch.py
[14.897s] -- Symlinking: /home/juan/Robotics/Proyecto/Mapeo3D_LiDAR2D/install/vonns2_gazebo/share/vonns2_gazebo/launch/visualization.launch.py
[14.921s] -- Symlinking: /home/juan/Robotics/Proyecto/Mapeo3D_LiDAR2D/install/vonns2_gazebo/share/vonns2_gazebo/meshes/base_footprint.STL
[14.944s] -- Symlinking: /home/juan/Robotics/Proyecto/Mapeo3D_LiDAR2D/install/vonns2_gazebo/share/vonns2_gazebo/meshes/laser.STL
[14.967s] -- Symlinking: /home/juan/Robotics/Proyecto/Mapeo3D_LiDAR2D/install/vonns2_gazebo/share/vonns2_gazebo/meshes/servo.STL
[14.992s] -- Symlinking: /home/juan/Robotics/Proyecto/Mapeo3D_LiDAR2D/install/vonns2_gazebo/share/vonns2_gazebo/worlds/cylinder.sdf
[15.015s] -- Symlinking: /home/juan/Robotics/Proyecto/Mapeo3D_LiDAR2D/install/vonns2_gazebo/share/vonns2_gazebo/worlds/scan
[15.038s] -- Symlinking: /home/juan/Robotics/Proyecto/Mapeo3D_LiDAR2D/install/vonns2_gazebo/share/vonns2_gazebo/worlds/scan_cylinder.sdf
[15.067s] -- Symlinking: /home/juan/Robotics/Proyecto/Mapeo3D_LiDAR2D/install/vonns2_gazebo/share/ament_index/resource_index/package_run_dependencies/vonns2_gazebo
[15.090s] -- Symlinking: /home/juan/Robotics/Proyecto/Mapeo3D_LiDAR2D/install/vonns2_gazebo/share/ament_index/resource_index/parent_prefix_path/vonns2_gazebo
[15.114s] -- Symlinking: /home/juan/Robotics/Proyecto/Mapeo3D_LiDAR2D/install/vonns2_gazebo/share/vonns2_gazebo/environment/ament_prefix_path.sh
[15.137s] -- Symlinking: /home/juan/Robotics/Proyecto/Mapeo3D_LiDAR2D/install/vonns2_gazebo/share/vonns2_gazebo/environment/ament_prefix_path.dsv
[15.157s] -- Symlinking: /home/juan/Robotics/Proyecto/Mapeo3D_LiDAR2D/install/vonns2_gazebo/share/vonns2_gazebo/environment/path.sh
[15.177s] -- Symlinking: /home/juan/Robotics/Proyecto/Mapeo3D_LiDAR2D/install/vonns2_gazebo/share/vonns2_gazebo/environment/path.dsv
[15.197s] -- Symlinking: /home/juan/Robotics/Proyecto/Mapeo3D_LiDAR2D/install/vonns2_gazebo/share/vonns2_gazebo/local_setup.bash
[15.220s] -- Symlinking: /home/juan/Robotics/Proyecto/Mapeo3D_LiDAR2D/install/vonns2_gazebo/share/vonns2_gazebo/local_setup.sh
[15.244s] -- Symlinking: /home/juan/Robotics/Proyecto/Mapeo3D_LiDAR2D/install/vonns2_gazebo/share/vonns2_gazebo/local_setup.zsh
[15.264s] -- Symlinking: /home/juan/Robotics/Proyecto/Mapeo3D_LiDAR2D/install/vonns2_gazebo/share/vonns2_gazebo/local_setup.dsv
[15.284s] -- Symlinking: /home/juan/Robotics/Proyecto/Mapeo3D_LiDAR2D/install/vonns2_gazebo/share/vonns2_gazebo/package.dsv
[15.305s] -- Symlinking: /home/juan/Robotics/Proyecto/Mapeo3D_LiDAR2D/install/vonns2_gazebo/share/ament_index/resource_index/packages/vonns2_gazebo
[15.329s] -- Symlinking: /home/juan/Robotics/Proyecto/Mapeo3D_LiDAR2D/install/vonns2_gazebo/share/vonns2_gazebo/cmake/vonns2_gazeboConfig.cmake
[15.350s] -- Symlinking: /home/juan/Robotics/Proyecto/Mapeo3D_LiDAR2D/install/vonns2_gazebo/share/vonns2_gazebo/cmake/vonns2_gazeboConfig-version.cmake
[15.369s] -- Symlinking: /home/juan/Robotics/Proyecto/Mapeo3D_LiDAR2D/install/vonns2_gazebo/share/vonns2_gazebo/package.xml
[15.620s] Listing '/home/juan/Robotics/Proyecto/Mapeo3D_LiDAR2D/install/vonns2_gazebo/local/lib/python3.10/dist-packages/scripts'...
[15.621s] Compiling '/home/juan/Robotics/Proyecto/Mapeo3D_LiDAR2D/install/vonns2_gazebo/local/lib/python3.10/dist-packages/scripts/__init__.py'...
[15.621s] Compiling '/home/juan/Robotics/Proyecto/Mapeo3D_LiDAR2D/install/vonns2_gazebo/local/lib/python3.10/dist-packages/scripts/joint_group_position_publisher.py'...
[15.636s] Invoked command in '/home/juan/Robotics/Proyecto/Mapeo3D_LiDAR2D/build/vonns2_gazebo' returned '0': CMAKE_PREFIX_PATH=${CMAKE_PREFIX_PATH}:/home/juan/Robotics/Proyecto/Mapeo3D_LiDAR2D/install/robot_description:/home/juan/Robotics/Proyecto/Mapeo3D_LiDAR2D/install/navigation_pkg:/home/juan/Robotics/Proyecto/Mapeo3D_LiDAR2D/install/my_subscriber_pkg:/opt/ros/humble /usr/bin/cmake --install /home/juan/Robotics/Proyecto/Mapeo3D_LiDAR2D/build/vonns2_gazebo
