[11.546s] Invoking command in '/home/juan/Robotics/Proyecto/Mapeo3D_LiDAR2D/build/navigation_pkg': PYTHONPATH=/home/juan/Robotics/Proyecto/Mapeo3D_LiDAR2D/build/navigation_pkg/prefix_override:/home/juan/Robotics/Proyecto/Mapeo3D_LiDAR2D/install/navigation_pkg/lib/python3.10/site-packages:${PYTHONPATH} /usr/bin/python3 -W ignore:setup.py install is deprecated setup.py develop --editable --build-directory /home/juan/Robotics/Proyecto/Mapeo3D_LiDAR2D/build/navigation_pkg/build --no-deps symlink_data
[12.141s] running develop
[12.141s] /home/juan/.local/lib/python3.10/site-packages/setuptools/command/develop.py:40: EasyInstallDeprecationWarning: easy_install command is deprecated.
[12.142s] !!
[12.142s] 
[12.142s]         ********************************************************************************
[12.142s]         Please avoid running ``setup.py`` and ``easy_install``.
[12.143s]         Instead, use pypa/build, pypa/installer or other
[12.143s]         standards-based tools.
[12.143s] 
[12.143s]         See https://github.com/pypa/setuptools/issues/917 for details.
[12.143s]         ********************************************************************************
[12.143s] 
[12.143s] !!
[12.143s]   easy_install.initialize_options(self)
[12.723s] running egg_info
[12.752s] writing navigation_pkg.egg-info/PKG-INFO
[12.752s] writing dependency_links to navigation_pkg.egg-info/dependency_links.txt
[12.753s] writing entry points to navigation_pkg.egg-info/entry_points.txt
[12.753s] writing requirements to navigation_pkg.egg-info/requires.txt
[12.753s] writing top-level names to navigation_pkg.egg-info/top_level.txt
[12.838s] reading manifest file 'navigation_pkg.egg-info/SOURCES.txt'
[12.841s] writing manifest file 'navigation_pkg.egg-info/SOURCES.txt'
[12.872s] running build_ext
[12.873s] Creating /home/juan/Robotics/Proyecto/Mapeo3D_LiDAR2D/install/navigation_pkg/lib/python3.10/site-packages/navigation-pkg.egg-link (link to .)
[12.874s] Installing nav1 script to /home/juan/Robotics/Proyecto/Mapeo3D_LiDAR2D/install/navigation_pkg/lib/navigation_pkg
[12.874s] Installing nav2_node script to /home/juan/Robotics/Proyecto/Mapeo3D_LiDAR2D/install/navigation_pkg/lib/navigation_pkg
[12.874s] Installing obstacle_node script to /home/juan/Robotics/Proyecto/Mapeo3D_LiDAR2D/install/navigation_pkg/lib/navigation_pkg
[12.874s] 
[12.874s] Installed /home/juan/Robotics/Proyecto/Mapeo3D_LiDAR2D/build/navigation_pkg
[12.875s] running symlink_data
[12.996s] Invoked command in '/home/juan/Robotics/Proyecto/Mapeo3D_LiDAR2D/build/navigation_pkg' returned '0': PYTHONPATH=/home/juan/Robotics/Proyecto/Mapeo3D_LiDAR2D/build/navigation_pkg/prefix_override:/home/juan/Robotics/Proyecto/Mapeo3D_LiDAR2D/install/navigation_pkg/lib/python3.10/site-packages:${PYTHONPATH} /usr/bin/python3 -W ignore:setup.py install is deprecated setup.py develop --editable --build-directory /home/juan/Robotics/Proyecto/Mapeo3D_LiDAR2D/build/navigation_pkg/build --no-deps symlink_data
